2024-12-05 13:25:37.1546 [DEBUG] Application Starting 
2024-12-05 13:25:48.9053 [INFO] Attempting to download file from: /home/fivebelow-uat/outbox/accrual/AccrualBalanceExport_20241115_20241119_205117.csv 
2024-12-05 13:26:10.9524 [INFO] Latest file downloaded: C:\Users\varadharaj\AppData\Local\Temp\AccrualBalanceExport_20241115_20241119_205117.csv 
2024-12-05 13:26:10.9524 [INFO] No decryption needed for C:\Users\varadharaj\AppData\Local\Temp\AccrualBalanceExport_20241115_20241119_205117.csv 
2024-12-05 13:26:31.0068 [INFO] Downloaded file: EmployeeEntity-2024-322-2024-356.csv.gz to D:\Emergere\ConnorsLLC\ConnorsLLC_Project\ProcessFiles_Demo\bin\Debug\net6.0\AccrualBalanceExport/Mapping\EmployeeEntity-2024-322-2024-356.csv.gz 
2024-12-05 13:26:31.9183 [INFO] File has been decompressed to: D:\Emergere\ConnorsLLC\ConnorsLLC_Project\ProcessFiles_Demo\bin\Debug\net6.0\AccrualBalanceExport/Mapping\EmployeeEntity-2024-322-2024-356.csv 
2024-12-05 13:26:31.9183 [INFO] Deleted the .gz file: D:\Emergere\ConnorsLLC\ConnorsLLC_Project\ProcessFiles_Demo\bin\Debug\net6.0\AccrualBalanceExport/Mapping\EmployeeEntity-2024-322-2024-356.csv.gz 
2024-12-05 13:26:32.5025 [INFO] Start processing Payroll CSV: C:\Users\varadharaj\AppData\Local\Temp\AccrualBalanceExport_20241115_20241119_205117.csv at 12/5/2024 1:26:32 PM 
2024-12-05 13:26:32.9463 [INFO] Finished processing Payroll CSV: C:\Users\varadharaj\AppData\Local\Temp\AccrualBalanceExport_20241115_20241119_205117.csv at 12/5/2024 1:26:32 PM 
2024-12-05 13:26:32.9463 [INFO] Time taken to process file: 0.4447242 seconds. 
2024-12-05 13:26:32.9463 [INFO] C:\Users\varadharaj\AppData\Local\Temp\AccrualBalanceExport_20241115_20241119_205117.csv 
2024-12-05 13:26:32.9463 [INFO] File successfully processed and moved to: D:\Emergere\ConnorsLLC\ConnorsLLC_Project\ProcessFiles_Demo\bin\Debug\net6.0\AccrualBalanceExport/ProcessedFiles\AccrualBalanceExport_20241115_20241119_205117_20241205_132632.csv 
2024-12-05 13:26:32.9463 [INFO] Application Completed Successfully 
2024-12-05 13:29:39.9349 [DEBUG] Application Starting 
2024-12-05 13:29:52.4936 [INFO] Attempting to download file from: /home/fivebelow-uat/outbox/accrual/AccrualBalanceExport_20241115_20241119_205117.csv 
2024-12-05 13:30:01.9876 [INFO] Latest file downloaded: C:\Users\varadharaj\AppData\Local\Temp\AccrualBalanceExport_20241115_20241119_205117.csv 
2024-12-05 13:30:01.9999 [INFO] No decryption needed for C:\Users\varadharaj\AppData\Local\Temp\AccrualBalanceExport_20241115_20241119_205117.csv 
2024-12-05 13:30:25.9897 [INFO] Downloaded file: EmployeeEntity-2024-322-2024-356.csv.gz to D:\Emergere\ConnorsLLC\ConnorsLLC_Project\ProcessFiles_Demo\bin\Debug\net6.0\AccrualBalanceExport/Mapping\EmployeeEntity-2024-322-2024-356.csv.gz 
2024-12-05 13:30:26.6972 [INFO] File has been decompressed to: D:\Emergere\ConnorsLLC\ConnorsLLC_Project\ProcessFiles_Demo\bin\Debug\net6.0\AccrualBalanceExport/Mapping\EmployeeEntity-2024-322-2024-356.csv 
2024-12-05 13:30:26.6972 [INFO] Deleted the .gz file: D:\Emergere\ConnorsLLC\ConnorsLLC_Project\ProcessFiles_Demo\bin\Debug\net6.0\AccrualBalanceExport/Mapping\EmployeeEntity-2024-322-2024-356.csv.gz 
2024-12-05 13:30:27.6444 [INFO] Start processing Payroll CSV: C:\Users\varadharaj\AppData\Local\Temp\AccrualBalanceExport_20241115_20241119_205117.csv at 12/5/2024 1:30:27 PM 
2024-12-05 13:30:28.2499 [INFO] Finished processing Payroll CSV: C:\Users\varadharaj\AppData\Local\Temp\AccrualBalanceExport_20241115_20241119_205117.csv at 12/5/2024 1:30:28 PM 
2024-12-05 13:30:28.2499 [INFO] Time taken to process file: 0.6063511 seconds. 
2024-12-05 13:30:28.2499 [INFO] C:\Users\varadharaj\AppData\Local\Temp\AccrualBalanceExport_20241115_20241119_205117.csv 
2024-12-05 13:30:28.2637 [INFO] File successfully processed and moved to: D:\Emergere\ConnorsLLC\ConnorsLLC_Project\ProcessFiles_Demo\bin\Debug\net6.0\AccrualBalanceExport/ProcessedFiles\AccrualBalanceExport_20241115_20241119_205117_20241205_133028.csv 
2024-12-05 13:30:28.2637 [INFO] Application Completed Successfully 
