2024-11-21 14:26:00.0212 [DEBUG] Application Starting 
2024-11-21 14:27:05.7540 [DEBUG] Application Starting 
2024-11-21 14:27:30.5017 [ERROR] No files matching the criteria found in directory /home/fivebelow-uat/outbox/accrual. System.Exception: No files matching the criteria found in directory /home/fivebelow-uat/outbox/accrual.
2024-11-21 14:27:30.5102 [ERROR] No matching .csv files found in the specified directory. System.Exception: No matching .csv files found in the specified directory.
2024-11-21 14:27:57.5440 [DEBUG] Application Starting 
2024-11-21 16:09:45.3499 [DEBUG] Application Starting 
2024-11-21 16:10:12.2694 [ERROR] No files matching the criteria found in directory /home/fivebelow-uat/outbox/accrual. System.Exception: No files matching the criteria found in directory /home/fivebelow-uat/outbox/accrual.
2024-11-21 16:10:12.2742 [ERROR] No matching .csv files found in the specified directory. System.Exception: No matching .csv files found in the specified directory.
2024-11-21 16:10:12.2742 [ERROR] No valid file was downloaded for processing. System.Exception: No valid file was downloaded for processing.
2024-11-21 16:10:12.2742 [INFO] Application Completed Successfully 
2024-11-21 16:14:07.2962 [DEBUG] Application Starting 
2024-11-21 16:15:57.7658 [DEBUG] Application Starting 
2024-11-21 16:16:16.5444 [INFO] Attempting to download file from: /home/fivebelow-uat/outbox/accrual/AccrualBalanceExport_20241115_20241119_205117.csv 
2024-11-21 16:16:26.9550 [INFO] Latest file downloaded: C:\Users\varadharaj\AppData\Local\Temp\AccrualBalanceExport_20241115_20241119_205117.csv 
2024-11-21 16:16:29.1694 [ERROR] Failed to process D:\Emergere\ConnorsLLC\ConnorsLLC_Project\ProcessFiles_Demo\bin\Debug\net6.0\AccrualBalanceExport/ReprocessFiles\AccrualBalanceExport_20241115_20241119_205117_20241121_161629.csv:  System.IO.FileNotFoundException: File not found at the specified location: path/to/privatekey.asc
   at DidiSoft.BC.BaseLib.ReadFileOrAsciiString(String inputFile, String variableName)
   at DidiSoft.Pgp.PGPLib.DecryptFile(String encryptedFile, String privateKeyFile, String privateKeyPassword, String outputFileName)
   at ProcessFiles_Demo.Decryption.Decrypt.DecryptFile(String inputFilePath, String outputFilePath, String privateKeyPath, String passPhrase) in D:\Emergere\ConnorsLLC\ConnorsLLC_Project\ProcessFiles_Demo\Decryption\Decrypt.cs:line 16
   at Program.FetchAndProcessFilesAsync(IFileTransferClient fileTransferClient, String processorType, String processedFolder, String reprocessingFolder, String outputFolder, String decryptedFolderOutput, JObject clientSettings, String fileNameStartsWith) in D:\Emergere\ConnorsLLC\ConnorsLLC_Project\ProcessFiles_Demo\Program.cs:line 121
2024-11-21 16:16:29.2157 [INFO] ERROR: File not found at the specified location: path/to/privatekey.asc - moved to ReprocessFiles. 
2024-11-21 16:16:29.2157 [INFO] Application Completed Successfully 
2024-11-21 16:17:11.8681 [DEBUG] Application Starting 
2024-11-21 16:17:27.7180 [INFO] Downloaded file: EmployeeEntity-2024-308-2024-342.csv.gz to D:\Emergere\ConnorsLLC\ConnorsLLC_Project\ProcessFiles_Demo\bin\Debug\net6.0\AccrualBalanceExport/Mapping\EmployeeEntity-2024-308-2024-342.csv.gz 
2024-11-21 16:17:28.4714 [INFO] File has been decompressed to: D:\Emergere\ConnorsLLC\ConnorsLLC_Project\ProcessFiles_Demo\bin\Debug\net6.0\AccrualBalanceExport/Mapping\EmployeeEntity-2024-308-2024-342.csv 
2024-11-21 16:17:28.4714 [INFO] Deleted the .gz file: D:\Emergere\ConnorsLLC\ConnorsLLC_Project\ProcessFiles_Demo\bin\Debug\net6.0\AccrualBalanceExport/Mapping\EmployeeEntity-2024-308-2024-342.csv.gz 
2024-11-21 16:17:57.2501 [INFO] Start processing Payroll CSV: D:\Emergere\ConnorsLLC\ConnorsLLC_Project\ProcessFiles_Demo\bin\Debug\net6.0\AccrualBalanceExport/ReprocessFiles\AccrualBalanceExport_20241115_20241119_205117_20241121_161629.csv at 11/21/2024 4:17:57 PM 
2024-11-21 16:17:58.7331 [INFO] Finished processing Payroll CSV: D:\Emergere\ConnorsLLC\ConnorsLLC_Project\ProcessFiles_Demo\bin\Debug\net6.0\AccrualBalanceExport/ReprocessFiles\AccrualBalanceExport_20241115_20241119_205117_20241121_161629.csv at 11/21/2024 4:17:58 PM 
2024-11-21 16:17:58.7331 [INFO] Time taken to process file: 1.4843104 seconds. 
2024-11-21 16:17:58.7331 [INFO] D:\Emergere\ConnorsLLC\ConnorsLLC_Project\ProcessFiles_Demo\bin\Debug\net6.0\AccrualBalanceExport/ReprocessFiles\AccrualBalanceExport_20241115_20241119_205117_20241121_161629.csv 
2024-11-21 16:17:58.7436 [INFO] D:\Emergere\ConnorsLLC\ConnorsLLC_Project\ProcessFiles_Demo\bin\Debug\net6.0\AccrualBalanceExport/ProcessedFiles\AccrualBalanceExport_20241115_20241119_205117_20241121_161629_20241121_161758.csv 
2024-11-21 16:18:19.6837 [INFO] Attempting to download file from: /home/fivebelow-uat/outbox/accrual/AccrualBalanceExport_20241115_20241119_205117.csv 
2024-11-21 16:18:29.6752 [INFO] Latest file downloaded: C:\Users\varadharaj\AppData\Local\Temp\AccrualBalanceExport_20241115_20241119_205117.csv 
2024-11-21 16:18:31.7665 [INFO] No decryption needed for C:\Users\varadharaj\AppData\Local\Temp\AccrualBalanceExport_20241115_20241119_205117.csv 
2024-11-21 16:18:45.1385 [INFO] Downloaded file: EmployeeEntity-2024-308-2024-342.csv.gz to D:\Emergere\ConnorsLLC\ConnorsLLC_Project\ProcessFiles_Demo\bin\Debug\net6.0\AccrualBalanceExport/Mapping\EmployeeEntity-2024-308-2024-342.csv.gz 
2024-11-21 16:18:45.8435 [INFO] File has been decompressed to: D:\Emergere\ConnorsLLC\ConnorsLLC_Project\ProcessFiles_Demo\bin\Debug\net6.0\AccrualBalanceExport/Mapping\EmployeeEntity-2024-308-2024-342.csv 
2024-11-21 16:18:45.8435 [INFO] Deleted the .gz file: D:\Emergere\ConnorsLLC\ConnorsLLC_Project\ProcessFiles_Demo\bin\Debug\net6.0\AccrualBalanceExport/Mapping\EmployeeEntity-2024-308-2024-342.csv.gz 
2024-11-21 16:18:51.5184 [INFO] Start processing Payroll CSV: C:\Users\varadharaj\AppData\Local\Temp\AccrualBalanceExport_20241115_20241119_205117.csv at 11/21/2024 4:18:51 PM 
2024-11-21 16:18:53.4094 [INFO] Finished processing Payroll CSV: C:\Users\varadharaj\AppData\Local\Temp\AccrualBalanceExport_20241115_20241119_205117.csv at 11/21/2024 4:18:53 PM 
2024-11-21 16:18:53.4094 [INFO] Time taken to process file: 1.8909985 seconds. 
2024-11-21 16:18:53.4094 [INFO] C:\Users\varadharaj\AppData\Local\Temp\AccrualBalanceExport_20241115_20241119_205117.csv 
2024-11-21 16:18:53.4137 [INFO] File successfully processed and moved to: D:\Emergere\ConnorsLLC\ConnorsLLC_Project\ProcessFiles_Demo\bin\Debug\net6.0\AccrualBalanceExport/ProcessedFiles\AccrualBalanceExport_20241115_20241119_205117_20241121_161853.csv 
2024-11-21 16:20:03.0533 [ERROR] Error processing files from FTP/SFTP System.IO.FileNotFoundException: Could not find file 'C:\Users\varadharaj\AppData\Local\Temp\AccrualBalanceExport_20241115_20241119_205117.csv'.
File name: 'C:\Users\varadharaj\AppData\Local\Temp\AccrualBalanceExport_20241115_20241119_205117.csv'
   at System.IO.File.Move(String sourceFileName, String destFileName, Boolean overwrite)
   at System.IO.File.Move(String sourceFileName, String destFileName)
   at Program.MoveFileToFolder(String sourceFilePath, String destinationFolder) in D:\Emergere\ConnorsLLC\ConnorsLLC_Project\ProcessFiles_Demo\Program.cs:line 220
   at Program.FetchAndProcessFilesAsync(IFileTransferClient fileTransferClient, String processorType, String processedFolder, String reprocessingFolder, String outputFolder, String decryptedFolderOutput, JObject clientSettings, String fileNameStartsWith) in D:\Emergere\ConnorsLLC\ConnorsLLC_Project\ProcessFiles_Demo\Program.cs:line 148
2024-11-21 16:20:03.1175 [INFO] ERROR: Could not find file 'C:\Users\varadharaj\AppData\Local\Temp\AccrualBalanceExport_20241115_20241119_205117.csv'. 
2024-11-21 16:20:03.1175 [INFO] Application Completed Successfully 
2024-11-21 16:27:23.4565 [DEBUG] Application Starting 
2024-11-21 16:27:35.2351 [INFO] Attempting to download file from: /home/fivebelow-uat/outbox/accrual/AccrualBalanceExport_20241115_20241119_205117.csv 
2024-11-21 16:27:48.6780 [INFO] Latest file downloaded: C:\Users\varadharaj\AppData\Local\Temp\AccrualBalanceExport_20241115_20241119_205117.csv 
2024-11-21 16:27:58.6241 [INFO] No decryption needed for C:\Users\varadharaj\AppData\Local\Temp\AccrualBalanceExport_20241115_20241119_205117.csv 
2024-11-21 16:28:17.9347 [INFO] Downloaded file: EmployeeEntity-2024-308-2024-342.csv.gz to D:\Emergere\ConnorsLLC\ConnorsLLC_Project\ProcessFiles_Demo\bin\Debug\net6.0\AccrualBalanceExport/Mapping\EmployeeEntity-2024-308-2024-342.csv.gz 
2024-11-21 16:28:18.5784 [INFO] File has been decompressed to: D:\Emergere\ConnorsLLC\ConnorsLLC_Project\ProcessFiles_Demo\bin\Debug\net6.0\AccrualBalanceExport/Mapping\EmployeeEntity-2024-308-2024-342.csv 
2024-11-21 16:28:18.5784 [INFO] Deleted the .gz file: D:\Emergere\ConnorsLLC\ConnorsLLC_Project\ProcessFiles_Demo\bin\Debug\net6.0\AccrualBalanceExport/Mapping\EmployeeEntity-2024-308-2024-342.csv.gz 
2024-11-21 16:28:19.0255 [INFO] Start processing Payroll CSV: C:\Users\varadharaj\AppData\Local\Temp\AccrualBalanceExport_20241115_20241119_205117.csv at 11/21/2024 4:28:19 PM 
2024-11-21 16:28:19.3599 [INFO] Finished processing Payroll CSV: C:\Users\varadharaj\AppData\Local\Temp\AccrualBalanceExport_20241115_20241119_205117.csv at 11/21/2024 4:28:19 PM 
2024-11-21 16:28:19.3599 [INFO] Time taken to process file: 0.3349476 seconds. 
2024-11-21 16:28:19.3599 [INFO] C:\Users\varadharaj\AppData\Local\Temp\AccrualBalanceExport_20241115_20241119_205117.csv 
2024-11-21 16:28:19.3666 [INFO] File successfully processed and moved to: D:\Emergere\ConnorsLLC\ConnorsLLC_Project\ProcessFiles_Demo\bin\Debug\net6.0\AccrualBalanceExport/ProcessedFiles\AccrualBalanceExport_20241115_20241119_205117_20241121_162819.csv 
2024-11-21 16:29:26.7818 [ERROR] Error processing files from FTP/SFTP System.IO.FileNotFoundException: Could not find file 'C:\Users\varadharaj\AppData\Local\Temp\AccrualBalanceExport_20241115_20241119_205117.csv'.
File name: 'C:\Users\varadharaj\AppData\Local\Temp\AccrualBalanceExport_20241115_20241119_205117.csv'
   at System.IO.File.Move(String sourceFileName, String destFileName, Boolean overwrite)
   at System.IO.File.Move(String sourceFileName, String destFileName)
   at Program.MoveFileToFolder(String sourceFilePath, String destinationFolder) in D:\Emergere\ConnorsLLC\ConnorsLLC_Project\ProcessFiles_Demo\Program.cs:line 220
   at Program.FetchAndProcessFilesAsync(IFileTransferClient fileTransferClient, String processorType, String processedFolder, String reprocessingFolder, String outputFolder, String decryptedFolderOutput, JObject clientSettings, String fileNameStartsWith) in D:\Emergere\ConnorsLLC\ConnorsLLC_Project\ProcessFiles_Demo\Program.cs:line 148
2024-11-21 16:29:26.8543 [INFO] ERROR: Could not find file 'C:\Users\varadharaj\AppData\Local\Temp\AccrualBalanceExport_20241115_20241119_205117.csv'. 
2024-11-21 16:29:26.8543 [INFO] Application Completed Successfully 
