2024-10-03 13:19:48.7831 [INFO] File processed: Decryption completed for C:\Users\intel\source\repos\ProcessFiles_Demo_nlog\bin\Debug\net6.0\PunchExport_20240924_142057.csv.signed.pgp 
2024-10-03 13:19:49.7902 [INFO] File processed: Start processing Punch Export CSV: C:\Users\intel\source\repos\ProcessFiles_Demo_nlog\bin\Debug\net6.0\PunchExport/PunchExportFiles_Decrypt\PunchExport_20240924_142057.csv.signed.csv at 10/3/2024 1:19:49 PM 
2024-10-03 13:19:51.6592 [ERROR] Time zone not found: Central Daylight Time. Error: The time zone ID 'Central Daylight Time' was not found on the local computer. 
2024-10-03 13:19:51.7616 [ERROR] Time zone not found: Eastern Daylight Time. Error: The time zone ID 'Eastern Daylight Time' was not found on the local computer. 
2024-10-03 13:19:51.8557 [INFO] File processed: Finished processing Punch Export CSV: C:\Users\intel\source\repos\ProcessFiles_Demo_nlog\bin\Debug\net6.0\PunchExport/PunchExportFiles_Decrypt\PunchExport_20240924_142057.csv.signed.csv at 10/3/2024 1:19:51 PM 
2024-10-03 13:19:51.8557 [INFO] File processed: Time taken to process file: 2.1080536 seconds. 
2024-10-03 13:19:51.8557 [INFO] File processed: C:\Users\intel\source\repos\ProcessFiles_Demo_nlog\bin\Debug\net6.0\PunchExport/PunchExportFiles_Decrypt\PunchExport_20240924_142057.csv.signed.csv 
2024-10-03 13:19:51.8670 [INFO] File processed: C:\Users\intel\source\repos\ProcessFiles_Demo_nlog\bin\Debug\net6.0\PunchExport/ProcessedFiles\PunchExport_20240924_142057.csv.signed_20241003_131951.csv 
2024-10-03 13:19:51.9495 [INFO] Application Completed Successfully 
2024-10-03 13:35:55.3968 [INFO] File processed: Decryption completed for C:\Users\intel\source\repos\ProcessFiles_Demo_nlog\bin\Debug\net6.0\PunchExport_20240924_142057.csv.signed.pgp 
2024-10-03 13:35:55.6860 [INFO] File processed: Start processing Punch Export CSV: C:\Users\intel\source\repos\ProcessFiles_Demo_nlog\bin\Debug\net6.0\PunchExport/PunchExportFiles_Decrypt\PunchExport_20240924_142057.csv.signed.csv at 10/3/2024 1:35:55 PM 
2024-10-03 13:35:56.0892 [ERROR] Time zone not found: Central Daylight Time. Error: The time zone ID 'Central Daylight Time' was not found on the local computer. 
2024-10-03 13:35:56.1620 [ERROR] Time zone not found: Eastern Daylight Time. Error: The time zone ID 'Eastern Daylight Time' was not found on the local computer. 
2024-10-03 13:35:56.1696 [INFO] File processed: Finished processing Punch Export CSV: C:\Users\intel\source\repos\ProcessFiles_Demo_nlog\bin\Debug\net6.0\PunchExport/PunchExportFiles_Decrypt\PunchExport_20240924_142057.csv.signed.csv at 10/3/2024 1:35:56 PM 
2024-10-03 13:35:56.1696 [INFO] File processed: Time taken to process file: 0.5083051 seconds. 
2024-10-03 13:35:56.1696 [INFO] File processed: C:\Users\intel\source\repos\ProcessFiles_Demo_nlog\bin\Debug\net6.0\PunchExport/PunchExportFiles_Decrypt\PunchExport_20240924_142057.csv.signed.csv 
2024-10-03 13:35:56.1696 [INFO] File processed: C:\Users\intel\source\repos\ProcessFiles_Demo_nlog\bin\Debug\net6.0\PunchExport/ProcessedFiles\PunchExport_20240924_142057.csv.signed_20241003_133556.csv 
2024-10-03 13:35:56.1903 [INFO] Application Completed Successfully 
2024-10-03 13:39:05.7055 [INFO] File processed: Start processing Punch Export CSV: C:\Users\intel\source\repos\ProcessFiles_Demo_nlog\bin\Debug\net6.0\PunchExport/ReprocessFiles\PunchExport.csv at 10/3/2024 1:39:05 PM 
2024-10-03 13:39:07.4822 [ERROR] Time zone not found: Central Daylight Time. Error: The time zone ID 'Central Daylight Time' was not found on the local computer. 
2024-10-03 13:39:07.5625 [ERROR] Time zone not found: Eastern Daylight Time. Error: The time zone ID 'Eastern Daylight Time' was not found on the local computer. 
2024-10-03 13:39:07.6431 [INFO] File processed: Finished processing Punch Export CSV: C:\Users\intel\source\repos\ProcessFiles_Demo_nlog\bin\Debug\net6.0\PunchExport/ReprocessFiles\PunchExport.csv at 10/3/2024 1:39:07 PM 
2024-10-03 13:39:07.6551 [INFO] File processed: Time taken to process file: 1.9841652 seconds. 
2024-10-03 13:39:07.6551 [INFO] File processed: C:\Users\intel\source\repos\ProcessFiles_Demo_nlog\bin\Debug\net6.0\PunchExport/ReprocessFiles\PunchExport.csv 
2024-10-03 13:39:07.6720 [INFO] File processed: C:\Users\intel\source\repos\ProcessFiles_Demo_nlog\bin\Debug\net6.0\PunchExport/ProcessedFiles\PunchExport_20241003_133907.csv 
2024-10-03 13:39:07.6720 [INFO] File processed: Start processing Punch Export CSV: C:\Users\intel\source\repos\ProcessFiles_Demo_nlog\bin\Debug\net6.0\PunchExport/ReprocessFiles\PunchExport_test.csv at 10/3/2024 1:39:07 PM 
2024-10-03 13:39:07.6925 [INFO] File processed: Finished processing Punch Export CSV: C:\Users\intel\source\repos\ProcessFiles_Demo_nlog\bin\Debug\net6.0\PunchExport/ReprocessFiles\PunchExport_test.csv at 10/3/2024 1:39:07 PM 
2024-10-03 13:39:07.6925 [INFO] File processed: Time taken to process file: 0.0155044 seconds. 
2024-10-03 13:39:07.6925 [INFO] File processed: C:\Users\intel\source\repos\ProcessFiles_Demo_nlog\bin\Debug\net6.0\PunchExport/ReprocessFiles\PunchExport_test.csv 
2024-10-03 13:39:07.6955 [INFO] File processed: C:\Users\intel\source\repos\ProcessFiles_Demo_nlog\bin\Debug\net6.0\PunchExport/ProcessedFiles\PunchExport_test_20241003_133907.csv 
2024-10-03 13:39:07.6955 [INFO] File processed: Start processing Punch Export CSV: C:\Users\intel\source\repos\ProcessFiles_Demo_nlog\bin\Debug\net6.0\PunchExport/ReprocessFiles\PunchExport_test_1.csv at 10/3/2024 1:39:07 PM 
2024-10-03 13:39:07.6955 [ERROR] Invalid TimeZoneID: 134112 
2024-10-03 13:39:07.6955 [ERROR] Invalid TimeZoneID: 134113 
2024-10-03 13:39:07.6955 [ERROR] Invalid TimeZoneID: 134114 
2024-10-03 13:39:07.7166 [INFO] File processed: Finished processing Punch Export CSV: C:\Users\intel\source\repos\ProcessFiles_Demo_nlog\bin\Debug\net6.0\PunchExport/ReprocessFiles\PunchExport_test_1.csv at 10/3/2024 1:39:07 PM 
2024-10-03 13:39:07.7166 [INFO] File processed: Time taken to process file: 0.0204097 seconds. 
2024-10-03 13:39:07.7285 [INFO] File processed: C:\Users\intel\source\repos\ProcessFiles_Demo_nlog\bin\Debug\net6.0\PunchExport/ReprocessFiles\PunchExport_test_1.csv 
2024-10-03 13:39:07.7609 [INFO] File processed: C:\Users\intel\source\repos\ProcessFiles_Demo_nlog\bin\Debug\net6.0\PunchExport/ProcessedFiles\PunchExport_test_1_20241003_133907.csv 
2024-10-03 13:39:07.7609 [INFO] File processed: Start processing Punch Export CSV: C:\Users\intel\source\repos\ProcessFiles_Demo_nlog\bin\Debug\net6.0\PunchExport/ReprocessFiles\PunchExport_test_2.csv at 10/3/2024 1:39:07 PM 
2024-10-03 13:39:07.7778 [ERROR] Invalid TimeZoneID: 134112 
2024-10-03 13:39:07.7778 [ERROR] Invalid TimeZoneID: 134113 
2024-10-03 13:39:07.7778 [ERROR] Invalid TimeZoneID: 134114 
2024-10-03 13:39:07.7778 [INFO] File processed: Finished processing Punch Export CSV: C:\Users\intel\source\repos\ProcessFiles_Demo_nlog\bin\Debug\net6.0\PunchExport/ReprocessFiles\PunchExport_test_2.csv at 10/3/2024 1:39:07 PM 
2024-10-03 13:39:07.7778 [INFO] File processed: Time taken to process file: 0.014103 seconds. 
2024-10-03 13:39:07.7778 [INFO] File processed: C:\Users\intel\source\repos\ProcessFiles_Demo_nlog\bin\Debug\net6.0\PunchExport/ReprocessFiles\PunchExport_test_2.csv 
2024-10-03 13:39:07.7927 [INFO] File processed: C:\Users\intel\source\repos\ProcessFiles_Demo_nlog\bin\Debug\net6.0\PunchExport/ProcessedFiles\PunchExport_test_2_20241003_133907.csv 
2024-10-03 13:39:07.7927 [INFO] File processed: Start processing Punch Export CSV: C:\Users\intel\source\repos\ProcessFiles_Demo_nlog\bin\Debug\net6.0\PunchExport/ReprocessFiles\PunchExport_test_3.csv at 10/3/2024 1:39:07 PM 
2024-10-03 13:39:07.7927 [INFO] File processed: Finished processing Punch Export CSV: C:\Users\intel\source\repos\ProcessFiles_Demo_nlog\bin\Debug\net6.0\PunchExport/ReprocessFiles\PunchExport_test_3.csv at 10/3/2024 1:39:07 PM 
2024-10-03 13:39:07.7927 [INFO] File processed: Time taken to process file: 0.0058457 seconds. 
2024-10-03 13:39:07.7927 [INFO] File processed: C:\Users\intel\source\repos\ProcessFiles_Demo_nlog\bin\Debug\net6.0\PunchExport/ReprocessFiles\PunchExport_test_3.csv 
2024-10-03 13:39:07.8074 [INFO] File processed: C:\Users\intel\source\repos\ProcessFiles_Demo_nlog\bin\Debug\net6.0\PunchExport/ProcessedFiles\PunchExport_test_3_20241003_133907.csv 
2024-10-03 13:39:08.5767 [INFO] File processed: Decryption completed for C:\Users\intel\source\repos\ProcessFiles_Demo_nlog\bin\Debug\net6.0\PunchExport_20240924_142057.csv.signed.pgp 
2024-10-03 13:39:08.5767 [INFO] File processed: Start processing Punch Export CSV: C:\Users\intel\source\repos\ProcessFiles_Demo_nlog\bin\Debug\net6.0\PunchExport/PunchExportFiles_Decrypt\PunchExport_20240924_142057.csv.signed.csv at 10/3/2024 1:39:08 PM 
2024-10-03 13:39:08.7383 [ERROR] Time zone not found: Central Daylight Time. Error: The time zone ID 'Central Daylight Time' was not found on the local computer. 
2024-10-03 13:39:08.7884 [ERROR] Time zone not found: Eastern Daylight Time. Error: The time zone ID 'Eastern Daylight Time' was not found on the local computer. 
2024-10-03 13:39:08.7939 [INFO] File processed: Finished processing Punch Export CSV: C:\Users\intel\source\repos\ProcessFiles_Demo_nlog\bin\Debug\net6.0\PunchExport/PunchExportFiles_Decrypt\PunchExport_20240924_142057.csv.signed.csv at 10/3/2024 1:39:08 PM 
2024-10-03 13:39:08.7939 [INFO] File processed: Time taken to process file: 0.2160944 seconds. 
2024-10-03 13:39:08.7939 [INFO] File processed: C:\Users\intel\source\repos\ProcessFiles_Demo_nlog\bin\Debug\net6.0\PunchExport/PunchExportFiles_Decrypt\PunchExport_20240924_142057.csv.signed.csv 
2024-10-03 13:39:08.7939 [INFO] File processed: C:\Users\intel\source\repos\ProcessFiles_Demo_nlog\bin\Debug\net6.0\PunchExport/ProcessedFiles\PunchExport_20240924_142057.csv.signed_20241003_133908.csv 
2024-10-03 13:39:08.9334 [INFO] Application Completed Successfully 
2024-10-03 13:55:59.6278 [INFO] File processed: Start processing Punch Export CSV: C:\Users\intel\source\repos\ProcessFiles_Demo\bin\Debug\net6.0\PunchExport/ReprocessFiles\PunchExport.csv at 10/3/2024 1:55:59 PM 
2024-10-03 13:56:00.5752 [ERROR] Time zone not found: Central Daylight Time. Error: The time zone ID 'Central Daylight Time' was not found on the local computer. 
2024-10-03 13:56:00.6548 [ERROR] Time zone not found: Eastern Daylight Time. Error: The time zone ID 'Eastern Daylight Time' was not found on the local computer. 
2024-10-03 13:56:00.6548 [INFO] File processed: Finished processing Punch Export CSV: C:\Users\intel\source\repos\ProcessFiles_Demo\bin\Debug\net6.0\PunchExport/ReprocessFiles\PunchExport.csv at 10/3/2024 1:56:00 PM 
2024-10-03 13:56:00.6548 [INFO] File processed: Time taken to process file: 1.058895 seconds. 
2024-10-03 13:56:00.6548 [INFO] File processed: C:\Users\intel\source\repos\ProcessFiles_Demo\bin\Debug\net6.0\PunchExport/ReprocessFiles\PunchExport.csv 
2024-10-03 13:56:00.6704 [INFO] File processed: C:\Users\intel\source\repos\ProcessFiles_Demo\bin\Debug\net6.0\PunchExport/ProcessedFiles\PunchExport_20241003_135600.csv 
2024-10-03 13:56:00.6704 [INFO] File processed: Start processing Punch Export CSV: C:\Users\intel\source\repos\ProcessFiles_Demo\bin\Debug\net6.0\PunchExport/ReprocessFiles\PunchExport_test.csv at 10/3/2024 1:56:00 PM 
2024-10-03 13:56:00.6704 [INFO] File processed: Finished processing Punch Export CSV: C:\Users\intel\source\repos\ProcessFiles_Demo\bin\Debug\net6.0\PunchExport/ReprocessFiles\PunchExport_test.csv at 10/3/2024 1:56:00 PM 
2024-10-03 13:56:00.6704 [INFO] File processed: Time taken to process file: 0.0043528 seconds. 
2024-10-03 13:56:00.6704 [INFO] File processed: C:\Users\intel\source\repos\ProcessFiles_Demo\bin\Debug\net6.0\PunchExport/ReprocessFiles\PunchExport_test.csv 
2024-10-03 13:56:00.6704 [INFO] File processed: C:\Users\intel\source\repos\ProcessFiles_Demo\bin\Debug\net6.0\PunchExport/ProcessedFiles\PunchExport_test_20241003_135600.csv 
2024-10-03 13:56:00.6802 [INFO] File processed: Start processing Punch Export CSV: C:\Users\intel\source\repos\ProcessFiles_Demo\bin\Debug\net6.0\PunchExport/ReprocessFiles\PunchExport_test_1.csv at 10/3/2024 1:56:00 PM 
2024-10-03 13:56:00.6802 [ERROR] Invalid TimeZoneID: 134112 
2024-10-03 13:56:00.6802 [ERROR] Invalid TimeZoneID: 134113 
2024-10-03 13:56:00.6802 [ERROR] Invalid TimeZoneID: 134114 
2024-10-03 13:56:00.6802 [INFO] File processed: Finished processing Punch Export CSV: C:\Users\intel\source\repos\ProcessFiles_Demo\bin\Debug\net6.0\PunchExport/ReprocessFiles\PunchExport_test_1.csv at 10/3/2024 1:56:00 PM 
2024-10-03 13:56:00.6802 [INFO] File processed: Time taken to process file: 0.0071603 seconds. 
2024-10-03 13:56:00.6802 [INFO] File processed: C:\Users\intel\source\repos\ProcessFiles_Demo\bin\Debug\net6.0\PunchExport/ReprocessFiles\PunchExport_test_1.csv 
2024-10-03 13:56:00.6802 [INFO] File processed: C:\Users\intel\source\repos\ProcessFiles_Demo\bin\Debug\net6.0\PunchExport/ProcessedFiles\PunchExport_test_1_20241003_135600.csv 
2024-10-03 13:56:00.6802 [INFO] File processed: Start processing Punch Export CSV: C:\Users\intel\source\repos\ProcessFiles_Demo\bin\Debug\net6.0\PunchExport/ReprocessFiles\PunchExport_test_2.csv at 10/3/2024 1:56:00 PM 
2024-10-03 13:56:00.6802 [ERROR] Invalid TimeZoneID: 134112 
2024-10-03 13:56:00.6954 [ERROR] Invalid TimeZoneID: 134113 
2024-10-03 13:56:00.6954 [ERROR] Invalid TimeZoneID: 134114 
2024-10-03 13:56:00.6954 [INFO] File processed: Finished processing Punch Export CSV: C:\Users\intel\source\repos\ProcessFiles_Demo\bin\Debug\net6.0\PunchExport/ReprocessFiles\PunchExport_test_2.csv at 10/3/2024 1:56:00 PM 
2024-10-03 13:56:00.6954 [INFO] File processed: Time taken to process file: 0.006241 seconds. 
2024-10-03 13:56:00.6954 [INFO] File processed: C:\Users\intel\source\repos\ProcessFiles_Demo\bin\Debug\net6.0\PunchExport/ReprocessFiles\PunchExport_test_2.csv 
2024-10-03 13:56:00.6954 [INFO] File processed: C:\Users\intel\source\repos\ProcessFiles_Demo\bin\Debug\net6.0\PunchExport/ProcessedFiles\PunchExport_test_2_20241003_135600.csv 
2024-10-03 13:56:00.6954 [INFO] File processed: Start processing Punch Export CSV: C:\Users\intel\source\repos\ProcessFiles_Demo\bin\Debug\net6.0\PunchExport/ReprocessFiles\PunchExport_test_3.csv at 10/3/2024 1:56:00 PM 
2024-10-03 13:56:00.6954 [INFO] File processed: Finished processing Punch Export CSV: C:\Users\intel\source\repos\ProcessFiles_Demo\bin\Debug\net6.0\PunchExport/ReprocessFiles\PunchExport_test_3.csv at 10/3/2024 1:56:00 PM 
2024-10-03 13:56:00.6954 [INFO] File processed: Time taken to process file: 0.0028506 seconds. 
2024-10-03 13:56:00.6954 [INFO] File processed: C:\Users\intel\source\repos\ProcessFiles_Demo\bin\Debug\net6.0\PunchExport/ReprocessFiles\PunchExport_test_3.csv 
2024-10-03 13:56:00.6954 [INFO] File processed: C:\Users\intel\source\repos\ProcessFiles_Demo\bin\Debug\net6.0\PunchExport/ProcessedFiles\PunchExport_test_3_20241003_135600.csv 
2024-10-03 13:56:01.6666 [INFO] File processed: Decryption completed for C:\Users\intel\source\repos\ProcessFiles_Demo\bin\Debug\net6.0\PunchExport_20240924_142057.csv.signed.pgp 
2024-10-03 13:56:01.6666 [INFO] File processed: Start processing Punch Export CSV: C:\Users\intel\source\repos\ProcessFiles_Demo\bin\Debug\net6.0\PunchExport/PunchExportFiles_Decrypt\PunchExport_20240924_142057.csv.signed.csv at 10/3/2024 1:56:01 PM 
2024-10-03 13:56:02.0729 [ERROR] Time zone not found: Central Daylight Time. Error: The time zone ID 'Central Daylight Time' was not found on the local computer. 
2024-10-03 13:56:02.2083 [ERROR] Time zone not found: Eastern Daylight Time. Error: The time zone ID 'Eastern Daylight Time' was not found on the local computer. 
2024-10-03 13:56:02.2499 [INFO] File processed: Finished processing Punch Export CSV: C:\Users\intel\source\repos\ProcessFiles_Demo\bin\Debug\net6.0\PunchExport/PunchExportFiles_Decrypt\PunchExport_20240924_142057.csv.signed.csv at 10/3/2024 1:56:02 PM 
2024-10-03 13:56:02.2499 [INFO] File processed: Time taken to process file: 0.5807547 seconds. 
2024-10-03 13:56:02.2574 [INFO] File processed: C:\Users\intel\source\repos\ProcessFiles_Demo\bin\Debug\net6.0\PunchExport/PunchExportFiles_Decrypt\PunchExport_20240924_142057.csv.signed.csv 
2024-10-03 13:56:02.2574 [INFO] File processed: C:\Users\intel\source\repos\ProcessFiles_Demo\bin\Debug\net6.0\PunchExport/ProcessedFiles\PunchExport_20240924_142057.csv.signed_20241003_135602.csv 
2024-10-03 13:56:02.2783 [INFO] Application Completed Successfully 
2024-10-03 14:09:50.5227 [INFO] File processed: Decryption completed for C:\Users\intel\source\repos\ProcessFiles_Demo\bin\Debug\net6.0\PunchExport_20240924_142057.csv.signed.pgp 
2024-10-03 14:09:50.7697 [INFO] File processed: Start processing Punch Export CSV: C:\Users\intel\source\repos\ProcessFiles_Demo\bin\Debug\net6.0\PunchExport/PunchExportFiles_Decrypt\PunchExport_20240924_142057.csv.signed.csv at 10/3/2024 2:09:50 PM 
2024-10-03 14:09:51.0743 [ERROR] Time zone not found: Central Daylight Time. Error: The time zone ID 'Central Daylight Time' was not found on the local computer. 
2024-10-03 14:09:51.1280 [ERROR] Time zone not found: Eastern Daylight Time. Error: The time zone ID 'Eastern Daylight Time' was not found on the local computer. 
2024-10-03 14:09:51.1327 [INFO] File processed: Finished processing Punch Export CSV: C:\Users\intel\source\repos\ProcessFiles_Demo\bin\Debug\net6.0\PunchExport/PunchExportFiles_Decrypt\PunchExport_20240924_142057.csv.signed.csv at 10/3/2024 2:09:51 PM 
2024-10-03 14:09:51.1327 [INFO] File processed: Time taken to process file: 0.3698966 seconds. 
2024-10-03 14:09:51.1327 [INFO] File processed: C:\Users\intel\source\repos\ProcessFiles_Demo\bin\Debug\net6.0\PunchExport/PunchExportFiles_Decrypt\PunchExport_20240924_142057.csv.signed.csv 
2024-10-03 14:09:51.1327 [INFO] File processed: C:\Users\intel\source\repos\ProcessFiles_Demo\bin\Debug\net6.0\PunchExport/ProcessedFiles\PunchExport_20240924_142057.csv.signed_20241003_140951.csv 
2024-10-03 14:09:51.1540 [INFO] Application Completed Successfully 
