2024-12-05 21:08:35.3867 [DEBUG] Application Starting 
2024-12-05 21:08:46.9025 [INFO] Attempting to download file from: /home/fivebelow-uat/outbox/manhattan/TimeClockChangeEntity-2024-308-2024-342.csv 
2024-12-05 21:08:50.9626 [INFO] Latest file downloaded: C:\Users\varadharaj\AppData\Local\Temp\TimeClockChangeEntity-2024-308-2024-342.csv 
2024-12-05 21:08:51.1156 [ERROR] Failed to process D:\Emergere\ConnorsLLC\ConnorsLLC_Project\ProcessFiles_Demo\bin\Debug\net6.0\ManhattanPunchExport/ReprocessFiles\TimeClockChangeEntity-2024-308-2024-342_20241205_210851.csv:  System.IO.FileNotFoundException: File not found at the specified location: path/to/privatekey.asc
   at DidiSoft.BC.BaseLib.ReadFileOrAsciiString(String inputFile, String variableName)
   at DidiSoft.Pgp.PGPLib.DecryptFile(String encryptedFile, String privateKeyFile, String privateKeyPassword, String outputFileName)
   at ProcessFiles_Demo.Decryption.Decrypt.DecryptFile(String inputFilePath, String outputFilePath, String privateKeyPath, String passPhrase) in D:\Emergere\ConnorsLLC\ConnorsLLC_Project\ProcessFiles_Demo\Decryption\Decrypt.cs:line 16
   at Program.FetchAndProcessFilesAsync(IFileTransferClient fileTransferClient, String processorType, String processedFolder, String reprocessingFolder, String outputFolder, String decryptedFolderOutput, JObject clientSettings, String fileNameStartsWith) in D:\Emergere\ConnorsLLC\ConnorsLLC_Project\ProcessFiles_Demo\Program.cs:line 121
2024-12-05 21:08:51.1731 [INFO] ERROR: File not found at the specified location: path/to/privatekey.asc - moved to ReprocessFiles. 
2024-12-05 21:08:51.1731 [ERROR] Exception occured inside the module FetchAndProcessFilesAsync System.IO.FileNotFoundException: File not found at the specified location: path/to/privatekey.asc
   at DidiSoft.BC.BaseLib.ReadFileOrAsciiString(String inputFile, String variableName)
   at DidiSoft.Pgp.PGPLib.DecryptFile(String encryptedFile, String privateKeyFile, String privateKeyPassword, String outputFileName)
   at ProcessFiles_Demo.Decryption.Decrypt.DecryptFile(String inputFilePath, String outputFilePath, String privateKeyPath, String passPhrase) in D:\Emergere\ConnorsLLC\ConnorsLLC_Project\ProcessFiles_Demo\Decryption\Decrypt.cs:line 16
   at Program.FetchAndProcessFilesAsync(IFileTransferClient fileTransferClient, String processorType, String processedFolder, String reprocessingFolder, String outputFolder, String decryptedFolderOutput, JObject clientSettings, String fileNameStartsWith) in D:\Emergere\ConnorsLLC\ConnorsLLC_Project\ProcessFiles_Demo\Program.cs:line 121
2024-12-05 21:08:51.1731 [INFO] Application Completed Successfully 
2024-12-05 21:09:40.0548 [DEBUG] Application Starting 
2024-12-05 21:09:41.8670 [INFO] Start processing Punch Export CSV: D:\Emergere\ConnorsLLC\ConnorsLLC_Project\ProcessFiles_Demo\bin\Debug\net6.0\ManhattanPunchExport/ReprocessFiles\TimeClockChangeEntity-2024-308-2024-342_20241205_210851.csv at 12/5/2024 9:09:41 PM 
2024-12-05 21:09:41.9065 [ERROR] Invalid TimeZoneID: 23112c47-ebbb-4ffd-a82e-d6428e56378f System.Exception: Invalid TimeZoneID: 23112c47-ebbb-4ffd-a82e-d6428e56378f
2024-12-05 21:09:41.9065 [ERROR] Invalid TimeZoneID: 72c2206d-df44-4b9f-b5cc-7d1e4f8a9ab8 System.Exception: Invalid TimeZoneID: 72c2206d-df44-4b9f-b5cc-7d1e4f8a9ab8
2024-12-05 21:09:41.9065 [ERROR] Invalid TimeZoneID: 4a92e71a-ecb7-4850-8646-84ccf20b00d4 System.Exception: Invalid TimeZoneID: 4a92e71a-ecb7-4850-8646-84ccf20b00d4
2024-12-05 21:09:41.9065 [ERROR] Invalid TimeZoneID: e7faaa4e-5a90-42ca-8f57-c0447aa6ed79 System.Exception: Invalid TimeZoneID: e7faaa4e-5a90-42ca-8f57-c0447aa6ed79
2024-12-05 21:09:41.9065 [ERROR] Invalid TimeZoneID: 60d80c8a-ca3a-4855-9d6b-ef5df17c8509 System.Exception: Invalid TimeZoneID: 60d80c8a-ca3a-4855-9d6b-ef5df17c8509
2024-12-05 21:09:41.9065 [ERROR] Invalid TimeZoneID: 785817e5-335e-4f4a-97fa-eeb8fc8ef87b System.Exception: Invalid TimeZoneID: 785817e5-335e-4f4a-97fa-eeb8fc8ef87b
2024-12-05 21:09:41.9065 [ERROR] Invalid TimeZoneID: cd59151d-36ab-4c0c-b0a5-9b64bf872762 System.Exception: Invalid TimeZoneID: cd59151d-36ab-4c0c-b0a5-9b64bf872762
2024-12-05 21:09:41.9065 [ERROR] Invalid TimeZoneID: a0ca8a4b-008f-4c5f-8542-98ab44045601 System.Exception: Invalid TimeZoneID: a0ca8a4b-008f-4c5f-8542-98ab44045601
2024-12-05 21:09:41.9065 [ERROR] Invalid TimeZoneID: 9676102f-7580-4024-9c49-30a4f56413d6 System.Exception: Invalid TimeZoneID: 9676102f-7580-4024-9c49-30a4f56413d6
2024-12-05 21:09:41.9065 [ERROR] Invalid TimeZoneID: 7b9dbb6c-9bdb-4093-9e0f-5e0abf6a663d System.Exception: Invalid TimeZoneID: 7b9dbb6c-9bdb-4093-9e0f-5e0abf6a663d
2024-12-05 21:09:41.9065 [ERROR] Invalid TimeZoneID: 1b231d7c-e9c1-498c-9c37-5c481755f21a System.Exception: Invalid TimeZoneID: 1b231d7c-e9c1-498c-9c37-5c481755f21a
2024-12-05 21:09:41.9065 [ERROR] Invalid TimeZoneID: 416ab95e-8b20-4009-b2e7-6a6eac303735 System.Exception: Invalid TimeZoneID: 416ab95e-8b20-4009-b2e7-6a6eac303735
2024-12-05 21:09:41.9065 [ERROR] Invalid TimeZoneID: 9b1f6537-62d3-457f-aa84-7fd2d04fe484 System.Exception: Invalid TimeZoneID: 9b1f6537-62d3-457f-aa84-7fd2d04fe484
2024-12-05 21:09:41.9065 [ERROR] Invalid TimeZoneID: e7b01b53-c987-4096-ae71-70a90d56466a System.Exception: Invalid TimeZoneID: e7b01b53-c987-4096-ae71-70a90d56466a
2024-12-05 21:09:41.9065 [ERROR] Invalid TimeZoneID: c4ff266f-4de2-46e5-b35b-d2a454d6f716 System.Exception: Invalid TimeZoneID: c4ff266f-4de2-46e5-b35b-d2a454d6f716
2024-12-05 21:09:41.9065 [ERROR] Invalid TimeZoneID: 182f613c-b2bd-4195-b48e-3f06f1ea5ab2 System.Exception: Invalid TimeZoneID: 182f613c-b2bd-4195-b48e-3f06f1ea5ab2
2024-12-05 21:09:41.9065 [ERROR] Invalid TimeZoneID: dac1e6ea-05c6-403b-8cb9-dac18005ef96 System.Exception: Invalid TimeZoneID: dac1e6ea-05c6-403b-8cb9-dac18005ef96
2024-12-05 21:09:41.9065 [ERROR] Invalid TimeZoneID: 0bfd3518-8337-4954-b884-08b29a3085af System.Exception: Invalid TimeZoneID: 0bfd3518-8337-4954-b884-08b29a3085af
2024-12-05 21:09:41.9065 [ERROR] Invalid TimeZoneID: 924cd0ee-c771-4a6a-93a3-3a6443e43434 System.Exception: Invalid TimeZoneID: 924cd0ee-c771-4a6a-93a3-3a6443e43434
2024-12-05 21:09:41.9065 [ERROR] Invalid TimeZoneID: fa1f6bd6-c17e-4ff2-9544-a1e87054ec9b System.Exception: Invalid TimeZoneID: fa1f6bd6-c17e-4ff2-9544-a1e87054ec9b
2024-12-05 21:09:41.9065 [ERROR] Invalid TimeZoneID: 0dc70e62-0ea8-46e9-8390-22129f7ec253 System.Exception: Invalid TimeZoneID: 0dc70e62-0ea8-46e9-8390-22129f7ec253
2024-12-05 21:09:41.9065 [ERROR] Invalid TimeZoneID: b7f40d79-6986-4374-8254-ef23835dcf15 System.Exception: Invalid TimeZoneID: b7f40d79-6986-4374-8254-ef23835dcf15
2024-12-05 21:09:41.9065 [ERROR] Invalid TimeZoneID: 1013374f-40c5-4ea4-8add-48e14d8e92f3 System.Exception: Invalid TimeZoneID: 1013374f-40c5-4ea4-8add-48e14d8e92f3
2024-12-05 21:09:41.9065 [ERROR] Invalid TimeZoneID: cfa004cb-df1d-4e49-adf8-98631b4ef81d System.Exception: Invalid TimeZoneID: cfa004cb-df1d-4e49-adf8-98631b4ef81d
2024-12-05 21:09:41.9065 [ERROR] Invalid TimeZoneID: ac9261b1-86f0-4c6f-bded-0c5f8e11c3d0 System.Exception: Invalid TimeZoneID: ac9261b1-86f0-4c6f-bded-0c5f8e11c3d0
2024-12-05 21:09:41.9065 [ERROR] Invalid TimeZoneID: 3f3b8654-3d84-4341-90f0-c98be5fae2aa System.Exception: Invalid TimeZoneID: 3f3b8654-3d84-4341-90f0-c98be5fae2aa
2024-12-05 21:09:41.9065 [ERROR] Invalid TimeZoneID: 4f3f3704-8d4b-455a-b7d7-fb26117fbeca System.Exception: Invalid TimeZoneID: 4f3f3704-8d4b-455a-b7d7-fb26117fbeca
2024-12-05 21:09:41.9065 [ERROR] Invalid TimeZoneID: 7e478ce2-3690-4986-89a7-b8ea2d845a1d System.Exception: Invalid TimeZoneID: 7e478ce2-3690-4986-89a7-b8ea2d845a1d
2024-12-05 21:09:41.9065 [ERROR] Invalid TimeZoneID: cbba821c-c3c7-4d70-8ec2-911d4a5159af System.Exception: Invalid TimeZoneID: cbba821c-c3c7-4d70-8ec2-911d4a5159af
2024-12-05 21:09:41.9065 [ERROR] Invalid TimeZoneID: 5d228666-1893-46da-9cb6-3696b07faa81 System.Exception: Invalid TimeZoneID: 5d228666-1893-46da-9cb6-3696b07faa81
2024-12-05 21:09:41.9065 [ERROR] Invalid TimeZoneID: df0420ea-cdf9-4091-8d7c-c862179060ef System.Exception: Invalid TimeZoneID: df0420ea-cdf9-4091-8d7c-c862179060ef
2024-12-05 21:09:41.9065 [ERROR] Invalid TimeZoneID: c921dc4c-330d-4790-8b4b-6b29851db2a3 System.Exception: Invalid TimeZoneID: c921dc4c-330d-4790-8b4b-6b29851db2a3
2024-12-05 21:09:41.9065 [ERROR] Invalid TimeZoneID: 44bdc4f5-083c-48fd-a107-6a014129ed5b System.Exception: Invalid TimeZoneID: 44bdc4f5-083c-48fd-a107-6a014129ed5b
2024-12-05 21:09:41.9065 [ERROR] Invalid TimeZoneID: a653760c-4cbc-4af5-8744-79be1682e162 System.Exception: Invalid TimeZoneID: a653760c-4cbc-4af5-8744-79be1682e162
2024-12-05 21:09:41.9065 [ERROR] Invalid TimeZoneID: 06c82464-bb40-426b-9648-42f5edbcabcc System.Exception: Invalid TimeZoneID: 06c82464-bb40-426b-9648-42f5edbcabcc
2024-12-05 21:09:41.9065 [ERROR] Invalid TimeZoneID: a1a32500-3078-4547-8d2d-af8568294cf7 System.Exception: Invalid TimeZoneID: a1a32500-3078-4547-8d2d-af8568294cf7
2024-12-05 21:09:41.9065 [ERROR] Invalid TimeZoneID: c69acc80-6aea-4df7-9bf7-567ba680b63f System.Exception: Invalid TimeZoneID: c69acc80-6aea-4df7-9bf7-567ba680b63f
2024-12-05 21:09:41.9065 [ERROR] Invalid TimeZoneID: e4a1eb4c-cecc-462d-8003-bdf3afc12fad System.Exception: Invalid TimeZoneID: e4a1eb4c-cecc-462d-8003-bdf3afc12fad
2024-12-05 21:09:41.9065 [ERROR] Invalid TimeZoneID: 13da8ff6-ca8b-4b57-a6a3-66435bf9e996 System.Exception: Invalid TimeZoneID: 13da8ff6-ca8b-4b57-a6a3-66435bf9e996
2024-12-05 21:09:41.9124 [ERROR] Invalid TimeZoneID: 1a3a20cc-b8a6-4369-8eb6-b2b96a2e6569 System.Exception: Invalid TimeZoneID: 1a3a20cc-b8a6-4369-8eb6-b2b96a2e6569
2024-12-05 21:09:41.9124 [ERROR] Invalid TimeZoneID: f1732b44-447a-49b2-9956-18bc1a12f4e3 System.Exception: Invalid TimeZoneID: f1732b44-447a-49b2-9956-18bc1a12f4e3
2024-12-05 21:09:41.9124 [ERROR] Invalid TimeZoneID: 5f85a987-4bca-48a8-927a-1b45e006aed0 System.Exception: Invalid TimeZoneID: 5f85a987-4bca-48a8-927a-1b45e006aed0
2024-12-05 21:09:41.9124 [ERROR] Invalid TimeZoneID: 336ff007-a6e5-477e-9d10-eb46a03acd65 System.Exception: Invalid TimeZoneID: 336ff007-a6e5-477e-9d10-eb46a03acd65
2024-12-05 21:09:41.9124 [ERROR] Invalid TimeZoneID: 3072e36e-0ba3-4415-bf99-ea47723ca518 System.Exception: Invalid TimeZoneID: 3072e36e-0ba3-4415-bf99-ea47723ca518
2024-12-05 21:09:41.9124 [ERROR] Invalid TimeZoneID: ca34cb89-924f-46f2-a806-41e21076206e System.Exception: Invalid TimeZoneID: ca34cb89-924f-46f2-a806-41e21076206e
2024-12-05 21:09:41.9124 [ERROR] Invalid TimeZoneID: 9618fbac-8d1e-4287-9892-6adeba9fefdf System.Exception: Invalid TimeZoneID: 9618fbac-8d1e-4287-9892-6adeba9fefdf
2024-12-05 21:09:41.9124 [ERROR] Invalid TimeZoneID: 687a3b2b-b20f-4193-8c4e-4670e1c692ca System.Exception: Invalid TimeZoneID: 687a3b2b-b20f-4193-8c4e-4670e1c692ca
2024-12-05 21:09:41.9124 [ERROR] Invalid TimeZoneID: 46404ce5-9706-4907-9cf4-6e42f4228f19 System.Exception: Invalid TimeZoneID: 46404ce5-9706-4907-9cf4-6e42f4228f19
2024-12-05 21:09:41.9124 [ERROR] Invalid TimeZoneID: 6d6e3ff0-fcbe-4c82-af7e-ca9067bffd66 System.Exception: Invalid TimeZoneID: 6d6e3ff0-fcbe-4c82-af7e-ca9067bffd66
2024-12-05 21:09:41.9124 [ERROR] Invalid TimeZoneID: 0b0045e5-6417-49a1-a0b8-55625de74f24 System.Exception: Invalid TimeZoneID: 0b0045e5-6417-49a1-a0b8-55625de74f24
2024-12-05 21:09:41.9124 [ERROR] Invalid TimeZoneID: 570cf829-9894-437d-b1b7-fa47d13935a8 System.Exception: Invalid TimeZoneID: 570cf829-9894-437d-b1b7-fa47d13935a8
2024-12-05 21:09:41.9124 [ERROR] Invalid TimeZoneID: 5ee03f36-89cf-4b90-a1f9-5352237c7e06 System.Exception: Invalid TimeZoneID: 5ee03f36-89cf-4b90-a1f9-5352237c7e06
2024-12-05 21:09:41.9124 [ERROR] Invalid TimeZoneID: bc590809-afef-432a-825c-561ea41ccec9 System.Exception: Invalid TimeZoneID: bc590809-afef-432a-825c-561ea41ccec9
2024-12-05 21:09:41.9124 [ERROR] Invalid TimeZoneID: d69cccc2-8d75-41f6-850b-2fa33fda2669 System.Exception: Invalid TimeZoneID: d69cccc2-8d75-41f6-850b-2fa33fda2669
2024-12-05 21:09:41.9124 [ERROR] Invalid TimeZoneID: 2c7ae9a2-e22f-4271-bad9-b885040d8c44 System.Exception: Invalid TimeZoneID: 2c7ae9a2-e22f-4271-bad9-b885040d8c44
2024-12-05 21:09:41.9124 [ERROR] Invalid TimeZoneID: 4947324e-8de7-4540-adae-810b6a84e48c System.Exception: Invalid TimeZoneID: 4947324e-8de7-4540-adae-810b6a84e48c
2024-12-05 21:09:41.9124 [ERROR] Invalid TimeZoneID: b1c51126-8117-4083-bc69-302e8da73476 System.Exception: Invalid TimeZoneID: b1c51126-8117-4083-bc69-302e8da73476
2024-12-05 21:09:41.9124 [ERROR] Invalid TimeZoneID: 054f7a49-f83f-4851-a0ce-fc1e9683d3f3 System.Exception: Invalid TimeZoneID: 054f7a49-f83f-4851-a0ce-fc1e9683d3f3
2024-12-05 21:09:41.9124 [ERROR] Invalid TimeZoneID: 75922e13-40dc-4165-9f50-1379c8ac14af System.Exception: Invalid TimeZoneID: 75922e13-40dc-4165-9f50-1379c8ac14af
2024-12-05 21:09:41.9124 [ERROR] Invalid TimeZoneID: eaa1be3e-55e2-4eda-bcf5-6db1ee55e967 System.Exception: Invalid TimeZoneID: eaa1be3e-55e2-4eda-bcf5-6db1ee55e967
2024-12-05 21:09:41.9124 [ERROR] Invalid TimeZoneID: 89b55fcf-8c0f-4180-884d-60f61736547d System.Exception: Invalid TimeZoneID: 89b55fcf-8c0f-4180-884d-60f61736547d
2024-12-05 21:09:41.9124 [ERROR] Invalid TimeZoneID: 93579c3b-a556-43a1-804a-2a42ba4f170a System.Exception: Invalid TimeZoneID: 93579c3b-a556-43a1-804a-2a42ba4f170a
2024-12-05 21:09:41.9124 [ERROR] Invalid TimeZoneID: df087c84-0ab6-431d-bf5d-dc87f85274e2 System.Exception: Invalid TimeZoneID: df087c84-0ab6-431d-bf5d-dc87f85274e2
2024-12-05 21:09:41.9124 [ERROR] Invalid TimeZoneID: 1ff24361-6371-47a1-bd5c-bd63dedf8b51 System.Exception: Invalid TimeZoneID: 1ff24361-6371-47a1-bd5c-bd63dedf8b51
2024-12-05 21:09:41.9124 [ERROR] Invalid TimeZoneID: 1e423ee4-2634-462d-85e9-ef0dabc8b917 System.Exception: Invalid TimeZoneID: 1e423ee4-2634-462d-85e9-ef0dabc8b917
2024-12-05 21:09:41.9124 [ERROR] Invalid TimeZoneID: d1ef9a4e-2569-43d5-b922-0e8e2c627e36 System.Exception: Invalid TimeZoneID: d1ef9a4e-2569-43d5-b922-0e8e2c627e36
2024-12-05 21:09:41.9124 [ERROR] Invalid TimeZoneID: d2aa92cf-6d3a-4547-a93f-b715dac7a87c System.Exception: Invalid TimeZoneID: d2aa92cf-6d3a-4547-a93f-b715dac7a87c
2024-12-05 21:09:41.9124 [ERROR] Invalid TimeZoneID: 213af5ac-7bb1-4a20-8f6a-876760f3451b System.Exception: Invalid TimeZoneID: 213af5ac-7bb1-4a20-8f6a-876760f3451b
2024-12-05 21:09:41.9124 [ERROR] Invalid TimeZoneID: 45623b94-5f26-4594-b2b5-e5f81932d261 System.Exception: Invalid TimeZoneID: 45623b94-5f26-4594-b2b5-e5f81932d261
2024-12-05 21:09:41.9124 [ERROR] Invalid TimeZoneID: 7ae9f849-fd8b-4a36-8e69-3a77a2ea3fdb System.Exception: Invalid TimeZoneID: 7ae9f849-fd8b-4a36-8e69-3a77a2ea3fdb
2024-12-05 21:09:41.9124 [INFO] Finished processing Punch Export CSV: D:\Emergere\ConnorsLLC\ConnorsLLC_Project\ProcessFiles_Demo\bin\Debug\net6.0\ManhattanPunchExport/ReprocessFiles\TimeClockChangeEntity-2024-308-2024-342_20241205_210851.csv at 12/5/2024 9:09:41 PM 
2024-12-05 21:09:41.9124 [INFO] Time taken to process file: 0.0500769 seconds. 
2024-12-05 21:09:41.9124 [INFO] D:\Emergere\ConnorsLLC\ConnorsLLC_Project\ProcessFiles_Demo\bin\Debug\net6.0\ManhattanPunchExport/ReprocessFiles\TimeClockChangeEntity-2024-308-2024-342_20241205_210851.csv 
2024-12-05 21:09:41.9124 [INFO] D:\Emergere\ConnorsLLC\ConnorsLLC_Project\ProcessFiles_Demo\bin\Debug\net6.0\ManhattanPunchExport/ProcessedFiles\TimeClockChangeEntity-2024-308-2024-342_20241205_210851_20241205_210941.csv 
2024-12-05 21:09:52.9740 [INFO] Attempting to download file from: /home/fivebelow-uat/outbox/manhattan/TimeClockChangeEntity-2024-308-2024-342.csv 
2024-12-05 21:09:56.4597 [INFO] Latest file downloaded: C:\Users\varadharaj\AppData\Local\Temp\TimeClockChangeEntity-2024-308-2024-342.csv 
2024-12-05 21:09:56.4597 [INFO] No decryption needed for C:\Users\varadharaj\AppData\Local\Temp\TimeClockChangeEntity-2024-308-2024-342.csv 
2024-12-05 21:09:56.9268 [INFO] Start processing Punch Export CSV: C:\Users\varadharaj\AppData\Local\Temp\TimeClockChangeEntity-2024-308-2024-342.csv at 12/5/2024 9:09:56 PM 
2024-12-05 21:09:56.9462 [ERROR] Invalid TimeZoneID: 23112c47-ebbb-4ffd-a82e-d6428e56378f System.Exception: Invalid TimeZoneID: 23112c47-ebbb-4ffd-a82e-d6428e56378f
2024-12-05 21:09:56.9462 [ERROR] Invalid TimeZoneID: 72c2206d-df44-4b9f-b5cc-7d1e4f8a9ab8 System.Exception: Invalid TimeZoneID: 72c2206d-df44-4b9f-b5cc-7d1e4f8a9ab8
2024-12-05 21:09:56.9462 [ERROR] Invalid TimeZoneID: 4a92e71a-ecb7-4850-8646-84ccf20b00d4 System.Exception: Invalid TimeZoneID: 4a92e71a-ecb7-4850-8646-84ccf20b00d4
2024-12-05 21:09:56.9462 [ERROR] Invalid TimeZoneID: e7faaa4e-5a90-42ca-8f57-c0447aa6ed79 System.Exception: Invalid TimeZoneID: e7faaa4e-5a90-42ca-8f57-c0447aa6ed79
2024-12-05 21:09:56.9462 [ERROR] Invalid TimeZoneID: 60d80c8a-ca3a-4855-9d6b-ef5df17c8509 System.Exception: Invalid TimeZoneID: 60d80c8a-ca3a-4855-9d6b-ef5df17c8509
2024-12-05 21:09:56.9462 [ERROR] Invalid TimeZoneID: 785817e5-335e-4f4a-97fa-eeb8fc8ef87b System.Exception: Invalid TimeZoneID: 785817e5-335e-4f4a-97fa-eeb8fc8ef87b
2024-12-05 21:09:56.9462 [ERROR] Invalid TimeZoneID: cd59151d-36ab-4c0c-b0a5-9b64bf872762 System.Exception: Invalid TimeZoneID: cd59151d-36ab-4c0c-b0a5-9b64bf872762
2024-12-05 21:09:56.9462 [ERROR] Invalid TimeZoneID: a0ca8a4b-008f-4c5f-8542-98ab44045601 System.Exception: Invalid TimeZoneID: a0ca8a4b-008f-4c5f-8542-98ab44045601
2024-12-05 21:09:56.9462 [ERROR] Invalid TimeZoneID: 9676102f-7580-4024-9c49-30a4f56413d6 System.Exception: Invalid TimeZoneID: 9676102f-7580-4024-9c49-30a4f56413d6
2024-12-05 21:09:56.9462 [ERROR] Invalid TimeZoneID: 7b9dbb6c-9bdb-4093-9e0f-5e0abf6a663d System.Exception: Invalid TimeZoneID: 7b9dbb6c-9bdb-4093-9e0f-5e0abf6a663d
2024-12-05 21:09:56.9462 [ERROR] Invalid TimeZoneID: 1b231d7c-e9c1-498c-9c37-5c481755f21a System.Exception: Invalid TimeZoneID: 1b231d7c-e9c1-498c-9c37-5c481755f21a
2024-12-05 21:09:56.9462 [ERROR] Invalid TimeZoneID: 416ab95e-8b20-4009-b2e7-6a6eac303735 System.Exception: Invalid TimeZoneID: 416ab95e-8b20-4009-b2e7-6a6eac303735
2024-12-05 21:09:56.9462 [ERROR] Invalid TimeZoneID: 9b1f6537-62d3-457f-aa84-7fd2d04fe484 System.Exception: Invalid TimeZoneID: 9b1f6537-62d3-457f-aa84-7fd2d04fe484
2024-12-05 21:09:56.9462 [ERROR] Invalid TimeZoneID: e7b01b53-c987-4096-ae71-70a90d56466a System.Exception: Invalid TimeZoneID: e7b01b53-c987-4096-ae71-70a90d56466a
2024-12-05 21:09:56.9462 [ERROR] Invalid TimeZoneID: c4ff266f-4de2-46e5-b35b-d2a454d6f716 System.Exception: Invalid TimeZoneID: c4ff266f-4de2-46e5-b35b-d2a454d6f716
2024-12-05 21:09:56.9462 [ERROR] Invalid TimeZoneID: 182f613c-b2bd-4195-b48e-3f06f1ea5ab2 System.Exception: Invalid TimeZoneID: 182f613c-b2bd-4195-b48e-3f06f1ea5ab2
2024-12-05 21:09:56.9462 [ERROR] Invalid TimeZoneID: dac1e6ea-05c6-403b-8cb9-dac18005ef96 System.Exception: Invalid TimeZoneID: dac1e6ea-05c6-403b-8cb9-dac18005ef96
2024-12-05 21:09:56.9462 [ERROR] Invalid TimeZoneID: 0bfd3518-8337-4954-b884-08b29a3085af System.Exception: Invalid TimeZoneID: 0bfd3518-8337-4954-b884-08b29a3085af
2024-12-05 21:09:56.9462 [ERROR] Invalid TimeZoneID: 924cd0ee-c771-4a6a-93a3-3a6443e43434 System.Exception: Invalid TimeZoneID: 924cd0ee-c771-4a6a-93a3-3a6443e43434
2024-12-05 21:09:56.9462 [ERROR] Invalid TimeZoneID: fa1f6bd6-c17e-4ff2-9544-a1e87054ec9b System.Exception: Invalid TimeZoneID: fa1f6bd6-c17e-4ff2-9544-a1e87054ec9b
2024-12-05 21:09:56.9462 [ERROR] Invalid TimeZoneID: 0dc70e62-0ea8-46e9-8390-22129f7ec253 System.Exception: Invalid TimeZoneID: 0dc70e62-0ea8-46e9-8390-22129f7ec253
2024-12-05 21:09:56.9462 [ERROR] Invalid TimeZoneID: b7f40d79-6986-4374-8254-ef23835dcf15 System.Exception: Invalid TimeZoneID: b7f40d79-6986-4374-8254-ef23835dcf15
2024-12-05 21:09:56.9462 [ERROR] Invalid TimeZoneID: 1013374f-40c5-4ea4-8add-48e14d8e92f3 System.Exception: Invalid TimeZoneID: 1013374f-40c5-4ea4-8add-48e14d8e92f3
2024-12-05 21:09:56.9462 [ERROR] Invalid TimeZoneID: cfa004cb-df1d-4e49-adf8-98631b4ef81d System.Exception: Invalid TimeZoneID: cfa004cb-df1d-4e49-adf8-98631b4ef81d
2024-12-05 21:09:56.9462 [ERROR] Invalid TimeZoneID: ac9261b1-86f0-4c6f-bded-0c5f8e11c3d0 System.Exception: Invalid TimeZoneID: ac9261b1-86f0-4c6f-bded-0c5f8e11c3d0
2024-12-05 21:09:56.9462 [ERROR] Invalid TimeZoneID: 3f3b8654-3d84-4341-90f0-c98be5fae2aa System.Exception: Invalid TimeZoneID: 3f3b8654-3d84-4341-90f0-c98be5fae2aa
2024-12-05 21:09:56.9462 [ERROR] Invalid TimeZoneID: 4f3f3704-8d4b-455a-b7d7-fb26117fbeca System.Exception: Invalid TimeZoneID: 4f3f3704-8d4b-455a-b7d7-fb26117fbeca
2024-12-05 21:09:56.9462 [ERROR] Invalid TimeZoneID: 7e478ce2-3690-4986-89a7-b8ea2d845a1d System.Exception: Invalid TimeZoneID: 7e478ce2-3690-4986-89a7-b8ea2d845a1d
2024-12-05 21:09:56.9462 [ERROR] Invalid TimeZoneID: cbba821c-c3c7-4d70-8ec2-911d4a5159af System.Exception: Invalid TimeZoneID: cbba821c-c3c7-4d70-8ec2-911d4a5159af
2024-12-05 21:09:56.9462 [ERROR] Invalid TimeZoneID: 5d228666-1893-46da-9cb6-3696b07faa81 System.Exception: Invalid TimeZoneID: 5d228666-1893-46da-9cb6-3696b07faa81
2024-12-05 21:09:56.9462 [ERROR] Invalid TimeZoneID: df0420ea-cdf9-4091-8d7c-c862179060ef System.Exception: Invalid TimeZoneID: df0420ea-cdf9-4091-8d7c-c862179060ef
2024-12-05 21:09:56.9462 [ERROR] Invalid TimeZoneID: c921dc4c-330d-4790-8b4b-6b29851db2a3 System.Exception: Invalid TimeZoneID: c921dc4c-330d-4790-8b4b-6b29851db2a3
2024-12-05 21:09:56.9462 [ERROR] Invalid TimeZoneID: 44bdc4f5-083c-48fd-a107-6a014129ed5b System.Exception: Invalid TimeZoneID: 44bdc4f5-083c-48fd-a107-6a014129ed5b
2024-12-05 21:09:56.9516 [ERROR] Invalid TimeZoneID: a653760c-4cbc-4af5-8744-79be1682e162 System.Exception: Invalid TimeZoneID: a653760c-4cbc-4af5-8744-79be1682e162
2024-12-05 21:09:56.9516 [ERROR] Invalid TimeZoneID: 06c82464-bb40-426b-9648-42f5edbcabcc System.Exception: Invalid TimeZoneID: 06c82464-bb40-426b-9648-42f5edbcabcc
2024-12-05 21:09:56.9516 [ERROR] Invalid TimeZoneID: a1a32500-3078-4547-8d2d-af8568294cf7 System.Exception: Invalid TimeZoneID: a1a32500-3078-4547-8d2d-af8568294cf7
2024-12-05 21:09:56.9516 [ERROR] Invalid TimeZoneID: c69acc80-6aea-4df7-9bf7-567ba680b63f System.Exception: Invalid TimeZoneID: c69acc80-6aea-4df7-9bf7-567ba680b63f
2024-12-05 21:09:56.9516 [ERROR] Invalid TimeZoneID: e4a1eb4c-cecc-462d-8003-bdf3afc12fad System.Exception: Invalid TimeZoneID: e4a1eb4c-cecc-462d-8003-bdf3afc12fad
2024-12-05 21:09:56.9516 [ERROR] Invalid TimeZoneID: 13da8ff6-ca8b-4b57-a6a3-66435bf9e996 System.Exception: Invalid TimeZoneID: 13da8ff6-ca8b-4b57-a6a3-66435bf9e996
2024-12-05 21:09:56.9516 [ERROR] Invalid TimeZoneID: 1a3a20cc-b8a6-4369-8eb6-b2b96a2e6569 System.Exception: Invalid TimeZoneID: 1a3a20cc-b8a6-4369-8eb6-b2b96a2e6569
2024-12-05 21:09:56.9516 [ERROR] Invalid TimeZoneID: f1732b44-447a-49b2-9956-18bc1a12f4e3 System.Exception: Invalid TimeZoneID: f1732b44-447a-49b2-9956-18bc1a12f4e3
2024-12-05 21:09:56.9516 [ERROR] Invalid TimeZoneID: 5f85a987-4bca-48a8-927a-1b45e006aed0 System.Exception: Invalid TimeZoneID: 5f85a987-4bca-48a8-927a-1b45e006aed0
2024-12-05 21:09:56.9516 [ERROR] Invalid TimeZoneID: 336ff007-a6e5-477e-9d10-eb46a03acd65 System.Exception: Invalid TimeZoneID: 336ff007-a6e5-477e-9d10-eb46a03acd65
2024-12-05 21:09:56.9516 [ERROR] Invalid TimeZoneID: 3072e36e-0ba3-4415-bf99-ea47723ca518 System.Exception: Invalid TimeZoneID: 3072e36e-0ba3-4415-bf99-ea47723ca518
2024-12-05 21:09:56.9516 [ERROR] Invalid TimeZoneID: ca34cb89-924f-46f2-a806-41e21076206e System.Exception: Invalid TimeZoneID: ca34cb89-924f-46f2-a806-41e21076206e
2024-12-05 21:09:56.9516 [ERROR] Invalid TimeZoneID: 9618fbac-8d1e-4287-9892-6adeba9fefdf System.Exception: Invalid TimeZoneID: 9618fbac-8d1e-4287-9892-6adeba9fefdf
2024-12-05 21:09:56.9516 [ERROR] Invalid TimeZoneID: 687a3b2b-b20f-4193-8c4e-4670e1c692ca System.Exception: Invalid TimeZoneID: 687a3b2b-b20f-4193-8c4e-4670e1c692ca
2024-12-05 21:09:56.9516 [ERROR] Invalid TimeZoneID: 46404ce5-9706-4907-9cf4-6e42f4228f19 System.Exception: Invalid TimeZoneID: 46404ce5-9706-4907-9cf4-6e42f4228f19
2024-12-05 21:09:56.9516 [ERROR] Invalid TimeZoneID: 6d6e3ff0-fcbe-4c82-af7e-ca9067bffd66 System.Exception: Invalid TimeZoneID: 6d6e3ff0-fcbe-4c82-af7e-ca9067bffd66
2024-12-05 21:09:56.9516 [ERROR] Invalid TimeZoneID: 0b0045e5-6417-49a1-a0b8-55625de74f24 System.Exception: Invalid TimeZoneID: 0b0045e5-6417-49a1-a0b8-55625de74f24
2024-12-05 21:09:56.9516 [ERROR] Invalid TimeZoneID: 570cf829-9894-437d-b1b7-fa47d13935a8 System.Exception: Invalid TimeZoneID: 570cf829-9894-437d-b1b7-fa47d13935a8
2024-12-05 21:09:56.9516 [ERROR] Invalid TimeZoneID: 5ee03f36-89cf-4b90-a1f9-5352237c7e06 System.Exception: Invalid TimeZoneID: 5ee03f36-89cf-4b90-a1f9-5352237c7e06
2024-12-05 21:09:56.9516 [ERROR] Invalid TimeZoneID: bc590809-afef-432a-825c-561ea41ccec9 System.Exception: Invalid TimeZoneID: bc590809-afef-432a-825c-561ea41ccec9
2024-12-05 21:09:56.9516 [ERROR] Invalid TimeZoneID: d69cccc2-8d75-41f6-850b-2fa33fda2669 System.Exception: Invalid TimeZoneID: d69cccc2-8d75-41f6-850b-2fa33fda2669
2024-12-05 21:09:56.9516 [ERROR] Invalid TimeZoneID: 2c7ae9a2-e22f-4271-bad9-b885040d8c44 System.Exception: Invalid TimeZoneID: 2c7ae9a2-e22f-4271-bad9-b885040d8c44
2024-12-05 21:09:56.9516 [ERROR] Invalid TimeZoneID: 4947324e-8de7-4540-adae-810b6a84e48c System.Exception: Invalid TimeZoneID: 4947324e-8de7-4540-adae-810b6a84e48c
2024-12-05 21:09:56.9516 [ERROR] Invalid TimeZoneID: b1c51126-8117-4083-bc69-302e8da73476 System.Exception: Invalid TimeZoneID: b1c51126-8117-4083-bc69-302e8da73476
2024-12-05 21:09:56.9516 [ERROR] Invalid TimeZoneID: 054f7a49-f83f-4851-a0ce-fc1e9683d3f3 System.Exception: Invalid TimeZoneID: 054f7a49-f83f-4851-a0ce-fc1e9683d3f3
2024-12-05 21:09:56.9516 [ERROR] Invalid TimeZoneID: 75922e13-40dc-4165-9f50-1379c8ac14af System.Exception: Invalid TimeZoneID: 75922e13-40dc-4165-9f50-1379c8ac14af
2024-12-05 21:09:56.9516 [ERROR] Invalid TimeZoneID: eaa1be3e-55e2-4eda-bcf5-6db1ee55e967 System.Exception: Invalid TimeZoneID: eaa1be3e-55e2-4eda-bcf5-6db1ee55e967
2024-12-05 21:09:56.9516 [ERROR] Invalid TimeZoneID: 89b55fcf-8c0f-4180-884d-60f61736547d System.Exception: Invalid TimeZoneID: 89b55fcf-8c0f-4180-884d-60f61736547d
2024-12-05 21:09:56.9516 [ERROR] Invalid TimeZoneID: 93579c3b-a556-43a1-804a-2a42ba4f170a System.Exception: Invalid TimeZoneID: 93579c3b-a556-43a1-804a-2a42ba4f170a
2024-12-05 21:09:56.9516 [ERROR] Invalid TimeZoneID: df087c84-0ab6-431d-bf5d-dc87f85274e2 System.Exception: Invalid TimeZoneID: df087c84-0ab6-431d-bf5d-dc87f85274e2
2024-12-05 21:09:56.9516 [ERROR] Invalid TimeZoneID: 1ff24361-6371-47a1-bd5c-bd63dedf8b51 System.Exception: Invalid TimeZoneID: 1ff24361-6371-47a1-bd5c-bd63dedf8b51
2024-12-05 21:09:56.9516 [ERROR] Invalid TimeZoneID: 1e423ee4-2634-462d-85e9-ef0dabc8b917 System.Exception: Invalid TimeZoneID: 1e423ee4-2634-462d-85e9-ef0dabc8b917
2024-12-05 21:09:56.9516 [ERROR] Invalid TimeZoneID: d1ef9a4e-2569-43d5-b922-0e8e2c627e36 System.Exception: Invalid TimeZoneID: d1ef9a4e-2569-43d5-b922-0e8e2c627e36
2024-12-05 21:09:56.9516 [ERROR] Invalid TimeZoneID: d2aa92cf-6d3a-4547-a93f-b715dac7a87c System.Exception: Invalid TimeZoneID: d2aa92cf-6d3a-4547-a93f-b715dac7a87c
2024-12-05 21:09:56.9516 [ERROR] Invalid TimeZoneID: 213af5ac-7bb1-4a20-8f6a-876760f3451b System.Exception: Invalid TimeZoneID: 213af5ac-7bb1-4a20-8f6a-876760f3451b
2024-12-05 21:09:56.9516 [ERROR] Invalid TimeZoneID: 45623b94-5f26-4594-b2b5-e5f81932d261 System.Exception: Invalid TimeZoneID: 45623b94-5f26-4594-b2b5-e5f81932d261
2024-12-05 21:09:56.9516 [ERROR] Invalid TimeZoneID: 7ae9f849-fd8b-4a36-8e69-3a77a2ea3fdb System.Exception: Invalid TimeZoneID: 7ae9f849-fd8b-4a36-8e69-3a77a2ea3fdb
2024-12-05 21:09:56.9516 [INFO] Finished processing Punch Export CSV: C:\Users\varadharaj\AppData\Local\Temp\TimeClockChangeEntity-2024-308-2024-342.csv at 12/5/2024 9:09:56 PM 
2024-12-05 21:09:56.9516 [INFO] Time taken to process file: 0.0300975 seconds. 
2024-12-05 21:09:56.9516 [INFO] C:\Users\varadharaj\AppData\Local\Temp\TimeClockChangeEntity-2024-308-2024-342.csv 
2024-12-05 21:09:56.9516 [INFO] File successfully processed and moved to: D:\Emergere\ConnorsLLC\ConnorsLLC_Project\ProcessFiles_Demo\bin\Debug\net6.0\ManhattanPunchExport/ProcessedFiles\TimeClockChangeEntity-2024-308-2024-342_20241205_210956.csv 
2024-12-05 21:09:56.9516 [INFO] Application Completed Successfully 
2024-12-05 21:15:52.1314 [DEBUG] Application Starting 
2024-12-05 21:16:02.2765 [INFO] Attempting to download file from: /home/fivebelow-uat/outbox/manhattan/TimeClockChangeEntity-2024-308-2024-342.csv 
2024-12-05 21:16:06.0817 [INFO] Latest file downloaded: C:\Users\varadharaj\AppData\Local\Temp\TimeClockChangeEntity-2024-308-2024-342.csv 
2024-12-05 21:16:06.0817 [INFO] No decryption needed for C:\Users\varadharaj\AppData\Local\Temp\TimeClockChangeEntity-2024-308-2024-342.csv 
2024-12-05 21:18:10.1793 [DEBUG] Application Starting 
2024-12-05 21:18:10.4840 [ERROR] Application terminated unexpectedly System.Exception: Client not found in the configuration file.
   at ProcessFiles_Demo.Helpers.ClientSettingsLoader.LoadClientSettings(String clientName) in D:\Emergere\ConnorsLLC\ConnorsLLC_Project\ProcessFiles_Demo\Helpers\ClientSettingsLoader.cs:line 27
   at Program.Main(String[] args) in D:\Emergere\ConnorsLLC\ConnorsLLC_Project\ProcessFiles_Demo\Program.cs:line 39
2024-12-05 21:18:39.3662 [DEBUG] Application Starting 
