2025-01-29 21:25:39.4213 [DEBUG] Application Starting 
2025-01-29 21:25:39.5010 [INFO] Starting processing for processor type: manhattanpunch with fileNameStartsWith: TimeClockChangeEntity 
2025-01-29 21:25:50.4376 [INFO] Attempting to download file from: /home/fivebelow-uat/outbox/manhattan/TimeClockChangeEntity-2024-308-2024-342_test3.csv 
2025-01-29 21:25:53.2721 [INFO] Latest file downloaded: C:\Users\varadharaj\AppData\Local\Temp\TimeClockChangeEntity-2024-308-2024-342_test3.csv 
2025-01-29 21:25:53.2721 [INFO] No decryption needed for C:\Users\varadharaj\AppData\Local\Temp\TimeClockChangeEntity-2024-308-2024-342_test3.csv 
2025-01-29 21:26:07.0789 [INFO] Downloaded file: LocationEntity-2025-12-2025-46.csv.gz to D:\Emergere\ConnorsLLC\ConnorsLLC_Project\ProcessFiles_Demo\bin\Debug\net6.0\ManhattanPunchExport/Mapping\LocationEntity-2025-12-2025-46.csv.gz 
2025-01-29 21:26:07.7553 [INFO] File has been decompressed to: D:\Emergere\ConnorsLLC\ConnorsLLC_Project\ProcessFiles_Demo\bin\Debug\net6.0\ManhattanPunchExport/Mapping\LocationEntity-2025-12-2025-46.csv 
2025-01-29 21:26:07.7553 [INFO] Deleted the .gz file: D:\Emergere\ConnorsLLC\ConnorsLLC_Project\ProcessFiles_Demo\bin\Debug\net6.0\ManhattanPunchExport/Mapping\LocationEntity-2025-12-2025-46.csv.gz 
2025-01-29 21:26:07.8063 [INFO] Start processing Payroll CSV: C:\Users\varadharaj\AppData\Local\Temp\TimeClockChangeEntity-2024-308-2024-342_test3.csv at 1/29/2025 9:26:07 PM 
2025-01-29 21:26:08.1368 [INFO] Finished processing Manhattan punch CSV: C:\Users\varadharaj\AppData\Local\Temp\TimeClockChangeEntity-2024-308-2024-342_test3.csv at 1/29/2025 9:26:08 PM 
2025-01-29 21:26:08.1368 [INFO] Time taken to process the file: 0.33 seconds. 
2025-01-29 21:26:08.1368 [INFO] C:\Users\varadharaj\AppData\Local\Temp\TimeClockChangeEntity-2024-308-2024-342_test3.csv 
2025-01-29 21:26:08.1368 [INFO] File successfully processed and moved to: D:\Emergere\ConnorsLLC\ConnorsLLC_Project\ProcessFiles_Demo\bin\Debug\net6.0\ManhattanPunchExport/ProcessedFiles\TimeClockChangeEntity-2024-308-2024-342_test3_20250129_212608.csv 
2025-01-29 21:26:08.1368 [INFO] Processing completed for processor type: manhattanpunch 
2025-01-29 21:26:08.1368 [INFO] Application Completed Successfully 
2025-01-29 21:28:52.8261 [DEBUG] Application Starting 
2025-01-29 21:28:52.9901 [INFO] Starting processing for processor type: manhattanpunch with fileNameStartsWith: TimeClockChangeEntity 
2025-01-29 21:29:02.8974 [INFO] Attempting to download file from: /home/fivebelow-uat/outbox/manhattan/TimeClockChangeEntity-2024-308-2024-342.csv 
2025-01-29 21:29:06.8370 [INFO] Latest file downloaded: C:\Users\varadharaj\AppData\Local\Temp\TimeClockChangeEntity-2024-308-2024-342.csv 
2025-01-29 21:29:06.8370 [INFO] No decryption needed for C:\Users\varadharaj\AppData\Local\Temp\TimeClockChangeEntity-2024-308-2024-342.csv 
2025-01-29 21:29:18.9952 [INFO] Downloaded file: LocationEntity-2025-12-2025-46.csv.gz to D:\Emergere\ConnorsLLC\ConnorsLLC_Project\ProcessFiles_Demo\bin\Debug\net6.0\ManhattanPunchExport/Mapping\LocationEntity-2025-12-2025-46.csv.gz 
2025-01-29 21:29:19.6469 [INFO] File has been decompressed to: D:\Emergere\ConnorsLLC\ConnorsLLC_Project\ProcessFiles_Demo\bin\Debug\net6.0\ManhattanPunchExport/Mapping\LocationEntity-2025-12-2025-46.csv 
2025-01-29 21:29:19.6469 [INFO] Deleted the .gz file: D:\Emergere\ConnorsLLC\ConnorsLLC_Project\ProcessFiles_Demo\bin\Debug\net6.0\ManhattanPunchExport/Mapping\LocationEntity-2025-12-2025-46.csv.gz 
2025-01-29 21:29:19.6864 [INFO] Start processing Payroll CSV: C:\Users\varadharaj\AppData\Local\Temp\TimeClockChangeEntity-2024-308-2024-342.csv at 1/29/2025 9:29:19 PM 
2025-01-29 21:29:19.9497 [INFO] Finished processing Manhattan punch CSV: C:\Users\varadharaj\AppData\Local\Temp\TimeClockChangeEntity-2024-308-2024-342.csv at 1/29/2025 9:29:19 PM 
2025-01-29 21:29:19.9497 [INFO] Time taken to process the file: 0.26 seconds. 
2025-01-29 21:29:19.9497 [INFO] C:\Users\varadharaj\AppData\Local\Temp\TimeClockChangeEntity-2024-308-2024-342.csv 
2025-01-29 21:29:19.9497 [INFO] File successfully processed and moved to: D:\Emergere\ConnorsLLC\ConnorsLLC_Project\ProcessFiles_Demo\bin\Debug\net6.0\ManhattanPunchExport/ProcessedFiles\TimeClockChangeEntity-2024-308-2024-342_20250129_212919.csv 
2025-01-29 21:29:19.9497 [INFO] Processing completed for processor type: manhattanpunch 
2025-01-29 21:29:19.9497 [INFO] Application Completed Successfully 
