2025-01-07 21:11:50.6436 [DEBUG] Application Starting 
2025-01-07 21:12:04.1183 [INFO] Attempting to download file from: /home/fivebelow-uat/outbox/manhattan/TimeClockChangeEntity-2024-308-2024-342.csv 
2025-01-07 21:12:09.6743 [INFO] Latest file downloaded: C:\Users\varadharaj\AppData\Local\Temp\TimeClockChangeEntity-2024-308-2024-342.csv 
2025-01-07 21:12:09.6858 [INFO] No decryption needed for C:\Users\varadharaj\AppData\Local\Temp\TimeClockChangeEntity-2024-308-2024-342.csv 
2025-01-07 21:12:23.0470 [INFO] Downloaded file: LocationEntity-2024-357-2025-25.csv.gz to D:\Emergere\ConnorsLLC\ConnorsLLC_Project\ProcessFiles_Demo\bin\Debug\net6.0\ManhattanPunchExport/Mapping\LocationEntity-2024-357-2025-25.csv.gz 
2025-01-07 21:12:23.7076 [INFO] File has been decompressed to: D:\Emergere\ConnorsLLC\ConnorsLLC_Project\ProcessFiles_Demo\bin\Debug\net6.0\ManhattanPunchExport/Mapping\LocationEntity-2024-357-2025-25.csv 
2025-01-07 21:12:23.7076 [INFO] Deleted the .gz file: D:\Emergere\ConnorsLLC\ConnorsLLC_Project\ProcessFiles_Demo\bin\Debug\net6.0\ManhattanPunchExport/Mapping\LocationEntity-2024-357-2025-25.csv.gz 
2025-01-07 21:12:23.8256 [INFO] Start processing Payroll CSV: C:\Users\varadharaj\AppData\Local\Temp\TimeClockChangeEntity-2024-308-2024-342.csv at 1/7/2025 9:12:23 PM 
2025-01-07 21:14:31.3882 [INFO] Finished processing Manhattan punch CSV: C:\Users\varadharaj\AppData\Local\Temp\TimeClockChangeEntity-2024-308-2024-342.csv at 1/7/2025 9:14:31 PM 
2025-01-07 21:14:31.3882 [INFO] Time taken to process the file: 127.56 seconds. 
2025-01-07 21:14:31.3882 [INFO] C:\Users\varadharaj\AppData\Local\Temp\TimeClockChangeEntity-2024-308-2024-342.csv 
2025-01-07 21:14:31.3882 [INFO] File successfully processed and moved to: D:\Emergere\ConnorsLLC\ConnorsLLC_Project\ProcessFiles_Demo\bin\Debug\net6.0\ManhattanPunchExport/ProcessedFiles\TimeClockChangeEntity-2024-308-2024-342_20250107_211431.csv 
2025-01-07 21:14:31.3882 [INFO] Application Completed Successfully 
2025-01-07 21:19:30.7783 [DEBUG] Application Starting 
2025-01-07 21:19:43.4813 [INFO] Attempting to download file from: /home/fivebelow-uat/outbox/manhattan/TimeClockChangeEntity-2024-308-2024-342.csv 
2025-01-07 21:19:47.5683 [INFO] Latest file downloaded: C:\Users\varadharaj\AppData\Local\Temp\TimeClockChangeEntity-2024-308-2024-342.csv 
2025-01-07 21:19:47.5683 [INFO] No decryption needed for C:\Users\varadharaj\AppData\Local\Temp\TimeClockChangeEntity-2024-308-2024-342.csv 
2025-01-07 21:20:00.1625 [INFO] Downloaded file: LocationEntity-2024-357-2025-25.csv.gz to D:\Emergere\ConnorsLLC\ConnorsLLC_Project\ProcessFiles_Demo\bin\Debug\net6.0\ManhattanPunchExport/Mapping\LocationEntity-2024-357-2025-25.csv.gz 
2025-01-07 21:20:00.9173 [INFO] File has been decompressed to: D:\Emergere\ConnorsLLC\ConnorsLLC_Project\ProcessFiles_Demo\bin\Debug\net6.0\ManhattanPunchExport/Mapping\LocationEntity-2024-357-2025-25.csv 
2025-01-07 21:20:00.9173 [INFO] Deleted the .gz file: D:\Emergere\ConnorsLLC\ConnorsLLC_Project\ProcessFiles_Demo\bin\Debug\net6.0\ManhattanPunchExport/Mapping\LocationEntity-2024-357-2025-25.csv.gz 
2025-01-07 21:20:00.9976 [INFO] Start processing Payroll CSV: C:\Users\varadharaj\AppData\Local\Temp\TimeClockChangeEntity-2024-308-2024-342.csv at 1/7/2025 9:20:00 PM 
2025-01-07 21:20:01.0090 [INFO] Location mapping not found for LocationExternalId: 1358 
2025-01-07 21:20:01.0090 [INFO] Location mapping not found for LocationExternalId: 1358 
2025-01-07 21:20:01.0090 [INFO] Location mapping not found for LocationExternalId: 1359 
2025-01-07 21:20:01.0090 [INFO] Location mapping not found for LocationExternalId: 1359 
2025-01-07 21:20:01.0090 [INFO] Location mapping not found for LocationExternalId: 1359 
2025-01-07 21:20:01.0171 [INFO] Location mapping not found for LocationExternalId: 1359 
2025-01-07 21:20:01.0171 [INFO] Location mapping not found for LocationExternalId: 1301 
2025-01-07 21:20:01.0171 [INFO] Location mapping not found for LocationExternalId: 1301 
2025-01-07 21:20:01.0171 [INFO] Location mapping not found for LocationExternalId: 3010 
2025-01-07 21:20:01.0171 [INFO] Location mapping not found for LocationExternalId: 3010 
2025-01-07 21:20:01.0171 [INFO] Location mapping not found for LocationExternalId: 3010 
2025-01-07 21:20:01.0171 [INFO] Location mapping not found for LocationExternalId: 3010 
2025-01-07 21:20:01.0171 [INFO] Location mapping not found for LocationExternalId: 3010 
2025-01-07 21:20:01.0314 [INFO] Location mapping not found for LocationExternalId: 3010 
2025-01-07 21:20:01.0314 [INFO] Location mapping not found for LocationExternalId: 3010 
2025-01-07 21:20:01.0314 [INFO] Location mapping not found for LocationExternalId: 3010 
2025-01-07 21:20:01.0314 [INFO] Location mapping not found for LocationExternalId: 3010 
2025-01-07 21:20:01.0314 [INFO] Location mapping not found for LocationExternalId: 3010 
2025-01-07 21:20:01.0314 [INFO] Location mapping not found for LocationExternalId: 3010 
2025-01-07 21:20:01.0314 [INFO] Location mapping not found for LocationExternalId: 3010 
2025-01-07 21:20:01.0541 [INFO] Location mapping not found for LocationExternalId: 6054 
2025-01-07 21:20:01.0541 [INFO] Location mapping not found for LocationExternalId: 6054 
2025-01-07 21:20:01.0657 [INFO] Location mapping not found for LocationExternalId: 6025 
2025-01-07 21:20:01.0657 [INFO] Location mapping not found for LocationExternalId: 6025 
2025-01-07 21:20:01.0657 [INFO] Location mapping not found for LocationExternalId: 6025 
2025-01-07 21:20:01.0657 [INFO] Location mapping not found for LocationExternalId: 6025 
2025-01-07 21:20:01.0657 [INFO] Location mapping not found for LocationExternalId: 6025 
2025-01-07 21:20:01.0657 [INFO] Location mapping not found for LocationExternalId: 6025 
2025-01-07 21:20:01.0657 [INFO] Location mapping not found for LocationExternalId: 106 
2025-01-07 21:20:01.0657 [INFO] Location mapping not found for LocationExternalId: 106 
2025-01-07 21:20:01.0657 [INFO] Location mapping not found for LocationExternalId: 106 
2025-01-07 21:20:01.0657 [INFO] Location mapping not found for LocationExternalId: 106 
2025-01-07 21:20:01.0657 [INFO] Location mapping not found for LocationExternalId: 106 
2025-01-07 21:20:01.0657 [INFO] Location mapping not found for LocationExternalId: 106 
2025-01-07 21:20:01.0657 [INFO] Location mapping not found for LocationExternalId: 106 
2025-01-07 21:20:01.0657 [INFO] Location mapping not found for LocationExternalId: 106 
2025-01-07 21:20:01.0657 [INFO] Location mapping not found for LocationExternalId: 106 
2025-01-07 21:20:01.0657 [INFO] Location mapping not found for LocationExternalId: 106 
2025-01-07 21:20:01.0657 [INFO] Location mapping not found for LocationExternalId: 106 
2025-01-07 21:20:01.0657 [INFO] Location mapping not found for LocationExternalId: 241 
2025-01-07 21:20:01.0657 [INFO] Location mapping not found for LocationExternalId: 241 
2025-01-07 21:20:01.0657 [INFO] Location mapping not found for LocationExternalId: 241 
2025-01-07 21:20:01.0657 [INFO] Location mapping not found for LocationExternalId: 241 
2025-01-07 21:20:01.0657 [INFO] Location mapping not found for LocationExternalId: 241 
2025-01-07 21:20:01.0657 [INFO] Location mapping not found for LocationExternalId: 241 
2025-01-07 21:20:01.0657 [INFO] Location mapping not found for LocationExternalId: 100 
2025-01-07 21:20:01.0657 [INFO] Location mapping not found for LocationExternalId: 100 
2025-01-07 21:20:01.0657 [INFO] Location mapping not found for LocationExternalId: 100 
2025-01-07 21:20:01.0657 [INFO] Location mapping not found for LocationExternalId: 100 
2025-01-07 21:20:01.0657 [INFO] Location mapping not found for LocationExternalId: 100 
2025-01-07 21:20:01.0657 [INFO] Location mapping not found for LocationExternalId: 100 
2025-01-07 21:20:01.0657 [INFO] Location mapping not found for LocationExternalId: 100 
2025-01-07 21:20:01.0657 [INFO] Location mapping not found for LocationExternalId: 100 
2025-01-07 21:20:01.0657 [INFO] Location mapping not found for LocationExternalId: 100 
2025-01-07 21:20:01.0657 [INFO] Location mapping not found for LocationExternalId: 100 
2025-01-07 21:20:01.0803 [INFO] Location mapping not found for LocationExternalId: 100 
2025-01-07 21:20:01.0803 [INFO] Location mapping not found for LocationExternalId: 100 
2025-01-07 21:20:01.0803 [INFO] Location mapping not found for LocationExternalId: 100 
2025-01-07 21:20:01.0803 [INFO] Location mapping not found for LocationExternalId: 100 
2025-01-07 21:20:01.0803 [INFO] Location mapping not found for LocationExternalId: 100 
2025-01-07 21:20:01.0803 [INFO] Location mapping not found for LocationExternalId: 100 
2025-01-07 21:20:01.0803 [INFO] Location mapping not found for LocationExternalId: 100 
2025-01-07 21:20:01.0803 [INFO] Location mapping not found for LocationExternalId: 100 
2025-01-07 21:20:01.0803 [INFO] Location mapping not found for LocationExternalId: 100 
2025-01-07 21:20:01.0803 [INFO] Location mapping not found for LocationExternalId: 100 
2025-01-07 21:20:01.0803 [INFO] Location mapping not found for LocationExternalId: 100 
2025-01-07 21:20:01.0803 [INFO] Location mapping not found for LocationExternalId: 100 
2025-01-07 21:20:01.0803 [INFO] Location mapping not found for LocationExternalId: 100 
2025-01-07 21:20:01.0803 [INFO] Location mapping not found for LocationExternalId: 100 
2025-01-07 21:20:01.0803 [INFO] Location mapping not found for LocationExternalId: 100 
2025-01-07 21:20:01.0803 [INFO] Location mapping not found for LocationExternalId: 100 
2025-01-07 21:20:01.0803 [INFO] Location mapping not found for LocationExternalId: 410 
2025-01-07 21:20:01.0803 [INFO] Location mapping not found for LocationExternalId: 410 
2025-01-07 21:20:01.0803 [INFO] Location mapping not found for LocationExternalId: 100 
2025-01-07 21:20:01.0803 [INFO] Location mapping not found for LocationExternalId: 100 
2025-01-07 21:20:01.0803 [INFO] Location mapping not found for LocationExternalId: 100 
2025-01-07 21:20:01.0803 [INFO] Location mapping not found for LocationExternalId: 100 
2025-01-07 21:20:01.0803 [INFO] Location mapping not found for LocationExternalId: 100 
2025-01-07 21:20:01.0803 [INFO] Location mapping not found for LocationExternalId: 100 
2025-01-07 21:20:01.0803 [INFO] Location mapping not found for LocationExternalId: 99200 
2025-01-07 21:20:01.0803 [INFO] Location mapping not found for LocationExternalId: 478 
2025-01-07 21:20:01.0803 [INFO] Location mapping not found for LocationExternalId: 478 
2025-01-07 21:20:01.0803 [INFO] Location mapping not found for LocationExternalId: 478 
2025-01-07 21:20:01.0803 [INFO] Location mapping not found for LocationExternalId: 75000_ET 
2025-01-07 21:20:01.0803 [INFO] Location mapping not found for LocationExternalId: 75000_ET 
2025-01-07 21:20:01.0803 [INFO] Location mapping not found for LocationExternalId: 75000 
2025-01-07 21:20:01.0803 [INFO] Location mapping not found for LocationExternalId: 75000_ET 
2025-01-07 21:20:01.0803 [INFO] Location mapping not found for LocationExternalId: 75000_ET 
2025-01-07 21:20:01.0803 [INFO] Location mapping not found for LocationExternalId: 75000_ET 
2025-01-07 21:20:01.0803 [INFO] Location mapping not found for LocationExternalId: 75000_ET 
2025-01-07 21:20:01.0803 [INFO] Location mapping not found for LocationExternalId: 75000_ET 
2025-01-07 21:20:01.0803 [INFO] Location mapping not found for LocationExternalId: 75000_ET 
2025-01-07 21:20:01.0803 [INFO] Location mapping not found for LocationExternalId: 73000_ET 
2025-01-07 21:20:01.0803 [INFO] Location mapping not found for LocationExternalId: 73000_ET 
2025-01-07 21:20:01.0952 [INFO] Location mapping not found for LocationExternalId: 121 
2025-01-07 21:20:01.0952 [INFO] Location mapping not found for LocationExternalId: 121 
2025-01-07 21:20:01.0952 [INFO] Location mapping not found for LocationExternalId: 121 
2025-01-07 21:20:01.0952 [INFO] Location mapping not found for LocationExternalId: 73000_ET 
2025-01-07 21:20:01.0952 [INFO] Location mapping not found for LocationExternalId: 73000 
2025-01-07 21:20:01.0952 [INFO] Location mapping not found for LocationExternalId: 73000_ET 
2025-01-07 21:20:01.0952 [INFO] Location mapping not found for LocationExternalId: 121 
2025-01-07 21:20:01.0952 [INFO] Location mapping not found for LocationExternalId: 6187 
2025-01-07 21:20:01.0952 [INFO] Location mapping not found for LocationExternalId: 6187 
2025-01-07 21:20:01.0952 [INFO] Location mapping not found for LocationExternalId: 6187 
2025-01-07 21:20:01.0952 [INFO] Location mapping not found for LocationExternalId: 6187 
2025-01-07 21:20:01.0952 [INFO] Location mapping not found for LocationExternalId: 6187 
2025-01-07 21:20:01.0952 [INFO] Location mapping not found for LocationExternalId: 6187 
2025-01-07 21:20:01.0952 [INFO] Location mapping not found for LocationExternalId: 6187 
2025-01-07 21:20:01.0952 [INFO] Location mapping not found for LocationExternalId: 120 
2025-01-07 21:20:01.0952 [INFO] Location mapping not found for LocationExternalId: 120 
2025-01-07 21:20:01.0952 [INFO] Location mapping not found for LocationExternalId: 120 
2025-01-07 21:20:01.0952 [INFO] Location mapping not found for LocationExternalId: 3094 
2025-01-07 21:20:01.0952 [INFO] Location mapping not found for LocationExternalId: 3094 
2025-01-07 21:20:01.0952 [INFO] Location mapping not found for LocationExternalId: 3094 
2025-01-07 21:20:01.0952 [INFO] Location mapping not found for LocationExternalId: 3094 
2025-01-07 21:20:01.0952 [INFO] Location mapping not found for LocationExternalId: 3094 
2025-01-07 21:20:01.0952 [INFO] Location mapping not found for LocationExternalId: 3094 
2025-01-07 21:20:01.0952 [INFO] Location mapping not found for LocationExternalId: 125 
2025-01-07 21:20:01.0952 [INFO] Location mapping not found for LocationExternalId: 125 
2025-01-07 21:20:01.0952 [INFO] Location mapping not found for LocationExternalId: 125 
2025-01-07 21:20:01.0952 [INFO] Location mapping not found for LocationExternalId: 125 
2025-01-07 21:20:01.0952 [INFO] Location mapping not found for LocationExternalId: 125 
2025-01-07 21:20:01.0952 [INFO] Location mapping not found for LocationExternalId: 125 
2025-01-07 21:20:01.0952 [INFO] Location mapping not found for LocationExternalId: 125 
2025-01-07 21:20:01.0952 [INFO] Location mapping not found for LocationExternalId: 125 
2025-01-07 21:20:01.1108 [INFO] Location mapping not found for LocationExternalId: 125 
2025-01-07 21:20:01.1108 [INFO] Location mapping not found for LocationExternalId: 251 
2025-01-07 21:20:01.1108 [INFO] Location mapping not found for LocationExternalId: 251 
2025-01-07 21:20:01.1108 [INFO] Location mapping not found for LocationExternalId: 251 
2025-01-07 21:20:01.1108 [INFO] Location mapping not found for LocationExternalId: 251 
2025-01-07 21:20:01.1108 [INFO] Location mapping not found for LocationExternalId: 251 
2025-01-07 21:20:01.1108 [INFO] Location mapping not found for LocationExternalId: 251 
2025-01-07 21:20:01.1108 [INFO] Location mapping not found for LocationExternalId: 251 
2025-01-07 21:20:01.1108 [INFO] Location mapping not found for LocationExternalId: 251 
2025-01-07 21:20:01.1108 [INFO] Location mapping not found for LocationExternalId: 251 
2025-01-07 21:20:01.1108 [INFO] Location mapping not found for LocationExternalId: 251 
2025-01-07 21:20:01.1108 [INFO] Location mapping not found for LocationExternalId: 251 
2025-01-07 21:20:01.1108 [INFO] Location mapping not found for LocationExternalId: 251 
2025-01-07 21:20:01.1108 [INFO] Location mapping not found for LocationExternalId: 125 
2025-01-07 21:20:01.1108 [INFO] Location mapping not found for LocationExternalId: 125 
2025-01-07 21:20:01.1108 [INFO] Location mapping not found for LocationExternalId: 125 
2025-01-07 21:20:01.1108 [INFO] Location mapping not found for LocationExternalId: 125 
2025-01-07 21:20:01.1108 [INFO] Location mapping not found for LocationExternalId: 125 
2025-01-07 21:20:01.1108 [INFO] Location mapping not found for LocationExternalId: 125 
2025-01-07 21:20:01.1108 [INFO] Location mapping not found for LocationExternalId: 919 
2025-01-07 21:20:01.1108 [INFO] Location mapping not found for LocationExternalId: 919 
2025-01-07 21:20:01.1108 [INFO] Location mapping not found for LocationExternalId: 919 
2025-01-07 21:20:01.1108 [INFO] Location mapping not found for LocationExternalId: 919 
2025-01-07 21:20:01.1108 [INFO] Location mapping not found for LocationExternalId: 919 
2025-01-07 21:20:01.1734 [INFO] Finished processing Manhattan punch CSV: C:\Users\varadharaj\AppData\Local\Temp\TimeClockChangeEntity-2024-308-2024-342.csv at 1/7/2025 9:20:01 PM 
2025-01-07 21:20:01.1745 [INFO] Time taken to process the file: 0.18 seconds. 
2025-01-07 21:20:01.1745 [INFO] C:\Users\varadharaj\AppData\Local\Temp\TimeClockChangeEntity-2024-308-2024-342.csv 
2025-01-07 21:20:01.1745 [INFO] File successfully processed and moved to: D:\Emergere\ConnorsLLC\ConnorsLLC_Project\ProcessFiles_Demo\bin\Debug\net6.0\ManhattanPunchExport/ProcessedFiles\TimeClockChangeEntity-2024-308-2024-342_20250107_212001.csv 
2025-01-07 21:20:01.1745 [INFO] Application Completed Successfully 
2025-01-07 21:24:42.5897 [DEBUG] Application Starting 
2025-01-07 21:24:53.2395 [INFO] Attempting to download file from: /home/fivebelow-uat/outbox/manhattan/TimeClockChangeEntity-2024-308-2024-342.csv 
2025-01-07 21:24:57.6575 [INFO] Latest file downloaded: C:\Users\varadharaj\AppData\Local\Temp\TimeClockChangeEntity-2024-308-2024-342.csv 
2025-01-07 21:24:57.6575 [INFO] No decryption needed for C:\Users\varadharaj\AppData\Local\Temp\TimeClockChangeEntity-2024-308-2024-342.csv 
2025-01-07 21:25:09.9482 [INFO] Downloaded file: LocationEntity-2024-357-2025-25.csv.gz to D:\Emergere\ConnorsLLC\ConnorsLLC_Project\ProcessFiles_Demo\bin\Debug\net6.0\ManhattanPunchExport/Mapping\LocationEntity-2024-357-2025-25.csv.gz 
2025-01-07 21:25:10.6042 [INFO] File has been decompressed to: D:\Emergere\ConnorsLLC\ConnorsLLC_Project\ProcessFiles_Demo\bin\Debug\net6.0\ManhattanPunchExport/Mapping\LocationEntity-2024-357-2025-25.csv 
2025-01-07 21:25:10.6042 [INFO] Deleted the .gz file: D:\Emergere\ConnorsLLC\ConnorsLLC_Project\ProcessFiles_Demo\bin\Debug\net6.0\ManhattanPunchExport/Mapping\LocationEntity-2024-357-2025-25.csv.gz 
2025-01-07 21:25:10.7190 [INFO] Start processing Payroll CSV: C:\Users\varadharaj\AppData\Local\Temp\TimeClockChangeEntity-2024-308-2024-342.csv at 1/7/2025 9:25:10 PM 
2025-01-07 21:25:11.1912 [ERROR] An unexpected error occurred during processing. code = 65535 (65535), message = System.Data.SQLite.SQLiteException (0x80004005): unknown error
Insufficient parameters supplied to the command
   at System.Data.SQLite.SQLiteStatement.BindParameter(Int32 index, SQLiteParameter param)
   at System.Data.SQLite.SQLiteStatement.BindParameters()
   at System.Data.SQLite.SQLiteCommand.BuildNextCommand()
   at System.Data.SQLite.SQLiteDataReader.NextResult()
   at System.Data.SQLite.SQLiteDataReader..ctor(SQLiteCommand cmd, CommandBehavior behave)
   at System.Data.SQLite.SQLiteCommand.ExecuteReader(CommandBehavior behavior)
   at System.Data.SQLite.SQLiteCommand.ExecuteNonQuery(CommandBehavior behavior)
   at ProcessFiles_Demo.FileProcessing.ManhattanPunchProcessor.ReadClockRecordsFromFileAndInsertToDatabase(String filePath) in D:\Emergere\ConnorsLLC\ConnorsLLC_Project\ProcessFiles_Demo\FileProcessing\ManhattanPunchProcessor.cs:line 575
   at ProcessFiles_Demo.FileProcessing.ManhattanPunchProcessor.ProcessAsync(String filePath, String destinationPath) in D:\Emergere\ConnorsLLC\ConnorsLLC_Project\ProcessFiles_Demo\FileProcessing\ManhattanPunchProcessor.cs:line 322
2025-01-07 21:25:21.3927 [INFO] Start processing Payroll CSV: C:\Users\varadharaj\AppData\Local\Temp\TimeClockChangeEntity-2024-308-2024-342.csv at 1/7/2025 9:25:21 PM 
2025-01-07 21:25:21.4561 [ERROR] An unexpected error occurred during processing. code = 65535 (65535), message = System.Data.SQLite.SQLiteException (0x80004005): unknown error
Insufficient parameters supplied to the command
   at System.Data.SQLite.SQLiteStatement.BindParameter(Int32 index, SQLiteParameter param)
   at System.Data.SQLite.SQLiteStatement.BindParameters()
   at System.Data.SQLite.SQLiteCommand.BuildNextCommand()
   at System.Data.SQLite.SQLiteDataReader.NextResult()
   at System.Data.SQLite.SQLiteDataReader..ctor(SQLiteCommand cmd, CommandBehavior behave)
   at System.Data.SQLite.SQLiteCommand.ExecuteReader(CommandBehavior behavior)
   at System.Data.SQLite.SQLiteCommand.ExecuteNonQuery(CommandBehavior behavior)
   at ProcessFiles_Demo.FileProcessing.ManhattanPunchProcessor.ReadClockRecordsFromFileAndInsertToDatabase(String filePath) in D:\Emergere\ConnorsLLC\ConnorsLLC_Project\ProcessFiles_Demo\FileProcessing\ManhattanPunchProcessor.cs:line 575
   at ProcessFiles_Demo.FileProcessing.ManhattanPunchProcessor.ProcessAsync(String filePath, String destinationPath) in D:\Emergere\ConnorsLLC\ConnorsLLC_Project\ProcessFiles_Demo\FileProcessing\ManhattanPunchProcessor.cs:line 322
2025-01-07 21:25:31.5132 [INFO] Start processing Payroll CSV: C:\Users\varadharaj\AppData\Local\Temp\TimeClockChangeEntity-2024-308-2024-342.csv at 1/7/2025 9:25:31 PM 
2025-01-07 21:25:31.5655 [ERROR] An unexpected error occurred during processing. code = 65535 (65535), message = System.Data.SQLite.SQLiteException (0x80004005): unknown error
Insufficient parameters supplied to the command
   at System.Data.SQLite.SQLiteStatement.BindParameter(Int32 index, SQLiteParameter param)
   at System.Data.SQLite.SQLiteStatement.BindParameters()
   at System.Data.SQLite.SQLiteCommand.BuildNextCommand()
   at System.Data.SQLite.SQLiteDataReader.NextResult()
   at System.Data.SQLite.SQLiteDataReader..ctor(SQLiteCommand cmd, CommandBehavior behave)
   at System.Data.SQLite.SQLiteCommand.ExecuteReader(CommandBehavior behavior)
   at System.Data.SQLite.SQLiteCommand.ExecuteNonQuery(CommandBehavior behavior)
   at ProcessFiles_Demo.FileProcessing.ManhattanPunchProcessor.ReadClockRecordsFromFileAndInsertToDatabase(String filePath) in D:\Emergere\ConnorsLLC\ConnorsLLC_Project\ProcessFiles_Demo\FileProcessing\ManhattanPunchProcessor.cs:line 575
   at ProcessFiles_Demo.FileProcessing.ManhattanPunchProcessor.ProcessAsync(String filePath, String destinationPath) in D:\Emergere\ConnorsLLC\ConnorsLLC_Project\ProcessFiles_Demo\FileProcessing\ManhattanPunchProcessor.cs:line 322
2025-01-07 21:25:41.6279 [INFO] Start processing Payroll CSV: C:\Users\varadharaj\AppData\Local\Temp\TimeClockChangeEntity-2024-308-2024-342.csv at 1/7/2025 9:25:41 PM 
2025-01-07 21:25:41.6813 [ERROR] An unexpected error occurred during processing. code = 65535 (65535), message = System.Data.SQLite.SQLiteException (0x80004005): unknown error
Insufficient parameters supplied to the command
   at System.Data.SQLite.SQLiteStatement.BindParameter(Int32 index, SQLiteParameter param)
   at System.Data.SQLite.SQLiteStatement.BindParameters()
   at System.Data.SQLite.SQLiteCommand.BuildNextCommand()
   at System.Data.SQLite.SQLiteDataReader.NextResult()
   at System.Data.SQLite.SQLiteDataReader..ctor(SQLiteCommand cmd, CommandBehavior behave)
   at System.Data.SQLite.SQLiteCommand.ExecuteReader(CommandBehavior behavior)
   at System.Data.SQLite.SQLiteCommand.ExecuteNonQuery(CommandBehavior behavior)
   at ProcessFiles_Demo.FileProcessing.ManhattanPunchProcessor.ReadClockRecordsFromFileAndInsertToDatabase(String filePath) in D:\Emergere\ConnorsLLC\ConnorsLLC_Project\ProcessFiles_Demo\FileProcessing\ManhattanPunchProcessor.cs:line 575
   at ProcessFiles_Demo.FileProcessing.ManhattanPunchProcessor.ProcessAsync(String filePath, String destinationPath) in D:\Emergere\ConnorsLLC\ConnorsLLC_Project\ProcessFiles_Demo\FileProcessing\ManhattanPunchProcessor.cs:line 322
2025-01-07 21:25:41.7966 [ERROR] Failed to process D:\Emergere\ConnorsLLC\ConnorsLLC_Project\ProcessFiles_Demo\bin\Debug\net6.0\ManhattanPunchExport/ReprocessFiles\TimeClockChangeEntity-2024-308-2024-342_20250107_212541.csv:  code = 65535 (65535), message = System.Data.SQLite.SQLiteException (0x80004005): unknown error
Insufficient parameters supplied to the command
   at System.Data.SQLite.SQLiteStatement.BindParameter(Int32 index, SQLiteParameter param)
   at System.Data.SQLite.SQLiteStatement.BindParameters()
   at System.Data.SQLite.SQLiteCommand.BuildNextCommand()
   at System.Data.SQLite.SQLiteDataReader.NextResult()
   at System.Data.SQLite.SQLiteDataReader..ctor(SQLiteCommand cmd, CommandBehavior behave)
   at System.Data.SQLite.SQLiteCommand.ExecuteReader(CommandBehavior behavior)
   at System.Data.SQLite.SQLiteCommand.ExecuteNonQuery(CommandBehavior behavior)
   at ProcessFiles_Demo.FileProcessing.ManhattanPunchProcessor.ReadClockRecordsFromFileAndInsertToDatabase(String filePath) in D:\Emergere\ConnorsLLC\ConnorsLLC_Project\ProcessFiles_Demo\FileProcessing\ManhattanPunchProcessor.cs:line 575
   at ProcessFiles_Demo.FileProcessing.ManhattanPunchProcessor.ProcessAsync(String filePath, String destinationPath) in D:\Emergere\ConnorsLLC\ConnorsLLC_Project\ProcessFiles_Demo\FileProcessing\ManhattanPunchProcessor.cs:line 322
   at ProcessFiles_Demo.Commands.ProcessFileCommand.ExecuteAsync() in D:\Emergere\ConnorsLLC\ConnorsLLC_Project\ProcessFiles_Demo\Commands\ProcessFileCommand.cs:line 31
   at Polly.AsyncPolicy.<>c__DisplayClass40_0.<<ImplementationAsync>b__0>d.MoveNext()
--- End of stack trace from previous location ---
   at Polly.Retry.AsyncRetryEngine.ImplementationAsync[TResult](Func`3 action, Context context, CancellationToken cancellationToken, ExceptionPredicates shouldRetryExceptionPredicates, ResultPredicates`1 shouldRetryResultPredicates, Func`5 onRetryAsync, Int32 permittedRetryCount, IEnumerable`1 sleepDurationsEnumerable, Func`4 sleepDurationProvider, Boolean continueOnCapturedContext)
   at Polly.AsyncPolicy.ExecuteAsync(Func`3 action, Context context, CancellationToken cancellationToken, Boolean continueOnCapturedContext)
   at ProcessFiles_Demo.Helpers.RetryHelper.RetryAsync(Func`1 action, Int32 maxRetryAttempts) in D:\Emergere\ConnorsLLC\ConnorsLLC_Project\ProcessFiles_Demo\Helpers\RetryHelper.cs:line 24
   at Program.FetchAndProcessFilesAsync(IFileTransferClient fileTransferClient, String processorType, String processedFolder, String reprocessingFolder, String outputFolder, String decryptedFolderOutput, JObject clientSettings, String fileNameStartsWith) in D:\Emergere\ConnorsLLC\ConnorsLLC_Project\ProcessFiles_Demo\Program.cs:line 135
2025-01-07 21:25:41.8033 [INFO] ERROR: unknown error
Insufficient parameters supplied to the command - moved to ReprocessFiles. 
2025-01-07 21:25:41.8033 [ERROR] Exception occured inside the module FetchAndProcessFilesAsync code = 65535 (65535), message = System.Data.SQLite.SQLiteException (0x80004005): unknown error
Insufficient parameters supplied to the command
   at System.Data.SQLite.SQLiteStatement.BindParameter(Int32 index, SQLiteParameter param)
   at System.Data.SQLite.SQLiteStatement.BindParameters()
   at System.Data.SQLite.SQLiteCommand.BuildNextCommand()
   at System.Data.SQLite.SQLiteDataReader.NextResult()
   at System.Data.SQLite.SQLiteDataReader..ctor(SQLiteCommand cmd, CommandBehavior behave)
   at System.Data.SQLite.SQLiteCommand.ExecuteReader(CommandBehavior behavior)
   at System.Data.SQLite.SQLiteCommand.ExecuteNonQuery(CommandBehavior behavior)
   at ProcessFiles_Demo.FileProcessing.ManhattanPunchProcessor.ReadClockRecordsFromFileAndInsertToDatabase(String filePath) in D:\Emergere\ConnorsLLC\ConnorsLLC_Project\ProcessFiles_Demo\FileProcessing\ManhattanPunchProcessor.cs:line 575
   at ProcessFiles_Demo.FileProcessing.ManhattanPunchProcessor.ProcessAsync(String filePath, String destinationPath) in D:\Emergere\ConnorsLLC\ConnorsLLC_Project\ProcessFiles_Demo\FileProcessing\ManhattanPunchProcessor.cs:line 322
   at ProcessFiles_Demo.Commands.ProcessFileCommand.ExecuteAsync() in D:\Emergere\ConnorsLLC\ConnorsLLC_Project\ProcessFiles_Demo\Commands\ProcessFileCommand.cs:line 31
   at Polly.AsyncPolicy.<>c__DisplayClass40_0.<<ImplementationAsync>b__0>d.MoveNext()
--- End of stack trace from previous location ---
   at Polly.Retry.AsyncRetryEngine.ImplementationAsync[TResult](Func`3 action, Context context, CancellationToken cancellationToken, ExceptionPredicates shouldRetryExceptionPredicates, ResultPredicates`1 shouldRetryResultPredicates, Func`5 onRetryAsync, Int32 permittedRetryCount, IEnumerable`1 sleepDurationsEnumerable, Func`4 sleepDurationProvider, Boolean continueOnCapturedContext)
   at Polly.AsyncPolicy.ExecuteAsync(Func`3 action, Context context, CancellationToken cancellationToken, Boolean continueOnCapturedContext)
   at ProcessFiles_Demo.Helpers.RetryHelper.RetryAsync(Func`1 action, Int32 maxRetryAttempts) in D:\Emergere\ConnorsLLC\ConnorsLLC_Project\ProcessFiles_Demo\Helpers\RetryHelper.cs:line 24
   at Program.FetchAndProcessFilesAsync(IFileTransferClient fileTransferClient, String processorType, String processedFolder, String reprocessingFolder, String outputFolder, String decryptedFolderOutput, JObject clientSettings, String fileNameStartsWith) in D:\Emergere\ConnorsLLC\ConnorsLLC_Project\ProcessFiles_Demo\Program.cs:line 135
2025-01-07 21:25:41.8033 [INFO] Application Completed Successfully 
2025-01-07 21:27:26.1344 [DEBUG] Application Starting 
2025-01-07 21:27:41.7853 [INFO] Downloaded file: LocationEntity-2024-357-2025-25.csv.gz to D:\Emergere\ConnorsLLC\ConnorsLLC_Project\ProcessFiles_Demo\bin\Debug\net6.0\ManhattanPunchExport/Mapping\LocationEntity-2024-357-2025-25.csv.gz 
2025-01-07 21:27:42.4767 [INFO] File has been decompressed to: D:\Emergere\ConnorsLLC\ConnorsLLC_Project\ProcessFiles_Demo\bin\Debug\net6.0\ManhattanPunchExport/Mapping\LocationEntity-2024-357-2025-25.csv 
2025-01-07 21:27:42.4767 [INFO] Deleted the .gz file: D:\Emergere\ConnorsLLC\ConnorsLLC_Project\ProcessFiles_Demo\bin\Debug\net6.0\ManhattanPunchExport/Mapping\LocationEntity-2024-357-2025-25.csv.gz 
2025-01-07 21:27:42.5286 [INFO] Start processing Payroll CSV: D:\Emergere\ConnorsLLC\ConnorsLLC_Project\ProcessFiles_Demo\bin\Debug\net6.0\ManhattanPunchExport/ReprocessFiles\TimeClockChangeEntity-2024-308-2024-342_20250107_212541.csv at 1/7/2025 9:27:42 PM 
2025-01-07 21:27:42.6883 [INFO] Finished processing Manhattan punch CSV: D:\Emergere\ConnorsLLC\ConnorsLLC_Project\ProcessFiles_Demo\bin\Debug\net6.0\ManhattanPunchExport/ReprocessFiles\TimeClockChangeEntity-2024-308-2024-342_20250107_212541.csv at 1/7/2025 9:27:42 PM 
2025-01-07 21:27:42.6883 [INFO] Time taken to process the file: 0.16 seconds. 
2025-01-07 21:27:42.6883 [INFO] D:\Emergere\ConnorsLLC\ConnorsLLC_Project\ProcessFiles_Demo\bin\Debug\net6.0\ManhattanPunchExport/ReprocessFiles\TimeClockChangeEntity-2024-308-2024-342_20250107_212541.csv 
2025-01-07 21:27:42.6883 [INFO] D:\Emergere\ConnorsLLC\ConnorsLLC_Project\ProcessFiles_Demo\bin\Debug\net6.0\ManhattanPunchExport/ProcessedFiles\TimeClockChangeEntity-2024-308-2024-342_20250107_212541_20250107_212742.csv 
2025-01-07 21:27:52.7097 [INFO] Attempting to download file from: /home/fivebelow-uat/outbox/manhattan/TimeClockChangeEntity-2024-308-2024-342.csv 
2025-01-07 21:27:56.7995 [INFO] Latest file downloaded: C:\Users\varadharaj\AppData\Local\Temp\TimeClockChangeEntity-2024-308-2024-342.csv 
2025-01-07 21:27:56.8117 [INFO] No decryption needed for C:\Users\varadharaj\AppData\Local\Temp\TimeClockChangeEntity-2024-308-2024-342.csv 
2025-01-07 21:28:09.2926 [INFO] Downloaded file: LocationEntity-2024-357-2025-25.csv.gz to D:\Emergere\ConnorsLLC\ConnorsLLC_Project\ProcessFiles_Demo\bin\Debug\net6.0\ManhattanPunchExport/Mapping\LocationEntity-2024-357-2025-25.csv.gz 
2025-01-07 21:28:09.9067 [INFO] File has been decompressed to: D:\Emergere\ConnorsLLC\ConnorsLLC_Project\ProcessFiles_Demo\bin\Debug\net6.0\ManhattanPunchExport/Mapping\LocationEntity-2024-357-2025-25.csv 
2025-01-07 21:28:09.9071 [INFO] Deleted the .gz file: D:\Emergere\ConnorsLLC\ConnorsLLC_Project\ProcessFiles_Demo\bin\Debug\net6.0\ManhattanPunchExport/Mapping\LocationEntity-2024-357-2025-25.csv.gz 
2025-01-07 21:28:09.9071 [INFO] Start processing Payroll CSV: C:\Users\varadharaj\AppData\Local\Temp\TimeClockChangeEntity-2024-308-2024-342.csv at 1/7/2025 9:28:09 PM 
2025-01-07 21:28:09.9295 [INFO] Finished processing Manhattan punch CSV: C:\Users\varadharaj\AppData\Local\Temp\TimeClockChangeEntity-2024-308-2024-342.csv at 1/7/2025 9:28:09 PM 
2025-01-07 21:28:09.9295 [INFO] Time taken to process the file: 0.01 seconds. 
2025-01-07 21:28:09.9295 [INFO] C:\Users\varadharaj\AppData\Local\Temp\TimeClockChangeEntity-2024-308-2024-342.csv 
2025-01-07 21:28:09.9295 [INFO] File successfully processed and moved to: D:\Emergere\ConnorsLLC\ConnorsLLC_Project\ProcessFiles_Demo\bin\Debug\net6.0\ManhattanPunchExport/ProcessedFiles\TimeClockChangeEntity-2024-308-2024-342_20250107_212809.csv 
2025-01-07 21:28:09.9295 [INFO] Application Completed Successfully 
2025-01-07 21:29:22.1383 [DEBUG] Application Starting 
2025-01-07 21:29:34.5604 [INFO] Attempting to download file from: /home/fivebelow-uat/outbox/manhattan/TimeClockChangeEntity-2024-308-2024-342.csv 
2025-01-07 21:29:38.7166 [INFO] Latest file downloaded: C:\Users\varadharaj\AppData\Local\Temp\TimeClockChangeEntity-2024-308-2024-342.csv 
2025-01-07 21:29:38.7216 [INFO] No decryption needed for C:\Users\varadharaj\AppData\Local\Temp\TimeClockChangeEntity-2024-308-2024-342.csv 
2025-01-07 21:29:52.1313 [INFO] Downloaded file: LocationEntity-2024-357-2025-25.csv.gz to D:\Emergere\ConnorsLLC\ConnorsLLC_Project\ProcessFiles_Demo\bin\Debug\net6.0\ManhattanPunchExport/Mapping\LocationEntity-2024-357-2025-25.csv.gz 
2025-01-07 21:29:52.8474 [INFO] File has been decompressed to: D:\Emergere\ConnorsLLC\ConnorsLLC_Project\ProcessFiles_Demo\bin\Debug\net6.0\ManhattanPunchExport/Mapping\LocationEntity-2024-357-2025-25.csv 
2025-01-07 21:29:52.8474 [INFO] Deleted the .gz file: D:\Emergere\ConnorsLLC\ConnorsLLC_Project\ProcessFiles_Demo\bin\Debug\net6.0\ManhattanPunchExport/Mapping\LocationEntity-2024-357-2025-25.csv.gz 
2025-01-07 21:29:52.8795 [INFO] Start processing Payroll CSV: C:\Users\varadharaj\AppData\Local\Temp\TimeClockChangeEntity-2024-308-2024-342.csv at 1/7/2025 9:29:52 PM 
2025-01-07 21:29:53.1286 [INFO] Finished processing Manhattan punch CSV: C:\Users\varadharaj\AppData\Local\Temp\TimeClockChangeEntity-2024-308-2024-342.csv at 1/7/2025 9:29:53 PM 
2025-01-07 21:29:53.1286 [INFO] Time taken to process the file: 0.25 seconds. 
2025-01-07 21:29:53.1286 [INFO] C:\Users\varadharaj\AppData\Local\Temp\TimeClockChangeEntity-2024-308-2024-342.csv 
2025-01-07 21:29:53.1286 [INFO] File successfully processed and moved to: D:\Emergere\ConnorsLLC\ConnorsLLC_Project\ProcessFiles_Demo\bin\Debug\net6.0\ManhattanPunchExport/ProcessedFiles\TimeClockChangeEntity-2024-308-2024-342_20250107_212953.csv 
2025-01-07 21:29:53.1286 [INFO] Application Completed Successfully 
2025-01-07 21:42:19.3250 [DEBUG] Application Starting 
2025-01-07 21:42:29.6036 [INFO] Attempting to download file from: /home/fivebelow-uat/outbox/manhattan/TimeClockChangeEntity-2024-308-2024-342.csv 
2025-01-07 21:42:33.6011 [INFO] Latest file downloaded: C:\Users\varadharaj\AppData\Local\Temp\TimeClockChangeEntity-2024-308-2024-342.csv 
2025-01-07 21:42:33.6011 [INFO] No decryption needed for C:\Users\varadharaj\AppData\Local\Temp\TimeClockChangeEntity-2024-308-2024-342.csv 
2025-01-07 21:42:46.0162 [INFO] Downloaded file: LocationEntity-2024-357-2025-25.csv.gz to D:\Emergere\ConnorsLLC\ConnorsLLC_Project\ProcessFiles_Demo\bin\Debug\net6.0\ManhattanPunchExport/Mapping\LocationEntity-2024-357-2025-25.csv.gz 
2025-01-07 21:42:46.7013 [INFO] File has been decompressed to: D:\Emergere\ConnorsLLC\ConnorsLLC_Project\ProcessFiles_Demo\bin\Debug\net6.0\ManhattanPunchExport/Mapping\LocationEntity-2024-357-2025-25.csv 
2025-01-07 21:42:46.7013 [INFO] Deleted the .gz file: D:\Emergere\ConnorsLLC\ConnorsLLC_Project\ProcessFiles_Demo\bin\Debug\net6.0\ManhattanPunchExport/Mapping\LocationEntity-2024-357-2025-25.csv.gz 
2025-01-07 21:42:46.7314 [INFO] Start processing Payroll CSV: C:\Users\varadharaj\AppData\Local\Temp\TimeClockChangeEntity-2024-308-2024-342.csv at 1/7/2025 9:42:46 PM 
2025-01-07 21:42:46.8728 [INFO] Finished processing Manhattan punch CSV: C:\Users\varadharaj\AppData\Local\Temp\TimeClockChangeEntity-2024-308-2024-342.csv at 1/7/2025 9:42:46 PM 
2025-01-07 21:42:46.8728 [INFO] Time taken to process the file: 0.14 seconds. 
2025-01-07 21:42:46.8728 [INFO] C:\Users\varadharaj\AppData\Local\Temp\TimeClockChangeEntity-2024-308-2024-342.csv 
2025-01-07 21:42:46.8728 [INFO] File successfully processed and moved to: D:\Emergere\ConnorsLLC\ConnorsLLC_Project\ProcessFiles_Demo\bin\Debug\net6.0\ManhattanPunchExport/ProcessedFiles\TimeClockChangeEntity-2024-308-2024-342_20250107_214246.csv 
2025-01-07 21:42:46.8755 [INFO] Application Completed Successfully 
2025-01-07 21:51:27.0468 [DEBUG] Application Starting 
2025-01-07 21:51:37.7502 [INFO] Attempting to download file from: /home/fivebelow-uat/outbox/manhattan/TimeClockChangeEntity-2024-308-2024-342.csv 
2025-01-07 21:51:41.7500 [INFO] Latest file downloaded: C:\Users\varadharaj\AppData\Local\Temp\TimeClockChangeEntity-2024-308-2024-342.csv 
2025-01-07 21:51:41.7557 [INFO] No decryption needed for C:\Users\varadharaj\AppData\Local\Temp\TimeClockChangeEntity-2024-308-2024-342.csv 
2025-01-07 21:51:53.7223 [INFO] Downloaded file: LocationEntity-2024-357-2025-25.csv.gz to D:\Emergere\ConnorsLLC\ConnorsLLC_Project\ProcessFiles_Demo\bin\Debug\net6.0\ManhattanPunchExport/Mapping\LocationEntity-2024-357-2025-25.csv.gz 
2025-01-07 21:51:54.4570 [INFO] File has been decompressed to: D:\Emergere\ConnorsLLC\ConnorsLLC_Project\ProcessFiles_Demo\bin\Debug\net6.0\ManhattanPunchExport/Mapping\LocationEntity-2024-357-2025-25.csv 
2025-01-07 21:51:54.4570 [INFO] Deleted the .gz file: D:\Emergere\ConnorsLLC\ConnorsLLC_Project\ProcessFiles_Demo\bin\Debug\net6.0\ManhattanPunchExport/Mapping\LocationEntity-2024-357-2025-25.csv.gz 
2025-01-07 21:51:54.4920 [INFO] Start processing Payroll CSV: C:\Users\varadharaj\AppData\Local\Temp\TimeClockChangeEntity-2024-308-2024-342.csv at 1/7/2025 9:51:54 PM 
2025-01-07 21:51:54.7485 [INFO] Finished processing Manhattan punch CSV: C:\Users\varadharaj\AppData\Local\Temp\TimeClockChangeEntity-2024-308-2024-342.csv at 1/7/2025 9:51:54 PM 
2025-01-07 21:51:54.7485 [INFO] Time taken to process the file: 0.26 seconds. 
2025-01-07 21:51:54.7485 [INFO] C:\Users\varadharaj\AppData\Local\Temp\TimeClockChangeEntity-2024-308-2024-342.csv 
2025-01-07 21:51:54.7485 [INFO] File successfully processed and moved to: D:\Emergere\ConnorsLLC\ConnorsLLC_Project\ProcessFiles_Demo\bin\Debug\net6.0\ManhattanPunchExport/ProcessedFiles\TimeClockChangeEntity-2024-308-2024-342_20250107_215154.csv 
2025-01-07 21:51:54.7485 [INFO] Application Completed Successfully 
2025-01-07 22:17:38.7254 [DEBUG] Application Starting 
2025-01-07 22:17:49.2974 [INFO] Attempting to download file from: /home/fivebelow-uat/outbox/manhattan/TimeClockChangeEntity-2024-308-2024-342.csv 
2025-01-07 22:17:53.1381 [INFO] Latest file downloaded: C:\Users\varadharaj\AppData\Local\Temp\TimeClockChangeEntity-2024-308-2024-342.csv 
2025-01-07 22:17:53.1381 [INFO] No decryption needed for C:\Users\varadharaj\AppData\Local\Temp\TimeClockChangeEntity-2024-308-2024-342.csv 
2025-01-07 22:18:05.1628 [INFO] Downloaded file: LocationEntity-2024-357-2025-25.csv.gz to D:\Emergere\ConnorsLLC\ConnorsLLC_Project\ProcessFiles_Demo\bin\Debug\net6.0\ManhattanPunchExport/Mapping\LocationEntity-2024-357-2025-25.csv.gz 
2025-01-07 22:18:05.7891 [INFO] File has been decompressed to: D:\Emergere\ConnorsLLC\ConnorsLLC_Project\ProcessFiles_Demo\bin\Debug\net6.0\ManhattanPunchExport/Mapping\LocationEntity-2024-357-2025-25.csv 
2025-01-07 22:18:05.7891 [INFO] Deleted the .gz file: D:\Emergere\ConnorsLLC\ConnorsLLC_Project\ProcessFiles_Demo\bin\Debug\net6.0\ManhattanPunchExport/Mapping\LocationEntity-2024-357-2025-25.csv.gz 
2025-01-07 22:18:05.8189 [INFO] Start processing Payroll CSV: C:\Users\varadharaj\AppData\Local\Temp\TimeClockChangeEntity-2024-308-2024-342.csv at 1/7/2025 10:18:05 PM 
2025-01-07 22:18:12.4055 [INFO] Finished processing Manhattan punch CSV: C:\Users\varadharaj\AppData\Local\Temp\TimeClockChangeEntity-2024-308-2024-342.csv at 1/7/2025 10:18:12 PM 
2025-01-07 22:18:12.4055 [INFO] Time taken to process the file: 6.59 seconds. 
2025-01-07 22:18:12.4055 [INFO] C:\Users\varadharaj\AppData\Local\Temp\TimeClockChangeEntity-2024-308-2024-342.csv 
2025-01-07 22:18:12.4104 [INFO] File successfully processed and moved to: D:\Emergere\ConnorsLLC\ConnorsLLC_Project\ProcessFiles_Demo\bin\Debug\net6.0\ManhattanPunchExport/ProcessedFiles\TimeClockChangeEntity-2024-308-2024-342_20250107_221812.csv 
2025-01-07 22:18:12.4104 [INFO] Application Completed Successfully 
2025-01-07 22:18:39.9848 [DEBUG] Application Starting 
2025-01-07 22:18:52.1680 [INFO] Attempting to download file from: /home/fivebelow-uat/outbox/manhattan/TimeClockChangeEntity-2024-308-2024-342.csv 
2025-01-07 22:18:56.2327 [INFO] Latest file downloaded: C:\Users\varadharaj\AppData\Local\Temp\TimeClockChangeEntity-2024-308-2024-342.csv 
2025-01-07 22:18:56.2327 [INFO] No decryption needed for C:\Users\varadharaj\AppData\Local\Temp\TimeClockChangeEntity-2024-308-2024-342.csv 
2025-01-07 22:19:10.6764 [INFO] Downloaded file: LocationEntity-2024-357-2025-25.csv.gz to D:\Emergere\ConnorsLLC\ConnorsLLC_Project\ProcessFiles_Demo\bin\Debug\net6.0\ManhattanPunchExport/Mapping\LocationEntity-2024-357-2025-25.csv.gz 
2025-01-07 22:19:11.3950 [INFO] File has been decompressed to: D:\Emergere\ConnorsLLC\ConnorsLLC_Project\ProcessFiles_Demo\bin\Debug\net6.0\ManhattanPunchExport/Mapping\LocationEntity-2024-357-2025-25.csv 
2025-01-07 22:19:11.3960 [INFO] Deleted the .gz file: D:\Emergere\ConnorsLLC\ConnorsLLC_Project\ProcessFiles_Demo\bin\Debug\net6.0\ManhattanPunchExport/Mapping\LocationEntity-2024-357-2025-25.csv.gz 
2025-01-07 22:19:11.4387 [INFO] Start processing Payroll CSV: C:\Users\varadharaj\AppData\Local\Temp\TimeClockChangeEntity-2024-308-2024-342.csv at 1/7/2025 10:19:11 PM 
2025-01-07 22:19:11.8787 [INFO] Finished processing Manhattan punch CSV: C:\Users\varadharaj\AppData\Local\Temp\TimeClockChangeEntity-2024-308-2024-342.csv at 1/7/2025 10:19:11 PM 
2025-01-07 22:19:11.8787 [INFO] Time taken to process the file: 0.44 seconds. 
2025-01-07 22:19:11.8787 [INFO] C:\Users\varadharaj\AppData\Local\Temp\TimeClockChangeEntity-2024-308-2024-342.csv 
2025-01-07 22:19:11.8787 [INFO] File successfully processed and moved to: D:\Emergere\ConnorsLLC\ConnorsLLC_Project\ProcessFiles_Demo\bin\Debug\net6.0\ManhattanPunchExport/ProcessedFiles\TimeClockChangeEntity-2024-308-2024-342_20250107_221911.csv 
2025-01-07 22:19:11.8787 [INFO] Application Completed Successfully 
