2025-01-09 13:00:25.4129 [DEBUG] Application Starting 
2025-01-09 13:00:35.3867 [INFO] Attempting to download file from: /home/fivebelow-uat/outbox/manhattan/TimeClockChangeEntity-2024-308-2024-342.csv 
2025-01-09 13:00:39.3610 [INFO] Latest file downloaded: C:\Users\varadharaj\AppData\Local\Temp\TimeClockChangeEntity-2024-308-2024-342.csv 
2025-01-09 13:00:39.3763 [INFO] No decryption needed for C:\Users\varadharaj\AppData\Local\Temp\TimeClockChangeEntity-2024-308-2024-342.csv 
2025-01-09 13:00:51.5108 [INFO] Downloaded file: LocationEntity-2024-357-2025-25.csv.gz to D:\Emergere\ConnorsLLC\ConnorsLLC_Project\ProcessFiles_Demo\bin\Debug\net6.0\ManhattanPunchExport/Mapping\LocationEntity-2024-357-2025-25.csv.gz 
2025-01-09 13:00:52.3551 [INFO] File has been decompressed to: D:\Emergere\ConnorsLLC\ConnorsLLC_Project\ProcessFiles_Demo\bin\Debug\net6.0\ManhattanPunchExport/Mapping\LocationEntity-2024-357-2025-25.csv 
2025-01-09 13:00:52.3551 [INFO] Deleted the .gz file: D:\Emergere\ConnorsLLC\ConnorsLLC_Project\ProcessFiles_Demo\bin\Debug\net6.0\ManhattanPunchExport/Mapping\LocationEntity-2024-357-2025-25.csv.gz 
2025-01-09 13:00:52.4497 [INFO] Start processing Payroll CSV: C:\Users\varadharaj\AppData\Local\Temp\TimeClockChangeEntity-2024-308-2024-342.csv at 1/9/2025 1:00:52 PM 
2025-01-09 13:00:53.4723 [INFO] Finished processing Manhattan punch CSV: C:\Users\varadharaj\AppData\Local\Temp\TimeClockChangeEntity-2024-308-2024-342.csv at 1/9/2025 1:00:53 PM 
2025-01-09 13:00:53.4723 [INFO] Time taken to process the file: 1.02 seconds. 
2025-01-09 13:00:53.4743 [INFO] C:\Users\varadharaj\AppData\Local\Temp\TimeClockChangeEntity-2024-308-2024-342.csv 
2025-01-09 13:00:53.4743 [INFO] File successfully processed and moved to: D:\Emergere\ConnorsLLC\ConnorsLLC_Project\ProcessFiles_Demo\bin\Debug\net6.0\ManhattanPunchExport/ProcessedFiles\TimeClockChangeEntity-2024-308-2024-342_20250109_130053.csv 
2025-01-09 13:00:53.4743 [INFO] Application Completed Successfully 
2025-01-09 13:51:40.1983 [DEBUG] Application Starting 
2025-01-09 13:52:11.6250 [DEBUG] Application Starting 
2025-01-09 13:52:40.3486 [INFO] Downloaded file: LocationEntity-2024-357-2025-25.csv.gz to D:\Emergere\ConnorsLLC\ConnorsLLC_Project\ProcessFiles_Demo\bin\Debug\net6.0\ManhattanPunchExport/Mapping\LocationEntity-2024-357-2025-25.csv.gz 
2025-01-09 13:52:41.0835 [INFO] File has been decompressed to: D:\Emergere\ConnorsLLC\ConnorsLLC_Project\ProcessFiles_Demo\bin\Debug\net6.0\ManhattanPunchExport/Mapping\LocationEntity-2024-357-2025-25.csv 
2025-01-09 13:52:41.0835 [INFO] Deleted the .gz file: D:\Emergere\ConnorsLLC\ConnorsLLC_Project\ProcessFiles_Demo\bin\Debug\net6.0\ManhattanPunchExport/Mapping\LocationEntity-2024-357-2025-25.csv.gz 
2025-01-09 13:52:41.2420 [INFO] Start processing Payroll CSV: D:\Emergere\ConnorsLLC\ConnorsLLC_Project\ProcessFiles_Demo\bin\Debug\net6.0\ManhattanPunchExport/ReprocessFiles\TimeClockChangeEntity-2024-308-2024-342_test.csv at 1/9/2025 1:52:41 PM 
2025-01-09 13:54:07.0537 [ERROR] An unexpected error occurred during processing. System.InvalidOperationException: No current row
   at System.Data.SQLite.SQLiteDataReader.CheckValidRow()
   at System.Data.SQLite.SQLiteDataReader.GetValue(Int32 i)
   at ProcessFiles_Demo.FileProcessing.ManhattanPunchProcessor.GetGroupedRecordsFromDatabaseAsync() in D:\Emergere\ConnorsLLC\ConnorsLLC_Project\ProcessFiles_Demo\FileProcessing\ManhattanPunchProcessor.cs:line 413
   at ProcessFiles_Demo.FileProcessing.ManhattanPunchProcessor.ProcessAsync(String filePath, String destinationPath) in D:\Emergere\ConnorsLLC\ConnorsLLC_Project\ProcessFiles_Demo\FileProcessing\ManhattanPunchProcessor.cs:line 325
2025-01-09 13:54:17.3333 [INFO] Start processing Payroll CSV: D:\Emergere\ConnorsLLC\ConnorsLLC_Project\ProcessFiles_Demo\bin\Debug\net6.0\ManhattanPunchExport/ReprocessFiles\TimeClockChangeEntity-2024-308-2024-342_test.csv at 1/9/2025 1:54:17 PM 
2025-01-09 13:56:14.4470 [DEBUG] Application Starting 
2025-01-09 13:56:45.0153 [INFO] Downloaded file: LocationEntity-2024-357-2025-25.csv.gz to D:\Emergere\ConnorsLLC\ConnorsLLC_Project\ProcessFiles_Demo\bin\Debug\net6.0\ManhattanPunchExport/Mapping\LocationEntity-2024-357-2025-25.csv.gz 
2025-01-09 13:56:45.7759 [INFO] File has been decompressed to: D:\Emergere\ConnorsLLC\ConnorsLLC_Project\ProcessFiles_Demo\bin\Debug\net6.0\ManhattanPunchExport/Mapping\LocationEntity-2024-357-2025-25.csv 
2025-01-09 13:56:45.7781 [INFO] Deleted the .gz file: D:\Emergere\ConnorsLLC\ConnorsLLC_Project\ProcessFiles_Demo\bin\Debug\net6.0\ManhattanPunchExport/Mapping\LocationEntity-2024-357-2025-25.csv.gz 
2025-01-09 13:56:45.9458 [INFO] Start processing Payroll CSV: D:\Emergere\ConnorsLLC\ConnorsLLC_Project\ProcessFiles_Demo\bin\Debug\net6.0\ManhattanPunchExport/ReprocessFiles\TimeClockChangeEntity-2024-308-2024-342_test.csv at 1/9/2025 1:56:45 PM 
2025-01-09 14:07:06.4589 [DEBUG] Application Starting 
2025-01-09 14:07:21.4034 [INFO] Downloaded file: LocationEntity-2024-357-2025-25.csv.gz to D:\Emergere\ConnorsLLC\ConnorsLLC_Project\ProcessFiles_Demo\bin\Debug\net6.0\ManhattanPunchExport/Mapping\LocationEntity-2024-357-2025-25.csv.gz 
2025-01-09 14:07:22.2654 [INFO] File has been decompressed to: D:\Emergere\ConnorsLLC\ConnorsLLC_Project\ProcessFiles_Demo\bin\Debug\net6.0\ManhattanPunchExport/Mapping\LocationEntity-2024-357-2025-25.csv 
2025-01-09 14:07:22.2685 [INFO] Deleted the .gz file: D:\Emergere\ConnorsLLC\ConnorsLLC_Project\ProcessFiles_Demo\bin\Debug\net6.0\ManhattanPunchExport/Mapping\LocationEntity-2024-357-2025-25.csv.gz 
2025-01-09 14:07:22.4173 [INFO] Start processing Payroll CSV: D:\Emergere\ConnorsLLC\ConnorsLLC_Project\ProcessFiles_Demo\bin\Debug\net6.0\ManhattanPunchExport/ReprocessFiles\TimeClockChangeEntity-2024-308-2024-342_test.csv at 1/9/2025 2:07:22 PM 
2025-01-09 14:08:53.2958 [DEBUG] Application Starting 
2025-01-09 14:09:16.1035 [DEBUG] Application Starting 
2025-01-09 14:09:26.1000 [INFO] Attempting to download file from: /home/fivebelow-uat/outbox/manhattan/TimeClockChangeEntity-2024-308-2024-342.csv 
2025-01-09 14:09:29.5812 [INFO] Latest file downloaded: C:\Users\varadharaj\AppData\Local\Temp\TimeClockChangeEntity-2024-308-2024-342.csv 
2025-01-09 14:09:29.5812 [INFO] No decryption needed for C:\Users\varadharaj\AppData\Local\Temp\TimeClockChangeEntity-2024-308-2024-342.csv 
2025-01-09 14:09:43.9958 [INFO] Downloaded file: LocationEntity-2024-357-2025-25.csv.gz to D:\Emergere\ConnorsLLC\ConnorsLLC_Project\ProcessFiles_Demo\bin\Debug\net6.0\ManhattanPunchExport/Mapping\LocationEntity-2024-357-2025-25.csv.gz 
2025-01-09 14:09:44.6099 [INFO] File has been decompressed to: D:\Emergere\ConnorsLLC\ConnorsLLC_Project\ProcessFiles_Demo\bin\Debug\net6.0\ManhattanPunchExport/Mapping\LocationEntity-2024-357-2025-25.csv 
2025-01-09 14:09:44.6099 [INFO] Deleted the .gz file: D:\Emergere\ConnorsLLC\ConnorsLLC_Project\ProcessFiles_Demo\bin\Debug\net6.0\ManhattanPunchExport/Mapping\LocationEntity-2024-357-2025-25.csv.gz 
2025-01-09 14:09:44.7176 [INFO] Start processing Payroll CSV: C:\Users\varadharaj\AppData\Local\Temp\TimeClockChangeEntity-2024-308-2024-342.csv at 1/9/2025 2:09:44 PM 
2025-01-09 14:10:11.8332 [INFO] Finished processing Manhattan punch CSV: C:\Users\varadharaj\AppData\Local\Temp\TimeClockChangeEntity-2024-308-2024-342.csv at 1/9/2025 2:10:11 PM 
2025-01-09 14:10:11.8332 [INFO] Time taken to process the file: 27.12 seconds. 
2025-01-09 14:10:11.8332 [INFO] C:\Users\varadharaj\AppData\Local\Temp\TimeClockChangeEntity-2024-308-2024-342.csv 
2025-01-09 14:10:11.8332 [INFO] File successfully processed and moved to: D:\Emergere\ConnorsLLC\ConnorsLLC_Project\ProcessFiles_Demo\bin\Debug\net6.0\ManhattanPunchExport/ProcessedFiles\TimeClockChangeEntity-2024-308-2024-342_20250109_141011.csv 
2025-01-09 14:10:11.8332 [INFO] Application Completed Successfully 
2025-01-09 14:28:31.9260 [DEBUG] Application Starting 
2025-01-09 14:29:35.4524 [INFO] Attempting to download file from: /home/fivebelow-uat/outbox/manhattan/TimeClockChangeEntity-2024-308-2024-342_test.csv 
2025-01-09 14:29:38.2379 [INFO] Latest file downloaded: C:\Users\varadharaj\AppData\Local\Temp\TimeClockChangeEntity-2024-308-2024-342_test.csv 
2025-01-09 14:29:38.2379 [INFO] No decryption needed for C:\Users\varadharaj\AppData\Local\Temp\TimeClockChangeEntity-2024-308-2024-342_test.csv 
2025-01-09 14:29:53.0605 [INFO] Downloaded file: LocationEntity-2024-357-2025-25.csv.gz to D:\Emergere\ConnorsLLC\ConnorsLLC_Project\ProcessFiles_Demo\bin\Debug\net6.0\ManhattanPunchExport/Mapping\LocationEntity-2024-357-2025-25.csv.gz 
2025-01-09 14:29:53.7304 [INFO] File has been decompressed to: D:\Emergere\ConnorsLLC\ConnorsLLC_Project\ProcessFiles_Demo\bin\Debug\net6.0\ManhattanPunchExport/Mapping\LocationEntity-2024-357-2025-25.csv 
2025-01-09 14:29:53.7304 [INFO] Deleted the .gz file: D:\Emergere\ConnorsLLC\ConnorsLLC_Project\ProcessFiles_Demo\bin\Debug\net6.0\ManhattanPunchExport/Mapping\LocationEntity-2024-357-2025-25.csv.gz 
2025-01-09 14:29:53.8422 [INFO] Start processing Payroll CSV: C:\Users\varadharaj\AppData\Local\Temp\TimeClockChangeEntity-2024-308-2024-342_test.csv at 1/9/2025 2:29:53 PM 
2025-01-09 14:29:54.3144 [INFO] Finished processing Manhattan punch CSV: C:\Users\varadharaj\AppData\Local\Temp\TimeClockChangeEntity-2024-308-2024-342_test.csv at 1/9/2025 2:29:54 PM 
2025-01-09 14:29:54.3144 [INFO] Time taken to process the file: 0.47 seconds. 
2025-01-09 14:29:54.3144 [INFO] C:\Users\varadharaj\AppData\Local\Temp\TimeClockChangeEntity-2024-308-2024-342_test.csv 
2025-01-09 14:29:54.3210 [INFO] File successfully processed and moved to: D:\Emergere\ConnorsLLC\ConnorsLLC_Project\ProcessFiles_Demo\bin\Debug\net6.0\ManhattanPunchExport/ProcessedFiles\TimeClockChangeEntity-2024-308-2024-342_test_20250109_142954.csv 
2025-01-09 14:29:54.3210 [INFO] Application Completed Successfully 
2025-01-09 14:47:57.6817 [DEBUG] Application Starting 
2025-01-09 14:48:13.5890 [INFO] Attempting to download file from: /home/fivebelow-uat/outbox/manhattan/TimeClockChangeEntity-2024-308-2024-342.csv 
2025-01-09 14:48:24.5742 [INFO] Latest file downloaded: C:\Users\varadharaj\AppData\Local\Temp\TimeClockChangeEntity-2024-308-2024-342.csv 
2025-01-09 14:48:24.5874 [INFO] No decryption needed for C:\Users\varadharaj\AppData\Local\Temp\TimeClockChangeEntity-2024-308-2024-342.csv 
2025-01-09 14:48:39.4586 [INFO] Downloaded file: LocationEntity-2024-357-2025-25.csv.gz to D:\Emergere\ConnorsLLC\ConnorsLLC_Project\ProcessFiles_Demo\bin\Debug\net6.0\ManhattanPunchExport/Mapping\LocationEntity-2024-357-2025-25.csv.gz 
2025-01-09 14:48:40.2146 [INFO] File has been decompressed to: D:\Emergere\ConnorsLLC\ConnorsLLC_Project\ProcessFiles_Demo\bin\Debug\net6.0\ManhattanPunchExport/Mapping\LocationEntity-2024-357-2025-25.csv 
2025-01-09 14:48:40.2185 [INFO] Deleted the .gz file: D:\Emergere\ConnorsLLC\ConnorsLLC_Project\ProcessFiles_Demo\bin\Debug\net6.0\ManhattanPunchExport/Mapping\LocationEntity-2024-357-2025-25.csv.gz 
2025-01-09 14:48:40.3560 [INFO] Start processing Payroll CSV: C:\Users\varadharaj\AppData\Local\Temp\TimeClockChangeEntity-2024-308-2024-342.csv at 1/9/2025 2:48:40 PM 
2025-01-09 14:48:41.1220 [INFO] Finished processing Manhattan punch CSV: C:\Users\varadharaj\AppData\Local\Temp\TimeClockChangeEntity-2024-308-2024-342.csv at 1/9/2025 2:48:41 PM 
2025-01-09 14:48:41.1220 [INFO] Time taken to process the file: 0.77 seconds. 
2025-01-09 14:48:41.1220 [INFO] C:\Users\varadharaj\AppData\Local\Temp\TimeClockChangeEntity-2024-308-2024-342.csv 
2025-01-09 14:48:41.1287 [INFO] File successfully processed and moved to: D:\Emergere\ConnorsLLC\ConnorsLLC_Project\ProcessFiles_Demo\bin\Debug\net6.0\ManhattanPunchExport/ProcessedFiles\TimeClockChangeEntity-2024-308-2024-342_20250109_144841.csv 
2025-01-09 14:48:41.1287 [INFO] Application Completed Successfully 
2025-01-09 14:50:12.3264 [DEBUG] Application Starting 
2025-01-09 14:50:22.0803 [INFO] Attempting to download file from: /home/fivebelow-uat/outbox/manhattan/TimeClockChangeEntity-2024-308-2024-342_test.csv 
2025-01-09 14:50:24.8972 [INFO] Latest file downloaded: C:\Users\varadharaj\AppData\Local\Temp\TimeClockChangeEntity-2024-308-2024-342_test.csv 
2025-01-09 14:50:24.9119 [INFO] No decryption needed for C:\Users\varadharaj\AppData\Local\Temp\TimeClockChangeEntity-2024-308-2024-342_test.csv 
2025-01-09 14:50:36.8452 [INFO] Downloaded file: LocationEntity-2024-357-2025-25.csv.gz to D:\Emergere\ConnorsLLC\ConnorsLLC_Project\ProcessFiles_Demo\bin\Debug\net6.0\ManhattanPunchExport/Mapping\LocationEntity-2024-357-2025-25.csv.gz 
2025-01-09 14:50:37.4980 [INFO] File has been decompressed to: D:\Emergere\ConnorsLLC\ConnorsLLC_Project\ProcessFiles_Demo\bin\Debug\net6.0\ManhattanPunchExport/Mapping\LocationEntity-2024-357-2025-25.csv 
2025-01-09 14:50:37.4980 [INFO] Deleted the .gz file: D:\Emergere\ConnorsLLC\ConnorsLLC_Project\ProcessFiles_Demo\bin\Debug\net6.0\ManhattanPunchExport/Mapping\LocationEntity-2024-357-2025-25.csv.gz 
2025-01-09 14:50:37.6283 [INFO] Start processing Payroll CSV: C:\Users\varadharaj\AppData\Local\Temp\TimeClockChangeEntity-2024-308-2024-342_test.csv at 1/9/2025 2:50:37 PM 
2025-01-09 14:50:38.1716 [INFO] Finished processing Manhattan punch CSV: C:\Users\varadharaj\AppData\Local\Temp\TimeClockChangeEntity-2024-308-2024-342_test.csv at 1/9/2025 2:50:38 PM 
2025-01-09 14:50:38.1716 [INFO] Time taken to process the file: 0.55 seconds. 
2025-01-09 14:50:38.1716 [INFO] C:\Users\varadharaj\AppData\Local\Temp\TimeClockChangeEntity-2024-308-2024-342_test.csv 
2025-01-09 14:50:38.1778 [INFO] File successfully processed and moved to: D:\Emergere\ConnorsLLC\ConnorsLLC_Project\ProcessFiles_Demo\bin\Debug\net6.0\ManhattanPunchExport/ProcessedFiles\TimeClockChangeEntity-2024-308-2024-342_test_20250109_145038.csv 
2025-01-09 14:50:38.1778 [INFO] Application Completed Successfully 
2025-01-09 14:53:11.7993 [DEBUG] Application Starting 
2025-01-09 14:53:24.0182 [INFO] Attempting to download file from: /home/fivebelow-uat/outbox/manhattan/TimeClockChangeEntity-2024-308-2024-342.csv 
2025-01-09 14:53:28.1154 [INFO] Latest file downloaded: C:\Users\varadharaj\AppData\Local\Temp\TimeClockChangeEntity-2024-308-2024-342.csv 
2025-01-09 14:53:28.1297 [INFO] No decryption needed for C:\Users\varadharaj\AppData\Local\Temp\TimeClockChangeEntity-2024-308-2024-342.csv 
2025-01-09 14:53:53.0916 [INFO] Downloaded file: LocationEntity-2024-357-2025-25.csv.gz to D:\Emergere\ConnorsLLC\ConnorsLLC_Project\ProcessFiles_Demo\bin\Debug\net6.0\ManhattanPunchExport/Mapping\LocationEntity-2024-357-2025-25.csv.gz 
2025-01-09 14:53:53.7241 [INFO] File has been decompressed to: D:\Emergere\ConnorsLLC\ConnorsLLC_Project\ProcessFiles_Demo\bin\Debug\net6.0\ManhattanPunchExport/Mapping\LocationEntity-2024-357-2025-25.csv 
2025-01-09 14:53:53.7241 [INFO] Deleted the .gz file: D:\Emergere\ConnorsLLC\ConnorsLLC_Project\ProcessFiles_Demo\bin\Debug\net6.0\ManhattanPunchExport/Mapping\LocationEntity-2024-357-2025-25.csv.gz 
2025-01-09 14:53:53.8320 [INFO] Start processing Payroll CSV: C:\Users\varadharaj\AppData\Local\Temp\TimeClockChangeEntity-2024-308-2024-342.csv at 1/9/2025 2:53:53 PM 
2025-01-09 14:53:54.7399 [INFO] Finished processing Manhattan punch CSV: C:\Users\varadharaj\AppData\Local\Temp\TimeClockChangeEntity-2024-308-2024-342.csv at 1/9/2025 2:53:54 PM 
2025-01-09 14:53:54.7399 [INFO] Time taken to process the file: 0.91 seconds. 
2025-01-09 14:53:54.7399 [INFO] C:\Users\varadharaj\AppData\Local\Temp\TimeClockChangeEntity-2024-308-2024-342.csv 
2025-01-09 14:53:54.7502 [INFO] File successfully processed and moved to: D:\Emergere\ConnorsLLC\ConnorsLLC_Project\ProcessFiles_Demo\bin\Debug\net6.0\ManhattanPunchExport/ProcessedFiles\TimeClockChangeEntity-2024-308-2024-342_20250109_145354.csv 
2025-01-09 14:53:54.7502 [INFO] Application Completed Successfully 
2025-01-09 14:55:23.3104 [DEBUG] Application Starting 
2025-01-09 14:55:33.6293 [INFO] Attempting to download file from: /home/fivebelow-uat/outbox/manhattan/TimeClockChangeEntity-2024-308-2024-342_test.csv 
2025-01-09 14:55:37.6470 [INFO] Latest file downloaded: C:\Users\varadharaj\AppData\Local\Temp\TimeClockChangeEntity-2024-308-2024-342_test.csv 
2025-01-09 14:55:37.6617 [INFO] No decryption needed for C:\Users\varadharaj\AppData\Local\Temp\TimeClockChangeEntity-2024-308-2024-342_test.csv 
2025-01-09 14:55:50.4723 [INFO] Downloaded file: LocationEntity-2024-357-2025-25.csv.gz to D:\Emergere\ConnorsLLC\ConnorsLLC_Project\ProcessFiles_Demo\bin\Debug\net6.0\ManhattanPunchExport/Mapping\LocationEntity-2024-357-2025-25.csv.gz 
2025-01-09 14:55:51.1226 [INFO] File has been decompressed to: D:\Emergere\ConnorsLLC\ConnorsLLC_Project\ProcessFiles_Demo\bin\Debug\net6.0\ManhattanPunchExport/Mapping\LocationEntity-2024-357-2025-25.csv 
2025-01-09 14:55:51.1226 [INFO] Deleted the .gz file: D:\Emergere\ConnorsLLC\ConnorsLLC_Project\ProcessFiles_Demo\bin\Debug\net6.0\ManhattanPunchExport/Mapping\LocationEntity-2024-357-2025-25.csv.gz 
2025-01-09 14:55:51.2434 [INFO] Start processing Payroll CSV: C:\Users\varadharaj\AppData\Local\Temp\TimeClockChangeEntity-2024-308-2024-342_test.csv at 1/9/2025 2:55:51 PM 
2025-01-09 14:55:51.7409 [INFO] Finished processing Manhattan punch CSV: C:\Users\varadharaj\AppData\Local\Temp\TimeClockChangeEntity-2024-308-2024-342_test.csv at 1/9/2025 2:55:51 PM 
2025-01-09 14:55:51.7409 [INFO] Time taken to process the file: 0.50 seconds. 
2025-01-09 14:55:51.7409 [INFO] C:\Users\varadharaj\AppData\Local\Temp\TimeClockChangeEntity-2024-308-2024-342_test.csv 
2025-01-09 14:55:51.7409 [INFO] File successfully processed and moved to: D:\Emergere\ConnorsLLC\ConnorsLLC_Project\ProcessFiles_Demo\bin\Debug\net6.0\ManhattanPunchExport/ProcessedFiles\TimeClockChangeEntity-2024-308-2024-342_test_20250109_145551.csv 
2025-01-09 14:55:51.7409 [INFO] Application Completed Successfully 
2025-01-09 15:54:08.9965 [DEBUG] Application Starting 
2025-01-09 15:54:21.0791 [INFO] Attempting to download file from: /home/fivebelow-uat/outbox/manhattan/TimeClockChangeEntity-2024-308-2024-342_test2.csv 
2025-01-09 15:54:23.7361 [INFO] Latest file downloaded: C:\Users\varadharaj\AppData\Local\Temp\TimeClockChangeEntity-2024-308-2024-342_test2.csv 
2025-01-09 15:54:23.7489 [INFO] No decryption needed for C:\Users\varadharaj\AppData\Local\Temp\TimeClockChangeEntity-2024-308-2024-342_test2.csv 
2025-01-09 15:54:49.7022 [INFO] Downloaded file: LocationEntity-2024-357-2025-25.csv.gz to D:\Emergere\ConnorsLLC\ConnorsLLC_Project\ProcessFiles_Demo\bin\Debug\net6.0\ManhattanPunchExport/Mapping\LocationEntity-2024-357-2025-25.csv.gz 
2025-01-09 15:54:50.4570 [ERROR] Failed to process D:\Emergere\ConnorsLLC\ConnorsLLC_Project\ProcessFiles_Demo\bin\Debug\net6.0\ManhattanPunchExport/ReprocessFiles\TimeClockChangeEntity-2024-308-2024-342_test2_20250109_155450.csv:  System.IO.IOException: The process cannot access the file 'D:\Emergere\ConnorsLLC\ConnorsLLC_Project\ProcessFiles_Demo\bin\Debug\net6.0\ManhattanPunchExport\Mapping\LocationEntity-2024-357-2025-25.csv' because it is being used by another process.
   at Microsoft.Win32.SafeHandles.SafeFileHandle.CreateFile(String fullPath, FileMode mode, FileAccess access, FileShare share, FileOptions options)
   at Microsoft.Win32.SafeHandles.SafeFileHandle.Open(String fullPath, FileMode mode, FileAccess access, FileShare share, FileOptions options, Int64 preallocationSize)
   at System.IO.Strategies.OSFileStreamStrategy..ctor(String path, FileMode mode, FileAccess access, FileShare share, FileOptions options, Int64 preallocationSize)
   at System.IO.Strategies.FileStreamHelpers.ChooseStrategyCore(String path, FileMode mode, FileAccess access, FileShare share, FileOptions options, Int64 preallocationSize)
   at System.IO.Strategies.FileStreamHelpers.ChooseStrategy(FileStream fileStream, String path, FileMode mode, FileAccess access, FileShare share, Int32 bufferSize, FileOptions options, Int64 preallocationSize)
   at System.IO.FileStream..ctor(String path, FileMode mode, FileAccess access)
   at ProcessFiles_Demo.SFTPExtract.SFTPFileExtract.ExtractGzFile(String gzFilePath, String outputFilePath) in D:\Emergere\ConnorsLLC\ConnorsLLC_Project\ProcessFiles_Demo\SFTPExtract\SFTPFileExtract.cs:line 85
   at ProcessFiles_Demo.SFTPExtract.SFTPFileExtract.DownloadAndExtractFile(JObject clientSettings, String remoteDirectoryPath, String localDirectoryPath, String fileNamePrefix) in D:\Emergere\ConnorsLLC\ConnorsLLC_Project\ProcessFiles_Demo\SFTPExtract\SFTPFileExtract.cs:line 57
   at ProcessFiles_Demo.FileProcessing.ManhattanPunchProcessor..ctor(JObject clientSettings) in D:\Emergere\ConnorsLLC\ConnorsLLC_Project\ProcessFiles_Demo\FileProcessing\ManhattanPunchProcessor.cs:line 36
   at ProcessFiles_Demo.FileProcessing.CsvFileProcessorFactory.GetProcessor(String processortype, JObject clientSettings) in D:\Emergere\ConnorsLLC\ConnorsLLC_Project\ProcessFiles_Demo\FileProcessing\CsvFileProcessorFactory.cs:line 33
   at Program.FetchAndProcessFilesAsync(IFileTransferClient fileTransferClient, String processorType, String processedFolder, String reprocessingFolder, String outputFolder, String decryptedFolderOutput, JObject clientSettings, String fileNameStartsWith) in D:\Emergere\ConnorsLLC\ConnorsLLC_Project\ProcessFiles_Demo\Program.cs:line 133
2025-01-09 15:54:50.5809 [INFO] ERROR: The process cannot access the file 'D:\Emergere\ConnorsLLC\ConnorsLLC_Project\ProcessFiles_Demo\bin\Debug\net6.0\ManhattanPunchExport\Mapping\LocationEntity-2024-357-2025-25.csv' because it is being used by another process. - moved to ReprocessFiles. 
2025-01-09 15:54:50.5809 [ERROR] Exception occured inside the module FetchAndProcessFilesAsync System.IO.IOException: The process cannot access the file 'D:\Emergere\ConnorsLLC\ConnorsLLC_Project\ProcessFiles_Demo\bin\Debug\net6.0\ManhattanPunchExport\Mapping\LocationEntity-2024-357-2025-25.csv' because it is being used by another process.
   at Microsoft.Win32.SafeHandles.SafeFileHandle.CreateFile(String fullPath, FileMode mode, FileAccess access, FileShare share, FileOptions options)
   at Microsoft.Win32.SafeHandles.SafeFileHandle.Open(String fullPath, FileMode mode, FileAccess access, FileShare share, FileOptions options, Int64 preallocationSize)
   at System.IO.Strategies.OSFileStreamStrategy..ctor(String path, FileMode mode, FileAccess access, FileShare share, FileOptions options, Int64 preallocationSize)
   at System.IO.Strategies.FileStreamHelpers.ChooseStrategyCore(String path, FileMode mode, FileAccess access, FileShare share, FileOptions options, Int64 preallocationSize)
   at System.IO.Strategies.FileStreamHelpers.ChooseStrategy(FileStream fileStream, String path, FileMode mode, FileAccess access, FileShare share, Int32 bufferSize, FileOptions options, Int64 preallocationSize)
   at System.IO.FileStream..ctor(String path, FileMode mode, FileAccess access)
   at ProcessFiles_Demo.SFTPExtract.SFTPFileExtract.ExtractGzFile(String gzFilePath, String outputFilePath) in D:\Emergere\ConnorsLLC\ConnorsLLC_Project\ProcessFiles_Demo\SFTPExtract\SFTPFileExtract.cs:line 85
   at ProcessFiles_Demo.SFTPExtract.SFTPFileExtract.DownloadAndExtractFile(JObject clientSettings, String remoteDirectoryPath, String localDirectoryPath, String fileNamePrefix) in D:\Emergere\ConnorsLLC\ConnorsLLC_Project\ProcessFiles_Demo\SFTPExtract\SFTPFileExtract.cs:line 57
   at ProcessFiles_Demo.FileProcessing.ManhattanPunchProcessor..ctor(JObject clientSettings) in D:\Emergere\ConnorsLLC\ConnorsLLC_Project\ProcessFiles_Demo\FileProcessing\ManhattanPunchProcessor.cs:line 36
   at ProcessFiles_Demo.FileProcessing.CsvFileProcessorFactory.GetProcessor(String processortype, JObject clientSettings) in D:\Emergere\ConnorsLLC\ConnorsLLC_Project\ProcessFiles_Demo\FileProcessing\CsvFileProcessorFactory.cs:line 33
   at Program.FetchAndProcessFilesAsync(IFileTransferClient fileTransferClient, String processorType, String processedFolder, String reprocessingFolder, String outputFolder, String decryptedFolderOutput, JObject clientSettings, String fileNameStartsWith) in D:\Emergere\ConnorsLLC\ConnorsLLC_Project\ProcessFiles_Demo\Program.cs:line 133
2025-01-09 15:54:50.5823 [INFO] Application Completed Successfully 
2025-01-09 15:57:54.8470 [DEBUG] Application Starting 
2025-01-09 15:58:14.1909 [DEBUG] Application Starting 
2025-01-09 15:58:29.9166 [INFO] Downloaded file: LocationEntity-2024-357-2025-25.csv.gz to D:\Emergere\ConnorsLLC\ConnorsLLC_Project\ProcessFiles_Demo\bin\Debug\net6.0\ManhattanPunchExport/Mapping\LocationEntity-2024-357-2025-25.csv.gz 
2025-01-09 15:58:30.6460 [INFO] File has been decompressed to: D:\Emergere\ConnorsLLC\ConnorsLLC_Project\ProcessFiles_Demo\bin\Debug\net6.0\ManhattanPunchExport/Mapping\LocationEntity-2024-357-2025-25.csv 
2025-01-09 15:58:30.6460 [INFO] Deleted the .gz file: D:\Emergere\ConnorsLLC\ConnorsLLC_Project\ProcessFiles_Demo\bin\Debug\net6.0\ManhattanPunchExport/Mapping\LocationEntity-2024-357-2025-25.csv.gz 
2025-01-09 15:58:30.7009 [INFO] Start processing Payroll CSV: D:\Emergere\ConnorsLLC\ConnorsLLC_Project\ProcessFiles_Demo\bin\Debug\net6.0\ManhattanPunchExport/ReprocessFiles\TimeClockChangeEntity-2024-308-2024-342_test2_20250109_155450.csv at 1/9/2025 3:58:30 PM 
2025-01-09 15:58:30.9005 [INFO] Finished processing Manhattan punch CSV: D:\Emergere\ConnorsLLC\ConnorsLLC_Project\ProcessFiles_Demo\bin\Debug\net6.0\ManhattanPunchExport/ReprocessFiles\TimeClockChangeEntity-2024-308-2024-342_test2_20250109_155450.csv at 1/9/2025 3:58:30 PM 
2025-01-09 15:58:30.9005 [INFO] Time taken to process the file: 0.20 seconds. 
2025-01-09 15:58:30.9005 [INFO] D:\Emergere\ConnorsLLC\ConnorsLLC_Project\ProcessFiles_Demo\bin\Debug\net6.0\ManhattanPunchExport/ReprocessFiles\TimeClockChangeEntity-2024-308-2024-342_test2_20250109_155450.csv 
2025-01-09 15:58:30.9005 [INFO] D:\Emergere\ConnorsLLC\ConnorsLLC_Project\ProcessFiles_Demo\bin\Debug\net6.0\ManhattanPunchExport/ProcessedFiles\TimeClockChangeEntity-2024-308-2024-342_test2_20250109_155450_20250109_155830.csv 
2025-01-09 15:58:44.6757 [INFO] Attempting to download file from: /home/fivebelow-uat/outbox/manhattan/TimeClockChangeEntity-2024-308-2024-342_test2.csv 
2025-01-09 15:58:49.9350 [INFO] Latest file downloaded: C:\Users\varadharaj\AppData\Local\Temp\TimeClockChangeEntity-2024-308-2024-342_test2.csv 
2025-01-09 15:58:49.9482 [INFO] No decryption needed for C:\Users\varadharaj\AppData\Local\Temp\TimeClockChangeEntity-2024-308-2024-342_test2.csv 
2025-01-09 15:59:01.4450 [INFO] Downloaded file: LocationEntity-2024-357-2025-25.csv.gz to D:\Emergere\ConnorsLLC\ConnorsLLC_Project\ProcessFiles_Demo\bin\Debug\net6.0\ManhattanPunchExport/Mapping\LocationEntity-2024-357-2025-25.csv.gz 
2025-01-09 15:59:02.0141 [INFO] File has been decompressed to: D:\Emergere\ConnorsLLC\ConnorsLLC_Project\ProcessFiles_Demo\bin\Debug\net6.0\ManhattanPunchExport/Mapping\LocationEntity-2024-357-2025-25.csv 
2025-01-09 15:59:02.0141 [INFO] Deleted the .gz file: D:\Emergere\ConnorsLLC\ConnorsLLC_Project\ProcessFiles_Demo\bin\Debug\net6.0\ManhattanPunchExport/Mapping\LocationEntity-2024-357-2025-25.csv.gz 
2025-01-09 15:59:02.0299 [INFO] Start processing Payroll CSV: C:\Users\varadharaj\AppData\Local\Temp\TimeClockChangeEntity-2024-308-2024-342_test2.csv at 1/9/2025 3:59:02 PM 
2025-01-09 15:59:02.0299 [INFO] Finished processing Manhattan punch CSV: C:\Users\varadharaj\AppData\Local\Temp\TimeClockChangeEntity-2024-308-2024-342_test2.csv at 1/9/2025 3:59:02 PM 
2025-01-09 15:59:02.0299 [INFO] Time taken to process the file: 0.01 seconds. 
2025-01-09 15:59:02.0299 [INFO] C:\Users\varadharaj\AppData\Local\Temp\TimeClockChangeEntity-2024-308-2024-342_test2.csv 
2025-01-09 15:59:02.0299 [INFO] File successfully processed and moved to: D:\Emergere\ConnorsLLC\ConnorsLLC_Project\ProcessFiles_Demo\bin\Debug\net6.0\ManhattanPunchExport/ProcessedFiles\TimeClockChangeEntity-2024-308-2024-342_test2_20250109_155902.csv 
2025-01-09 15:59:02.0299 [INFO] Application Completed Successfully 
2025-01-09 16:01:57.8621 [DEBUG] Application Starting 
2025-01-09 16:02:08.0272 [INFO] Attempting to download file from: /home/fivebelow-uat/outbox/manhattan/TimeClockChangeEntity-2024-308-2024-342_test2.csv 
2025-01-09 16:02:12.0696 [INFO] Latest file downloaded: C:\Users\varadharaj\AppData\Local\Temp\TimeClockChangeEntity-2024-308-2024-342_test2.csv 
2025-01-09 16:02:12.0696 [INFO] No decryption needed for C:\Users\varadharaj\AppData\Local\Temp\TimeClockChangeEntity-2024-308-2024-342_test2.csv 
2025-01-09 16:02:34.8041 [INFO] Downloaded file: LocationEntity-2024-357-2025-25.csv.gz to D:\Emergere\ConnorsLLC\ConnorsLLC_Project\ProcessFiles_Demo\bin\Debug\net6.0\ManhattanPunchExport/Mapping\LocationEntity-2024-357-2025-25.csv.gz 
2025-01-09 16:02:35.4662 [INFO] File has been decompressed to: D:\Emergere\ConnorsLLC\ConnorsLLC_Project\ProcessFiles_Demo\bin\Debug\net6.0\ManhattanPunchExport/Mapping\LocationEntity-2024-357-2025-25.csv 
2025-01-09 16:02:35.4662 [INFO] Deleted the .gz file: D:\Emergere\ConnorsLLC\ConnorsLLC_Project\ProcessFiles_Demo\bin\Debug\net6.0\ManhattanPunchExport/Mapping\LocationEntity-2024-357-2025-25.csv.gz 
2025-01-09 16:02:35.5015 [INFO] Start processing Payroll CSV: C:\Users\varadharaj\AppData\Local\Temp\TimeClockChangeEntity-2024-308-2024-342_test2.csv at 1/9/2025 4:02:35 PM 
2025-01-09 16:02:35.6547 [INFO] Finished processing Manhattan punch CSV: C:\Users\varadharaj\AppData\Local\Temp\TimeClockChangeEntity-2024-308-2024-342_test2.csv at 1/9/2025 4:02:35 PM 
2025-01-09 16:02:35.6547 [INFO] Time taken to process the file: 0.15 seconds. 
2025-01-09 16:02:35.6547 [INFO] C:\Users\varadharaj\AppData\Local\Temp\TimeClockChangeEntity-2024-308-2024-342_test2.csv 
2025-01-09 16:02:35.6547 [INFO] File successfully processed and moved to: D:\Emergere\ConnorsLLC\ConnorsLLC_Project\ProcessFiles_Demo\bin\Debug\net6.0\ManhattanPunchExport/ProcessedFiles\TimeClockChangeEntity-2024-308-2024-342_test2_20250109_160235.csv 
2025-01-09 16:02:35.6547 [INFO] Application Completed Successfully 
2025-01-09 16:23:51.9192 [DEBUG] Application Starting 
2025-01-09 16:24:03.4304 [INFO] Attempting to download file from: /home/fivebelow-uat/outbox/manhattan/TimeClockChangeEntity-2024-308-2024-342_test3.csv 
2025-01-09 16:24:07.0774 [INFO] Latest file downloaded: C:\Users\varadharaj\AppData\Local\Temp\TimeClockChangeEntity-2024-308-2024-342_test3.csv 
2025-01-09 16:24:07.0895 [INFO] No decryption needed for C:\Users\varadharaj\AppData\Local\Temp\TimeClockChangeEntity-2024-308-2024-342_test3.csv 
2025-01-09 16:24:32.5462 [INFO] Downloaded file: LocationEntity-2024-357-2025-25.csv.gz to D:\Emergere\ConnorsLLC\ConnorsLLC_Project\ProcessFiles_Demo\bin\Debug\net6.0\ManhattanPunchExport/Mapping\LocationEntity-2024-357-2025-25.csv.gz 
2025-01-09 16:24:33.4053 [INFO] File has been decompressed to: D:\Emergere\ConnorsLLC\ConnorsLLC_Project\ProcessFiles_Demo\bin\Debug\net6.0\ManhattanPunchExport/Mapping\LocationEntity-2024-357-2025-25.csv 
2025-01-09 16:24:33.4053 [INFO] Deleted the .gz file: D:\Emergere\ConnorsLLC\ConnorsLLC_Project\ProcessFiles_Demo\bin\Debug\net6.0\ManhattanPunchExport/Mapping\LocationEntity-2024-357-2025-25.csv.gz 
2025-01-09 16:24:33.5304 [INFO] Start processing Payroll CSV: C:\Users\varadharaj\AppData\Local\Temp\TimeClockChangeEntity-2024-308-2024-342_test3.csv at 1/9/2025 4:24:33 PM 
2025-01-09 16:24:33.9744 [INFO] Finished processing Manhattan punch CSV: C:\Users\varadharaj\AppData\Local\Temp\TimeClockChangeEntity-2024-308-2024-342_test3.csv at 1/9/2025 4:24:33 PM 
2025-01-09 16:24:33.9744 [INFO] Time taken to process the file: 0.44 seconds. 
2025-01-09 16:24:33.9744 [INFO] C:\Users\varadharaj\AppData\Local\Temp\TimeClockChangeEntity-2024-308-2024-342_test3.csv 
2025-01-09 16:24:33.9810 [INFO] File successfully processed and moved to: D:\Emergere\ConnorsLLC\ConnorsLLC_Project\ProcessFiles_Demo\bin\Debug\net6.0\ManhattanPunchExport/ProcessedFiles\TimeClockChangeEntity-2024-308-2024-342_test3_20250109_162433.csv 
2025-01-09 16:24:33.9810 [INFO] Application Completed Successfully 
2025-01-09 19:17:02.4210 [DEBUG] Application Starting 
2025-01-09 19:17:13.9163 [INFO] Attempting to download file from: /home/fivebelow-uat/outbox/manhattan/TimeClockChangeEntity-2024-308-2024-342.csv 
2025-01-09 19:17:18.2847 [INFO] Latest file downloaded: C:\Users\varadharaj\AppData\Local\Temp\TimeClockChangeEntity-2024-308-2024-342.csv 
2025-01-09 19:17:18.2957 [INFO] No decryption needed for C:\Users\varadharaj\AppData\Local\Temp\TimeClockChangeEntity-2024-308-2024-342.csv 
2025-01-09 19:17:34.0518 [INFO] Downloaded file: LocationEntity-2024-357-2025-25.csv.gz to D:\Emergere\ConnorsLLC\ConnorsLLC_Project\ProcessFiles_Demo\bin\Debug\net6.0\ManhattanPunchExport/Mapping\LocationEntity-2024-357-2025-25.csv.gz 
2025-01-09 19:17:34.6410 [INFO] File has been decompressed to: D:\Emergere\ConnorsLLC\ConnorsLLC_Project\ProcessFiles_Demo\bin\Debug\net6.0\ManhattanPunchExport/Mapping\LocationEntity-2024-357-2025-25.csv 
2025-01-09 19:17:34.6410 [INFO] Deleted the .gz file: D:\Emergere\ConnorsLLC\ConnorsLLC_Project\ProcessFiles_Demo\bin\Debug\net6.0\ManhattanPunchExport/Mapping\LocationEntity-2024-357-2025-25.csv.gz 
2025-01-09 19:17:34.7699 [INFO] Start processing Payroll CSV: C:\Users\varadharaj\AppData\Local\Temp\TimeClockChangeEntity-2024-308-2024-342.csv at 1/9/2025 7:17:34 PM 
2025-01-09 19:17:35.6317 [INFO] Finished processing Manhattan punch CSV: C:\Users\varadharaj\AppData\Local\Temp\TimeClockChangeEntity-2024-308-2024-342.csv at 1/9/2025 7:17:35 PM 
2025-01-09 19:17:35.6317 [INFO] Time taken to process the file: 0.86 seconds. 
2025-01-09 19:17:35.6317 [INFO] C:\Users\varadharaj\AppData\Local\Temp\TimeClockChangeEntity-2024-308-2024-342.csv 
2025-01-09 19:17:35.6379 [INFO] File successfully processed and moved to: D:\Emergere\ConnorsLLC\ConnorsLLC_Project\ProcessFiles_Demo\bin\Debug\net6.0\ManhattanPunchExport/ProcessedFiles\TimeClockChangeEntity-2024-308-2024-342_20250109_191735.csv 
2025-01-09 19:17:35.6379 [INFO] Application Completed Successfully 
2025-01-09 19:20:50.1695 [DEBUG] Application Starting 
2025-01-09 19:21:01.3388 [INFO] Attempting to download file from: /home/fivebelow-uat/outbox/manhattan/TimeClockChangeEntity-2024-308-2024-342_test.csv 
2025-01-09 19:21:04.6433 [INFO] Latest file downloaded: C:\Users\varadharaj\AppData\Local\Temp\TimeClockChangeEntity-2024-308-2024-342_test.csv 
2025-01-09 19:21:04.6565 [INFO] No decryption needed for C:\Users\varadharaj\AppData\Local\Temp\TimeClockChangeEntity-2024-308-2024-342_test.csv 
2025-01-09 19:21:19.0507 [INFO] Downloaded file: LocationEntity-2024-357-2025-25.csv.gz to D:\Emergere\ConnorsLLC\ConnorsLLC_Project\ProcessFiles_Demo\bin\Debug\net6.0\ManhattanPunchExport/Mapping\LocationEntity-2024-357-2025-25.csv.gz 
2025-01-09 19:21:19.8104 [INFO] File has been decompressed to: D:\Emergere\ConnorsLLC\ConnorsLLC_Project\ProcessFiles_Demo\bin\Debug\net6.0\ManhattanPunchExport/Mapping\LocationEntity-2024-357-2025-25.csv 
2025-01-09 19:21:19.8104 [INFO] Deleted the .gz file: D:\Emergere\ConnorsLLC\ConnorsLLC_Project\ProcessFiles_Demo\bin\Debug\net6.0\ManhattanPunchExport/Mapping\LocationEntity-2024-357-2025-25.csv.gz 
2025-01-09 19:21:19.9109 [INFO] Start processing Payroll CSV: C:\Users\varadharaj\AppData\Local\Temp\TimeClockChangeEntity-2024-308-2024-342_test.csv at 1/9/2025 7:21:19 PM 
2025-01-09 19:21:20.3994 [INFO] Finished processing Manhattan punch CSV: C:\Users\varadharaj\AppData\Local\Temp\TimeClockChangeEntity-2024-308-2024-342_test.csv at 1/9/2025 7:21:20 PM 
2025-01-09 19:21:20.3994 [INFO] Time taken to process the file: 0.49 seconds. 
2025-01-09 19:21:20.4010 [INFO] C:\Users\varadharaj\AppData\Local\Temp\TimeClockChangeEntity-2024-308-2024-342_test.csv 
2025-01-09 19:21:20.4010 [INFO] File successfully processed and moved to: D:\Emergere\ConnorsLLC\ConnorsLLC_Project\ProcessFiles_Demo\bin\Debug\net6.0\ManhattanPunchExport/ProcessedFiles\TimeClockChangeEntity-2024-308-2024-342_test_20250109_192120.csv 
2025-01-09 19:21:20.4010 [INFO] Application Completed Successfully 
2025-01-09 19:24:41.2664 [DEBUG] Application Starting 
2025-01-09 19:24:53.0823 [INFO] Attempting to download file from: /home/fivebelow-uat/outbox/manhattan/TimeClockChangeEntity-2024-308-2024-342_test2.csv 
2025-01-09 19:24:56.5750 [INFO] Latest file downloaded: C:\Users\varadharaj\AppData\Local\Temp\TimeClockChangeEntity-2024-308-2024-342_test2.csv 
2025-01-09 19:24:56.5750 [INFO] No decryption needed for C:\Users\varadharaj\AppData\Local\Temp\TimeClockChangeEntity-2024-308-2024-342_test2.csv 
2025-01-09 19:25:10.6860 [INFO] Downloaded file: LocationEntity-2024-357-2025-25.csv.gz to D:\Emergere\ConnorsLLC\ConnorsLLC_Project\ProcessFiles_Demo\bin\Debug\net6.0\ManhattanPunchExport/Mapping\LocationEntity-2024-357-2025-25.csv.gz 
2025-01-09 19:25:11.3361 [INFO] File has been decompressed to: D:\Emergere\ConnorsLLC\ConnorsLLC_Project\ProcessFiles_Demo\bin\Debug\net6.0\ManhattanPunchExport/Mapping\LocationEntity-2024-357-2025-25.csv 
2025-01-09 19:25:11.3361 [INFO] Deleted the .gz file: D:\Emergere\ConnorsLLC\ConnorsLLC_Project\ProcessFiles_Demo\bin\Debug\net6.0\ManhattanPunchExport/Mapping\LocationEntity-2024-357-2025-25.csv.gz 
2025-01-09 19:25:11.4524 [INFO] Start processing Payroll CSV: C:\Users\varadharaj\AppData\Local\Temp\TimeClockChangeEntity-2024-308-2024-342_test2.csv at 1/9/2025 7:25:11 PM 
2025-01-09 19:25:11.9634 [INFO] Finished processing Manhattan punch CSV: C:\Users\varadharaj\AppData\Local\Temp\TimeClockChangeEntity-2024-308-2024-342_test2.csv at 1/9/2025 7:25:11 PM 
2025-01-09 19:25:11.9634 [INFO] Time taken to process the file: 0.51 seconds. 
2025-01-09 19:25:11.9634 [INFO] C:\Users\varadharaj\AppData\Local\Temp\TimeClockChangeEntity-2024-308-2024-342_test2.csv 
2025-01-09 19:25:11.9687 [INFO] File successfully processed and moved to: D:\Emergere\ConnorsLLC\ConnorsLLC_Project\ProcessFiles_Demo\bin\Debug\net6.0\ManhattanPunchExport/ProcessedFiles\TimeClockChangeEntity-2024-308-2024-342_test2_20250109_192511.csv 
2025-01-09 19:25:11.9687 [INFO] Application Completed Successfully 
2025-01-09 19:27:50.7248 [DEBUG] Application Starting 
2025-01-09 19:28:02.0818 [INFO] Attempting to download file from: /home/fivebelow-uat/outbox/manhattan/TimeClockChangeEntity-2024-308-2024-342_test3.csv 
2025-01-09 19:28:05.8044 [INFO] Latest file downloaded: C:\Users\varadharaj\AppData\Local\Temp\TimeClockChangeEntity-2024-308-2024-342_test3.csv 
2025-01-09 19:28:05.8195 [INFO] No decryption needed for C:\Users\varadharaj\AppData\Local\Temp\TimeClockChangeEntity-2024-308-2024-342_test3.csv 
2025-01-09 19:28:19.9144 [INFO] Downloaded file: LocationEntity-2024-357-2025-25.csv.gz to D:\Emergere\ConnorsLLC\ConnorsLLC_Project\ProcessFiles_Demo\bin\Debug\net6.0\ManhattanPunchExport/Mapping\LocationEntity-2024-357-2025-25.csv.gz 
2025-01-09 19:28:20.6686 [INFO] File has been decompressed to: D:\Emergere\ConnorsLLC\ConnorsLLC_Project\ProcessFiles_Demo\bin\Debug\net6.0\ManhattanPunchExport/Mapping\LocationEntity-2024-357-2025-25.csv 
2025-01-09 19:28:20.6686 [INFO] Deleted the .gz file: D:\Emergere\ConnorsLLC\ConnorsLLC_Project\ProcessFiles_Demo\bin\Debug\net6.0\ManhattanPunchExport/Mapping\LocationEntity-2024-357-2025-25.csv.gz 
2025-01-09 19:28:20.7852 [INFO] Start processing Payroll CSV: C:\Users\varadharaj\AppData\Local\Temp\TimeClockChangeEntity-2024-308-2024-342_test3.csv at 1/9/2025 7:28:20 PM 
2025-01-09 19:28:21.3175 [INFO] Finished processing Manhattan punch CSV: C:\Users\varadharaj\AppData\Local\Temp\TimeClockChangeEntity-2024-308-2024-342_test3.csv at 1/9/2025 7:28:21 PM 
2025-01-09 19:28:21.3199 [INFO] Time taken to process the file: 0.53 seconds. 
2025-01-09 19:28:21.3199 [INFO] C:\Users\varadharaj\AppData\Local\Temp\TimeClockChangeEntity-2024-308-2024-342_test3.csv 
2025-01-09 19:28:21.3199 [INFO] File successfully processed and moved to: D:\Emergere\ConnorsLLC\ConnorsLLC_Project\ProcessFiles_Demo\bin\Debug\net6.0\ManhattanPunchExport/ProcessedFiles\TimeClockChangeEntity-2024-308-2024-342_test3_20250109_192821.csv 
2025-01-09 19:28:21.3199 [INFO] Application Completed Successfully 
