2024-12-27 12:11:20.3835 [DEBUG] Application Starting 
2024-12-27 12:11:32.0470 [INFO] Attempting to download file from: /home/fivebelow-uat/outbox/manhattan/TimeClockChangeEntity-2024-308-2024-342.csv 
2024-12-27 12:11:35.4234 [INFO] Latest file downloaded: C:\Users\varadharaj\AppData\Local\Temp\TimeClockChangeEntity-2024-308-2024-342.csv 
2024-12-27 12:11:35.4234 [INFO] No decryption needed for C:\Users\varadharaj\AppData\Local\Temp\TimeClockChangeEntity-2024-308-2024-342.csv 
2024-12-27 12:11:35.5478 [INFO] Start processing Payroll CSV: C:\Users\varadharaj\AppData\Local\Temp\TimeClockChangeEntity-2024-308-2024-342.csv at 12/27/2024 12:11:35 PM 
2024-12-27 12:11:35.5478 [INFO] Location mapping not found for LocationExternalId: 1358 
2024-12-27 12:11:35.5589 [INFO] Location mapping not found for LocationExternalId: 1358 
2024-12-27 12:11:35.5589 [INFO] Location mapping not found for LocationExternalId: 1359 
2024-12-27 12:11:35.5589 [INFO] Location mapping not found for LocationExternalId: 1359 
2024-12-27 12:11:35.5589 [INFO] Location mapping not found for LocationExternalId: 1359 
2024-12-27 12:11:35.5589 [INFO] Location mapping not found for LocationExternalId: 1359 
2024-12-27 12:11:35.5589 [INFO] Location mapping not found for LocationExternalId: 1301 
2024-12-27 12:11:35.5589 [INFO] Location mapping not found for LocationExternalId: 1301 
2024-12-27 12:11:35.5589 [INFO] Location mapping not found for LocationExternalId: 3010 
2024-12-27 12:11:35.5589 [INFO] Location mapping not found for LocationExternalId: 3010 
2024-12-27 12:11:35.5589 [INFO] Location mapping not found for LocationExternalId: 3010 
2024-12-27 12:11:35.5589 [INFO] Location mapping not found for LocationExternalId: 3010 
2024-12-27 12:11:35.5589 [INFO] Location mapping not found for LocationExternalId: 3010 
2024-12-27 12:11:35.5589 [INFO] Location mapping not found for LocationExternalId: 3010 
2024-12-27 12:11:35.5589 [INFO] Location mapping not found for LocationExternalId: 3010 
2024-12-27 12:11:35.5589 [INFO] Location mapping not found for LocationExternalId: 3010 
2024-12-27 12:11:35.5589 [INFO] Location mapping not found for LocationExternalId: 3010 
2024-12-27 12:11:35.5589 [INFO] Location mapping not found for LocationExternalId: 3010 
2024-12-27 12:11:35.5589 [INFO] Location mapping not found for LocationExternalId: 3010 
2024-12-27 12:11:35.5589 [INFO] Location mapping not found for LocationExternalId: 3010 
2024-12-27 12:11:35.5738 [INFO] Location mapping not found for LocationExternalId: 6054 
2024-12-27 12:11:35.5738 [INFO] Location mapping not found for LocationExternalId: 6054 
2024-12-27 12:11:35.5738 [INFO] Location mapping not found for LocationExternalId: 6025 
2024-12-27 12:11:35.5738 [INFO] Location mapping not found for LocationExternalId: 6025 
2024-12-27 12:11:35.5738 [INFO] Location mapping not found for LocationExternalId: 6025 
2024-12-27 12:11:35.5738 [INFO] Location mapping not found for LocationExternalId: 6025 
2024-12-27 12:11:35.5738 [INFO] Location mapping not found for LocationExternalId: 6025 
2024-12-27 12:11:35.5738 [INFO] Location mapping not found for LocationExternalId: 6025 
2024-12-27 12:11:35.5738 [INFO] Location mapping not found for LocationExternalId: 106 
2024-12-27 12:11:35.5738 [INFO] Location mapping not found for LocationExternalId: 106 
2024-12-27 12:11:35.5738 [INFO] Location mapping not found for LocationExternalId: 106 
2024-12-27 12:11:35.5738 [INFO] Location mapping not found for LocationExternalId: 106 
2024-12-27 12:11:35.5738 [INFO] Location mapping not found for LocationExternalId: 106 
2024-12-27 12:11:35.5738 [INFO] Location mapping not found for LocationExternalId: 106 
2024-12-27 12:11:35.5738 [INFO] Location mapping not found for LocationExternalId: 106 
2024-12-27 12:11:35.5738 [INFO] Location mapping not found for LocationExternalId: 106 
2024-12-27 12:11:35.5738 [INFO] Location mapping not found for LocationExternalId: 106 
2024-12-27 12:11:35.5738 [INFO] Location mapping not found for LocationExternalId: 106 
2024-12-27 12:11:35.5738 [INFO] Location mapping not found for LocationExternalId: 106 
2024-12-27 12:11:35.5738 [INFO] Location mapping not found for LocationExternalId: 241 
2024-12-27 12:11:35.5738 [INFO] Location mapping not found for LocationExternalId: 241 
2024-12-27 12:11:35.5738 [INFO] Location mapping not found for LocationExternalId: 241 
2024-12-27 12:11:35.5738 [INFO] Location mapping not found for LocationExternalId: 241 
2024-12-27 12:11:35.5738 [INFO] Location mapping not found for LocationExternalId: 241 
2024-12-27 12:11:35.5738 [INFO] Location mapping not found for LocationExternalId: 241 
2024-12-27 12:11:35.5738 [INFO] Location mapping not found for LocationExternalId: 100 
2024-12-27 12:11:35.5738 [INFO] Location mapping not found for LocationExternalId: 100 
2024-12-27 12:11:35.5738 [INFO] Location mapping not found for LocationExternalId: 100 
2024-12-27 12:11:35.5738 [INFO] Location mapping not found for LocationExternalId: 100 
2024-12-27 12:11:35.5738 [INFO] Location mapping not found for LocationExternalId: 100 
2024-12-27 12:11:35.5738 [INFO] Location mapping not found for LocationExternalId: 100 
2024-12-27 12:11:35.5738 [INFO] Location mapping not found for LocationExternalId: 100 
2024-12-27 12:11:35.5738 [INFO] Location mapping not found for LocationExternalId: 100 
2024-12-27 12:11:35.5738 [INFO] Location mapping not found for LocationExternalId: 100 
2024-12-27 12:11:35.5738 [INFO] Location mapping not found for LocationExternalId: 100 
2024-12-27 12:11:35.5738 [INFO] Location mapping not found for LocationExternalId: 100 
2024-12-27 12:11:35.5738 [INFO] Location mapping not found for LocationExternalId: 100 
2024-12-27 12:11:35.5738 [INFO] Location mapping not found for LocationExternalId: 100 
2024-12-27 12:11:35.5738 [INFO] Location mapping not found for LocationExternalId: 100 
2024-12-27 12:11:35.5738 [INFO] Location mapping not found for LocationExternalId: 100 
2024-12-27 12:11:35.5738 [INFO] Location mapping not found for LocationExternalId: 100 
2024-12-27 12:11:35.5738 [INFO] Location mapping not found for LocationExternalId: 100 
2024-12-27 12:11:35.5738 [INFO] Location mapping not found for LocationExternalId: 100 
2024-12-27 12:11:35.5738 [INFO] Location mapping not found for LocationExternalId: 100 
2024-12-27 12:11:35.5738 [INFO] Location mapping not found for LocationExternalId: 100 
2024-12-27 12:11:35.5738 [INFO] Location mapping not found for LocationExternalId: 100 
2024-12-27 12:11:35.5738 [INFO] Location mapping not found for LocationExternalId: 100 
2024-12-27 12:11:35.5738 [INFO] Location mapping not found for LocationExternalId: 100 
2024-12-27 12:11:35.5738 [INFO] Location mapping not found for LocationExternalId: 100 
2024-12-27 12:11:35.5738 [INFO] Location mapping not found for LocationExternalId: 100 
2024-12-27 12:11:35.5738 [INFO] Location mapping not found for LocationExternalId: 100 
2024-12-27 12:11:35.5738 [INFO] Location mapping not found for LocationExternalId: 410 
2024-12-27 12:11:35.5738 [INFO] Location mapping not found for LocationExternalId: 410 
2024-12-27 12:11:35.5738 [INFO] Location mapping not found for LocationExternalId: 100 
2024-12-27 12:11:35.5738 [INFO] Location mapping not found for LocationExternalId: 100 
2024-12-27 12:11:35.5738 [INFO] Location mapping not found for LocationExternalId: 100 
2024-12-27 12:11:35.5738 [INFO] Location mapping not found for LocationExternalId: 100 
2024-12-27 12:11:35.5738 [INFO] Location mapping not found for LocationExternalId: 100 
2024-12-27 12:11:35.5738 [INFO] Location mapping not found for LocationExternalId: 100 
2024-12-27 12:11:35.5738 [INFO] Location mapping not found for LocationExternalId: 99200 
2024-12-27 12:11:35.5738 [INFO] Location mapping not found for LocationExternalId: 478 
2024-12-27 12:11:35.5738 [INFO] Location mapping not found for LocationExternalId: 478 
2024-12-27 12:11:35.5884 [INFO] Location mapping not found for LocationExternalId: 478 
2024-12-27 12:11:35.5884 [INFO] Location mapping not found for LocationExternalId: 75000_ET 
2024-12-27 12:11:35.5884 [INFO] Location mapping not found for LocationExternalId: 75000_ET 
2024-12-27 12:11:35.5884 [INFO] Location mapping not found for LocationExternalId: 75000 
2024-12-27 12:11:35.5884 [INFO] Location mapping not found for LocationExternalId: 75000_ET 
2024-12-27 12:11:35.5884 [INFO] Location mapping not found for LocationExternalId: 75000_ET 
2024-12-27 12:11:35.5884 [INFO] Location mapping not found for LocationExternalId: 75000_ET 
2024-12-27 12:11:35.5884 [INFO] Location mapping not found for LocationExternalId: 75000_ET 
2024-12-27 12:11:35.5884 [INFO] Location mapping not found for LocationExternalId: 75000_ET 
2024-12-27 12:11:35.5884 [INFO] Location mapping not found for LocationExternalId: 75000_ET 
2024-12-27 12:11:35.5884 [INFO] Location mapping not found for LocationExternalId: 73000_ET 
2024-12-27 12:11:35.5884 [INFO] Location mapping not found for LocationExternalId: 73000_ET 
2024-12-27 12:11:35.5884 [INFO] Location mapping not found for LocationExternalId: 121 
2024-12-27 12:11:35.5884 [INFO] Location mapping not found for LocationExternalId: 121 
2024-12-27 12:11:35.5884 [INFO] Location mapping not found for LocationExternalId: 121 
2024-12-27 12:11:35.5884 [INFO] Location mapping not found for LocationExternalId: 73000_ET 
2024-12-27 12:11:35.5884 [INFO] Location mapping not found for LocationExternalId: 73000 
2024-12-27 12:11:35.5884 [INFO] Location mapping not found for LocationExternalId: 73000_ET 
2024-12-27 12:11:35.5884 [INFO] Location mapping not found for LocationExternalId: 121 
2024-12-27 12:11:35.5884 [INFO] Location mapping not found for LocationExternalId: 6187 
2024-12-27 12:11:35.5884 [INFO] Location mapping not found for LocationExternalId: 6187 
2024-12-27 12:11:35.5884 [INFO] Location mapping not found for LocationExternalId: 6187 
2024-12-27 12:11:35.5884 [INFO] Location mapping not found for LocationExternalId: 6187 
2024-12-27 12:11:35.5884 [INFO] Location mapping not found for LocationExternalId: 6187 
2024-12-27 12:11:35.5884 [INFO] Location mapping not found for LocationExternalId: 6187 
2024-12-27 12:11:35.5884 [INFO] Location mapping not found for LocationExternalId: 6187 
2024-12-27 12:11:35.5884 [INFO] Location mapping not found for LocationExternalId: 120 
2024-12-27 12:11:35.5884 [INFO] Location mapping not found for LocationExternalId: 120 
2024-12-27 12:11:35.5884 [INFO] Location mapping not found for LocationExternalId: 120 
2024-12-27 12:11:35.5884 [INFO] Location mapping not found for LocationExternalId: 3094 
2024-12-27 12:11:35.5884 [INFO] Location mapping not found for LocationExternalId: 3094 
2024-12-27 12:11:35.5884 [INFO] Location mapping not found for LocationExternalId: 3094 
2024-12-27 12:11:35.5884 [INFO] Location mapping not found for LocationExternalId: 3094 
2024-12-27 12:11:35.5884 [INFO] Location mapping not found for LocationExternalId: 3094 
2024-12-27 12:11:35.5884 [INFO] Location mapping not found for LocationExternalId: 3094 
2024-12-27 12:11:35.5884 [INFO] Location mapping not found for LocationExternalId: 125 
2024-12-27 12:11:35.5884 [INFO] Location mapping not found for LocationExternalId: 125 
2024-12-27 12:11:35.5884 [INFO] Location mapping not found for LocationExternalId: 125 
2024-12-27 12:11:35.5884 [INFO] Location mapping not found for LocationExternalId: 125 
2024-12-27 12:11:35.5884 [INFO] Location mapping not found for LocationExternalId: 125 
2024-12-27 12:11:35.5884 [INFO] Location mapping not found for LocationExternalId: 125 
2024-12-27 12:11:35.5884 [INFO] Location mapping not found for LocationExternalId: 125 
2024-12-27 12:11:35.5884 [INFO] Location mapping not found for LocationExternalId: 125 
2024-12-27 12:11:35.5884 [INFO] Location mapping not found for LocationExternalId: 125 
2024-12-27 12:11:35.5884 [INFO] Location mapping not found for LocationExternalId: 251 
2024-12-27 12:11:35.5884 [INFO] Location mapping not found for LocationExternalId: 251 
2024-12-27 12:11:35.5884 [INFO] Location mapping not found for LocationExternalId: 251 
2024-12-27 12:11:35.5884 [INFO] Location mapping not found for LocationExternalId: 251 
2024-12-27 12:11:35.5884 [INFO] Location mapping not found for LocationExternalId: 251 
2024-12-27 12:11:35.5884 [INFO] Location mapping not found for LocationExternalId: 251 
2024-12-27 12:11:35.5884 [INFO] Location mapping not found for LocationExternalId: 251 
2024-12-27 12:11:35.5884 [INFO] Location mapping not found for LocationExternalId: 251 
2024-12-27 12:11:35.5884 [INFO] Location mapping not found for LocationExternalId: 251 
2024-12-27 12:11:35.5884 [INFO] Location mapping not found for LocationExternalId: 251 
2024-12-27 12:11:35.5884 [INFO] Location mapping not found for LocationExternalId: 251 
2024-12-27 12:11:35.5884 [INFO] Location mapping not found for LocationExternalId: 251 
2024-12-27 12:11:35.5884 [INFO] Location mapping not found for LocationExternalId: 125 
2024-12-27 12:11:35.5884 [INFO] Location mapping not found for LocationExternalId: 125 
2024-12-27 12:11:35.5884 [INFO] Location mapping not found for LocationExternalId: 125 
2024-12-27 12:11:35.5884 [INFO] Location mapping not found for LocationExternalId: 125 
2024-12-27 12:11:35.5884 [INFO] Location mapping not found for LocationExternalId: 125 
2024-12-27 12:11:35.5884 [INFO] Location mapping not found for LocationExternalId: 125 
2024-12-27 12:11:35.5884 [INFO] Location mapping not found for LocationExternalId: 919 
2024-12-27 12:11:35.5884 [INFO] Location mapping not found for LocationExternalId: 919 
2024-12-27 12:11:35.5884 [INFO] Location mapping not found for LocationExternalId: 919 
2024-12-27 12:11:35.5884 [INFO] Location mapping not found for LocationExternalId: 919 
2024-12-27 12:11:35.5884 [INFO] Location mapping not found for LocationExternalId: 919 
2024-12-27 12:11:35.6287 [INFO] Finished processing Manhattan punch CSV: C:\Users\varadharaj\AppData\Local\Temp\TimeClockChangeEntity-2024-308-2024-342.csv at 12/27/2024 12:11:35 PM 
2024-12-27 12:11:35.6287 [INFO] Time taken to process the file: 0.08 seconds. 
2024-12-27 12:11:35.6287 [INFO] C:\Users\varadharaj\AppData\Local\Temp\TimeClockChangeEntity-2024-308-2024-342.csv 
2024-12-27 12:11:35.6287 [INFO] File successfully processed and moved to: D:\Emergere\ConnorsLLC\ConnorsLLC_Project\ProcessFiles_Demo\bin\Debug\net6.0\ManhattanPunchExport/ProcessedFiles\TimeClockChangeEntity-2024-308-2024-342_20241227_121135.csv 
2024-12-27 12:11:35.6287 [INFO] Application Completed Successfully 
2024-12-27 13:38:14.3074 [DEBUG] Application Starting 
2024-12-27 13:38:24.5020 [INFO] Attempting to download file from: /home/fivebelow-uat/outbox/manhattan/TimeClockChangeEntity-2024-308-2024-342.csv 
2024-12-27 13:38:27.9508 [INFO] Latest file downloaded: C:\Users\varadharaj\AppData\Local\Temp\TimeClockChangeEntity-2024-308-2024-342.csv 
2024-12-27 13:38:27.9887 [INFO] No decryption needed for C:\Users\varadharaj\AppData\Local\Temp\TimeClockChangeEntity-2024-308-2024-342.csv 
2024-12-27 13:39:15.8269 [DEBUG] Application Starting 
2024-12-27 13:39:26.3658 [INFO] Attempting to download file from: /home/fivebelow-uat/outbox/manhattan/TimeClockChangeEntity-2024-308-2024-342.csv 
2024-12-27 13:39:30.0976 [INFO] Latest file downloaded: C:\Users\varadharaj\AppData\Local\Temp\TimeClockChangeEntity-2024-308-2024-342.csv 
2024-12-27 13:39:30.1161 [INFO] No decryption needed for C:\Users\varadharaj\AppData\Local\Temp\TimeClockChangeEntity-2024-308-2024-342.csv 
2024-12-27 13:39:45.0393 [INFO] Downloaded file: LocationEntity-2024-343-2025-11.csv.gz to D:\Emergere\ConnorsLLC\ConnorsLLC_Project\ProcessFiles_Demo\bin\Debug\net6.0\ManhattanPunchExport/Mapping\LocationEntity-2024-343-2025-11.csv.gz 
2024-12-27 13:39:45.5834 [INFO] File has been decompressed to: D:\Emergere\ConnorsLLC\ConnorsLLC_Project\ProcessFiles_Demo\bin\Debug\net6.0\ManhattanPunchExport/Mapping\LocationEntity-2024-343-2025-11.csv 
2024-12-27 13:39:45.5834 [INFO] Deleted the .gz file: D:\Emergere\ConnorsLLC\ConnorsLLC_Project\ProcessFiles_Demo\bin\Debug\net6.0\ManhattanPunchExport/Mapping\LocationEntity-2024-343-2025-11.csv.gz 
2024-12-27 13:39:45.6778 [INFO] Start processing Payroll CSV: C:\Users\varadharaj\AppData\Local\Temp\TimeClockChangeEntity-2024-308-2024-342.csv at 12/27/2024 1:39:45 PM 
2024-12-27 13:39:45.6911 [INFO] Location mapping not found for LocationExternalId: 1358 
2024-12-27 13:39:45.6911 [INFO] Location mapping not found for LocationExternalId: 1358 
2024-12-27 13:39:45.6911 [INFO] Location mapping not found for LocationExternalId: 1359 
2024-12-27 13:39:45.6911 [INFO] Location mapping not found for LocationExternalId: 1359 
2024-12-27 13:39:45.6911 [INFO] Location mapping not found for LocationExternalId: 1359 
2024-12-27 13:39:45.6911 [INFO] Location mapping not found for LocationExternalId: 1359 
2024-12-27 13:39:45.6911 [INFO] Location mapping not found for LocationExternalId: 1301 
2024-12-27 13:39:45.6994 [INFO] Location mapping not found for LocationExternalId: 1301 
2024-12-27 13:39:45.6994 [INFO] Location mapping not found for LocationExternalId: 3010 
2024-12-27 13:39:45.6994 [INFO] Location mapping not found for LocationExternalId: 3010 
2024-12-27 13:39:45.6994 [INFO] Location mapping not found for LocationExternalId: 3010 
2024-12-27 13:39:45.6994 [INFO] Location mapping not found for LocationExternalId: 3010 
2024-12-27 13:39:45.6994 [INFO] Location mapping not found for LocationExternalId: 3010 
2024-12-27 13:39:45.6994 [INFO] Location mapping not found for LocationExternalId: 3010 
2024-12-27 13:39:45.6994 [INFO] Location mapping not found for LocationExternalId: 3010 
2024-12-27 13:39:45.6994 [INFO] Location mapping not found for LocationExternalId: 3010 
2024-12-27 13:39:45.6994 [INFO] Location mapping not found for LocationExternalId: 3010 
2024-12-27 13:39:45.7151 [INFO] Location mapping not found for LocationExternalId: 3010 
2024-12-27 13:39:45.7151 [INFO] Location mapping not found for LocationExternalId: 3010 
2024-12-27 13:39:45.7151 [INFO] Location mapping not found for LocationExternalId: 3010 
2024-12-27 13:39:45.7151 [INFO] Location mapping not found for LocationExternalId: 6054 
2024-12-27 13:39:45.7151 [INFO] Location mapping not found for LocationExternalId: 6054 
2024-12-27 13:39:45.7425 [INFO] Location mapping not found for LocationExternalId: 6025 
2024-12-27 13:39:45.7425 [INFO] Location mapping not found for LocationExternalId: 6025 
2024-12-27 13:39:45.7425 [INFO] Location mapping not found for LocationExternalId: 6025 
2024-12-27 13:39:45.7425 [INFO] Location mapping not found for LocationExternalId: 6025 
2024-12-27 13:39:45.7425 [INFO] Location mapping not found for LocationExternalId: 6025 
2024-12-27 13:39:45.7425 [INFO] Location mapping not found for LocationExternalId: 6025 
2024-12-27 13:39:45.7425 [INFO] Location mapping not found for LocationExternalId: 106 
2024-12-27 13:39:45.7425 [INFO] Location mapping not found for LocationExternalId: 106 
2024-12-27 13:39:45.7425 [INFO] Location mapping not found for LocationExternalId: 106 
2024-12-27 13:39:45.7425 [INFO] Location mapping not found for LocationExternalId: 106 
2024-12-27 13:39:45.7425 [INFO] Location mapping not found for LocationExternalId: 106 
2024-12-27 13:39:45.7425 [INFO] Location mapping not found for LocationExternalId: 106 
2024-12-27 13:39:45.7425 [INFO] Location mapping not found for LocationExternalId: 106 
2024-12-27 13:39:45.7425 [INFO] Location mapping not found for LocationExternalId: 106 
2024-12-27 13:39:45.7425 [INFO] Location mapping not found for LocationExternalId: 106 
2024-12-27 13:39:45.7425 [INFO] Location mapping not found for LocationExternalId: 106 
2024-12-27 13:39:45.7425 [INFO] Location mapping not found for LocationExternalId: 106 
2024-12-27 13:39:45.7425 [INFO] Location mapping not found for LocationExternalId: 241 
2024-12-27 13:39:45.7425 [INFO] Location mapping not found for LocationExternalId: 241 
2024-12-27 13:39:45.7425 [INFO] Location mapping not found for LocationExternalId: 241 
2024-12-27 13:39:45.7425 [INFO] Location mapping not found for LocationExternalId: 241 
2024-12-27 13:39:45.7425 [INFO] Location mapping not found for LocationExternalId: 241 
2024-12-27 13:39:45.7425 [INFO] Location mapping not found for LocationExternalId: 241 
2024-12-27 13:39:45.7425 [INFO] Location mapping not found for LocationExternalId: 100 
2024-12-27 13:39:45.7425 [INFO] Location mapping not found for LocationExternalId: 100 
2024-12-27 13:39:45.7425 [INFO] Location mapping not found for LocationExternalId: 100 
2024-12-27 13:39:45.7425 [INFO] Location mapping not found for LocationExternalId: 100 
2024-12-27 13:39:45.7425 [INFO] Location mapping not found for LocationExternalId: 100 
2024-12-27 13:39:45.7425 [INFO] Location mapping not found for LocationExternalId: 100 
2024-12-27 13:39:45.7425 [INFO] Location mapping not found for LocationExternalId: 100 
2024-12-27 13:39:45.7425 [INFO] Location mapping not found for LocationExternalId: 100 
2024-12-27 13:39:45.7425 [INFO] Location mapping not found for LocationExternalId: 100 
2024-12-27 13:39:45.7425 [INFO] Location mapping not found for LocationExternalId: 100 
2024-12-27 13:39:45.7425 [INFO] Location mapping not found for LocationExternalId: 100 
2024-12-27 13:39:45.7425 [INFO] Location mapping not found for LocationExternalId: 100 
2024-12-27 13:39:45.7425 [INFO] Location mapping not found for LocationExternalId: 100 
2024-12-27 13:39:45.7425 [INFO] Location mapping not found for LocationExternalId: 100 
2024-12-27 13:39:45.7425 [INFO] Location mapping not found for LocationExternalId: 100 
2024-12-27 13:39:45.7425 [INFO] Location mapping not found for LocationExternalId: 100 
2024-12-27 13:39:45.7425 [INFO] Location mapping not found for LocationExternalId: 100 
2024-12-27 13:39:45.7425 [INFO] Location mapping not found for LocationExternalId: 100 
2024-12-27 13:39:45.7425 [INFO] Location mapping not found for LocationExternalId: 100 
2024-12-27 13:39:45.7425 [INFO] Location mapping not found for LocationExternalId: 100 
2024-12-27 13:39:45.7425 [INFO] Location mapping not found for LocationExternalId: 100 
2024-12-27 13:39:45.7425 [INFO] Location mapping not found for LocationExternalId: 100 
2024-12-27 13:39:45.7566 [INFO] Location mapping not found for LocationExternalId: 100 
2024-12-27 13:39:45.7566 [INFO] Location mapping not found for LocationExternalId: 100 
2024-12-27 13:39:45.7566 [INFO] Location mapping not found for LocationExternalId: 100 
2024-12-27 13:39:45.7566 [INFO] Location mapping not found for LocationExternalId: 100 
2024-12-27 13:39:45.7566 [INFO] Location mapping not found for LocationExternalId: 410 
2024-12-27 13:39:45.7566 [INFO] Location mapping not found for LocationExternalId: 410 
2024-12-27 13:39:45.7566 [INFO] Location mapping not found for LocationExternalId: 100 
2024-12-27 13:39:45.7566 [INFO] Location mapping not found for LocationExternalId: 100 
2024-12-27 13:39:45.7566 [INFO] Location mapping not found for LocationExternalId: 100 
2024-12-27 13:39:45.7566 [INFO] Location mapping not found for LocationExternalId: 100 
2024-12-27 13:39:45.7566 [INFO] Location mapping not found for LocationExternalId: 100 
2024-12-27 13:39:45.7566 [INFO] Location mapping not found for LocationExternalId: 100 
2024-12-27 13:39:45.7566 [INFO] Location mapping not found for LocationExternalId: 99200 
2024-12-27 13:39:45.7566 [INFO] Location mapping not found for LocationExternalId: 478 
2024-12-27 13:39:45.7566 [INFO] Location mapping not found for LocationExternalId: 478 
2024-12-27 13:39:45.7566 [INFO] Location mapping not found for LocationExternalId: 478 
2024-12-27 13:39:45.7566 [INFO] Location mapping not found for LocationExternalId: 75000_ET 
2024-12-27 13:39:45.7566 [INFO] Location mapping not found for LocationExternalId: 75000_ET 
2024-12-27 13:39:45.7566 [INFO] Location mapping not found for LocationExternalId: 75000 
2024-12-27 13:39:45.7566 [INFO] Location mapping not found for LocationExternalId: 75000_ET 
2024-12-27 13:39:45.7566 [INFO] Location mapping not found for LocationExternalId: 75000_ET 
2024-12-27 13:39:45.7566 [INFO] Location mapping not found for LocationExternalId: 75000_ET 
2024-12-27 13:39:45.7566 [INFO] Location mapping not found for LocationExternalId: 75000_ET 
2024-12-27 13:39:45.7566 [INFO] Location mapping not found for LocationExternalId: 75000_ET 
2024-12-27 13:39:45.7566 [INFO] Location mapping not found for LocationExternalId: 75000_ET 
2024-12-27 13:39:45.7566 [INFO] Location mapping not found for LocationExternalId: 73000_ET 
2024-12-27 13:39:45.7566 [INFO] Location mapping not found for LocationExternalId: 73000_ET 
2024-12-27 13:39:45.7566 [INFO] Location mapping not found for LocationExternalId: 121 
2024-12-27 13:39:45.7566 [INFO] Location mapping not found for LocationExternalId: 121 
2024-12-27 13:39:45.7566 [INFO] Location mapping not found for LocationExternalId: 121 
2024-12-27 13:39:45.7566 [INFO] Location mapping not found for LocationExternalId: 73000_ET 
2024-12-27 13:39:45.7566 [INFO] Location mapping not found for LocationExternalId: 73000 
2024-12-27 13:39:45.7566 [INFO] Location mapping not found for LocationExternalId: 73000_ET 
2024-12-27 13:39:45.7566 [INFO] Location mapping not found for LocationExternalId: 121 
2024-12-27 13:39:45.7566 [INFO] Location mapping not found for LocationExternalId: 6187 
2024-12-27 13:39:45.7566 [INFO] Location mapping not found for LocationExternalId: 6187 
2024-12-27 13:39:45.7566 [INFO] Location mapping not found for LocationExternalId: 6187 
2024-12-27 13:39:45.7566 [INFO] Location mapping not found for LocationExternalId: 6187 
2024-12-27 13:39:45.7566 [INFO] Location mapping not found for LocationExternalId: 6187 
2024-12-27 13:39:45.7566 [INFO] Location mapping not found for LocationExternalId: 6187 
2024-12-27 13:39:45.7566 [INFO] Location mapping not found for LocationExternalId: 6187 
2024-12-27 13:39:45.7566 [INFO] Location mapping not found for LocationExternalId: 120 
2024-12-27 13:39:45.7566 [INFO] Location mapping not found for LocationExternalId: 120 
2024-12-27 13:39:45.7566 [INFO] Location mapping not found for LocationExternalId: 120 
2024-12-27 13:39:45.7726 [INFO] Location mapping not found for LocationExternalId: 3094 
2024-12-27 13:39:45.7726 [INFO] Location mapping not found for LocationExternalId: 3094 
2024-12-27 13:39:45.7726 [INFO] Location mapping not found for LocationExternalId: 3094 
2024-12-27 13:39:45.7726 [INFO] Location mapping not found for LocationExternalId: 3094 
2024-12-27 13:39:45.7726 [INFO] Location mapping not found for LocationExternalId: 3094 
2024-12-27 13:39:45.7726 [INFO] Location mapping not found for LocationExternalId: 3094 
2024-12-27 13:39:45.7726 [INFO] Location mapping not found for LocationExternalId: 125 
2024-12-27 13:39:45.7726 [INFO] Location mapping not found for LocationExternalId: 125 
2024-12-27 13:39:45.7726 [INFO] Location mapping not found for LocationExternalId: 125 
2024-12-27 13:39:45.7726 [INFO] Location mapping not found for LocationExternalId: 125 
2024-12-27 13:39:45.7726 [INFO] Location mapping not found for LocationExternalId: 125 
2024-12-27 13:39:45.7726 [INFO] Location mapping not found for LocationExternalId: 125 
2024-12-27 13:39:45.7726 [INFO] Location mapping not found for LocationExternalId: 125 
2024-12-27 13:39:45.7726 [INFO] Location mapping not found for LocationExternalId: 125 
2024-12-27 13:39:45.7726 [INFO] Location mapping not found for LocationExternalId: 125 
2024-12-27 13:39:45.7726 [INFO] Location mapping not found for LocationExternalId: 251 
2024-12-27 13:39:45.7726 [INFO] Location mapping not found for LocationExternalId: 251 
2024-12-27 13:39:45.7726 [INFO] Location mapping not found for LocationExternalId: 251 
2024-12-27 13:39:45.7726 [INFO] Location mapping not found for LocationExternalId: 251 
2024-12-27 13:39:45.7726 [INFO] Location mapping not found for LocationExternalId: 251 
2024-12-27 13:39:45.7726 [INFO] Location mapping not found for LocationExternalId: 251 
2024-12-27 13:39:45.7726 [INFO] Location mapping not found for LocationExternalId: 251 
2024-12-27 13:39:45.7726 [INFO] Location mapping not found for LocationExternalId: 251 
2024-12-27 13:39:45.7726 [INFO] Location mapping not found for LocationExternalId: 251 
2024-12-27 13:39:45.8015 [INFO] Location mapping not found for LocationExternalId: 251 
2024-12-27 13:39:45.8015 [INFO] Location mapping not found for LocationExternalId: 251 
2024-12-27 13:39:45.8015 [INFO] Location mapping not found for LocationExternalId: 251 
2024-12-27 13:39:45.8015 [INFO] Location mapping not found for LocationExternalId: 125 
2024-12-27 13:39:45.8015 [INFO] Location mapping not found for LocationExternalId: 125 
2024-12-27 13:39:45.8040 [INFO] Location mapping not found for LocationExternalId: 125 
2024-12-27 13:39:45.8040 [INFO] Location mapping not found for LocationExternalId: 125 
2024-12-27 13:39:45.8040 [INFO] Location mapping not found for LocationExternalId: 125 
2024-12-27 13:39:45.8040 [INFO] Location mapping not found for LocationExternalId: 125 
2024-12-27 13:39:45.8040 [INFO] Location mapping not found for LocationExternalId: 919 
2024-12-27 13:39:45.8040 [INFO] Location mapping not found for LocationExternalId: 919 
2024-12-27 13:39:45.8040 [INFO] Location mapping not found for LocationExternalId: 919 
2024-12-27 13:39:45.8097 [INFO] Location mapping not found for LocationExternalId: 919 
2024-12-27 13:39:45.8097 [INFO] Location mapping not found for LocationExternalId: 919 
2024-12-27 13:39:45.9589 [INFO] Finished processing Manhattan punch CSV: C:\Users\varadharaj\AppData\Local\Temp\TimeClockChangeEntity-2024-308-2024-342.csv at 12/27/2024 1:39:45 PM 
2024-12-27 13:39:45.9589 [INFO] Time taken to process the file: 0.28 seconds. 
2024-12-27 13:39:45.9589 [INFO] C:\Users\varadharaj\AppData\Local\Temp\TimeClockChangeEntity-2024-308-2024-342.csv 
2024-12-27 13:39:45.9789 [INFO] File successfully processed and moved to: D:\Emergere\ConnorsLLC\ConnorsLLC_Project\ProcessFiles_Demo\bin\Debug\net6.0\ManhattanPunchExport/ProcessedFiles\TimeClockChangeEntity-2024-308-2024-342_20241227_133945.csv 
2024-12-27 13:39:45.9789 [INFO] Application Completed Successfully 
