2024-12-11 16:08:27.9756 [DEBUG] Application Starting 
2024-12-11 16:08:37.9997 [INFO] Attempting to download file from: /home/fivebelow-uat/outbox/manhattan/TimeClockChangeEntity-2024-308-2024-342.csv 
2024-12-11 16:08:41.8199 [INFO] Latest file downloaded: C:\Users\varadharaj\AppData\Local\Temp\TimeClockChangeEntity-2024-308-2024-342.csv 
2024-12-11 16:08:41.8227 [INFO] No decryption needed for C:\Users\varadharaj\AppData\Local\Temp\TimeClockChangeEntity-2024-308-2024-342.csv 
2024-12-11 16:08:53.4878 [INFO] Downloaded file: LocationEntity-2024-329-2024-363.csv.gz to D:\Emergere\ConnorsLLC\ConnorsLLC_Project\ProcessFiles_Demo\bin\Debug\net6.0\ManhattanPunchExport/Mapping\LocationEntity-2024-329-2024-363.csv.gz 
2024-12-11 16:08:54.0873 [INFO] File has been decompressed to: D:\Emergere\ConnorsLLC\ConnorsLLC_Project\ProcessFiles_Demo\bin\Debug\net6.0\ManhattanPunchExport/Mapping\LocationEntity-2024-329-2024-363.csv 
2024-12-11 16:08:54.0873 [INFO] Deleted the .gz file: D:\Emergere\ConnorsLLC\ConnorsLLC_Project\ProcessFiles_Demo\bin\Debug\net6.0\ManhattanPunchExport/Mapping\LocationEntity-2024-329-2024-363.csv.gz 
2024-12-11 16:08:59.4774 [INFO] Start processing Payroll CSV: C:\Users\varadharaj\AppData\Local\Temp\TimeClockChangeEntity-2024-308-2024-342.csv at 12/11/2024 4:08:58 PM 
2024-12-11 16:09:38.8116 [DEBUG] Application Starting 
2024-12-11 16:09:49.6378 [INFO] Attempting to download file from: /home/fivebelow-uat/outbox/manhattan/TimeClockChangeEntity-2024-308-2024-342.csv 
2024-12-11 16:09:53.4347 [INFO] Latest file downloaded: C:\Users\varadharaj\AppData\Local\Temp\TimeClockChangeEntity-2024-308-2024-342.csv 
2024-12-11 16:09:53.4347 [INFO] No decryption needed for C:\Users\varadharaj\AppData\Local\Temp\TimeClockChangeEntity-2024-308-2024-342.csv 
2024-12-11 16:10:07.8696 [INFO] Downloaded file: LocationEntity-2024-329-2024-363.csv.gz to D:\Emergere\ConnorsLLC\ConnorsLLC_Project\ProcessFiles_Demo\bin\Debug\net6.0\ManhattanPunchExport/Mapping\LocationEntity-2024-329-2024-363.csv.gz 
2024-12-11 16:10:08.5836 [INFO] File has been decompressed to: D:\Emergere\ConnorsLLC\ConnorsLLC_Project\ProcessFiles_Demo\bin\Debug\net6.0\ManhattanPunchExport/Mapping\LocationEntity-2024-329-2024-363.csv 
2024-12-11 16:10:08.5836 [INFO] Deleted the .gz file: D:\Emergere\ConnorsLLC\ConnorsLLC_Project\ProcessFiles_Demo\bin\Debug\net6.0\ManhattanPunchExport/Mapping\LocationEntity-2024-329-2024-363.csv.gz 
2024-12-11 16:10:14.4859 [INFO] Start processing Payroll CSV: C:\Users\varadharaj\AppData\Local\Temp\TimeClockChangeEntity-2024-308-2024-342.csv at 12/11/2024 4:10:13 PM 
2024-12-11 16:13:52.7218 [DEBUG] Application Starting 
2024-12-11 16:14:05.1532 [INFO] Attempting to download file from: /home/fivebelow-uat/outbox/manhattan/TimeClockChangeEntity-2024-308-2024-342.csv 
2024-12-11 16:14:09.0087 [INFO] Latest file downloaded: C:\Users\varadharaj\AppData\Local\Temp\TimeClockChangeEntity-2024-308-2024-342.csv 
2024-12-11 16:14:09.0222 [INFO] No decryption needed for C:\Users\varadharaj\AppData\Local\Temp\TimeClockChangeEntity-2024-308-2024-342.csv 
2024-12-11 16:14:20.0548 [INFO] Downloaded file: LocationEntity-2024-329-2024-363.csv.gz to D:\Emergere\ConnorsLLC\ConnorsLLC_Project\ProcessFiles_Demo\bin\Debug\net6.0\ManhattanPunchExport/Mapping\LocationEntity-2024-329-2024-363.csv.gz 
2024-12-11 16:14:20.6667 [INFO] File has been decompressed to: D:\Emergere\ConnorsLLC\ConnorsLLC_Project\ProcessFiles_Demo\bin\Debug\net6.0\ManhattanPunchExport/Mapping\LocationEntity-2024-329-2024-363.csv 
2024-12-11 16:14:20.6667 [INFO] Deleted the .gz file: D:\Emergere\ConnorsLLC\ConnorsLLC_Project\ProcessFiles_Demo\bin\Debug\net6.0\ManhattanPunchExport/Mapping\LocationEntity-2024-329-2024-363.csv.gz 
2024-12-11 16:14:44.3106 [INFO] Start processing Payroll CSV: C:\Users\varadharaj\AppData\Local\Temp\TimeClockChangeEntity-2024-308-2024-342.csv at 12/11/2024 4:14:43 PM 
2024-12-11 16:24:59.0642 [DEBUG] Application Starting 
2024-12-11 16:25:09.5865 [INFO] Attempting to download file from: /home/fivebelow-uat/outbox/manhattan/TimeClockChangeEntity-2024-308-2024-342.csv 
2024-12-11 16:25:13.4301 [INFO] Latest file downloaded: C:\Users\varadharaj\AppData\Local\Temp\TimeClockChangeEntity-2024-308-2024-342.csv 
2024-12-11 16:25:13.4301 [INFO] No decryption needed for C:\Users\varadharaj\AppData\Local\Temp\TimeClockChangeEntity-2024-308-2024-342.csv 
2024-12-11 16:25:25.4581 [INFO] Downloaded file: LocationEntity-2024-329-2024-363.csv.gz to D:\Emergere\ConnorsLLC\ConnorsLLC_Project\ProcessFiles_Demo\bin\Debug\net6.0\ManhattanPunchExport/Mapping\LocationEntity-2024-329-2024-363.csv.gz 
2024-12-11 16:25:26.1060 [INFO] File has been decompressed to: D:\Emergere\ConnorsLLC\ConnorsLLC_Project\ProcessFiles_Demo\bin\Debug\net6.0\ManhattanPunchExport/Mapping\LocationEntity-2024-329-2024-363.csv 
2024-12-11 16:25:26.1060 [INFO] Deleted the .gz file: D:\Emergere\ConnorsLLC\ConnorsLLC_Project\ProcessFiles_Demo\bin\Debug\net6.0\ManhattanPunchExport/Mapping\LocationEntity-2024-329-2024-363.csv.gz 
2024-12-11 16:26:31.7883 [INFO] Start processing Payroll CSV: C:\Users\varadharaj\AppData\Local\Temp\TimeClockChangeEntity-2024-308-2024-342.csv at 12/11/2024 4:26:29 PM 
2024-12-11 16:27:34.7260 [DEBUG] Application Starting 
2024-12-11 16:27:44.8318 [INFO] Attempting to download file from: /home/fivebelow-uat/outbox/manhattan/TimeClockChangeEntity-2024-308-2024-342.csv 
2024-12-11 16:27:48.5547 [INFO] Latest file downloaded: C:\Users\varadharaj\AppData\Local\Temp\TimeClockChangeEntity-2024-308-2024-342.csv 
2024-12-11 16:27:48.5547 [INFO] No decryption needed for C:\Users\varadharaj\AppData\Local\Temp\TimeClockChangeEntity-2024-308-2024-342.csv 
2024-12-11 16:28:00.3085 [INFO] Downloaded file: LocationEntity-2024-329-2024-363.csv.gz to D:\Emergere\ConnorsLLC\ConnorsLLC_Project\ProcessFiles_Demo\bin\Debug\net6.0\ManhattanPunchExport/Mapping\LocationEntity-2024-329-2024-363.csv.gz 
2024-12-11 16:28:00.9514 [INFO] File has been decompressed to: D:\Emergere\ConnorsLLC\ConnorsLLC_Project\ProcessFiles_Demo\bin\Debug\net6.0\ManhattanPunchExport/Mapping\LocationEntity-2024-329-2024-363.csv 
2024-12-11 16:28:00.9514 [INFO] Deleted the .gz file: D:\Emergere\ConnorsLLC\ConnorsLLC_Project\ProcessFiles_Demo\bin\Debug\net6.0\ManhattanPunchExport/Mapping\LocationEntity-2024-329-2024-363.csv.gz 
2024-12-11 16:28:05.1603 [INFO] Start processing Payroll CSV: C:\Users\varadharaj\AppData\Local\Temp\TimeClockChangeEntity-2024-308-2024-342.csv at 12/11/2024 4:28:03 PM 
2024-12-11 16:30:25.1062 [DEBUG] Application Starting 
2024-12-11 16:30:37.4591 [INFO] Attempting to download file from: /home/fivebelow-uat/outbox/manhattan/TimeClockChangeEntity-2024-308-2024-342.csv 
2024-12-11 16:30:42.9294 [INFO] Latest file downloaded: C:\Users\varadharaj\AppData\Local\Temp\TimeClockChangeEntity-2024-308-2024-342.csv 
2024-12-11 16:30:42.9357 [INFO] No decryption needed for C:\Users\varadharaj\AppData\Local\Temp\TimeClockChangeEntity-2024-308-2024-342.csv 
2024-12-11 16:30:54.2234 [INFO] Downloaded file: LocationEntity-2024-329-2024-363.csv.gz to D:\Emergere\ConnorsLLC\ConnorsLLC_Project\ProcessFiles_Demo\bin\Debug\net6.0\ManhattanPunchExport/Mapping\LocationEntity-2024-329-2024-363.csv.gz 
2024-12-11 16:30:54.8872 [INFO] File has been decompressed to: D:\Emergere\ConnorsLLC\ConnorsLLC_Project\ProcessFiles_Demo\bin\Debug\net6.0\ManhattanPunchExport/Mapping\LocationEntity-2024-329-2024-363.csv 
2024-12-11 16:30:54.8872 [INFO] Deleted the .gz file: D:\Emergere\ConnorsLLC\ConnorsLLC_Project\ProcessFiles_Demo\bin\Debug\net6.0\ManhattanPunchExport/Mapping\LocationEntity-2024-329-2024-363.csv.gz 
2024-12-11 16:31:01.3647 [INFO] Start processing Payroll CSV: C:\Users\varadharaj\AppData\Local\Temp\TimeClockChangeEntity-2024-308-2024-342.csv at 12/11/2024 4:31:00 PM 
2024-12-11 16:31:43.7293 [DEBUG] Application Starting 
2024-12-11 16:31:56.5871 [INFO] Attempting to download file from: /home/fivebelow-uat/outbox/manhattan/TimeClockChangeEntity-2024-308-2024-342.csv 
2024-12-11 16:32:00.4925 [INFO] Latest file downloaded: C:\Users\varadharaj\AppData\Local\Temp\TimeClockChangeEntity-2024-308-2024-342.csv 
2024-12-11 16:32:00.4925 [INFO] No decryption needed for C:\Users\varadharaj\AppData\Local\Temp\TimeClockChangeEntity-2024-308-2024-342.csv 
2024-12-11 16:32:12.7364 [INFO] Downloaded file: LocationEntity-2024-329-2024-363.csv.gz to D:\Emergere\ConnorsLLC\ConnorsLLC_Project\ProcessFiles_Demo\bin\Debug\net6.0\ManhattanPunchExport/Mapping\LocationEntity-2024-329-2024-363.csv.gz 
2024-12-11 16:32:13.3995 [INFO] File has been decompressed to: D:\Emergere\ConnorsLLC\ConnorsLLC_Project\ProcessFiles_Demo\bin\Debug\net6.0\ManhattanPunchExport/Mapping\LocationEntity-2024-329-2024-363.csv 
2024-12-11 16:32:13.3995 [INFO] Deleted the .gz file: D:\Emergere\ConnorsLLC\ConnorsLLC_Project\ProcessFiles_Demo\bin\Debug\net6.0\ManhattanPunchExport/Mapping\LocationEntity-2024-329-2024-363.csv.gz 
2024-12-11 16:32:26.6353 [INFO] Start processing Payroll CSV: C:\Users\varadharaj\AppData\Local\Temp\TimeClockChangeEntity-2024-308-2024-342.csv at 12/11/2024 4:32:25 PM 
2024-12-11 16:35:02.9147 [INFO] Finished processing Manhattan punch CSV: C:\Users\varadharaj\AppData\Local\Temp\TimeClockChangeEntity-2024-308-2024-342.csv at 12/11/2024 4:35:02 PM 
2024-12-11 16:35:02.9147 [INFO] Time taken to process the file: 157.52 seconds. 
2024-12-11 16:35:02.9147 [INFO] C:\Users\varadharaj\AppData\Local\Temp\TimeClockChangeEntity-2024-308-2024-342.csv 
2024-12-11 16:35:02.9147 [INFO] File successfully processed and moved to: D:\Emergere\ConnorsLLC\ConnorsLLC_Project\ProcessFiles_Demo\bin\Debug\net6.0\ManhattanPunchExport/ProcessedFiles\TimeClockChangeEntity-2024-308-2024-342_20241211_163502.csv 
2024-12-11 16:35:02.9147 [INFO] Application Completed Successfully 
2024-12-11 19:32:04.3887 [DEBUG] Application Starting 
2024-12-11 19:32:14.9739 [INFO] Attempting to download file from: /home/fivebelow-uat/outbox/manhattan/TimeClockChangeEntity-2024-308-2024-342.csv 
2024-12-11 19:32:18.6462 [INFO] Latest file downloaded: C:\Users\varadharaj\AppData\Local\Temp\TimeClockChangeEntity-2024-308-2024-342.csv 
2024-12-11 19:32:18.6462 [INFO] No decryption needed for C:\Users\varadharaj\AppData\Local\Temp\TimeClockChangeEntity-2024-308-2024-342.csv 
2024-12-11 19:32:30.2832 [INFO] Downloaded file: LocationEntity-2024-329-2024-363.csv.gz to D:\Emergere\ConnorsLLC\ConnorsLLC_Project\ProcessFiles_Demo\bin\Debug\net6.0\ManhattanPunchExport/Mapping\LocationEntity-2024-329-2024-363.csv.gz 
2024-12-11 19:32:30.8875 [INFO] File has been decompressed to: D:\Emergere\ConnorsLLC\ConnorsLLC_Project\ProcessFiles_Demo\bin\Debug\net6.0\ManhattanPunchExport/Mapping\LocationEntity-2024-329-2024-363.csv 
2024-12-11 19:32:30.8894 [INFO] Deleted the .gz file: D:\Emergere\ConnorsLLC\ConnorsLLC_Project\ProcessFiles_Demo\bin\Debug\net6.0\ManhattanPunchExport/Mapping\LocationEntity-2024-329-2024-363.csv.gz 
2024-12-11 19:32:39.4577 [INFO] Start processing Payroll CSV: C:\Users\varadharaj\AppData\Local\Temp\TimeClockChangeEntity-2024-308-2024-342.csv at 12/11/2024 7:32:39 PM 
2024-12-11 19:32:44.3341 [INFO] Finished processing Manhattan punch CSV: C:\Users\varadharaj\AppData\Local\Temp\TimeClockChangeEntity-2024-308-2024-342.csv at 12/11/2024 7:32:44 PM 
2024-12-11 19:32:44.3341 [INFO] Time taken to process the file: 4.88 seconds. 
2024-12-11 19:32:44.3341 [INFO] C:\Users\varadharaj\AppData\Local\Temp\TimeClockChangeEntity-2024-308-2024-342.csv 
2024-12-11 19:32:44.3341 [INFO] File successfully processed and moved to: D:\Emergere\ConnorsLLC\ConnorsLLC_Project\ProcessFiles_Demo\bin\Debug\net6.0\ManhattanPunchExport/ProcessedFiles\TimeClockChangeEntity-2024-308-2024-342_20241211_193244.csv 
2024-12-11 19:32:44.3341 [INFO] Application Completed Successfully 
2024-12-11 19:57:34.2997 [DEBUG] Application Starting 
2024-12-11 19:57:46.6943 [INFO] Attempting to download file from: /home/fivebelow-uat/outbox/manhattan/TimeClockChangeEntity-2024-308-2024-342.csv 
2024-12-11 19:57:50.3713 [INFO] Latest file downloaded: C:\Users\varadharaj\AppData\Local\Temp\TimeClockChangeEntity-2024-308-2024-342.csv 
2024-12-11 19:57:50.3713 [INFO] No decryption needed for C:\Users\varadharaj\AppData\Local\Temp\TimeClockChangeEntity-2024-308-2024-342.csv 
2024-12-11 19:58:02.1064 [INFO] Downloaded file: LocationEntity-2024-329-2024-363.csv.gz to D:\Emergere\ConnorsLLC\ConnorsLLC_Project\ProcessFiles_Demo\bin\Debug\net6.0\ManhattanPunchExport/Mapping\LocationEntity-2024-329-2024-363.csv.gz 
2024-12-11 19:58:02.6858 [INFO] File has been decompressed to: D:\Emergere\ConnorsLLC\ConnorsLLC_Project\ProcessFiles_Demo\bin\Debug\net6.0\ManhattanPunchExport/Mapping\LocationEntity-2024-329-2024-363.csv 
2024-12-11 19:58:02.6866 [INFO] Deleted the .gz file: D:\Emergere\ConnorsLLC\ConnorsLLC_Project\ProcessFiles_Demo\bin\Debug\net6.0\ManhattanPunchExport/Mapping\LocationEntity-2024-329-2024-363.csv.gz 
2024-12-11 19:58:08.3173 [INFO] Start processing Payroll CSV: C:\Users\varadharaj\AppData\Local\Temp\TimeClockChangeEntity-2024-308-2024-342.csv at 12/11/2024 7:58:08 PM 
2024-12-11 19:58:08.3525 [INFO] Finished processing Manhattan punch CSV: C:\Users\varadharaj\AppData\Local\Temp\TimeClockChangeEntity-2024-308-2024-342.csv at 12/11/2024 7:58:08 PM 
2024-12-11 19:58:08.3525 [INFO] Time taken to process the file: 0.04 seconds. 
2024-12-11 19:58:08.3525 [INFO] C:\Users\varadharaj\AppData\Local\Temp\TimeClockChangeEntity-2024-308-2024-342.csv 
2024-12-11 19:58:08.3525 [INFO] File successfully processed and moved to: D:\Emergere\ConnorsLLC\ConnorsLLC_Project\ProcessFiles_Demo\bin\Debug\net6.0\ManhattanPunchExport/ProcessedFiles\TimeClockChangeEntity-2024-308-2024-342_20241211_195808.csv 
2024-12-11 19:58:08.3525 [INFO] Application Completed Successfully 
2024-12-11 21:01:59.9800 [DEBUG] Application Starting 
2024-12-11 21:02:13.0829 [INFO] Attempting to download file from: /home/fivebelow-uat/outbox/manhattan/TimeClockChangeEntity-2024-308-2024-342.csv 
2024-12-11 21:02:17.2781 [INFO] Latest file downloaded: C:\Users\varadharaj\AppData\Local\Temp\TimeClockChangeEntity-2024-308-2024-342.csv 
2024-12-11 21:02:17.2834 [INFO] No decryption needed for C:\Users\varadharaj\AppData\Local\Temp\TimeClockChangeEntity-2024-308-2024-342.csv 
2024-12-11 21:02:29.7324 [INFO] Downloaded file: LocationEntity-2024-329-2024-363.csv.gz to D:\Emergere\ConnorsLLC\ConnorsLLC_Project\ProcessFiles_Demo\bin\Debug\net6.0\ManhattanPunchExport/Mapping\LocationEntity-2024-329-2024-363.csv.gz 
2024-12-11 21:02:30.3198 [INFO] File has been decompressed to: D:\Emergere\ConnorsLLC\ConnorsLLC_Project\ProcessFiles_Demo\bin\Debug\net6.0\ManhattanPunchExport/Mapping\LocationEntity-2024-329-2024-363.csv 
2024-12-11 21:02:30.3198 [INFO] Deleted the .gz file: D:\Emergere\ConnorsLLC\ConnorsLLC_Project\ProcessFiles_Demo\bin\Debug\net6.0\ManhattanPunchExport/Mapping\LocationEntity-2024-329-2024-363.csv.gz 
2024-12-11 21:02:30.5310 [INFO] Start processing Payroll CSV: C:\Users\varadharaj\AppData\Local\Temp\TimeClockChangeEntity-2024-308-2024-342.csv at 12/11/2024 9:02:30 PM 
2024-12-11 21:02:30.6119 [INFO] Finished processing Manhattan punch CSV: C:\Users\varadharaj\AppData\Local\Temp\TimeClockChangeEntity-2024-308-2024-342.csv at 12/11/2024 9:02:30 PM 
2024-12-11 21:02:30.6119 [INFO] Time taken to process the file: 0.08 seconds. 
2024-12-11 21:02:30.6119 [INFO] C:\Users\varadharaj\AppData\Local\Temp\TimeClockChangeEntity-2024-308-2024-342.csv 
2024-12-11 21:02:30.6119 [INFO] File successfully processed and moved to: D:\Emergere\ConnorsLLC\ConnorsLLC_Project\ProcessFiles_Demo\bin\Debug\net6.0\ManhattanPunchExport/ProcessedFiles\TimeClockChangeEntity-2024-308-2024-342_20241211_210230.csv 
2024-12-11 21:02:30.6119 [INFO] Application Completed Successfully 
2024-12-11 22:08:56.4352 [DEBUG] Application Starting 
2024-12-11 22:09:09.9175 [INFO] Attempting to download file from: /home/fivebelow-uat/outbox/manhattan/TimeClockChangeEntity-2024-308-2024-342.csv 
2024-12-11 22:09:13.6164 [INFO] Latest file downloaded: C:\Users\varadharaj\AppData\Local\Temp\TimeClockChangeEntity-2024-308-2024-342.csv 
2024-12-11 22:09:13.6164 [INFO] No decryption needed for C:\Users\varadharaj\AppData\Local\Temp\TimeClockChangeEntity-2024-308-2024-342.csv 
2024-12-11 22:09:25.2441 [INFO] Downloaded file: LocationEntity-2024-329-2024-363.csv.gz to D:\Emergere\ConnorsLLC\ConnorsLLC_Project\ProcessFiles_Demo\bin\Debug\net6.0\ManhattanPunchExport/Mapping\LocationEntity-2024-329-2024-363.csv.gz 
2024-12-11 22:09:25.9084 [INFO] File has been decompressed to: D:\Emergere\ConnorsLLC\ConnorsLLC_Project\ProcessFiles_Demo\bin\Debug\net6.0\ManhattanPunchExport/Mapping\LocationEntity-2024-329-2024-363.csv 
2024-12-11 22:09:25.9084 [INFO] Deleted the .gz file: D:\Emergere\ConnorsLLC\ConnorsLLC_Project\ProcessFiles_Demo\bin\Debug\net6.0\ManhattanPunchExport/Mapping\LocationEntity-2024-329-2024-363.csv.gz 
2024-12-11 22:09:26.0027 [INFO] Start processing Payroll CSV: C:\Users\varadharaj\AppData\Local\Temp\TimeClockChangeEntity-2024-308-2024-342.csv at 12/11/2024 10:09:26 PM 
2024-12-11 22:09:26.0308 [INFO] Finished processing Manhattan punch CSV: C:\Users\varadharaj\AppData\Local\Temp\TimeClockChangeEntity-2024-308-2024-342.csv at 12/11/2024 10:09:26 PM 
2024-12-11 22:09:26.0308 [INFO] Time taken to process the file: 0.03 seconds. 
2024-12-11 22:09:26.0308 [INFO] C:\Users\varadharaj\AppData\Local\Temp\TimeClockChangeEntity-2024-308-2024-342.csv 
2024-12-11 22:09:26.0308 [INFO] File successfully processed and moved to: D:\Emergere\ConnorsLLC\ConnorsLLC_Project\ProcessFiles_Demo\bin\Debug\net6.0\ManhattanPunchExport/ProcessedFiles\TimeClockChangeEntity-2024-308-2024-342_20241211_220926.csv 
2024-12-11 22:09:26.0308 [INFO] Application Completed Successfully 
