2024-12-17 12:47:48.2395 [DEBUG] Application Starting 
2024-12-17 12:47:58.7028 [INFO] Attempting to download file from: /home/fivebelow-uat/outbox/manhattan/TimeClockChangeEntity-2024-308-2024-342.csv 
2024-12-17 12:48:02.8306 [INFO] Latest file downloaded: C:\Users\varadharaj\AppData\Local\Temp\TimeClockChangeEntity-2024-308-2024-342.csv 
2024-12-17 12:48:02.8372 [INFO] No decryption needed for C:\Users\varadharaj\AppData\Local\Temp\TimeClockChangeEntity-2024-308-2024-342.csv 
2024-12-17 12:48:03.1145 [INFO] Start processing Payroll CSV: C:\Users\varadharaj\AppData\Local\Temp\TimeClockChangeEntity-2024-308-2024-342.csv at 12/17/2024 12:48:03 PM 
2024-12-17 12:48:03.1272 [INFO] Location mapping not found for LocationExternalId: 1358 
2024-12-17 12:48:03.1272 [INFO] Location mapping not found for LocationExternalId: 1358 
2024-12-17 12:48:03.1272 [INFO] Location mapping not found for LocationExternalId: 1359 
2024-12-17 12:48:03.1272 [INFO] Location mapping not found for LocationExternalId: 1359 
2024-12-17 12:48:03.1272 [INFO] Location mapping not found for LocationExternalId: 1359 
2024-12-17 12:48:03.1272 [INFO] Location mapping not found for LocationExternalId: 1359 
2024-12-17 12:48:03.1272 [INFO] Location mapping not found for LocationExternalId: 1301 
2024-12-17 12:48:03.1272 [INFO] Location mapping not found for LocationExternalId: 1301 
2024-12-17 12:48:03.1272 [INFO] Location mapping not found for LocationExternalId: 3010 
2024-12-17 12:48:03.1272 [INFO] Location mapping not found for LocationExternalId: 3010 
2024-12-17 12:48:03.1272 [INFO] Location mapping not found for LocationExternalId: 3010 
2024-12-17 12:48:03.1272 [INFO] Location mapping not found for LocationExternalId: 3010 
2024-12-17 12:48:03.1272 [INFO] Location mapping not found for LocationExternalId: 3010 
2024-12-17 12:48:03.1272 [INFO] Location mapping not found for LocationExternalId: 3010 
2024-12-17 12:48:03.1272 [INFO] Location mapping not found for LocationExternalId: 3010 
2024-12-17 12:48:03.1272 [INFO] Location mapping not found for LocationExternalId: 3010 
2024-12-17 12:48:03.1272 [INFO] Location mapping not found for LocationExternalId: 3010 
2024-12-17 12:48:03.1272 [INFO] Location mapping not found for LocationExternalId: 3010 
2024-12-17 12:48:03.1272 [INFO] Location mapping not found for LocationExternalId: 3010 
2024-12-17 12:48:03.1272 [INFO] Location mapping not found for LocationExternalId: 3010 
2024-12-17 12:48:03.1272 [INFO] Location mapping not found for LocationExternalId: 6054 
2024-12-17 12:48:03.1272 [INFO] Location mapping not found for LocationExternalId: 6054 
2024-12-17 12:48:03.1401 [INFO] Location mapping not found for LocationExternalId: 6025 
2024-12-17 12:48:03.1401 [INFO] Location mapping not found for LocationExternalId: 6025 
2024-12-17 12:48:03.1401 [INFO] Location mapping not found for LocationExternalId: 6025 
2024-12-17 12:48:03.1401 [INFO] Location mapping not found for LocationExternalId: 6025 
2024-12-17 12:48:03.1401 [INFO] Location mapping not found for LocationExternalId: 6025 
2024-12-17 12:48:03.1401 [INFO] Location mapping not found for LocationExternalId: 6025 
2024-12-17 12:48:03.1401 [INFO] Location mapping not found for LocationExternalId: 106 
2024-12-17 12:48:03.1401 [INFO] Location mapping not found for LocationExternalId: 106 
2024-12-17 12:48:03.1401 [INFO] Location mapping not found for LocationExternalId: 106 
2024-12-17 12:48:03.1401 [INFO] Location mapping not found for LocationExternalId: 106 
2024-12-17 12:48:03.1401 [INFO] Location mapping not found for LocationExternalId: 106 
2024-12-17 12:48:03.1401 [INFO] Location mapping not found for LocationExternalId: 106 
2024-12-17 12:48:03.1401 [INFO] Location mapping not found for LocationExternalId: 106 
2024-12-17 12:48:03.1401 [INFO] Location mapping not found for LocationExternalId: 106 
2024-12-17 12:48:03.1401 [INFO] Location mapping not found for LocationExternalId: 106 
2024-12-17 12:48:03.1401 [INFO] Location mapping not found for LocationExternalId: 106 
2024-12-17 12:48:03.1401 [INFO] Location mapping not found for LocationExternalId: 106 
2024-12-17 12:48:03.1401 [INFO] Location mapping not found for LocationExternalId: 241 
2024-12-17 12:48:03.1401 [INFO] Location mapping not found for LocationExternalId: 241 
2024-12-17 12:48:03.1401 [INFO] Location mapping not found for LocationExternalId: 241 
2024-12-17 12:48:03.1401 [INFO] Location mapping not found for LocationExternalId: 241 
2024-12-17 12:48:03.1401 [INFO] Location mapping not found for LocationExternalId: 241 
2024-12-17 12:48:03.1401 [INFO] Location mapping not found for LocationExternalId: 241 
2024-12-17 12:48:03.1401 [INFO] Location mapping not found for LocationExternalId: 100 
2024-12-17 12:48:03.1401 [INFO] Location mapping not found for LocationExternalId: 100 
2024-12-17 12:48:03.1401 [INFO] Location mapping not found for LocationExternalId: 100 
2024-12-17 12:48:03.1401 [INFO] Location mapping not found for LocationExternalId: 100 
2024-12-17 12:48:03.1401 [INFO] Location mapping not found for LocationExternalId: 100 
2024-12-17 12:48:03.1401 [INFO] Location mapping not found for LocationExternalId: 100 
2024-12-17 12:48:03.1401 [INFO] Location mapping not found for LocationExternalId: 100 
2024-12-17 12:48:03.1401 [INFO] Location mapping not found for LocationExternalId: 100 
2024-12-17 12:48:03.1401 [INFO] Location mapping not found for LocationExternalId: 100 
2024-12-17 12:48:03.1401 [INFO] Location mapping not found for LocationExternalId: 100 
2024-12-17 12:48:03.1401 [INFO] Location mapping not found for LocationExternalId: 100 
2024-12-17 12:48:03.1401 [INFO] Location mapping not found for LocationExternalId: 100 
2024-12-17 12:48:03.1401 [INFO] Location mapping not found for LocationExternalId: 100 
2024-12-17 12:48:03.1401 [INFO] Location mapping not found for LocationExternalId: 100 
2024-12-17 12:48:03.1401 [INFO] Location mapping not found for LocationExternalId: 100 
2024-12-17 12:48:03.1401 [INFO] Location mapping not found for LocationExternalId: 100 
2024-12-17 12:48:03.1401 [INFO] Location mapping not found for LocationExternalId: 100 
2024-12-17 12:48:03.1401 [INFO] Location mapping not found for LocationExternalId: 100 
2024-12-17 12:48:03.1401 [INFO] Location mapping not found for LocationExternalId: 100 
2024-12-17 12:48:03.1401 [INFO] Location mapping not found for LocationExternalId: 100 
2024-12-17 12:48:03.1401 [INFO] Location mapping not found for LocationExternalId: 100 
2024-12-17 12:48:03.1401 [INFO] Location mapping not found for LocationExternalId: 100 
2024-12-17 12:48:03.1401 [INFO] Location mapping not found for LocationExternalId: 100 
2024-12-17 12:48:03.1401 [INFO] Location mapping not found for LocationExternalId: 100 
2024-12-17 12:48:03.1401 [INFO] Location mapping not found for LocationExternalId: 100 
2024-12-17 12:48:03.1401 [INFO] Location mapping not found for LocationExternalId: 100 
2024-12-17 12:48:03.1401 [INFO] Location mapping not found for LocationExternalId: 410 
2024-12-17 12:48:03.1546 [INFO] Location mapping not found for LocationExternalId: 410 
2024-12-17 12:48:03.1546 [INFO] Location mapping not found for LocationExternalId: 100 
2024-12-17 12:48:03.1546 [INFO] Location mapping not found for LocationExternalId: 100 
2024-12-17 12:48:03.1546 [INFO] Location mapping not found for LocationExternalId: 100 
2024-12-17 12:48:03.1546 [INFO] Location mapping not found for LocationExternalId: 100 
2024-12-17 12:48:03.1546 [INFO] Location mapping not found for LocationExternalId: 100 
2024-12-17 12:48:03.1546 [INFO] Location mapping not found for LocationExternalId: 100 
2024-12-17 12:48:03.1546 [INFO] Location mapping not found for LocationExternalId: 99200 
2024-12-17 12:48:03.1546 [INFO] Location mapping not found for LocationExternalId: 478 
2024-12-17 12:48:03.1546 [INFO] Location mapping not found for LocationExternalId: 478 
2024-12-17 12:48:03.1546 [INFO] Location mapping not found for LocationExternalId: 478 
2024-12-17 12:48:03.1546 [INFO] Location mapping not found for LocationExternalId: 75000_ET 
2024-12-17 12:48:03.1546 [INFO] Location mapping not found for LocationExternalId: 75000_ET 
2024-12-17 12:48:03.1546 [INFO] Location mapping not found for LocationExternalId: 75000 
2024-12-17 12:48:03.1546 [INFO] Location mapping not found for LocationExternalId: 75000_ET 
2024-12-17 12:48:03.1546 [INFO] Location mapping not found for LocationExternalId: 75000_ET 
2024-12-17 12:48:03.1546 [INFO] Location mapping not found for LocationExternalId: 75000_ET 
2024-12-17 12:48:03.1546 [INFO] Location mapping not found for LocationExternalId: 75000_ET 
2024-12-17 12:48:03.1546 [INFO] Location mapping not found for LocationExternalId: 75000_ET 
2024-12-17 12:48:03.1546 [INFO] Location mapping not found for LocationExternalId: 75000_ET 
2024-12-17 12:48:03.1546 [INFO] Location mapping not found for LocationExternalId: 73000_ET 
2024-12-17 12:48:03.1546 [INFO] Location mapping not found for LocationExternalId: 73000_ET 
2024-12-17 12:48:03.1546 [INFO] Location mapping not found for LocationExternalId: 121 
2024-12-17 12:48:03.1546 [INFO] Location mapping not found for LocationExternalId: 121 
2024-12-17 12:48:03.1546 [INFO] Location mapping not found for LocationExternalId: 121 
2024-12-17 12:48:03.1546 [INFO] Location mapping not found for LocationExternalId: 73000_ET 
2024-12-17 12:48:03.1546 [INFO] Location mapping not found for LocationExternalId: 73000 
2024-12-17 12:48:03.1546 [INFO] Location mapping not found for LocationExternalId: 73000_ET 
2024-12-17 12:48:03.1546 [INFO] Location mapping not found for LocationExternalId: 121 
2024-12-17 12:48:03.1546 [INFO] Location mapping not found for LocationExternalId: 6187 
2024-12-17 12:48:03.1546 [INFO] Location mapping not found for LocationExternalId: 6187 
2024-12-17 12:48:03.1546 [INFO] Location mapping not found for LocationExternalId: 6187 
2024-12-17 12:48:03.1546 [INFO] Location mapping not found for LocationExternalId: 6187 
2024-12-17 12:48:03.1546 [INFO] Location mapping not found for LocationExternalId: 6187 
2024-12-17 12:48:03.1546 [INFO] Location mapping not found for LocationExternalId: 6187 
2024-12-17 12:48:03.1546 [INFO] Location mapping not found for LocationExternalId: 6187 
2024-12-17 12:48:03.1546 [INFO] Location mapping not found for LocationExternalId: 120 
2024-12-17 12:48:03.1546 [INFO] Location mapping not found for LocationExternalId: 120 
2024-12-17 12:48:03.1546 [INFO] Location mapping not found for LocationExternalId: 120 
2024-12-17 12:48:03.1546 [INFO] Location mapping not found for LocationExternalId: 3094 
2024-12-17 12:48:03.1546 [INFO] Location mapping not found for LocationExternalId: 3094 
2024-12-17 12:48:03.1546 [INFO] Location mapping not found for LocationExternalId: 3094 
2024-12-17 12:48:03.1546 [INFO] Location mapping not found for LocationExternalId: 3094 
2024-12-17 12:48:03.1546 [INFO] Location mapping not found for LocationExternalId: 3094 
2024-12-17 12:48:03.1546 [INFO] Location mapping not found for LocationExternalId: 3094 
2024-12-17 12:48:03.1546 [INFO] Location mapping not found for LocationExternalId: 125 
2024-12-17 12:48:03.1546 [INFO] Location mapping not found for LocationExternalId: 125 
2024-12-17 12:48:03.1546 [INFO] Location mapping not found for LocationExternalId: 125 
2024-12-17 12:48:03.1546 [INFO] Location mapping not found for LocationExternalId: 125 
2024-12-17 12:48:03.1546 [INFO] Location mapping not found for LocationExternalId: 125 
2024-12-17 12:48:03.1546 [INFO] Location mapping not found for LocationExternalId: 125 
2024-12-17 12:48:03.1546 [INFO] Location mapping not found for LocationExternalId: 125 
2024-12-17 12:48:03.1546 [INFO] Location mapping not found for LocationExternalId: 125 
2024-12-17 12:48:03.1546 [INFO] Location mapping not found for LocationExternalId: 125 
2024-12-17 12:48:03.1546 [INFO] Location mapping not found for LocationExternalId: 251 
2024-12-17 12:48:03.1546 [INFO] Location mapping not found for LocationExternalId: 251 
2024-12-17 12:48:03.1546 [INFO] Location mapping not found for LocationExternalId: 251 
2024-12-17 12:48:03.1704 [INFO] Location mapping not found for LocationExternalId: 251 
2024-12-17 12:48:03.1704 [INFO] Location mapping not found for LocationExternalId: 251 
2024-12-17 12:48:03.1704 [INFO] Location mapping not found for LocationExternalId: 251 
2024-12-17 12:48:03.1704 [INFO] Location mapping not found for LocationExternalId: 251 
2024-12-17 12:48:03.1704 [INFO] Location mapping not found for LocationExternalId: 251 
2024-12-17 12:48:03.1704 [INFO] Location mapping not found for LocationExternalId: 251 
2024-12-17 12:48:03.1901 [INFO] Location mapping not found for LocationExternalId: 251 
2024-12-17 12:48:03.1901 [INFO] Location mapping not found for LocationExternalId: 251 
2024-12-17 12:48:03.1901 [INFO] Location mapping not found for LocationExternalId: 251 
2024-12-17 12:48:03.1901 [INFO] Location mapping not found for LocationExternalId: 125 
2024-12-17 12:48:03.1901 [INFO] Location mapping not found for LocationExternalId: 125 
2024-12-17 12:48:03.1901 [INFO] Location mapping not found for LocationExternalId: 125 
2024-12-17 12:48:03.1901 [INFO] Location mapping not found for LocationExternalId: 125 
2024-12-17 12:48:03.1901 [INFO] Location mapping not found for LocationExternalId: 125 
2024-12-17 12:48:03.1901 [INFO] Location mapping not found for LocationExternalId: 125 
2024-12-17 12:48:03.1901 [INFO] Location mapping not found for LocationExternalId: 919 
2024-12-17 12:48:03.1901 [INFO] Location mapping not found for LocationExternalId: 919 
2024-12-17 12:48:03.1901 [INFO] Location mapping not found for LocationExternalId: 919 
2024-12-17 12:48:03.1901 [INFO] Location mapping not found for LocationExternalId: 919 
2024-12-17 12:48:03.1901 [INFO] Location mapping not found for LocationExternalId: 919 
2024-12-17 12:51:21.6640 [DEBUG] Application Starting 
2024-12-17 12:51:34.1978 [INFO] Attempting to download file from: /home/fivebelow-uat/outbox/manhattan/TimeClockChangeEntity-2024-308-2024-342.csv 
2024-12-17 12:51:37.9054 [INFO] Latest file downloaded: C:\Users\varadharaj\AppData\Local\Temp\TimeClockChangeEntity-2024-308-2024-342.csv 
2024-12-17 12:51:37.9054 [INFO] No decryption needed for C:\Users\varadharaj\AppData\Local\Temp\TimeClockChangeEntity-2024-308-2024-342.csv 
2024-12-17 12:51:38.1758 [INFO] Start processing Payroll CSV: C:\Users\varadharaj\AppData\Local\Temp\TimeClockChangeEntity-2024-308-2024-342.csv at 12/17/2024 12:51:38 PM 
2024-12-17 12:51:38.1758 [INFO] Location mapping not found for LocationExternalId: 1358 
2024-12-17 12:51:38.1870 [INFO] Location mapping not found for LocationExternalId: 1358 
2024-12-17 12:51:38.1870 [INFO] Location mapping not found for LocationExternalId: 1359 
2024-12-17 12:51:38.1870 [INFO] Location mapping not found for LocationExternalId: 1359 
2024-12-17 12:51:38.1870 [INFO] Location mapping not found for LocationExternalId: 1359 
2024-12-17 12:51:38.1870 [INFO] Location mapping not found for LocationExternalId: 1359 
2024-12-17 12:51:38.1870 [INFO] Location mapping not found for LocationExternalId: 1301 
2024-12-17 12:51:38.1870 [INFO] Location mapping not found for LocationExternalId: 1301 
2024-12-17 12:51:38.1870 [INFO] Location mapping not found for LocationExternalId: 3010 
2024-12-17 12:51:38.1870 [INFO] Location mapping not found for LocationExternalId: 3010 
2024-12-17 12:51:38.1870 [INFO] Location mapping not found for LocationExternalId: 3010 
2024-12-17 12:51:38.1870 [INFO] Location mapping not found for LocationExternalId: 3010 
2024-12-17 12:51:38.1870 [INFO] Location mapping not found for LocationExternalId: 3010 
2024-12-17 12:51:38.1870 [INFO] Location mapping not found for LocationExternalId: 3010 
2024-12-17 12:51:38.1870 [INFO] Location mapping not found for LocationExternalId: 3010 
2024-12-17 12:51:38.1870 [INFO] Location mapping not found for LocationExternalId: 3010 
2024-12-17 12:51:38.1870 [INFO] Location mapping not found for LocationExternalId: 3010 
2024-12-17 12:51:38.1870 [INFO] Location mapping not found for LocationExternalId: 3010 
2024-12-17 12:51:38.1870 [INFO] Location mapping not found for LocationExternalId: 3010 
2024-12-17 12:51:38.1870 [INFO] Location mapping not found for LocationExternalId: 3010 
2024-12-17 12:51:38.1870 [INFO] Location mapping not found for LocationExternalId: 6054 
2024-12-17 12:51:38.1870 [INFO] Location mapping not found for LocationExternalId: 6054 
2024-12-17 12:51:38.1870 [INFO] Location mapping not found for LocationExternalId: 6025 
2024-12-17 12:51:38.1870 [INFO] Location mapping not found for LocationExternalId: 6025 
2024-12-17 12:51:38.1870 [INFO] Location mapping not found for LocationExternalId: 6025 
2024-12-17 12:51:38.1870 [INFO] Location mapping not found for LocationExternalId: 6025 
2024-12-17 12:51:38.1870 [INFO] Location mapping not found for LocationExternalId: 6025 
2024-12-17 12:51:38.1870 [INFO] Location mapping not found for LocationExternalId: 6025 
2024-12-17 12:51:38.1870 [INFO] Location mapping not found for LocationExternalId: 106 
2024-12-17 12:51:38.1870 [INFO] Location mapping not found for LocationExternalId: 106 
2024-12-17 12:51:38.1870 [INFO] Location mapping not found for LocationExternalId: 106 
2024-12-17 12:51:38.1870 [INFO] Location mapping not found for LocationExternalId: 106 
2024-12-17 12:51:38.1870 [INFO] Location mapping not found for LocationExternalId: 106 
2024-12-17 12:51:38.1870 [INFO] Location mapping not found for LocationExternalId: 106 
2024-12-17 12:51:38.1870 [INFO] Location mapping not found for LocationExternalId: 106 
2024-12-17 12:51:38.1870 [INFO] Location mapping not found for LocationExternalId: 106 
2024-12-17 12:51:38.2028 [INFO] Location mapping not found for LocationExternalId: 106 
2024-12-17 12:51:38.2028 [INFO] Location mapping not found for LocationExternalId: 106 
2024-12-17 12:51:38.2028 [INFO] Location mapping not found for LocationExternalId: 106 
2024-12-17 12:51:38.2028 [INFO] Location mapping not found for LocationExternalId: 241 
2024-12-17 12:51:38.2028 [INFO] Location mapping not found for LocationExternalId: 241 
2024-12-17 12:51:38.2028 [INFO] Location mapping not found for LocationExternalId: 241 
2024-12-17 12:51:38.2028 [INFO] Location mapping not found for LocationExternalId: 241 
2024-12-17 12:51:38.2028 [INFO] Location mapping not found for LocationExternalId: 241 
2024-12-17 12:51:38.2028 [INFO] Location mapping not found for LocationExternalId: 241 
2024-12-17 12:51:38.2028 [INFO] Location mapping not found for LocationExternalId: 100 
2024-12-17 12:51:38.2028 [INFO] Location mapping not found for LocationExternalId: 100 
2024-12-17 12:51:38.2028 [INFO] Location mapping not found for LocationExternalId: 100 
2024-12-17 12:51:38.2028 [INFO] Location mapping not found for LocationExternalId: 100 
2024-12-17 12:51:38.2028 [INFO] Location mapping not found for LocationExternalId: 100 
2024-12-17 12:51:38.2028 [INFO] Location mapping not found for LocationExternalId: 100 
2024-12-17 12:51:38.2028 [INFO] Location mapping not found for LocationExternalId: 100 
2024-12-17 12:51:38.2028 [INFO] Location mapping not found for LocationExternalId: 100 
2024-12-17 12:51:38.2028 [INFO] Location mapping not found for LocationExternalId: 100 
2024-12-17 12:51:38.2028 [INFO] Location mapping not found for LocationExternalId: 100 
2024-12-17 12:51:38.2028 [INFO] Location mapping not found for LocationExternalId: 100 
2024-12-17 12:51:38.2028 [INFO] Location mapping not found for LocationExternalId: 100 
2024-12-17 12:51:38.2028 [INFO] Location mapping not found for LocationExternalId: 100 
2024-12-17 12:51:38.2028 [INFO] Location mapping not found for LocationExternalId: 100 
2024-12-17 12:51:38.2028 [INFO] Location mapping not found for LocationExternalId: 100 
2024-12-17 12:51:38.2028 [INFO] Location mapping not found for LocationExternalId: 100 
2024-12-17 12:51:38.2028 [INFO] Location mapping not found for LocationExternalId: 100 
2024-12-17 12:51:38.2028 [INFO] Location mapping not found for LocationExternalId: 100 
2024-12-17 12:51:38.2028 [INFO] Location mapping not found for LocationExternalId: 100 
2024-12-17 12:51:38.2028 [INFO] Location mapping not found for LocationExternalId: 100 
2024-12-17 12:51:38.2028 [INFO] Location mapping not found for LocationExternalId: 100 
2024-12-17 12:51:38.2028 [INFO] Location mapping not found for LocationExternalId: 100 
2024-12-17 12:51:38.2028 [INFO] Location mapping not found for LocationExternalId: 100 
2024-12-17 12:51:38.2028 [INFO] Location mapping not found for LocationExternalId: 100 
2024-12-17 12:51:38.2028 [INFO] Location mapping not found for LocationExternalId: 100 
2024-12-17 12:51:38.2028 [INFO] Location mapping not found for LocationExternalId: 100 
2024-12-17 12:51:38.2028 [INFO] Location mapping not found for LocationExternalId: 410 
2024-12-17 12:51:38.2028 [INFO] Location mapping not found for LocationExternalId: 410 
2024-12-17 12:51:38.2028 [INFO] Location mapping not found for LocationExternalId: 100 
2024-12-17 12:51:38.2028 [INFO] Location mapping not found for LocationExternalId: 100 
2024-12-17 12:51:38.2028 [INFO] Location mapping not found for LocationExternalId: 100 
2024-12-17 12:51:38.2028 [INFO] Location mapping not found for LocationExternalId: 100 
2024-12-17 12:51:38.2028 [INFO] Location mapping not found for LocationExternalId: 100 
2024-12-17 12:51:38.2028 [INFO] Location mapping not found for LocationExternalId: 100 
2024-12-17 12:51:38.2028 [INFO] Location mapping not found for LocationExternalId: 99200 
2024-12-17 12:51:38.2028 [INFO] Location mapping not found for LocationExternalId: 478 
2024-12-17 12:51:38.2028 [INFO] Location mapping not found for LocationExternalId: 478 
2024-12-17 12:51:38.2028 [INFO] Location mapping not found for LocationExternalId: 478 
2024-12-17 12:51:38.2028 [INFO] Location mapping not found for LocationExternalId: 75000_ET 
2024-12-17 12:51:38.2028 [INFO] Location mapping not found for LocationExternalId: 75000_ET 
2024-12-17 12:51:38.2028 [INFO] Location mapping not found for LocationExternalId: 75000 
2024-12-17 12:51:38.2028 [INFO] Location mapping not found for LocationExternalId: 75000_ET 
2024-12-17 12:51:38.2028 [INFO] Location mapping not found for LocationExternalId: 75000_ET 
2024-12-17 12:51:38.2028 [INFO] Location mapping not found for LocationExternalId: 75000_ET 
2024-12-17 12:51:38.2028 [INFO] Location mapping not found for LocationExternalId: 75000_ET 
2024-12-17 12:51:38.2028 [INFO] Location mapping not found for LocationExternalId: 75000_ET 
2024-12-17 12:51:38.2028 [INFO] Location mapping not found for LocationExternalId: 75000_ET 
2024-12-17 12:51:38.2028 [INFO] Location mapping not found for LocationExternalId: 73000_ET 
2024-12-17 12:51:38.2028 [INFO] Location mapping not found for LocationExternalId: 73000_ET 
2024-12-17 12:51:38.2185 [INFO] Location mapping not found for LocationExternalId: 121 
2024-12-17 12:51:38.2185 [INFO] Location mapping not found for LocationExternalId: 121 
2024-12-17 12:51:38.2185 [INFO] Location mapping not found for LocationExternalId: 121 
2024-12-17 12:51:38.2185 [INFO] Location mapping not found for LocationExternalId: 73000_ET 
2024-12-17 12:51:38.2185 [INFO] Location mapping not found for LocationExternalId: 73000 
2024-12-17 12:51:38.2185 [INFO] Location mapping not found for LocationExternalId: 73000_ET 
2024-12-17 12:51:38.2185 [INFO] Location mapping not found for LocationExternalId: 121 
2024-12-17 12:51:38.2185 [INFO] Location mapping not found for LocationExternalId: 6187 
2024-12-17 12:51:38.2185 [INFO] Location mapping not found for LocationExternalId: 6187 
2024-12-17 12:51:38.2185 [INFO] Location mapping not found for LocationExternalId: 6187 
2024-12-17 12:51:38.2185 [INFO] Location mapping not found for LocationExternalId: 6187 
2024-12-17 12:51:38.2185 [INFO] Location mapping not found for LocationExternalId: 6187 
2024-12-17 12:51:38.2185 [INFO] Location mapping not found for LocationExternalId: 6187 
2024-12-17 12:51:38.2185 [INFO] Location mapping not found for LocationExternalId: 6187 
2024-12-17 12:51:38.2185 [INFO] Location mapping not found for LocationExternalId: 120 
2024-12-17 12:51:38.2185 [INFO] Location mapping not found for LocationExternalId: 120 
2024-12-17 12:51:38.2185 [INFO] Location mapping not found for LocationExternalId: 120 
2024-12-17 12:51:38.2185 [INFO] Location mapping not found for LocationExternalId: 3094 
2024-12-17 12:51:38.2185 [INFO] Location mapping not found for LocationExternalId: 3094 
2024-12-17 12:51:38.2185 [INFO] Location mapping not found for LocationExternalId: 3094 
2024-12-17 12:51:38.2185 [INFO] Location mapping not found for LocationExternalId: 3094 
2024-12-17 12:51:38.2185 [INFO] Location mapping not found for LocationExternalId: 3094 
2024-12-17 12:51:38.2185 [INFO] Location mapping not found for LocationExternalId: 3094 
2024-12-17 12:51:38.2185 [INFO] Location mapping not found for LocationExternalId: 125 
2024-12-17 12:51:38.2185 [INFO] Location mapping not found for LocationExternalId: 125 
2024-12-17 12:51:38.2185 [INFO] Location mapping not found for LocationExternalId: 125 
2024-12-17 12:51:38.2185 [INFO] Location mapping not found for LocationExternalId: 125 
2024-12-17 12:51:38.2185 [INFO] Location mapping not found for LocationExternalId: 125 
2024-12-17 12:51:38.2185 [INFO] Location mapping not found for LocationExternalId: 125 
2024-12-17 12:51:38.2185 [INFO] Location mapping not found for LocationExternalId: 125 
2024-12-17 12:51:38.2185 [INFO] Location mapping not found for LocationExternalId: 125 
2024-12-17 12:51:38.2185 [INFO] Location mapping not found for LocationExternalId: 125 
2024-12-17 12:51:38.2185 [INFO] Location mapping not found for LocationExternalId: 251 
2024-12-17 12:51:38.2185 [INFO] Location mapping not found for LocationExternalId: 251 
2024-12-17 12:51:38.2185 [INFO] Location mapping not found for LocationExternalId: 251 
2024-12-17 12:51:38.2403 [INFO] Location mapping not found for LocationExternalId: 251 
2024-12-17 12:51:38.2403 [INFO] Location mapping not found for LocationExternalId: 251 
2024-12-17 12:51:38.2403 [INFO] Location mapping not found for LocationExternalId: 251 
2024-12-17 12:51:38.2403 [INFO] Location mapping not found for LocationExternalId: 251 
2024-12-17 12:51:38.2728 [INFO] Location mapping not found for LocationExternalId: 251 
2024-12-17 12:51:38.2728 [INFO] Location mapping not found for LocationExternalId: 251 
2024-12-17 12:51:38.2728 [INFO] Location mapping not found for LocationExternalId: 251 
2024-12-17 12:51:38.2728 [INFO] Location mapping not found for LocationExternalId: 251 
2024-12-17 12:51:38.2728 [INFO] Location mapping not found for LocationExternalId: 251 
2024-12-17 12:51:38.2728 [INFO] Location mapping not found for LocationExternalId: 125 
2024-12-17 12:51:38.2728 [INFO] Location mapping not found for LocationExternalId: 125 
2024-12-17 12:51:38.2728 [INFO] Location mapping not found for LocationExternalId: 125 
2024-12-17 12:51:38.2728 [INFO] Location mapping not found for LocationExternalId: 125 
2024-12-17 12:51:38.2728 [INFO] Location mapping not found for LocationExternalId: 125 
2024-12-17 12:51:38.2728 [INFO] Location mapping not found for LocationExternalId: 125 
2024-12-17 12:51:38.2728 [INFO] Location mapping not found for LocationExternalId: 919 
2024-12-17 12:51:38.2728 [INFO] Location mapping not found for LocationExternalId: 919 
2024-12-17 12:51:38.2728 [INFO] Location mapping not found for LocationExternalId: 919 
2024-12-17 12:51:38.2728 [INFO] Location mapping not found for LocationExternalId: 919 
2024-12-17 12:51:38.2728 [INFO] Location mapping not found for LocationExternalId: 919 
2024-12-17 12:56:31.1950 [DEBUG] Application Starting 
2024-12-17 12:56:43.6241 [INFO] Attempting to download file from: /home/fivebelow-uat/outbox/manhattan/TimeClockChangeEntity-2024-308-2024-342.csv 
2024-12-17 12:56:47.6410 [INFO] Latest file downloaded: C:\Users\varadharaj\AppData\Local\Temp\TimeClockChangeEntity-2024-308-2024-342.csv 
2024-12-17 12:56:47.6448 [INFO] No decryption needed for C:\Users\varadharaj\AppData\Local\Temp\TimeClockChangeEntity-2024-308-2024-342.csv 
2024-12-17 12:56:47.7339 [INFO] Start processing Payroll CSV: C:\Users\varadharaj\AppData\Local\Temp\TimeClockChangeEntity-2024-308-2024-342.csv at 12/17/2024 12:56:47 PM 
2024-12-17 12:56:47.7380 [INFO] Location mapping not found for LocationExternalId: 1358 
2024-12-17 12:56:47.7380 [INFO] Location mapping not found for LocationExternalId: 1358 
2024-12-17 12:56:47.7380 [INFO] Location mapping not found for LocationExternalId: 1359 
2024-12-17 12:56:47.7380 [INFO] Location mapping not found for LocationExternalId: 1359 
2024-12-17 12:56:47.7380 [INFO] Location mapping not found for LocationExternalId: 1359 
2024-12-17 12:56:47.7380 [INFO] Location mapping not found for LocationExternalId: 1359 
2024-12-17 12:56:47.7380 [INFO] Location mapping not found for LocationExternalId: 1301 
2024-12-17 12:56:47.7380 [INFO] Location mapping not found for LocationExternalId: 1301 
2024-12-17 12:56:47.7380 [INFO] Location mapping not found for LocationExternalId: 3010 
2024-12-17 12:56:47.7380 [INFO] Location mapping not found for LocationExternalId: 3010 
2024-12-17 12:56:47.7380 [INFO] Location mapping not found for LocationExternalId: 3010 
2024-12-17 12:56:47.7380 [INFO] Location mapping not found for LocationExternalId: 3010 
2024-12-17 12:56:47.7380 [INFO] Location mapping not found for LocationExternalId: 3010 
2024-12-17 12:56:47.7380 [INFO] Location mapping not found for LocationExternalId: 3010 
2024-12-17 12:56:47.7380 [INFO] Location mapping not found for LocationExternalId: 3010 
2024-12-17 12:56:47.7380 [INFO] Location mapping not found for LocationExternalId: 3010 
2024-12-17 12:56:47.7380 [INFO] Location mapping not found for LocationExternalId: 3010 
2024-12-17 12:56:47.7380 [INFO] Location mapping not found for LocationExternalId: 3010 
2024-12-17 12:56:47.7380 [INFO] Location mapping not found for LocationExternalId: 3010 
2024-12-17 12:56:47.7380 [INFO] Location mapping not found for LocationExternalId: 3010 
2024-12-17 12:56:47.7380 [INFO] Location mapping not found for LocationExternalId: 6054 
2024-12-17 12:56:47.7380 [INFO] Location mapping not found for LocationExternalId: 6054 
2024-12-17 12:56:47.7380 [INFO] Location mapping not found for LocationExternalId: 6025 
2024-12-17 12:56:47.7380 [INFO] Location mapping not found for LocationExternalId: 6025 
2024-12-17 12:56:47.7380 [INFO] Location mapping not found for LocationExternalId: 6025 
2024-12-17 12:56:47.7380 [INFO] Location mapping not found for LocationExternalId: 6025 
2024-12-17 12:56:47.7380 [INFO] Location mapping not found for LocationExternalId: 6025 
2024-12-17 12:56:47.7380 [INFO] Location mapping not found for LocationExternalId: 6025 
2024-12-17 12:56:47.7380 [INFO] Location mapping not found for LocationExternalId: 106 
2024-12-17 12:56:47.7380 [INFO] Location mapping not found for LocationExternalId: 106 
2024-12-17 12:56:47.7380 [INFO] Location mapping not found for LocationExternalId: 106 
2024-12-17 12:56:47.7380 [INFO] Location mapping not found for LocationExternalId: 106 
2024-12-17 12:56:47.7380 [INFO] Location mapping not found for LocationExternalId: 106 
2024-12-17 12:56:47.7380 [INFO] Location mapping not found for LocationExternalId: 106 
2024-12-17 12:56:47.7380 [INFO] Location mapping not found for LocationExternalId: 106 
2024-12-17 12:56:47.7380 [INFO] Location mapping not found for LocationExternalId: 106 
2024-12-17 12:56:47.7380 [INFO] Location mapping not found for LocationExternalId: 106 
2024-12-17 12:56:47.7380 [INFO] Location mapping not found for LocationExternalId: 106 
2024-12-17 12:56:47.7380 [INFO] Location mapping not found for LocationExternalId: 106 
2024-12-17 12:56:47.7380 [INFO] Location mapping not found for LocationExternalId: 241 
2024-12-17 12:56:47.7380 [INFO] Location mapping not found for LocationExternalId: 241 
2024-12-17 12:56:47.7380 [INFO] Location mapping not found for LocationExternalId: 241 
2024-12-17 12:56:47.7380 [INFO] Location mapping not found for LocationExternalId: 241 
2024-12-17 12:56:47.7380 [INFO] Location mapping not found for LocationExternalId: 241 
2024-12-17 12:56:47.7380 [INFO] Location mapping not found for LocationExternalId: 241 
2024-12-17 12:56:47.7380 [INFO] Location mapping not found for LocationExternalId: 100 
2024-12-17 12:56:47.7380 [INFO] Location mapping not found for LocationExternalId: 100 
2024-12-17 12:56:47.7380 [INFO] Location mapping not found for LocationExternalId: 100 
2024-12-17 12:56:47.7380 [INFO] Location mapping not found for LocationExternalId: 100 
2024-12-17 12:56:47.7380 [INFO] Location mapping not found for LocationExternalId: 100 
2024-12-17 12:56:47.7380 [INFO] Location mapping not found for LocationExternalId: 100 
2024-12-17 12:56:47.7380 [INFO] Location mapping not found for LocationExternalId: 100 
2024-12-17 12:56:47.7380 [INFO] Location mapping not found for LocationExternalId: 100 
2024-12-17 12:56:47.7380 [INFO] Location mapping not found for LocationExternalId: 100 
2024-12-17 12:56:47.7380 [INFO] Location mapping not found for LocationExternalId: 100 
2024-12-17 12:56:47.7380 [INFO] Location mapping not found for LocationExternalId: 100 
2024-12-17 12:56:47.7380 [INFO] Location mapping not found for LocationExternalId: 100 
2024-12-17 12:56:47.7380 [INFO] Location mapping not found for LocationExternalId: 100 
2024-12-17 12:56:47.7380 [INFO] Location mapping not found for LocationExternalId: 100 
2024-12-17 12:56:47.7380 [INFO] Location mapping not found for LocationExternalId: 100 
2024-12-17 12:56:47.7380 [INFO] Location mapping not found for LocationExternalId: 100 
2024-12-17 12:56:47.7380 [INFO] Location mapping not found for LocationExternalId: 100 
2024-12-17 12:56:47.7380 [INFO] Location mapping not found for LocationExternalId: 100 
2024-12-17 12:56:47.7380 [INFO] Location mapping not found for LocationExternalId: 100 
2024-12-17 12:56:47.7380 [INFO] Location mapping not found for LocationExternalId: 100 
2024-12-17 12:56:47.7380 [INFO] Location mapping not found for LocationExternalId: 100 
2024-12-17 12:56:47.7380 [INFO] Location mapping not found for LocationExternalId: 100 
2024-12-17 12:56:47.7380 [INFO] Location mapping not found for LocationExternalId: 100 
2024-12-17 12:56:47.7380 [INFO] Location mapping not found for LocationExternalId: 100 
2024-12-17 12:56:47.7380 [INFO] Location mapping not found for LocationExternalId: 100 
2024-12-17 12:56:47.7380 [INFO] Location mapping not found for LocationExternalId: 100 
2024-12-17 12:56:47.7380 [INFO] Location mapping not found for LocationExternalId: 410 
2024-12-17 12:56:47.7380 [INFO] Location mapping not found for LocationExternalId: 410 
2024-12-17 12:56:47.7380 [INFO] Location mapping not found for LocationExternalId: 100 
2024-12-17 12:56:47.7380 [INFO] Location mapping not found for LocationExternalId: 100 
2024-12-17 12:56:47.7380 [INFO] Location mapping not found for LocationExternalId: 100 
2024-12-17 12:56:47.7380 [INFO] Location mapping not found for LocationExternalId: 100 
2024-12-17 12:56:47.7380 [INFO] Location mapping not found for LocationExternalId: 100 
2024-12-17 12:56:47.7380 [INFO] Location mapping not found for LocationExternalId: 100 
2024-12-17 12:56:47.7380 [INFO] Location mapping not found for LocationExternalId: 99200 
2024-12-17 12:56:47.7380 [INFO] Location mapping not found for LocationExternalId: 478 
2024-12-17 12:56:47.7380 [INFO] Location mapping not found for LocationExternalId: 478 
2024-12-17 12:56:47.7380 [INFO] Location mapping not found for LocationExternalId: 478 
2024-12-17 12:56:47.7380 [INFO] Location mapping not found for LocationExternalId: 75000_ET 
2024-12-17 12:56:47.7380 [INFO] Location mapping not found for LocationExternalId: 75000_ET 
2024-12-17 12:56:47.7380 [INFO] Location mapping not found for LocationExternalId: 75000 
2024-12-17 12:56:47.7380 [INFO] Location mapping not found for LocationExternalId: 75000_ET 
2024-12-17 12:56:47.7380 [INFO] Location mapping not found for LocationExternalId: 75000_ET 
2024-12-17 12:56:47.7380 [INFO] Location mapping not found for LocationExternalId: 75000_ET 
2024-12-17 12:56:47.7380 [INFO] Location mapping not found for LocationExternalId: 75000_ET 
2024-12-17 12:56:47.7380 [INFO] Location mapping not found for LocationExternalId: 75000_ET 
2024-12-17 12:56:47.7380 [INFO] Location mapping not found for LocationExternalId: 75000_ET 
2024-12-17 12:56:47.7380 [INFO] Location mapping not found for LocationExternalId: 73000_ET 
2024-12-17 12:56:47.7380 [INFO] Location mapping not found for LocationExternalId: 73000_ET 
2024-12-17 12:56:47.7380 [INFO] Location mapping not found for LocationExternalId: 121 
2024-12-17 12:56:47.7380 [INFO] Location mapping not found for LocationExternalId: 121 
2024-12-17 12:56:47.7518 [INFO] Location mapping not found for LocationExternalId: 121 
2024-12-17 12:56:47.7518 [INFO] Location mapping not found for LocationExternalId: 73000_ET 
2024-12-17 12:56:47.7518 [INFO] Location mapping not found for LocationExternalId: 73000 
2024-12-17 12:56:47.7518 [INFO] Location mapping not found for LocationExternalId: 73000_ET 
2024-12-17 12:56:47.7518 [INFO] Location mapping not found for LocationExternalId: 121 
2024-12-17 12:56:47.7518 [INFO] Location mapping not found for LocationExternalId: 6187 
2024-12-17 12:56:47.7518 [INFO] Location mapping not found for LocationExternalId: 6187 
2024-12-17 12:56:47.7518 [INFO] Location mapping not found for LocationExternalId: 6187 
2024-12-17 12:56:47.7518 [INFO] Location mapping not found for LocationExternalId: 6187 
2024-12-17 12:56:47.7518 [INFO] Location mapping not found for LocationExternalId: 6187 
2024-12-17 12:56:47.7518 [INFO] Location mapping not found for LocationExternalId: 6187 
2024-12-17 12:56:47.7518 [INFO] Location mapping not found for LocationExternalId: 6187 
2024-12-17 12:56:47.7518 [INFO] Location mapping not found for LocationExternalId: 120 
2024-12-17 12:56:47.7518 [INFO] Location mapping not found for LocationExternalId: 120 
2024-12-17 12:56:47.7518 [INFO] Location mapping not found for LocationExternalId: 120 
2024-12-17 12:56:47.7518 [INFO] Location mapping not found for LocationExternalId: 3094 
2024-12-17 12:56:47.7518 [INFO] Location mapping not found for LocationExternalId: 3094 
2024-12-17 12:56:47.7518 [INFO] Location mapping not found for LocationExternalId: 3094 
2024-12-17 12:56:47.7518 [INFO] Location mapping not found for LocationExternalId: 3094 
2024-12-17 12:56:47.7518 [INFO] Location mapping not found for LocationExternalId: 3094 
2024-12-17 12:56:47.7518 [INFO] Location mapping not found for LocationExternalId: 3094 
2024-12-17 12:56:47.7518 [INFO] Location mapping not found for LocationExternalId: 125 
2024-12-17 12:56:47.7518 [INFO] Location mapping not found for LocationExternalId: 125 
2024-12-17 12:56:47.7518 [INFO] Location mapping not found for LocationExternalId: 125 
2024-12-17 12:56:47.7518 [INFO] Location mapping not found for LocationExternalId: 125 
2024-12-17 12:56:47.7518 [INFO] Location mapping not found for LocationExternalId: 125 
2024-12-17 12:56:47.7518 [INFO] Location mapping not found for LocationExternalId: 125 
2024-12-17 12:56:47.7518 [INFO] Location mapping not found for LocationExternalId: 125 
2024-12-17 12:56:47.7518 [INFO] Location mapping not found for LocationExternalId: 125 
2024-12-17 12:56:47.7518 [INFO] Location mapping not found for LocationExternalId: 125 
2024-12-17 12:56:47.7518 [INFO] Location mapping not found for LocationExternalId: 251 
2024-12-17 12:56:47.7518 [INFO] Location mapping not found for LocationExternalId: 251 
2024-12-17 12:56:47.7518 [INFO] Location mapping not found for LocationExternalId: 251 
2024-12-17 12:56:47.7518 [INFO] Location mapping not found for LocationExternalId: 251 
2024-12-17 12:56:47.7518 [INFO] Location mapping not found for LocationExternalId: 251 
2024-12-17 12:56:47.7518 [INFO] Location mapping not found for LocationExternalId: 251 
2024-12-17 12:56:47.7518 [INFO] Location mapping not found for LocationExternalId: 251 
2024-12-17 12:56:47.7518 [INFO] Location mapping not found for LocationExternalId: 251 
2024-12-17 12:56:47.7518 [INFO] Location mapping not found for LocationExternalId: 251 
2024-12-17 12:56:47.7518 [INFO] Location mapping not found for LocationExternalId: 251 
2024-12-17 12:56:47.7518 [INFO] Location mapping not found for LocationExternalId: 251 
2024-12-17 12:56:47.7518 [INFO] Location mapping not found for LocationExternalId: 251 
2024-12-17 12:56:47.7518 [INFO] Location mapping not found for LocationExternalId: 125 
2024-12-17 12:56:47.7518 [INFO] Location mapping not found for LocationExternalId: 125 
2024-12-17 12:56:47.7518 [INFO] Location mapping not found for LocationExternalId: 125 
2024-12-17 12:56:47.7518 [INFO] Location mapping not found for LocationExternalId: 125 
2024-12-17 12:56:47.7518 [INFO] Location mapping not found for LocationExternalId: 125 
2024-12-17 12:56:47.7518 [INFO] Location mapping not found for LocationExternalId: 125 
2024-12-17 12:56:47.7518 [INFO] Location mapping not found for LocationExternalId: 919 
2024-12-17 12:56:47.7518 [INFO] Location mapping not found for LocationExternalId: 919 
2024-12-17 12:56:47.7518 [INFO] Location mapping not found for LocationExternalId: 919 
2024-12-17 12:56:47.7518 [INFO] Location mapping not found for LocationExternalId: 919 
2024-12-17 12:56:47.7518 [INFO] Location mapping not found for LocationExternalId: 919 
2024-12-17 12:57:30.6482 [DEBUG] Application Starting 
2024-12-17 12:57:42.2303 [INFO] Attempting to download file from: /home/fivebelow-uat/outbox/manhattan/TimeClockChangeEntity-2024-308-2024-342.csv 
2024-12-17 12:57:46.0910 [INFO] Latest file downloaded: C:\Users\varadharaj\AppData\Local\Temp\TimeClockChangeEntity-2024-308-2024-342.csv 
2024-12-17 12:57:46.0910 [INFO] No decryption needed for C:\Users\varadharaj\AppData\Local\Temp\TimeClockChangeEntity-2024-308-2024-342.csv 
2024-12-17 12:57:46.2420 [INFO] Start processing Payroll CSV: C:\Users\varadharaj\AppData\Local\Temp\TimeClockChangeEntity-2024-308-2024-342.csv at 12/17/2024 12:57:46 PM 
2024-12-17 12:57:46.2420 [INFO] Location mapping not found for LocationExternalId: 1358 
2024-12-17 12:57:46.2420 [INFO] Location mapping not found for LocationExternalId: 1358 
2024-12-17 12:57:46.2420 [INFO] Location mapping not found for LocationExternalId: 1359 
2024-12-17 12:57:46.2420 [INFO] Location mapping not found for LocationExternalId: 1359 
2024-12-17 12:57:46.2420 [INFO] Location mapping not found for LocationExternalId: 1359 
2024-12-17 12:57:46.2420 [INFO] Location mapping not found for LocationExternalId: 1359 
2024-12-17 12:57:46.2420 [INFO] Location mapping not found for LocationExternalId: 1301 
2024-12-17 12:57:46.2420 [INFO] Location mapping not found for LocationExternalId: 1301 
2024-12-17 12:57:46.2420 [INFO] Location mapping not found for LocationExternalId: 3010 
2024-12-17 12:57:46.2420 [INFO] Location mapping not found for LocationExternalId: 3010 
2024-12-17 12:57:46.2420 [INFO] Location mapping not found for LocationExternalId: 3010 
2024-12-17 12:57:46.2420 [INFO] Location mapping not found for LocationExternalId: 3010 
2024-12-17 12:57:46.2420 [INFO] Location mapping not found for LocationExternalId: 3010 
2024-12-17 12:57:46.2420 [INFO] Location mapping not found for LocationExternalId: 3010 
2024-12-17 12:57:46.2420 [INFO] Location mapping not found for LocationExternalId: 3010 
2024-12-17 12:57:46.2420 [INFO] Location mapping not found for LocationExternalId: 3010 
2024-12-17 12:57:46.2420 [INFO] Location mapping not found for LocationExternalId: 3010 
2024-12-17 12:57:46.2420 [INFO] Location mapping not found for LocationExternalId: 3010 
2024-12-17 12:57:46.2420 [INFO] Location mapping not found for LocationExternalId: 3010 
2024-12-17 12:57:46.2420 [INFO] Location mapping not found for LocationExternalId: 3010 
2024-12-17 12:57:46.2420 [INFO] Location mapping not found for LocationExternalId: 6054 
2024-12-17 12:57:46.2420 [INFO] Location mapping not found for LocationExternalId: 6054 
2024-12-17 12:57:46.2563 [INFO] Location mapping not found for LocationExternalId: 6025 
2024-12-17 12:57:46.2563 [INFO] Location mapping not found for LocationExternalId: 6025 
2024-12-17 12:57:46.2563 [INFO] Location mapping not found for LocationExternalId: 6025 
2024-12-17 12:57:46.2563 [INFO] Location mapping not found for LocationExternalId: 6025 
2024-12-17 12:57:46.2563 [INFO] Location mapping not found for LocationExternalId: 6025 
2024-12-17 12:57:46.2563 [INFO] Location mapping not found for LocationExternalId: 6025 
2024-12-17 12:57:46.2563 [INFO] Location mapping not found for LocationExternalId: 106 
2024-12-17 12:57:46.2563 [INFO] Location mapping not found for LocationExternalId: 106 
2024-12-17 12:57:46.2563 [INFO] Location mapping not found for LocationExternalId: 106 
2024-12-17 12:57:46.2563 [INFO] Location mapping not found for LocationExternalId: 106 
2024-12-17 12:57:46.2563 [INFO] Location mapping not found for LocationExternalId: 106 
2024-12-17 12:57:46.2563 [INFO] Location mapping not found for LocationExternalId: 106 
2024-12-17 12:57:46.2563 [INFO] Location mapping not found for LocationExternalId: 106 
2024-12-17 12:57:46.2563 [INFO] Location mapping not found for LocationExternalId: 106 
2024-12-17 12:57:46.2563 [INFO] Location mapping not found for LocationExternalId: 106 
2024-12-17 12:57:46.2563 [INFO] Location mapping not found for LocationExternalId: 106 
2024-12-17 12:57:46.2563 [INFO] Location mapping not found for LocationExternalId: 106 
2024-12-17 12:57:46.2563 [INFO] Location mapping not found for LocationExternalId: 241 
2024-12-17 12:57:46.2563 [INFO] Location mapping not found for LocationExternalId: 241 
2024-12-17 12:57:46.2563 [INFO] Location mapping not found for LocationExternalId: 241 
2024-12-17 12:57:46.2563 [INFO] Location mapping not found for LocationExternalId: 241 
2024-12-17 12:57:46.2563 [INFO] Location mapping not found for LocationExternalId: 241 
2024-12-17 12:57:46.2563 [INFO] Location mapping not found for LocationExternalId: 241 
2024-12-17 12:57:46.2563 [INFO] Location mapping not found for LocationExternalId: 100 
2024-12-17 12:57:46.2563 [INFO] Location mapping not found for LocationExternalId: 100 
2024-12-17 12:57:46.2563 [INFO] Location mapping not found for LocationExternalId: 100 
2024-12-17 12:57:46.2563 [INFO] Location mapping not found for LocationExternalId: 100 
2024-12-17 12:57:46.2563 [INFO] Location mapping not found for LocationExternalId: 100 
2024-12-17 12:57:46.2563 [INFO] Location mapping not found for LocationExternalId: 100 
2024-12-17 12:57:46.2563 [INFO] Location mapping not found for LocationExternalId: 100 
2024-12-17 12:57:46.2563 [INFO] Location mapping not found for LocationExternalId: 100 
2024-12-17 12:57:46.2563 [INFO] Location mapping not found for LocationExternalId: 100 
2024-12-17 12:57:46.2563 [INFO] Location mapping not found for LocationExternalId: 100 
2024-12-17 12:57:46.2563 [INFO] Location mapping not found for LocationExternalId: 100 
2024-12-17 12:57:46.2563 [INFO] Location mapping not found for LocationExternalId: 100 
2024-12-17 12:57:46.2563 [INFO] Location mapping not found for LocationExternalId: 100 
2024-12-17 12:57:46.2563 [INFO] Location mapping not found for LocationExternalId: 100 
2024-12-17 12:57:46.2563 [INFO] Location mapping not found for LocationExternalId: 100 
2024-12-17 12:57:46.2563 [INFO] Location mapping not found for LocationExternalId: 100 
2024-12-17 12:57:46.2563 [INFO] Location mapping not found for LocationExternalId: 100 
2024-12-17 12:57:46.2563 [INFO] Location mapping not found for LocationExternalId: 100 
2024-12-17 12:57:46.2563 [INFO] Location mapping not found for LocationExternalId: 100 
2024-12-17 12:57:46.2563 [INFO] Location mapping not found for LocationExternalId: 100 
2024-12-17 12:57:46.2563 [INFO] Location mapping not found for LocationExternalId: 100 
2024-12-17 12:57:46.2563 [INFO] Location mapping not found for LocationExternalId: 100 
2024-12-17 12:57:46.2563 [INFO] Location mapping not found for LocationExternalId: 100 
2024-12-17 12:57:46.2563 [INFO] Location mapping not found for LocationExternalId: 100 
2024-12-17 12:57:46.2563 [INFO] Location mapping not found for LocationExternalId: 100 
2024-12-17 12:57:46.2563 [INFO] Location mapping not found for LocationExternalId: 100 
2024-12-17 12:57:46.2563 [INFO] Location mapping not found for LocationExternalId: 410 
2024-12-17 12:57:46.2563 [INFO] Location mapping not found for LocationExternalId: 410 
2024-12-17 12:57:46.2563 [INFO] Location mapping not found for LocationExternalId: 100 
2024-12-17 12:57:46.2563 [INFO] Location mapping not found for LocationExternalId: 100 
2024-12-17 12:57:46.2563 [INFO] Location mapping not found for LocationExternalId: 100 
2024-12-17 12:57:46.2563 [INFO] Location mapping not found for LocationExternalId: 100 
2024-12-17 12:57:46.2563 [INFO] Location mapping not found for LocationExternalId: 100 
2024-12-17 12:57:46.2563 [INFO] Location mapping not found for LocationExternalId: 100 
2024-12-17 12:57:46.2563 [INFO] Location mapping not found for LocationExternalId: 99200 
2024-12-17 12:57:46.2563 [INFO] Location mapping not found for LocationExternalId: 478 
2024-12-17 12:57:46.2563 [INFO] Location mapping not found for LocationExternalId: 478 
2024-12-17 12:57:46.2563 [INFO] Location mapping not found for LocationExternalId: 478 
2024-12-17 12:57:46.2563 [INFO] Location mapping not found for LocationExternalId: 75000_ET 
2024-12-17 12:57:46.2563 [INFO] Location mapping not found for LocationExternalId: 75000_ET 
2024-12-17 12:57:46.2563 [INFO] Location mapping not found for LocationExternalId: 75000 
2024-12-17 12:57:46.2563 [INFO] Location mapping not found for LocationExternalId: 75000_ET 
2024-12-17 12:57:46.2563 [INFO] Location mapping not found for LocationExternalId: 75000_ET 
2024-12-17 12:57:46.2563 [INFO] Location mapping not found for LocationExternalId: 75000_ET 
2024-12-17 12:57:46.2563 [INFO] Location mapping not found for LocationExternalId: 75000_ET 
2024-12-17 12:57:46.2563 [INFO] Location mapping not found for LocationExternalId: 75000_ET 
2024-12-17 12:57:46.2563 [INFO] Location mapping not found for LocationExternalId: 75000_ET 
2024-12-17 12:57:46.2563 [INFO] Location mapping not found for LocationExternalId: 73000_ET 
2024-12-17 12:57:46.2563 [INFO] Location mapping not found for LocationExternalId: 73000_ET 
2024-12-17 12:57:46.2563 [INFO] Location mapping not found for LocationExternalId: 121 
2024-12-17 12:57:46.2563 [INFO] Location mapping not found for LocationExternalId: 121 
2024-12-17 12:57:46.2563 [INFO] Location mapping not found for LocationExternalId: 121 
2024-12-17 12:57:46.2563 [INFO] Location mapping not found for LocationExternalId: 73000_ET 
2024-12-17 12:57:46.2563 [INFO] Location mapping not found for LocationExternalId: 73000 
2024-12-17 12:57:46.2563 [INFO] Location mapping not found for LocationExternalId: 73000_ET 
2024-12-17 12:57:46.2563 [INFO] Location mapping not found for LocationExternalId: 121 
2024-12-17 12:57:46.2563 [INFO] Location mapping not found for LocationExternalId: 6187 
2024-12-17 12:57:46.2563 [INFO] Location mapping not found for LocationExternalId: 6187 
2024-12-17 12:57:46.2563 [INFO] Location mapping not found for LocationExternalId: 6187 
2024-12-17 12:57:46.2728 [INFO] Location mapping not found for LocationExternalId: 6187 
2024-12-17 12:57:46.2728 [INFO] Location mapping not found for LocationExternalId: 6187 
2024-12-17 12:57:46.2728 [INFO] Location mapping not found for LocationExternalId: 6187 
2024-12-17 12:57:46.2728 [INFO] Location mapping not found for LocationExternalId: 6187 
2024-12-17 12:57:46.2728 [INFO] Location mapping not found for LocationExternalId: 120 
2024-12-17 12:57:46.2728 [INFO] Location mapping not found for LocationExternalId: 120 
2024-12-17 12:57:46.2728 [INFO] Location mapping not found for LocationExternalId: 120 
2024-12-17 12:57:46.2728 [INFO] Location mapping not found for LocationExternalId: 3094 
2024-12-17 12:57:46.2728 [INFO] Location mapping not found for LocationExternalId: 3094 
2024-12-17 12:57:46.2728 [INFO] Location mapping not found for LocationExternalId: 3094 
2024-12-17 12:57:46.2728 [INFO] Location mapping not found for LocationExternalId: 3094 
2024-12-17 12:57:46.2728 [INFO] Location mapping not found for LocationExternalId: 3094 
2024-12-17 12:57:46.2728 [INFO] Location mapping not found for LocationExternalId: 3094 
2024-12-17 12:57:46.2728 [INFO] Location mapping not found for LocationExternalId: 125 
2024-12-17 12:57:46.2728 [INFO] Location mapping not found for LocationExternalId: 125 
2024-12-17 12:57:46.2728 [INFO] Location mapping not found for LocationExternalId: 125 
2024-12-17 12:57:46.2728 [INFO] Location mapping not found for LocationExternalId: 125 
2024-12-17 12:57:46.2728 [INFO] Location mapping not found for LocationExternalId: 125 
2024-12-17 12:57:46.2728 [INFO] Location mapping not found for LocationExternalId: 125 
2024-12-17 12:57:46.2728 [INFO] Location mapping not found for LocationExternalId: 125 
2024-12-17 12:57:46.2728 [INFO] Location mapping not found for LocationExternalId: 125 
2024-12-17 12:57:46.2728 [INFO] Location mapping not found for LocationExternalId: 125 
2024-12-17 12:57:46.2728 [INFO] Location mapping not found for LocationExternalId: 251 
2024-12-17 12:57:46.2728 [INFO] Location mapping not found for LocationExternalId: 251 
2024-12-17 12:57:46.2728 [INFO] Location mapping not found for LocationExternalId: 251 
2024-12-17 12:57:46.2728 [INFO] Location mapping not found for LocationExternalId: 251 
2024-12-17 12:57:46.2728 [INFO] Location mapping not found for LocationExternalId: 251 
2024-12-17 12:57:46.2728 [INFO] Location mapping not found for LocationExternalId: 251 
2024-12-17 12:57:46.2728 [INFO] Location mapping not found for LocationExternalId: 251 
2024-12-17 12:57:46.2728 [INFO] Location mapping not found for LocationExternalId: 251 
2024-12-17 12:57:46.2728 [INFO] Location mapping not found for LocationExternalId: 251 
2024-12-17 12:57:46.2728 [INFO] Location mapping not found for LocationExternalId: 251 
2024-12-17 12:57:46.3080 [INFO] Location mapping not found for LocationExternalId: 251 
2024-12-17 12:57:46.3080 [INFO] Location mapping not found for LocationExternalId: 251 
2024-12-17 12:57:46.3080 [INFO] Location mapping not found for LocationExternalId: 125 
2024-12-17 12:57:46.3080 [INFO] Location mapping not found for LocationExternalId: 125 
2024-12-17 12:57:46.3080 [INFO] Location mapping not found for LocationExternalId: 125 
2024-12-17 12:57:46.3080 [INFO] Location mapping not found for LocationExternalId: 125 
2024-12-17 12:57:46.3080 [INFO] Location mapping not found for LocationExternalId: 125 
2024-12-17 12:57:46.3080 [INFO] Location mapping not found for LocationExternalId: 125 
2024-12-17 12:57:46.3080 [INFO] Location mapping not found for LocationExternalId: 919 
2024-12-17 12:57:46.3080 [INFO] Location mapping not found for LocationExternalId: 919 
2024-12-17 12:57:46.3080 [INFO] Location mapping not found for LocationExternalId: 919 
2024-12-17 12:57:46.3080 [INFO] Location mapping not found for LocationExternalId: 919 
2024-12-17 12:57:46.3080 [INFO] Location mapping not found for LocationExternalId: 919 
2024-12-17 13:54:43.5751 [DEBUG] Application Starting 
2024-12-17 13:54:53.4118 [INFO] Attempting to download file from: /home/fivebelow-uat/outbox/manhattan/TimeClockChangeEntity-2024-308-2024-342.csv 
2024-12-17 13:54:57.1769 [INFO] Latest file downloaded: C:\Users\varadharaj\AppData\Local\Temp\TimeClockChangeEntity-2024-308-2024-342.csv 
2024-12-17 13:54:57.1769 [INFO] No decryption needed for C:\Users\varadharaj\AppData\Local\Temp\TimeClockChangeEntity-2024-308-2024-342.csv 
2024-12-17 13:54:57.2851 [INFO] Start processing Payroll CSV: C:\Users\varadharaj\AppData\Local\Temp\TimeClockChangeEntity-2024-308-2024-342.csv at 12/17/2024 1:54:57 PM 
2024-12-17 13:54:57.2918 [INFO] Location mapping not found for LocationExternalId: 1358 
2024-12-17 13:54:57.2918 [INFO] Location mapping not found for LocationExternalId: 1358 
2024-12-17 13:54:57.2918 [INFO] Location mapping not found for LocationExternalId: 1359 
2024-12-17 13:54:57.2918 [INFO] Location mapping not found for LocationExternalId: 1359 
2024-12-17 13:54:57.2918 [INFO] Location mapping not found for LocationExternalId: 1359 
2024-12-17 13:54:57.2918 [INFO] Location mapping not found for LocationExternalId: 1359 
2024-12-17 13:54:57.2918 [INFO] Location mapping not found for LocationExternalId: 1301 
2024-12-17 13:54:57.2918 [INFO] Location mapping not found for LocationExternalId: 1301 
2024-12-17 13:54:57.2918 [INFO] Location mapping not found for LocationExternalId: 3010 
2024-12-17 13:54:57.2918 [INFO] Location mapping not found for LocationExternalId: 3010 
2024-12-17 13:54:57.2918 [INFO] Location mapping not found for LocationExternalId: 3010 
2024-12-17 13:54:57.2918 [INFO] Location mapping not found for LocationExternalId: 3010 
2024-12-17 13:54:57.2918 [INFO] Location mapping not found for LocationExternalId: 3010 
2024-12-17 13:54:57.2918 [INFO] Location mapping not found for LocationExternalId: 3010 
2024-12-17 13:54:57.2918 [INFO] Location mapping not found for LocationExternalId: 3010 
2024-12-17 13:54:57.2918 [INFO] Location mapping not found for LocationExternalId: 3010 
2024-12-17 13:54:57.2918 [INFO] Location mapping not found for LocationExternalId: 3010 
2024-12-17 13:54:57.2918 [INFO] Location mapping not found for LocationExternalId: 3010 
2024-12-17 13:54:57.2918 [INFO] Location mapping not found for LocationExternalId: 3010 
2024-12-17 13:54:57.2918 [INFO] Location mapping not found for LocationExternalId: 3010 
2024-12-17 13:54:57.2918 [INFO] Location mapping not found for LocationExternalId: 6054 
2024-12-17 13:54:57.2918 [INFO] Location mapping not found for LocationExternalId: 6054 
2024-12-17 13:54:57.2918 [INFO] Location mapping not found for LocationExternalId: 6025 
2024-12-17 13:54:57.2918 [INFO] Location mapping not found for LocationExternalId: 6025 
2024-12-17 13:54:57.2918 [INFO] Location mapping not found for LocationExternalId: 6025 
2024-12-17 13:54:57.2918 [INFO] Location mapping not found for LocationExternalId: 6025 
2024-12-17 13:54:57.2918 [INFO] Location mapping not found for LocationExternalId: 6025 
2024-12-17 13:54:57.2918 [INFO] Location mapping not found for LocationExternalId: 6025 
2024-12-17 13:54:57.2918 [INFO] Location mapping not found for LocationExternalId: 106 
2024-12-17 13:54:57.2918 [INFO] Location mapping not found for LocationExternalId: 106 
2024-12-17 13:54:57.2918 [INFO] Location mapping not found for LocationExternalId: 106 
2024-12-17 13:54:57.2918 [INFO] Location mapping not found for LocationExternalId: 106 
2024-12-17 13:54:57.2918 [INFO] Location mapping not found for LocationExternalId: 106 
2024-12-17 13:54:57.2918 [INFO] Location mapping not found for LocationExternalId: 106 
2024-12-17 13:54:57.2918 [INFO] Location mapping not found for LocationExternalId: 106 
2024-12-17 13:54:57.2918 [INFO] Location mapping not found for LocationExternalId: 106 
2024-12-17 13:54:57.2918 [INFO] Location mapping not found for LocationExternalId: 106 
2024-12-17 13:54:57.2918 [INFO] Location mapping not found for LocationExternalId: 106 
2024-12-17 13:54:57.2918 [INFO] Location mapping not found for LocationExternalId: 106 
2024-12-17 13:54:57.2918 [INFO] Location mapping not found for LocationExternalId: 241 
2024-12-17 13:54:57.2918 [INFO] Location mapping not found for LocationExternalId: 241 
2024-12-17 13:54:57.2918 [INFO] Location mapping not found for LocationExternalId: 241 
2024-12-17 13:54:57.2918 [INFO] Location mapping not found for LocationExternalId: 241 
2024-12-17 13:54:57.2918 [INFO] Location mapping not found for LocationExternalId: 241 
2024-12-17 13:54:57.2918 [INFO] Location mapping not found for LocationExternalId: 241 
2024-12-17 13:54:57.2918 [INFO] Location mapping not found for LocationExternalId: 100 
2024-12-17 13:54:57.2918 [INFO] Location mapping not found for LocationExternalId: 100 
2024-12-17 13:54:57.2918 [INFO] Location mapping not found for LocationExternalId: 100 
2024-12-17 13:54:57.2918 [INFO] Location mapping not found for LocationExternalId: 100 
2024-12-17 13:54:57.2918 [INFO] Location mapping not found for LocationExternalId: 100 
2024-12-17 13:54:57.2918 [INFO] Location mapping not found for LocationExternalId: 100 
2024-12-17 13:54:57.2918 [INFO] Location mapping not found for LocationExternalId: 100 
2024-12-17 13:54:57.2918 [INFO] Location mapping not found for LocationExternalId: 100 
2024-12-17 13:54:57.2918 [INFO] Location mapping not found for LocationExternalId: 100 
2024-12-17 13:54:57.2918 [INFO] Location mapping not found for LocationExternalId: 100 
2024-12-17 13:54:57.2918 [INFO] Location mapping not found for LocationExternalId: 100 
2024-12-17 13:54:57.2918 [INFO] Location mapping not found for LocationExternalId: 100 
2024-12-17 13:54:57.2918 [INFO] Location mapping not found for LocationExternalId: 100 
2024-12-17 13:54:57.2918 [INFO] Location mapping not found for LocationExternalId: 100 
2024-12-17 13:54:57.2918 [INFO] Location mapping not found for LocationExternalId: 100 
2024-12-17 13:54:57.2918 [INFO] Location mapping not found for LocationExternalId: 100 
2024-12-17 13:54:57.2918 [INFO] Location mapping not found for LocationExternalId: 100 
2024-12-17 13:54:57.2918 [INFO] Location mapping not found for LocationExternalId: 100 
2024-12-17 13:54:57.3047 [INFO] Location mapping not found for LocationExternalId: 100 
2024-12-17 13:54:57.3047 [INFO] Location mapping not found for LocationExternalId: 100 
2024-12-17 13:54:57.3047 [INFO] Location mapping not found for LocationExternalId: 100 
2024-12-17 13:54:57.3047 [INFO] Location mapping not found for LocationExternalId: 100 
2024-12-17 13:54:57.3047 [INFO] Location mapping not found for LocationExternalId: 100 
2024-12-17 13:54:57.3047 [INFO] Location mapping not found for LocationExternalId: 100 
2024-12-17 13:54:57.3047 [INFO] Location mapping not found for LocationExternalId: 100 
2024-12-17 13:54:57.3047 [INFO] Location mapping not found for LocationExternalId: 100 
2024-12-17 13:54:57.3047 [INFO] Location mapping not found for LocationExternalId: 410 
2024-12-17 13:54:57.3047 [INFO] Location mapping not found for LocationExternalId: 410 
2024-12-17 13:54:57.3047 [INFO] Location mapping not found for LocationExternalId: 100 
2024-12-17 13:54:57.3047 [INFO] Location mapping not found for LocationExternalId: 100 
2024-12-17 13:54:57.3047 [INFO] Location mapping not found for LocationExternalId: 100 
2024-12-17 13:54:57.3047 [INFO] Location mapping not found for LocationExternalId: 100 
2024-12-17 13:54:57.3047 [INFO] Location mapping not found for LocationExternalId: 100 
2024-12-17 13:54:57.3047 [INFO] Location mapping not found for LocationExternalId: 100 
2024-12-17 13:54:57.3047 [INFO] Location mapping not found for LocationExternalId: 99200 
2024-12-17 13:54:57.3047 [INFO] Location mapping not found for LocationExternalId: 478 
2024-12-17 13:54:57.3047 [INFO] Location mapping not found for LocationExternalId: 478 
2024-12-17 13:54:57.3047 [INFO] Location mapping not found for LocationExternalId: 478 
2024-12-17 13:54:57.3047 [INFO] Location mapping not found for LocationExternalId: 75000_ET 
2024-12-17 13:54:57.3047 [INFO] Location mapping not found for LocationExternalId: 75000_ET 
2024-12-17 13:54:57.3047 [INFO] Location mapping not found for LocationExternalId: 75000 
2024-12-17 13:54:57.3047 [INFO] Location mapping not found for LocationExternalId: 75000_ET 
2024-12-17 13:54:57.3047 [INFO] Location mapping not found for LocationExternalId: 75000_ET 
2024-12-17 13:54:57.3047 [INFO] Location mapping not found for LocationExternalId: 75000_ET 
2024-12-17 13:54:57.3047 [INFO] Location mapping not found for LocationExternalId: 75000_ET 
2024-12-17 13:54:57.3047 [INFO] Location mapping not found for LocationExternalId: 75000_ET 
2024-12-17 13:54:57.3047 [INFO] Location mapping not found for LocationExternalId: 75000_ET 
2024-12-17 13:54:57.3047 [INFO] Location mapping not found for LocationExternalId: 73000_ET 
2024-12-17 13:54:57.3047 [INFO] Location mapping not found for LocationExternalId: 73000_ET 
2024-12-17 13:54:57.3047 [INFO] Location mapping not found for LocationExternalId: 121 
2024-12-17 13:54:57.3047 [INFO] Location mapping not found for LocationExternalId: 121 
2024-12-17 13:54:57.3047 [INFO] Location mapping not found for LocationExternalId: 121 
2024-12-17 13:54:57.3047 [INFO] Location mapping not found for LocationExternalId: 73000_ET 
2024-12-17 13:54:57.3047 [INFO] Location mapping not found for LocationExternalId: 73000 
2024-12-17 13:54:57.3047 [INFO] Location mapping not found for LocationExternalId: 73000_ET 
2024-12-17 13:54:57.3047 [INFO] Location mapping not found for LocationExternalId: 121 
2024-12-17 13:54:57.3047 [INFO] Location mapping not found for LocationExternalId: 6187 
2024-12-17 13:54:57.3047 [INFO] Location mapping not found for LocationExternalId: 6187 
2024-12-17 13:54:57.3047 [INFO] Location mapping not found for LocationExternalId: 6187 
2024-12-17 13:54:57.3047 [INFO] Location mapping not found for LocationExternalId: 6187 
2024-12-17 13:54:57.3047 [INFO] Location mapping not found for LocationExternalId: 6187 
2024-12-17 13:54:57.3047 [INFO] Location mapping not found for LocationExternalId: 6187 
2024-12-17 13:54:57.3047 [INFO] Location mapping not found for LocationExternalId: 6187 
2024-12-17 13:54:57.3047 [INFO] Location mapping not found for LocationExternalId: 120 
2024-12-17 13:54:57.3047 [INFO] Location mapping not found for LocationExternalId: 120 
2024-12-17 13:54:57.3047 [INFO] Location mapping not found for LocationExternalId: 120 
2024-12-17 13:54:57.3047 [INFO] Location mapping not found for LocationExternalId: 3094 
2024-12-17 13:54:57.3047 [INFO] Location mapping not found for LocationExternalId: 3094 
2024-12-17 13:54:57.3047 [INFO] Location mapping not found for LocationExternalId: 3094 
2024-12-17 13:54:57.3047 [INFO] Location mapping not found for LocationExternalId: 3094 
2024-12-17 13:54:57.3047 [INFO] Location mapping not found for LocationExternalId: 3094 
2024-12-17 13:54:57.3047 [INFO] Location mapping not found for LocationExternalId: 3094 
2024-12-17 13:54:57.3047 [INFO] Location mapping not found for LocationExternalId: 125 
2024-12-17 13:54:57.3047 [INFO] Location mapping not found for LocationExternalId: 125 
2024-12-17 13:54:57.3047 [INFO] Location mapping not found for LocationExternalId: 125 
2024-12-17 13:54:57.3047 [INFO] Location mapping not found for LocationExternalId: 125 
2024-12-17 13:54:57.3047 [INFO] Location mapping not found for LocationExternalId: 125 
2024-12-17 13:54:57.3047 [INFO] Location mapping not found for LocationExternalId: 125 
2024-12-17 13:54:57.3047 [INFO] Location mapping not found for LocationExternalId: 125 
2024-12-17 13:54:57.3047 [INFO] Location mapping not found for LocationExternalId: 125 
2024-12-17 13:54:57.3047 [INFO] Location mapping not found for LocationExternalId: 125 
2024-12-17 13:54:57.3047 [INFO] Location mapping not found for LocationExternalId: 251 
2024-12-17 13:54:57.3047 [INFO] Location mapping not found for LocationExternalId: 251 
2024-12-17 13:54:57.3047 [INFO] Location mapping not found for LocationExternalId: 251 
2024-12-17 13:54:57.3047 [INFO] Location mapping not found for LocationExternalId: 251 
2024-12-17 13:54:57.3047 [INFO] Location mapping not found for LocationExternalId: 251 
2024-12-17 13:54:57.3047 [INFO] Location mapping not found for LocationExternalId: 251 
2024-12-17 13:54:57.3047 [INFO] Location mapping not found for LocationExternalId: 251 
2024-12-17 13:54:57.3207 [INFO] Location mapping not found for LocationExternalId: 251 
2024-12-17 13:54:57.3207 [INFO] Location mapping not found for LocationExternalId: 251 
2024-12-17 13:54:57.3207 [INFO] Location mapping not found for LocationExternalId: 251 
2024-12-17 13:54:57.3207 [INFO] Location mapping not found for LocationExternalId: 251 
2024-12-17 13:54:57.3207 [INFO] Location mapping not found for LocationExternalId: 251 
2024-12-17 13:54:57.3207 [INFO] Location mapping not found for LocationExternalId: 125 
2024-12-17 13:54:57.3207 [INFO] Location mapping not found for LocationExternalId: 125 
2024-12-17 13:54:57.3207 [INFO] Location mapping not found for LocationExternalId: 125 
2024-12-17 13:54:57.3207 [INFO] Location mapping not found for LocationExternalId: 125 
2024-12-17 13:54:57.3207 [INFO] Location mapping not found for LocationExternalId: 125 
2024-12-17 13:54:57.3207 [INFO] Location mapping not found for LocationExternalId: 125 
2024-12-17 13:54:57.3207 [INFO] Location mapping not found for LocationExternalId: 919 
2024-12-17 13:54:57.3207 [INFO] Location mapping not found for LocationExternalId: 919 
2024-12-17 13:54:57.3207 [INFO] Location mapping not found for LocationExternalId: 919 
2024-12-17 13:54:57.3207 [INFO] Location mapping not found for LocationExternalId: 919 
2024-12-17 13:54:57.3207 [INFO] Location mapping not found for LocationExternalId: 919 
2024-12-17 13:58:56.6637 [DEBUG] Application Starting 
2024-12-17 13:59:07.3111 [INFO] Attempting to download file from: /home/fivebelow-uat/outbox/manhattan/TimeClockChangeEntity-2024-308-2024-342.csv 
2024-12-17 13:59:11.1638 [INFO] Latest file downloaded: C:\Users\varadharaj\AppData\Local\Temp\TimeClockChangeEntity-2024-308-2024-342.csv 
2024-12-17 13:59:11.1638 [INFO] No decryption needed for C:\Users\varadharaj\AppData\Local\Temp\TimeClockChangeEntity-2024-308-2024-342.csv 
2024-12-17 13:59:11.4039 [INFO] Start processing Payroll CSV: C:\Users\varadharaj\AppData\Local\Temp\TimeClockChangeEntity-2024-308-2024-342.csv at 12/17/2024 1:59:11 PM 
2024-12-17 13:59:11.4039 [INFO] Location mapping not found for LocationExternalId: 1358 
2024-12-17 13:59:11.4039 [INFO] Location mapping not found for LocationExternalId: 1358 
2024-12-17 13:59:11.4039 [INFO] Location mapping not found for LocationExternalId: 1359 
2024-12-17 13:59:11.4039 [INFO] Location mapping not found for LocationExternalId: 1359 
2024-12-17 13:59:11.4039 [INFO] Location mapping not found for LocationExternalId: 1359 
2024-12-17 13:59:11.4039 [INFO] Location mapping not found for LocationExternalId: 1359 
2024-12-17 13:59:11.4039 [INFO] Location mapping not found for LocationExternalId: 1301 
2024-12-17 13:59:11.4039 [INFO] Location mapping not found for LocationExternalId: 1301 
2024-12-17 13:59:11.4188 [INFO] Location mapping not found for LocationExternalId: 3010 
2024-12-17 13:59:11.4188 [INFO] Location mapping not found for LocationExternalId: 3010 
2024-12-17 13:59:11.4188 [INFO] Location mapping not found for LocationExternalId: 3010 
2024-12-17 13:59:11.4188 [INFO] Location mapping not found for LocationExternalId: 3010 
2024-12-17 13:59:11.4188 [INFO] Location mapping not found for LocationExternalId: 3010 
2024-12-17 13:59:11.4188 [INFO] Location mapping not found for LocationExternalId: 3010 
2024-12-17 13:59:11.4188 [INFO] Location mapping not found for LocationExternalId: 3010 
2024-12-17 13:59:11.4188 [INFO] Location mapping not found for LocationExternalId: 3010 
2024-12-17 13:59:11.4188 [INFO] Location mapping not found for LocationExternalId: 3010 
2024-12-17 13:59:11.4188 [INFO] Location mapping not found for LocationExternalId: 3010 
2024-12-17 13:59:11.4188 [INFO] Location mapping not found for LocationExternalId: 3010 
2024-12-17 13:59:11.4188 [INFO] Location mapping not found for LocationExternalId: 3010 
2024-12-17 13:59:11.4188 [INFO] Location mapping not found for LocationExternalId: 6054 
2024-12-17 13:59:11.4188 [INFO] Location mapping not found for LocationExternalId: 6054 
2024-12-17 13:59:11.4188 [INFO] Location mapping not found for LocationExternalId: 6025 
2024-12-17 13:59:11.4188 [INFO] Location mapping not found for LocationExternalId: 6025 
2024-12-17 13:59:11.4188 [INFO] Location mapping not found for LocationExternalId: 6025 
2024-12-17 13:59:11.4188 [INFO] Location mapping not found for LocationExternalId: 6025 
2024-12-17 13:59:11.4188 [INFO] Location mapping not found for LocationExternalId: 6025 
2024-12-17 13:59:11.4188 [INFO] Location mapping not found for LocationExternalId: 6025 
2024-12-17 13:59:11.4188 [INFO] Location mapping not found for LocationExternalId: 106 
2024-12-17 13:59:11.4188 [INFO] Location mapping not found for LocationExternalId: 106 
2024-12-17 13:59:11.4188 [INFO] Location mapping not found for LocationExternalId: 106 
2024-12-17 13:59:11.4188 [INFO] Location mapping not found for LocationExternalId: 106 
2024-12-17 13:59:11.4188 [INFO] Location mapping not found for LocationExternalId: 106 
2024-12-17 13:59:11.4188 [INFO] Location mapping not found for LocationExternalId: 106 
2024-12-17 13:59:11.4188 [INFO] Location mapping not found for LocationExternalId: 106 
2024-12-17 13:59:11.4188 [INFO] Location mapping not found for LocationExternalId: 106 
2024-12-17 13:59:11.4188 [INFO] Location mapping not found for LocationExternalId: 106 
2024-12-17 13:59:11.4188 [INFO] Location mapping not found for LocationExternalId: 106 
2024-12-17 13:59:11.4188 [INFO] Location mapping not found for LocationExternalId: 106 
2024-12-17 13:59:11.4188 [INFO] Location mapping not found for LocationExternalId: 241 
2024-12-17 13:59:11.4188 [INFO] Location mapping not found for LocationExternalId: 241 
2024-12-17 13:59:11.4188 [INFO] Location mapping not found for LocationExternalId: 241 
2024-12-17 13:59:11.4188 [INFO] Location mapping not found for LocationExternalId: 241 
2024-12-17 13:59:11.4188 [INFO] Location mapping not found for LocationExternalId: 241 
2024-12-17 13:59:11.4188 [INFO] Location mapping not found for LocationExternalId: 241 
2024-12-17 13:59:11.4188 [INFO] Location mapping not found for LocationExternalId: 100 
2024-12-17 13:59:11.4188 [INFO] Location mapping not found for LocationExternalId: 100 
2024-12-17 13:59:11.4340 [INFO] Location mapping not found for LocationExternalId: 100 
2024-12-17 13:59:11.4340 [INFO] Location mapping not found for LocationExternalId: 100 
2024-12-17 13:59:11.4340 [INFO] Location mapping not found for LocationExternalId: 100 
2024-12-17 13:59:11.4340 [INFO] Location mapping not found for LocationExternalId: 100 
2024-12-17 13:59:11.4340 [INFO] Location mapping not found for LocationExternalId: 100 
2024-12-17 13:59:11.4340 [INFO] Location mapping not found for LocationExternalId: 100 
2024-12-17 13:59:11.4340 [INFO] Location mapping not found for LocationExternalId: 100 
2024-12-17 13:59:11.4340 [INFO] Location mapping not found for LocationExternalId: 100 
2024-12-17 13:59:11.4340 [INFO] Location mapping not found for LocationExternalId: 100 
2024-12-17 13:59:11.4340 [INFO] Location mapping not found for LocationExternalId: 100 
2024-12-17 13:59:11.4340 [INFO] Location mapping not found for LocationExternalId: 100 
2024-12-17 13:59:11.4340 [INFO] Location mapping not found for LocationExternalId: 100 
2024-12-17 13:59:11.4340 [INFO] Location mapping not found for LocationExternalId: 100 
2024-12-17 13:59:11.4340 [INFO] Location mapping not found for LocationExternalId: 100 
2024-12-17 13:59:11.4340 [INFO] Location mapping not found for LocationExternalId: 100 
2024-12-17 13:59:11.4340 [INFO] Location mapping not found for LocationExternalId: 100 
2024-12-17 13:59:11.4340 [INFO] Location mapping not found for LocationExternalId: 100 
2024-12-17 13:59:11.4340 [INFO] Location mapping not found for LocationExternalId: 100 
2024-12-17 13:59:11.4340 [INFO] Location mapping not found for LocationExternalId: 100 
2024-12-17 13:59:11.4340 [INFO] Location mapping not found for LocationExternalId: 100 
2024-12-17 13:59:11.4340 [INFO] Location mapping not found for LocationExternalId: 100 
2024-12-17 13:59:11.4340 [INFO] Location mapping not found for LocationExternalId: 100 
2024-12-17 13:59:11.4340 [INFO] Location mapping not found for LocationExternalId: 100 
2024-12-17 13:59:11.4340 [INFO] Location mapping not found for LocationExternalId: 100 
2024-12-17 13:59:11.4340 [INFO] Location mapping not found for LocationExternalId: 410 
2024-12-17 13:59:11.4340 [INFO] Location mapping not found for LocationExternalId: 410 
2024-12-17 13:59:11.4340 [INFO] Location mapping not found for LocationExternalId: 100 
2024-12-17 13:59:11.4340 [INFO] Location mapping not found for LocationExternalId: 100 
2024-12-17 13:59:11.4340 [INFO] Location mapping not found for LocationExternalId: 100 
2024-12-17 13:59:11.4340 [INFO] Location mapping not found for LocationExternalId: 100 
2024-12-17 13:59:11.4340 [INFO] Location mapping not found for LocationExternalId: 100 
2024-12-17 13:59:11.4340 [INFO] Location mapping not found for LocationExternalId: 100 
2024-12-17 13:59:11.4340 [INFO] Location mapping not found for LocationExternalId: 99200 
2024-12-17 13:59:11.4340 [INFO] Location mapping not found for LocationExternalId: 478 
2024-12-17 13:59:11.4340 [INFO] Location mapping not found for LocationExternalId: 478 
2024-12-17 13:59:11.4340 [INFO] Location mapping not found for LocationExternalId: 478 
2024-12-17 13:59:11.4340 [INFO] Location mapping not found for LocationExternalId: 75000_ET 
2024-12-17 13:59:11.4340 [INFO] Location mapping not found for LocationExternalId: 75000_ET 
2024-12-17 13:59:11.4340 [INFO] Location mapping not found for LocationExternalId: 75000 
2024-12-17 13:59:11.4340 [INFO] Location mapping not found for LocationExternalId: 75000_ET 
2024-12-17 13:59:11.4340 [INFO] Location mapping not found for LocationExternalId: 75000_ET 
2024-12-17 13:59:11.4340 [INFO] Location mapping not found for LocationExternalId: 75000_ET 
2024-12-17 13:59:11.4340 [INFO] Location mapping not found for LocationExternalId: 75000_ET 
2024-12-17 13:59:11.4340 [INFO] Location mapping not found for LocationExternalId: 75000_ET 
2024-12-17 13:59:11.4340 [INFO] Location mapping not found for LocationExternalId: 75000_ET 
2024-12-17 13:59:11.4340 [INFO] Location mapping not found for LocationExternalId: 73000_ET 
2024-12-17 13:59:11.4340 [INFO] Location mapping not found for LocationExternalId: 73000_ET 
2024-12-17 13:59:11.4340 [INFO] Location mapping not found for LocationExternalId: 121 
2024-12-17 13:59:11.4340 [INFO] Location mapping not found for LocationExternalId: 121 
2024-12-17 13:59:11.4340 [INFO] Location mapping not found for LocationExternalId: 121 
2024-12-17 13:59:11.4340 [INFO] Location mapping not found for LocationExternalId: 73000_ET 
2024-12-17 13:59:11.4340 [INFO] Location mapping not found for LocationExternalId: 73000 
2024-12-17 13:59:11.4340 [INFO] Location mapping not found for LocationExternalId: 73000_ET 
2024-12-17 13:59:11.4340 [INFO] Location mapping not found for LocationExternalId: 121 
2024-12-17 13:59:11.4340 [INFO] Location mapping not found for LocationExternalId: 6187 
2024-12-17 13:59:11.4340 [INFO] Location mapping not found for LocationExternalId: 6187 
2024-12-17 13:59:11.4340 [INFO] Location mapping not found for LocationExternalId: 6187 
2024-12-17 13:59:11.4340 [INFO] Location mapping not found for LocationExternalId: 6187 
2024-12-17 13:59:11.4340 [INFO] Location mapping not found for LocationExternalId: 6187 
2024-12-17 13:59:11.4340 [INFO] Location mapping not found for LocationExternalId: 6187 
2024-12-17 13:59:11.4340 [INFO] Location mapping not found for LocationExternalId: 6187 
2024-12-17 13:59:11.4496 [INFO] Location mapping not found for LocationExternalId: 120 
2024-12-17 13:59:11.4496 [INFO] Location mapping not found for LocationExternalId: 120 
2024-12-17 13:59:11.4496 [INFO] Location mapping not found for LocationExternalId: 120 
2024-12-17 13:59:11.4496 [INFO] Location mapping not found for LocationExternalId: 3094 
2024-12-17 13:59:11.4496 [INFO] Location mapping not found for LocationExternalId: 3094 
2024-12-17 13:59:11.4496 [INFO] Location mapping not found for LocationExternalId: 3094 
2024-12-17 13:59:11.4496 [INFO] Location mapping not found for LocationExternalId: 3094 
2024-12-17 13:59:11.4496 [INFO] Location mapping not found for LocationExternalId: 3094 
2024-12-17 13:59:11.4496 [INFO] Location mapping not found for LocationExternalId: 3094 
2024-12-17 13:59:11.4496 [INFO] Location mapping not found for LocationExternalId: 125 
2024-12-17 13:59:11.4496 [INFO] Location mapping not found for LocationExternalId: 125 
2024-12-17 13:59:11.4496 [INFO] Location mapping not found for LocationExternalId: 125 
2024-12-17 13:59:11.4496 [INFO] Location mapping not found for LocationExternalId: 125 
2024-12-17 13:59:11.4496 [INFO] Location mapping not found for LocationExternalId: 125 
2024-12-17 13:59:11.4496 [INFO] Location mapping not found for LocationExternalId: 125 
2024-12-17 13:59:11.4496 [INFO] Location mapping not found for LocationExternalId: 125 
2024-12-17 13:59:11.4496 [INFO] Location mapping not found for LocationExternalId: 125 
2024-12-17 13:59:11.4496 [INFO] Location mapping not found for LocationExternalId: 125 
2024-12-17 13:59:11.4496 [INFO] Location mapping not found for LocationExternalId: 251 
2024-12-17 13:59:11.4496 [INFO] Location mapping not found for LocationExternalId: 251 
2024-12-17 13:59:11.4496 [INFO] Location mapping not found for LocationExternalId: 251 
2024-12-17 13:59:11.4496 [INFO] Location mapping not found for LocationExternalId: 251 
2024-12-17 13:59:11.4496 [INFO] Location mapping not found for LocationExternalId: 251 
2024-12-17 13:59:11.4496 [INFO] Location mapping not found for LocationExternalId: 251 
2024-12-17 13:59:11.4496 [INFO] Location mapping not found for LocationExternalId: 251 
2024-12-17 13:59:11.4496 [INFO] Location mapping not found for LocationExternalId: 251 
2024-12-17 13:59:11.4496 [INFO] Location mapping not found for LocationExternalId: 251 
2024-12-17 13:59:11.4496 [INFO] Location mapping not found for LocationExternalId: 251 
2024-12-17 13:59:11.4496 [INFO] Location mapping not found for LocationExternalId: 251 
2024-12-17 13:59:11.4660 [INFO] Location mapping not found for LocationExternalId: 251 
2024-12-17 13:59:11.4660 [INFO] Location mapping not found for LocationExternalId: 125 
2024-12-17 13:59:11.4660 [INFO] Location mapping not found for LocationExternalId: 125 
2024-12-17 13:59:11.4660 [INFO] Location mapping not found for LocationExternalId: 125 
2024-12-17 13:59:11.4660 [INFO] Location mapping not found for LocationExternalId: 125 
2024-12-17 13:59:11.4660 [INFO] Location mapping not found for LocationExternalId: 125 
2024-12-17 13:59:11.4660 [INFO] Location mapping not found for LocationExternalId: 125 
2024-12-17 13:59:11.4660 [INFO] Location mapping not found for LocationExternalId: 919 
2024-12-17 13:59:11.4660 [INFO] Location mapping not found for LocationExternalId: 919 
2024-12-17 13:59:11.4660 [INFO] Location mapping not found for LocationExternalId: 919 
2024-12-17 13:59:11.4660 [INFO] Location mapping not found for LocationExternalId: 919 
2024-12-17 13:59:11.4660 [INFO] Location mapping not found for LocationExternalId: 919 
2024-12-17 14:02:55.0834 [DEBUG] Application Starting 
2024-12-17 14:03:05.8878 [INFO] Attempting to download file from: /home/fivebelow-uat/outbox/manhattan/TimeClockChangeEntity-2024-308-2024-342.csv 
2024-12-17 14:03:09.8478 [INFO] Latest file downloaded: C:\Users\varadharaj\AppData\Local\Temp\TimeClockChangeEntity-2024-308-2024-342.csv 
2024-12-17 14:03:09.8537 [INFO] No decryption needed for C:\Users\varadharaj\AppData\Local\Temp\TimeClockChangeEntity-2024-308-2024-342.csv 
2024-12-17 14:03:09.9598 [INFO] Start processing Payroll CSV: C:\Users\varadharaj\AppData\Local\Temp\TimeClockChangeEntity-2024-308-2024-342.csv at 12/17/2024 2:03:09 PM 
2024-12-17 14:03:09.9634 [INFO] Location mapping not found for LocationExternalId: 1358 
2024-12-17 14:03:09.9634 [INFO] Location mapping not found for LocationExternalId: 1358 
2024-12-17 14:03:09.9634 [INFO] Location mapping not found for LocationExternalId: 1359 
2024-12-17 14:03:09.9634 [INFO] Location mapping not found for LocationExternalId: 1359 
2024-12-17 14:03:09.9634 [INFO] Location mapping not found for LocationExternalId: 1359 
2024-12-17 14:03:09.9634 [INFO] Location mapping not found for LocationExternalId: 1359 
2024-12-17 14:03:09.9634 [INFO] Location mapping not found for LocationExternalId: 1301 
2024-12-17 14:03:09.9634 [INFO] Location mapping not found for LocationExternalId: 1301 
2024-12-17 14:03:09.9634 [INFO] Location mapping not found for LocationExternalId: 3010 
2024-12-17 14:03:09.9634 [INFO] Location mapping not found for LocationExternalId: 3010 
2024-12-17 14:03:09.9634 [INFO] Location mapping not found for LocationExternalId: 3010 
2024-12-17 14:03:09.9634 [INFO] Location mapping not found for LocationExternalId: 3010 
2024-12-17 14:03:09.9634 [INFO] Location mapping not found for LocationExternalId: 3010 
2024-12-17 14:03:09.9634 [INFO] Location mapping not found for LocationExternalId: 3010 
2024-12-17 14:03:09.9634 [INFO] Location mapping not found for LocationExternalId: 3010 
2024-12-17 14:03:09.9634 [INFO] Location mapping not found for LocationExternalId: 3010 
2024-12-17 14:03:09.9634 [INFO] Location mapping not found for LocationExternalId: 3010 
2024-12-17 14:03:09.9634 [INFO] Location mapping not found for LocationExternalId: 3010 
2024-12-17 14:03:09.9634 [INFO] Location mapping not found for LocationExternalId: 3010 
2024-12-17 14:03:09.9634 [INFO] Location mapping not found for LocationExternalId: 3010 
2024-12-17 14:03:09.9634 [INFO] Location mapping not found for LocationExternalId: 6054 
2024-12-17 14:03:09.9634 [INFO] Location mapping not found for LocationExternalId: 6054 
2024-12-17 14:03:09.9634 [INFO] Location mapping not found for LocationExternalId: 6025 
2024-12-17 14:03:09.9634 [INFO] Location mapping not found for LocationExternalId: 6025 
2024-12-17 14:03:09.9634 [INFO] Location mapping not found for LocationExternalId: 6025 
2024-12-17 14:03:09.9634 [INFO] Location mapping not found for LocationExternalId: 6025 
2024-12-17 14:03:09.9634 [INFO] Location mapping not found for LocationExternalId: 6025 
2024-12-17 14:03:09.9634 [INFO] Location mapping not found for LocationExternalId: 6025 
2024-12-17 14:03:09.9634 [INFO] Location mapping not found for LocationExternalId: 106 
2024-12-17 14:03:09.9634 [INFO] Location mapping not found for LocationExternalId: 106 
2024-12-17 14:03:09.9634 [INFO] Location mapping not found for LocationExternalId: 106 
2024-12-17 14:03:09.9634 [INFO] Location mapping not found for LocationExternalId: 106 
2024-12-17 14:03:09.9634 [INFO] Location mapping not found for LocationExternalId: 106 
2024-12-17 14:03:09.9634 [INFO] Location mapping not found for LocationExternalId: 106 
2024-12-17 14:03:09.9634 [INFO] Location mapping not found for LocationExternalId: 106 
2024-12-17 14:03:09.9634 [INFO] Location mapping not found for LocationExternalId: 106 
2024-12-17 14:03:09.9634 [INFO] Location mapping not found for LocationExternalId: 106 
2024-12-17 14:03:09.9634 [INFO] Location mapping not found for LocationExternalId: 106 
2024-12-17 14:03:09.9634 [INFO] Location mapping not found for LocationExternalId: 106 
2024-12-17 14:03:09.9634 [INFO] Location mapping not found for LocationExternalId: 241 
2024-12-17 14:03:09.9634 [INFO] Location mapping not found for LocationExternalId: 241 
2024-12-17 14:03:09.9634 [INFO] Location mapping not found for LocationExternalId: 241 
2024-12-17 14:03:09.9634 [INFO] Location mapping not found for LocationExternalId: 241 
2024-12-17 14:03:09.9634 [INFO] Location mapping not found for LocationExternalId: 241 
2024-12-17 14:03:09.9634 [INFO] Location mapping not found for LocationExternalId: 241 
2024-12-17 14:03:09.9634 [INFO] Location mapping not found for LocationExternalId: 100 
2024-12-17 14:03:09.9634 [INFO] Location mapping not found for LocationExternalId: 100 
2024-12-17 14:03:09.9634 [INFO] Location mapping not found for LocationExternalId: 100 
2024-12-17 14:03:09.9634 [INFO] Location mapping not found for LocationExternalId: 100 
2024-12-17 14:03:09.9634 [INFO] Location mapping not found for LocationExternalId: 100 
2024-12-17 14:03:09.9634 [INFO] Location mapping not found for LocationExternalId: 100 
2024-12-17 14:03:09.9634 [INFO] Location mapping not found for LocationExternalId: 100 
2024-12-17 14:03:09.9634 [INFO] Location mapping not found for LocationExternalId: 100 
2024-12-17 14:03:09.9634 [INFO] Location mapping not found for LocationExternalId: 100 
2024-12-17 14:03:09.9634 [INFO] Location mapping not found for LocationExternalId: 100 
2024-12-17 14:03:09.9634 [INFO] Location mapping not found for LocationExternalId: 100 
2024-12-17 14:03:09.9634 [INFO] Location mapping not found for LocationExternalId: 100 
2024-12-17 14:03:09.9634 [INFO] Location mapping not found for LocationExternalId: 100 
2024-12-17 14:03:09.9634 [INFO] Location mapping not found for LocationExternalId: 100 
2024-12-17 14:03:09.9634 [INFO] Location mapping not found for LocationExternalId: 100 
2024-12-17 14:03:09.9634 [INFO] Location mapping not found for LocationExternalId: 100 
2024-12-17 14:03:09.9634 [INFO] Location mapping not found for LocationExternalId: 100 
2024-12-17 14:03:09.9634 [INFO] Location mapping not found for LocationExternalId: 100 
2024-12-17 14:03:09.9634 [INFO] Location mapping not found for LocationExternalId: 100 
2024-12-17 14:03:09.9634 [INFO] Location mapping not found for LocationExternalId: 100 
2024-12-17 14:03:09.9634 [INFO] Location mapping not found for LocationExternalId: 100 
2024-12-17 14:03:09.9634 [INFO] Location mapping not found for LocationExternalId: 100 
2024-12-17 14:03:09.9634 [INFO] Location mapping not found for LocationExternalId: 100 
2024-12-17 14:03:09.9634 [INFO] Location mapping not found for LocationExternalId: 100 
2024-12-17 14:03:09.9634 [INFO] Location mapping not found for LocationExternalId: 100 
2024-12-17 14:03:09.9634 [INFO] Location mapping not found for LocationExternalId: 100 
2024-12-17 14:03:09.9634 [INFO] Location mapping not found for LocationExternalId: 410 
2024-12-17 14:03:09.9634 [INFO] Location mapping not found for LocationExternalId: 410 
2024-12-17 14:03:09.9634 [INFO] Location mapping not found for LocationExternalId: 100 
2024-12-17 14:03:09.9634 [INFO] Location mapping not found for LocationExternalId: 100 
2024-12-17 14:03:09.9634 [INFO] Location mapping not found for LocationExternalId: 100 
2024-12-17 14:03:09.9634 [INFO] Location mapping not found for LocationExternalId: 100 
2024-12-17 14:03:09.9634 [INFO] Location mapping not found for LocationExternalId: 100 
2024-12-17 14:03:09.9634 [INFO] Location mapping not found for LocationExternalId: 100 
2024-12-17 14:03:09.9634 [INFO] Location mapping not found for LocationExternalId: 99200 
2024-12-17 14:03:09.9634 [INFO] Location mapping not found for LocationExternalId: 478 
2024-12-17 14:03:09.9634 [INFO] Location mapping not found for LocationExternalId: 478 
2024-12-17 14:03:09.9634 [INFO] Location mapping not found for LocationExternalId: 478 
2024-12-17 14:03:09.9634 [INFO] Location mapping not found for LocationExternalId: 75000_ET 
2024-12-17 14:03:09.9634 [INFO] Location mapping not found for LocationExternalId: 75000_ET 
2024-12-17 14:03:09.9634 [INFO] Location mapping not found for LocationExternalId: 75000 
2024-12-17 14:03:09.9634 [INFO] Location mapping not found for LocationExternalId: 75000_ET 
2024-12-17 14:03:09.9634 [INFO] Location mapping not found for LocationExternalId: 75000_ET 
2024-12-17 14:03:09.9634 [INFO] Location mapping not found for LocationExternalId: 75000_ET 
2024-12-17 14:03:09.9634 [INFO] Location mapping not found for LocationExternalId: 75000_ET 
2024-12-17 14:03:09.9634 [INFO] Location mapping not found for LocationExternalId: 75000_ET 
2024-12-17 14:03:09.9634 [INFO] Location mapping not found for LocationExternalId: 75000_ET 
2024-12-17 14:03:09.9634 [INFO] Location mapping not found for LocationExternalId: 73000_ET 
2024-12-17 14:03:09.9634 [INFO] Location mapping not found for LocationExternalId: 73000_ET 
2024-12-17 14:03:09.9634 [INFO] Location mapping not found for LocationExternalId: 121 
2024-12-17 14:03:09.9634 [INFO] Location mapping not found for LocationExternalId: 121 
2024-12-17 14:03:09.9634 [INFO] Location mapping not found for LocationExternalId: 121 
2024-12-17 14:03:09.9634 [INFO] Location mapping not found for LocationExternalId: 73000_ET 
2024-12-17 14:03:09.9634 [INFO] Location mapping not found for LocationExternalId: 73000 
2024-12-17 14:03:09.9634 [INFO] Location mapping not found for LocationExternalId: 73000_ET 
2024-12-17 14:03:09.9634 [INFO] Location mapping not found for LocationExternalId: 121 
2024-12-17 14:03:09.9634 [INFO] Location mapping not found for LocationExternalId: 6187 
2024-12-17 14:03:09.9634 [INFO] Location mapping not found for LocationExternalId: 6187 
2024-12-17 14:03:09.9634 [INFO] Location mapping not found for LocationExternalId: 6187 
2024-12-17 14:03:09.9634 [INFO] Location mapping not found for LocationExternalId: 6187 
2024-12-17 14:03:09.9634 [INFO] Location mapping not found for LocationExternalId: 6187 
2024-12-17 14:03:09.9634 [INFO] Location mapping not found for LocationExternalId: 6187 
2024-12-17 14:03:09.9634 [INFO] Location mapping not found for LocationExternalId: 6187 
2024-12-17 14:03:09.9634 [INFO] Location mapping not found for LocationExternalId: 120 
2024-12-17 14:03:09.9634 [INFO] Location mapping not found for LocationExternalId: 120 
2024-12-17 14:03:09.9634 [INFO] Location mapping not found for LocationExternalId: 120 
2024-12-17 14:03:09.9634 [INFO] Location mapping not found for LocationExternalId: 3094 
2024-12-17 14:03:09.9634 [INFO] Location mapping not found for LocationExternalId: 3094 
2024-12-17 14:03:09.9634 [INFO] Location mapping not found for LocationExternalId: 3094 
2024-12-17 14:03:09.9634 [INFO] Location mapping not found for LocationExternalId: 3094 
2024-12-17 14:03:09.9634 [INFO] Location mapping not found for LocationExternalId: 3094 
2024-12-17 14:03:09.9634 [INFO] Location mapping not found for LocationExternalId: 3094 
2024-12-17 14:03:09.9634 [INFO] Location mapping not found for LocationExternalId: 125 
2024-12-17 14:03:09.9634 [INFO] Location mapping not found for LocationExternalId: 125 
2024-12-17 14:03:09.9634 [INFO] Location mapping not found for LocationExternalId: 125 
2024-12-17 14:03:09.9634 [INFO] Location mapping not found for LocationExternalId: 125 
2024-12-17 14:03:09.9634 [INFO] Location mapping not found for LocationExternalId: 125 
2024-12-17 14:03:09.9634 [INFO] Location mapping not found for LocationExternalId: 125 
2024-12-17 14:03:09.9634 [INFO] Location mapping not found for LocationExternalId: 125 
2024-12-17 14:03:09.9634 [INFO] Location mapping not found for LocationExternalId: 125 
2024-12-17 14:03:09.9634 [INFO] Location mapping not found for LocationExternalId: 125 
2024-12-17 14:03:09.9634 [INFO] Location mapping not found for LocationExternalId: 251 
2024-12-17 14:03:09.9634 [INFO] Location mapping not found for LocationExternalId: 251 
2024-12-17 14:03:09.9634 [INFO] Location mapping not found for LocationExternalId: 251 
2024-12-17 14:03:09.9634 [INFO] Location mapping not found for LocationExternalId: 251 
2024-12-17 14:03:09.9634 [INFO] Location mapping not found for LocationExternalId: 251 
2024-12-17 14:03:09.9634 [INFO] Location mapping not found for LocationExternalId: 251 
2024-12-17 14:03:09.9782 [INFO] Location mapping not found for LocationExternalId: 251 
2024-12-17 14:03:09.9782 [INFO] Location mapping not found for LocationExternalId: 251 
2024-12-17 14:03:09.9782 [INFO] Location mapping not found for LocationExternalId: 251 
2024-12-17 14:03:09.9782 [INFO] Location mapping not found for LocationExternalId: 251 
2024-12-17 14:03:09.9782 [INFO] Location mapping not found for LocationExternalId: 251 
2024-12-17 14:03:09.9782 [INFO] Location mapping not found for LocationExternalId: 251 
2024-12-17 14:03:09.9782 [INFO] Location mapping not found for LocationExternalId: 125 
2024-12-17 14:03:10.0183 [INFO] Location mapping not found for LocationExternalId: 125 
2024-12-17 14:03:10.0183 [INFO] Location mapping not found for LocationExternalId: 125 
2024-12-17 14:03:10.0183 [INFO] Location mapping not found for LocationExternalId: 125 
2024-12-17 14:03:10.0183 [INFO] Location mapping not found for LocationExternalId: 125 
2024-12-17 14:03:10.0183 [INFO] Location mapping not found for LocationExternalId: 125 
2024-12-17 14:03:10.0183 [INFO] Location mapping not found for LocationExternalId: 919 
2024-12-17 14:03:10.0183 [INFO] Location mapping not found for LocationExternalId: 919 
2024-12-17 14:03:10.0183 [INFO] Location mapping not found for LocationExternalId: 919 
2024-12-17 14:03:10.0183 [INFO] Location mapping not found for LocationExternalId: 919 
2024-12-17 14:03:10.0200 [INFO] Location mapping not found for LocationExternalId: 919 
2024-12-17 14:03:10.0379 [INFO] Finished processing Manhattan punch CSV: C:\Users\varadharaj\AppData\Local\Temp\TimeClockChangeEntity-2024-308-2024-342.csv at 12/17/2024 2:03:10 PM 
2024-12-17 14:03:10.0379 [INFO] Time taken to process the file: 0.08 seconds. 
2024-12-17 14:03:10.0379 [INFO] C:\Users\varadharaj\AppData\Local\Temp\TimeClockChangeEntity-2024-308-2024-342.csv 
2024-12-17 14:03:10.0379 [INFO] File successfully processed and moved to: D:\Emergere\ConnorsLLC\ConnorsLLC_Project\ProcessFiles_Demo\bin\Debug\net6.0\ManhattanPunchExport/ProcessedFiles\TimeClockChangeEntity-2024-308-2024-342_20241217_140310.csv 
2024-12-17 14:03:10.0379 [INFO] Application Completed Successfully 
