2024-12-13 12:56:57.2421 [DEBUG] Application Starting 
2024-12-13 12:57:10.6096 [INFO] Attempting to download file from: /home/fivebelow-uat/outbox/manhattan/TimeClockChangeEntity-2024-308-2024-342.csv 
2024-12-13 12:57:14.3861 [INFO] Latest file downloaded: C:\Users\varadharaj\AppData\Local\Temp\TimeClockChangeEntity-2024-308-2024-342.csv 
2024-12-13 12:57:14.4042 [INFO] No decryption needed for C:\Users\varadharaj\AppData\Local\Temp\TimeClockChangeEntity-2024-308-2024-342.csv 
2024-12-13 12:57:14.8169 [INFO] Start processing Payroll CSV: C:\Users\varadharaj\AppData\Local\Temp\TimeClockChangeEntity-2024-308-2024-342.csv at 12/13/2024 12:57:14 PM 
2024-12-13 12:57:14.8358 [INFO] Location mapping not found for LocationExternalId: 1358 
2024-12-13 12:57:14.8358 [INFO] Location mapping not found for LocationExternalId: 1358 
2024-12-13 12:57:14.8358 [INFO] Location mapping not found for LocationExternalId: 1359 
2024-12-13 12:57:14.8358 [INFO] Location mapping not found for LocationExternalId: 1359 
2024-12-13 12:57:14.8358 [INFO] Location mapping not found for LocationExternalId: 1359 
2024-12-13 12:57:14.8404 [INFO] Location mapping not found for LocationExternalId: 1359 
2024-12-13 12:57:14.8404 [INFO] Location mapping not found for LocationExternalId: 1301 
2024-12-13 12:57:14.8404 [INFO] Location mapping not found for LocationExternalId: 1301 
2024-12-13 12:57:14.8404 [INFO] Location mapping not found for LocationExternalId: 3010 
2024-12-13 12:57:14.8404 [INFO] Location mapping not found for LocationExternalId: 3010 
2024-12-13 12:57:14.8404 [INFO] Location mapping not found for LocationExternalId: 3010 
2024-12-13 12:57:14.8404 [INFO] Location mapping not found for LocationExternalId: 3010 
2024-12-13 12:57:14.8404 [INFO] Location mapping not found for LocationExternalId: 3010 
2024-12-13 12:57:14.8404 [INFO] Location mapping not found for LocationExternalId: 3010 
2024-12-13 12:57:14.8404 [INFO] Location mapping not found for LocationExternalId: 3010 
2024-12-13 12:57:14.8404 [INFO] Location mapping not found for LocationExternalId: 3010 
2024-12-13 12:57:14.8404 [INFO] Location mapping not found for LocationExternalId: 3010 
2024-12-13 12:57:14.8404 [INFO] Location mapping not found for LocationExternalId: 3010 
2024-12-13 12:57:14.8404 [INFO] Location mapping not found for LocationExternalId: 3010 
2024-12-13 12:57:14.8404 [INFO] Location mapping not found for LocationExternalId: 3010 
2024-12-13 12:57:14.8404 [INFO] Location mapping not found for LocationExternalId: 6054 
2024-12-13 12:57:14.8404 [INFO] Location mapping not found for LocationExternalId: 6054 
2024-12-13 12:57:14.8404 [INFO] Location mapping not found for LocationExternalId: 6025 
2024-12-13 12:57:14.8404 [INFO] Location mapping not found for LocationExternalId: 6025 
2024-12-13 12:57:14.8404 [INFO] Location mapping not found for LocationExternalId: 6025 
2024-12-13 12:57:14.8404 [INFO] Location mapping not found for LocationExternalId: 6025 
2024-12-13 12:57:14.8404 [INFO] Location mapping not found for LocationExternalId: 6025 
2024-12-13 12:57:14.8404 [INFO] Location mapping not found for LocationExternalId: 6025 
2024-12-13 12:57:14.8404 [INFO] Location mapping not found for LocationExternalId: 106 
2024-12-13 12:57:14.8404 [INFO] Location mapping not found for LocationExternalId: 106 
2024-12-13 12:57:14.8404 [INFO] Location mapping not found for LocationExternalId: 106 
2024-12-13 12:57:14.8404 [INFO] Location mapping not found for LocationExternalId: 106 
2024-12-13 12:57:14.8404 [INFO] Location mapping not found for LocationExternalId: 106 
2024-12-13 12:57:14.8404 [INFO] Location mapping not found for LocationExternalId: 106 
2024-12-13 12:57:14.8404 [INFO] Location mapping not found for LocationExternalId: 106 
2024-12-13 12:57:14.8404 [INFO] Location mapping not found for LocationExternalId: 106 
2024-12-13 12:57:14.8404 [INFO] Location mapping not found for LocationExternalId: 106 
2024-12-13 12:57:14.8568 [INFO] Location mapping not found for LocationExternalId: 106 
2024-12-13 12:57:14.8568 [INFO] Location mapping not found for LocationExternalId: 106 
2024-12-13 12:57:14.8568 [INFO] Location mapping not found for LocationExternalId: 241 
2024-12-13 12:57:14.8568 [INFO] Location mapping not found for LocationExternalId: 241 
2024-12-13 12:57:14.8568 [INFO] Location mapping not found for LocationExternalId: 241 
2024-12-13 12:57:14.8568 [INFO] Location mapping not found for LocationExternalId: 241 
2024-12-13 12:57:14.8568 [INFO] Location mapping not found for LocationExternalId: 241 
2024-12-13 12:57:14.8568 [INFO] Location mapping not found for LocationExternalId: 241 
2024-12-13 12:57:14.8568 [INFO] Location mapping not found for LocationExternalId: 100 
2024-12-13 12:57:14.8568 [INFO] Location mapping not found for LocationExternalId: 100 
2024-12-13 12:57:14.8568 [INFO] Location mapping not found for LocationExternalId: 100 
2024-12-13 12:57:14.8568 [INFO] Location mapping not found for LocationExternalId: 100 
2024-12-13 12:57:14.8568 [INFO] Location mapping not found for LocationExternalId: 100 
2024-12-13 12:57:14.8568 [INFO] Location mapping not found for LocationExternalId: 100 
2024-12-13 12:57:14.8568 [INFO] Location mapping not found for LocationExternalId: 100 
2024-12-13 12:57:14.8568 [INFO] Location mapping not found for LocationExternalId: 100 
2024-12-13 12:57:14.8568 [INFO] Location mapping not found for LocationExternalId: 100 
2024-12-13 12:57:14.8568 [INFO] Location mapping not found for LocationExternalId: 100 
2024-12-13 12:57:14.8568 [INFO] Location mapping not found for LocationExternalId: 100 
2024-12-13 12:57:14.8568 [INFO] Location mapping not found for LocationExternalId: 100 
2024-12-13 12:57:14.8568 [INFO] Location mapping not found for LocationExternalId: 100 
2024-12-13 12:57:14.8568 [INFO] Location mapping not found for LocationExternalId: 100 
2024-12-13 12:57:14.8568 [INFO] Location mapping not found for LocationExternalId: 100 
2024-12-13 12:57:14.8568 [INFO] Location mapping not found for LocationExternalId: 100 
2024-12-13 12:57:14.8568 [INFO] Location mapping not found for LocationExternalId: 100 
2024-12-13 12:57:14.8568 [INFO] Location mapping not found for LocationExternalId: 100 
2024-12-13 12:57:14.8568 [INFO] Location mapping not found for LocationExternalId: 100 
2024-12-13 12:57:14.8568 [INFO] Location mapping not found for LocationExternalId: 100 
2024-12-13 12:57:14.8568 [INFO] Location mapping not found for LocationExternalId: 100 
2024-12-13 12:57:14.8568 [INFO] Location mapping not found for LocationExternalId: 100 
2024-12-13 12:57:14.8568 [INFO] Location mapping not found for LocationExternalId: 100 
2024-12-13 12:57:14.8568 [INFO] Location mapping not found for LocationExternalId: 100 
2024-12-13 12:57:14.8568 [INFO] Location mapping not found for LocationExternalId: 100 
2024-12-13 12:57:14.8568 [INFO] Location mapping not found for LocationExternalId: 100 
2024-12-13 12:57:14.8568 [INFO] Location mapping not found for LocationExternalId: 410 
2024-12-13 12:57:14.8568 [INFO] Location mapping not found for LocationExternalId: 410 
2024-12-13 12:57:14.8568 [INFO] Location mapping not found for LocationExternalId: 100 
2024-12-13 12:57:14.8568 [INFO] Location mapping not found for LocationExternalId: 100 
2024-12-13 12:57:14.8568 [INFO] Location mapping not found for LocationExternalId: 100 
2024-12-13 12:57:14.8568 [INFO] Location mapping not found for LocationExternalId: 100 
2024-12-13 12:57:14.8568 [INFO] Location mapping not found for LocationExternalId: 100 
2024-12-13 12:57:14.8568 [INFO] Location mapping not found for LocationExternalId: 100 
2024-12-13 12:57:14.8568 [INFO] Location mapping not found for LocationExternalId: 99200 
2024-12-13 12:57:14.8568 [INFO] Location mapping not found for LocationExternalId: 478 
2024-12-13 12:57:14.8568 [INFO] Location mapping not found for LocationExternalId: 478 
2024-12-13 12:57:14.8568 [INFO] Location mapping not found for LocationExternalId: 478 
2024-12-13 12:57:14.8568 [INFO] Location mapping not found for LocationExternalId: 75000_ET 
2024-12-13 12:57:14.8568 [INFO] Location mapping not found for LocationExternalId: 75000_ET 
2024-12-13 12:57:14.8733 [INFO] Location mapping not found for LocationExternalId: 75000 
2024-12-13 12:57:14.8733 [INFO] Location mapping not found for LocationExternalId: 75000_ET 
2024-12-13 12:57:14.8733 [INFO] Location mapping not found for LocationExternalId: 75000_ET 
2024-12-13 12:57:14.8733 [INFO] Location mapping not found for LocationExternalId: 75000_ET 
2024-12-13 12:57:14.8733 [INFO] Location mapping not found for LocationExternalId: 75000_ET 
2024-12-13 12:57:14.8733 [INFO] Location mapping not found for LocationExternalId: 75000_ET 
2024-12-13 12:57:14.8733 [INFO] Location mapping not found for LocationExternalId: 75000_ET 
2024-12-13 12:57:14.8733 [INFO] Location mapping not found for LocationExternalId: 73000_ET 
2024-12-13 12:57:14.8733 [INFO] Location mapping not found for LocationExternalId: 73000_ET 
2024-12-13 12:57:14.8733 [INFO] Location mapping not found for LocationExternalId: 121 
2024-12-13 12:57:14.8733 [INFO] Location mapping not found for LocationExternalId: 121 
2024-12-13 12:57:14.8733 [INFO] Location mapping not found for LocationExternalId: 121 
2024-12-13 12:57:14.8733 [INFO] Location mapping not found for LocationExternalId: 73000_ET 
2024-12-13 12:57:14.8733 [INFO] Location mapping not found for LocationExternalId: 73000 
2024-12-13 12:57:14.8733 [INFO] Location mapping not found for LocationExternalId: 73000_ET 
2024-12-13 12:57:14.8733 [INFO] Location mapping not found for LocationExternalId: 121 
2024-12-13 12:57:14.8733 [INFO] Location mapping not found for LocationExternalId: 6187 
2024-12-13 12:57:14.8733 [INFO] Location mapping not found for LocationExternalId: 6187 
2024-12-13 12:57:14.8733 [INFO] Location mapping not found for LocationExternalId: 6187 
2024-12-13 12:57:14.8733 [INFO] Location mapping not found for LocationExternalId: 6187 
2024-12-13 12:57:14.8733 [INFO] Location mapping not found for LocationExternalId: 6187 
2024-12-13 12:57:14.8733 [INFO] Location mapping not found for LocationExternalId: 6187 
2024-12-13 12:57:14.8733 [INFO] Location mapping not found for LocationExternalId: 6187 
2024-12-13 12:57:14.8733 [INFO] Location mapping not found for LocationExternalId: 120 
2024-12-13 12:57:14.8733 [INFO] Location mapping not found for LocationExternalId: 120 
2024-12-13 12:57:14.8733 [INFO] Location mapping not found for LocationExternalId: 120 
2024-12-13 12:57:14.8733 [INFO] Location mapping not found for LocationExternalId: 3094 
2024-12-13 12:57:14.8733 [INFO] Location mapping not found for LocationExternalId: 3094 
2024-12-13 12:57:14.8733 [INFO] Location mapping not found for LocationExternalId: 3094 
2024-12-13 12:57:14.8733 [INFO] Location mapping not found for LocationExternalId: 3094 
2024-12-13 12:57:14.8733 [INFO] Location mapping not found for LocationExternalId: 3094 
2024-12-13 12:57:14.8733 [INFO] Location mapping not found for LocationExternalId: 3094 
2024-12-13 12:57:14.8733 [INFO] Location mapping not found for LocationExternalId: 125 
2024-12-13 12:57:14.8733 [INFO] Location mapping not found for LocationExternalId: 125 
2024-12-13 12:57:14.8733 [INFO] Location mapping not found for LocationExternalId: 125 
2024-12-13 12:57:14.8733 [INFO] Location mapping not found for LocationExternalId: 125 
2024-12-13 12:57:14.8733 [INFO] Location mapping not found for LocationExternalId: 125 
2024-12-13 12:57:14.8733 [INFO] Location mapping not found for LocationExternalId: 125 
2024-12-13 12:57:14.8733 [INFO] Location mapping not found for LocationExternalId: 125 
2024-12-13 12:57:14.8733 [INFO] Location mapping not found for LocationExternalId: 125 
2024-12-13 12:57:14.8733 [INFO] Location mapping not found for LocationExternalId: 125 
2024-12-13 12:57:14.8897 [INFO] Location mapping not found for LocationExternalId: 251 
2024-12-13 12:57:14.8897 [INFO] Location mapping not found for LocationExternalId: 251 
2024-12-13 12:57:14.8897 [INFO] Location mapping not found for LocationExternalId: 251 
2024-12-13 12:57:14.8897 [INFO] Location mapping not found for LocationExternalId: 251 
2024-12-13 12:57:14.8897 [INFO] Location mapping not found for LocationExternalId: 251 
2024-12-13 12:57:14.8897 [INFO] Location mapping not found for LocationExternalId: 251 
2024-12-13 12:57:14.9080 [INFO] Location mapping not found for LocationExternalId: 251 
2024-12-13 12:57:14.9080 [INFO] Location mapping not found for LocationExternalId: 251 
2024-12-13 12:57:14.9209 [INFO] Location mapping not found for LocationExternalId: 251 
2024-12-13 12:57:14.9209 [INFO] Location mapping not found for LocationExternalId: 251 
2024-12-13 12:57:14.9209 [INFO] Location mapping not found for LocationExternalId: 251 
2024-12-13 12:57:14.9209 [INFO] Location mapping not found for LocationExternalId: 251 
2024-12-13 12:57:14.9209 [INFO] Location mapping not found for LocationExternalId: 125 
2024-12-13 12:57:14.9209 [INFO] Location mapping not found for LocationExternalId: 125 
2024-12-13 12:57:14.9209 [INFO] Location mapping not found for LocationExternalId: 125 
2024-12-13 12:57:14.9209 [INFO] Location mapping not found for LocationExternalId: 125 
2024-12-13 12:57:14.9209 [INFO] Location mapping not found for LocationExternalId: 125 
2024-12-13 12:57:14.9209 [INFO] Location mapping not found for LocationExternalId: 125 
2024-12-13 12:57:14.9209 [INFO] Location mapping not found for LocationExternalId: 919 
2024-12-13 12:57:14.9209 [INFO] Location mapping not found for LocationExternalId: 919 
2024-12-13 12:57:14.9209 [INFO] Location mapping not found for LocationExternalId: 919 
2024-12-13 12:57:14.9209 [INFO] Location mapping not found for LocationExternalId: 919 
2024-12-13 12:57:14.9209 [INFO] Location mapping not found for LocationExternalId: 919 
2024-12-13 12:57:14.9993 [INFO] Finished processing Manhattan punch CSV: C:\Users\varadharaj\AppData\Local\Temp\TimeClockChangeEntity-2024-308-2024-342.csv at 12/13/2024 12:57:14 PM 
2024-12-13 12:57:14.9993 [INFO] Time taken to process the file: 0.18 seconds. 
2024-12-13 12:57:14.9993 [INFO] C:\Users\varadharaj\AppData\Local\Temp\TimeClockChangeEntity-2024-308-2024-342.csv 
2024-12-13 12:57:14.9993 [INFO] File successfully processed and moved to: D:\Emergere\ConnorsLLC\ConnorsLLC_Project\ProcessFiles_Demo\bin\Debug\net6.0\ManhattanPunchExport/ProcessedFiles\TimeClockChangeEntity-2024-308-2024-342_20241213_125715.csv 
2024-12-13 12:57:14.9993 [INFO] Application Completed Successfully 
