2024-12-16 21:46:36.6859 [DEBUG] Application Starting 
2024-12-16 21:46:47.1819 [INFO] Attempting to download file from: /home/fivebelow-uat/outbox/manhattan/TimeClockChangeEntity-2024-308-2024-342.csv 
2024-12-16 21:46:52.1175 [INFO] Latest file downloaded: C:\Users\varadharaj\AppData\Local\Temp\TimeClockChangeEntity-2024-308-2024-342.csv 
2024-12-16 21:46:52.1277 [INFO] No decryption needed for C:\Users\varadharaj\AppData\Local\Temp\TimeClockChangeEntity-2024-308-2024-342.csv 
2024-12-16 21:46:52.5374 [INFO] Start processing Payroll CSV: C:\Users\varadharaj\AppData\Local\Temp\TimeClockChangeEntity-2024-308-2024-342.csv at 12/16/2024 9:46:52 PM 
2024-12-16 21:46:52.5374 [INFO] Location mapping not found for LocationExternalId: 1358 
2024-12-16 21:46:52.5374 [INFO] Location mapping not found for LocationExternalId: 1358 
2024-12-16 21:46:52.5374 [INFO] Location mapping not found for LocationExternalId: 1359 
2024-12-16 21:46:52.5374 [INFO] Location mapping not found for LocationExternalId: 1359 
2024-12-16 21:46:52.5374 [INFO] Location mapping not found for LocationExternalId: 1359 
2024-12-16 21:46:52.5374 [INFO] Location mapping not found for LocationExternalId: 1359 
2024-12-16 21:46:52.5528 [INFO] Location mapping not found for LocationExternalId: 1301 
2024-12-16 21:46:52.5528 [INFO] Location mapping not found for LocationExternalId: 1301 
2024-12-16 21:46:52.5528 [INFO] Location mapping not found for LocationExternalId: 3010 
2024-12-16 21:46:52.5528 [INFO] Location mapping not found for LocationExternalId: 3010 
2024-12-16 21:46:52.5528 [INFO] Location mapping not found for LocationExternalId: 3010 
2024-12-16 21:46:52.5528 [INFO] Location mapping not found for LocationExternalId: 3010 
2024-12-16 21:46:52.5528 [INFO] Location mapping not found for LocationExternalId: 3010 
2024-12-16 21:46:52.5528 [INFO] Location mapping not found for LocationExternalId: 3010 
2024-12-16 21:46:52.5528 [INFO] Location mapping not found for LocationExternalId: 3010 
2024-12-16 21:46:52.5528 [INFO] Location mapping not found for LocationExternalId: 3010 
2024-12-16 21:46:52.5528 [INFO] Location mapping not found for LocationExternalId: 3010 
2024-12-16 21:46:52.5528 [INFO] Location mapping not found for LocationExternalId: 3010 
2024-12-16 21:46:52.5528 [INFO] Location mapping not found for LocationExternalId: 3010 
2024-12-16 21:46:52.5528 [INFO] Location mapping not found for LocationExternalId: 3010 
2024-12-16 21:46:52.5528 [INFO] Location mapping not found for LocationExternalId: 6054 
2024-12-16 21:46:52.5528 [INFO] Location mapping not found for LocationExternalId: 6054 
2024-12-16 21:46:52.5528 [INFO] Location mapping not found for LocationExternalId: 6025 
2024-12-16 21:46:52.5528 [INFO] Location mapping not found for LocationExternalId: 6025 
2024-12-16 21:46:52.5528 [INFO] Location mapping not found for LocationExternalId: 6025 
2024-12-16 21:46:52.5528 [INFO] Location mapping not found for LocationExternalId: 6025 
2024-12-16 21:46:52.5528 [INFO] Location mapping not found for LocationExternalId: 6025 
2024-12-16 21:46:52.5528 [INFO] Location mapping not found for LocationExternalId: 6025 
2024-12-16 21:46:52.5528 [INFO] Location mapping not found for LocationExternalId: 106 
2024-12-16 21:46:52.5686 [INFO] Location mapping not found for LocationExternalId: 106 
2024-12-16 21:46:52.5686 [INFO] Location mapping not found for LocationExternalId: 106 
2024-12-16 21:46:52.5686 [INFO] Location mapping not found for LocationExternalId: 106 
2024-12-16 21:46:52.5686 [INFO] Location mapping not found for LocationExternalId: 106 
2024-12-16 21:46:52.5686 [INFO] Location mapping not found for LocationExternalId: 106 
2024-12-16 21:46:52.5686 [INFO] Location mapping not found for LocationExternalId: 106 
2024-12-16 21:46:52.5686 [INFO] Location mapping not found for LocationExternalId: 106 
2024-12-16 21:46:52.5686 [INFO] Location mapping not found for LocationExternalId: 106 
2024-12-16 21:46:52.5686 [INFO] Location mapping not found for LocationExternalId: 106 
2024-12-16 21:46:52.5686 [INFO] Location mapping not found for LocationExternalId: 106 
2024-12-16 21:46:52.5686 [INFO] Location mapping not found for LocationExternalId: 241 
2024-12-16 21:46:52.5686 [INFO] Location mapping not found for LocationExternalId: 241 
2024-12-16 21:46:52.5686 [INFO] Location mapping not found for LocationExternalId: 241 
2024-12-16 21:46:52.5686 [INFO] Location mapping not found for LocationExternalId: 241 
2024-12-16 21:46:52.5686 [INFO] Location mapping not found for LocationExternalId: 241 
2024-12-16 21:46:52.5686 [INFO] Location mapping not found for LocationExternalId: 241 
2024-12-16 21:46:52.5686 [INFO] Location mapping not found for LocationExternalId: 100 
2024-12-16 21:46:52.5686 [INFO] Location mapping not found for LocationExternalId: 100 
2024-12-16 21:46:52.5686 [INFO] Location mapping not found for LocationExternalId: 100 
2024-12-16 21:46:52.5810 [INFO] Location mapping not found for LocationExternalId: 100 
2024-12-16 21:46:52.5810 [INFO] Location mapping not found for LocationExternalId: 100 
2024-12-16 21:46:52.5810 [INFO] Location mapping not found for LocationExternalId: 100 
2024-12-16 21:46:52.5810 [INFO] Location mapping not found for LocationExternalId: 100 
2024-12-16 21:46:52.5810 [INFO] Location mapping not found for LocationExternalId: 100 
2024-12-16 21:46:52.5810 [INFO] Location mapping not found for LocationExternalId: 100 
2024-12-16 21:46:52.5810 [INFO] Location mapping not found for LocationExternalId: 100 
2024-12-16 21:46:52.5810 [INFO] Location mapping not found for LocationExternalId: 100 
2024-12-16 21:46:52.5810 [INFO] Location mapping not found for LocationExternalId: 100 
2024-12-16 21:46:52.5810 [INFO] Location mapping not found for LocationExternalId: 100 
2024-12-16 21:46:52.5810 [INFO] Location mapping not found for LocationExternalId: 100 
2024-12-16 21:46:52.5810 [INFO] Location mapping not found for LocationExternalId: 100 
2024-12-16 21:46:52.5810 [INFO] Location mapping not found for LocationExternalId: 100 
2024-12-16 21:46:52.5810 [INFO] Location mapping not found for LocationExternalId: 100 
2024-12-16 21:46:52.5810 [INFO] Location mapping not found for LocationExternalId: 100 
2024-12-16 21:46:52.5810 [INFO] Location mapping not found for LocationExternalId: 100 
2024-12-16 21:46:52.5810 [INFO] Location mapping not found for LocationExternalId: 100 
2024-12-16 21:46:52.5810 [INFO] Location mapping not found for LocationExternalId: 100 
2024-12-16 21:46:52.5810 [INFO] Location mapping not found for LocationExternalId: 100 
2024-12-16 21:46:52.5810 [INFO] Location mapping not found for LocationExternalId: 100 
2024-12-16 21:46:52.5810 [INFO] Location mapping not found for LocationExternalId: 100 
2024-12-16 21:46:52.5810 [INFO] Location mapping not found for LocationExternalId: 100 
2024-12-16 21:46:52.5810 [INFO] Location mapping not found for LocationExternalId: 100 
2024-12-16 21:46:52.5810 [INFO] Location mapping not found for LocationExternalId: 410 
2024-12-16 21:46:52.5810 [INFO] Location mapping not found for LocationExternalId: 410 
2024-12-16 21:46:52.5810 [INFO] Location mapping not found for LocationExternalId: 100 
2024-12-16 21:46:52.5810 [INFO] Location mapping not found for LocationExternalId: 100 
2024-12-16 21:46:52.5810 [INFO] Location mapping not found for LocationExternalId: 100 
2024-12-16 21:46:52.5810 [INFO] Location mapping not found for LocationExternalId: 100 
2024-12-16 21:46:52.5810 [INFO] Location mapping not found for LocationExternalId: 100 
2024-12-16 21:46:52.5810 [INFO] Location mapping not found for LocationExternalId: 100 
2024-12-16 21:46:52.5966 [INFO] Location mapping not found for LocationExternalId: 99200 
2024-12-16 21:46:52.5966 [INFO] Location mapping not found for LocationExternalId: 478 
2024-12-16 21:46:52.5966 [INFO] Location mapping not found for LocationExternalId: 478 
2024-12-16 21:46:52.5966 [INFO] Location mapping not found for LocationExternalId: 478 
2024-12-16 21:46:52.5966 [INFO] Location mapping not found for LocationExternalId: 75000_ET 
2024-12-16 21:46:52.5966 [INFO] Location mapping not found for LocationExternalId: 75000_ET 
2024-12-16 21:46:52.5966 [INFO] Location mapping not found for LocationExternalId: 75000 
2024-12-16 21:46:52.5966 [INFO] Location mapping not found for LocationExternalId: 75000_ET 
2024-12-16 21:46:52.5966 [INFO] Location mapping not found for LocationExternalId: 75000_ET 
2024-12-16 21:46:52.5966 [INFO] Location mapping not found for LocationExternalId: 75000_ET 
2024-12-16 21:46:52.5966 [INFO] Location mapping not found for LocationExternalId: 75000_ET 
2024-12-16 21:46:52.5966 [INFO] Location mapping not found for LocationExternalId: 75000_ET 
2024-12-16 21:46:52.5966 [INFO] Location mapping not found for LocationExternalId: 75000_ET 
2024-12-16 21:46:52.5966 [INFO] Location mapping not found for LocationExternalId: 73000_ET 
2024-12-16 21:46:52.5966 [INFO] Location mapping not found for LocationExternalId: 73000_ET 
2024-12-16 21:46:52.5966 [INFO] Location mapping not found for LocationExternalId: 121 
2024-12-16 21:46:52.5966 [INFO] Location mapping not found for LocationExternalId: 121 
2024-12-16 21:46:52.5966 [INFO] Location mapping not found for LocationExternalId: 121 
2024-12-16 21:46:52.5966 [INFO] Location mapping not found for LocationExternalId: 73000_ET 
2024-12-16 21:46:52.5966 [INFO] Location mapping not found for LocationExternalId: 73000 
2024-12-16 21:46:52.5966 [INFO] Location mapping not found for LocationExternalId: 73000_ET 
2024-12-16 21:46:52.5966 [INFO] Location mapping not found for LocationExternalId: 121 
2024-12-16 21:46:52.5966 [INFO] Location mapping not found for LocationExternalId: 6187 
2024-12-16 21:46:52.5966 [INFO] Location mapping not found for LocationExternalId: 6187 
2024-12-16 21:46:52.5966 [INFO] Location mapping not found for LocationExternalId: 6187 
2024-12-16 21:46:52.5966 [INFO] Location mapping not found for LocationExternalId: 6187 
2024-12-16 21:46:52.5966 [INFO] Location mapping not found for LocationExternalId: 6187 
2024-12-16 21:46:52.5966 [INFO] Location mapping not found for LocationExternalId: 6187 
2024-12-16 21:46:52.5966 [INFO] Location mapping not found for LocationExternalId: 6187 
2024-12-16 21:46:52.5966 [INFO] Location mapping not found for LocationExternalId: 120 
2024-12-16 21:46:52.5966 [INFO] Location mapping not found for LocationExternalId: 120 
2024-12-16 21:46:52.5966 [INFO] Location mapping not found for LocationExternalId: 120 
2024-12-16 21:46:52.5966 [INFO] Location mapping not found for LocationExternalId: 3094 
2024-12-16 21:46:52.5966 [INFO] Location mapping not found for LocationExternalId: 3094 
2024-12-16 21:46:52.5966 [INFO] Location mapping not found for LocationExternalId: 3094 
2024-12-16 21:46:52.5966 [INFO] Location mapping not found for LocationExternalId: 3094 
2024-12-16 21:46:52.5966 [INFO] Location mapping not found for LocationExternalId: 3094 
2024-12-16 21:46:52.5966 [INFO] Location mapping not found for LocationExternalId: 3094 
2024-12-16 21:46:52.5966 [INFO] Location mapping not found for LocationExternalId: 125 
2024-12-16 21:46:52.5966 [INFO] Location mapping not found for LocationExternalId: 125 
2024-12-16 21:46:52.6119 [INFO] Location mapping not found for LocationExternalId: 125 
2024-12-16 21:46:52.6119 [INFO] Location mapping not found for LocationExternalId: 125 
2024-12-16 21:46:52.6119 [INFO] Location mapping not found for LocationExternalId: 125 
2024-12-16 21:46:52.6119 [INFO] Location mapping not found for LocationExternalId: 125 
2024-12-16 21:46:52.6119 [INFO] Location mapping not found for LocationExternalId: 125 
2024-12-16 21:46:52.6119 [INFO] Location mapping not found for LocationExternalId: 125 
2024-12-16 21:46:52.6119 [INFO] Location mapping not found for LocationExternalId: 125 
2024-12-16 21:46:52.6119 [INFO] Location mapping not found for LocationExternalId: 251 
2024-12-16 21:46:52.6119 [INFO] Location mapping not found for LocationExternalId: 251 
2024-12-16 21:46:52.6119 [INFO] Location mapping not found for LocationExternalId: 251 
2024-12-16 21:46:52.6119 [INFO] Location mapping not found for LocationExternalId: 251 
2024-12-16 21:46:52.6119 [INFO] Location mapping not found for LocationExternalId: 251 
2024-12-16 21:46:52.6119 [INFO] Location mapping not found for LocationExternalId: 251 
2024-12-16 21:46:52.6119 [INFO] Location mapping not found for LocationExternalId: 251 
2024-12-16 21:46:52.6119 [INFO] Location mapping not found for LocationExternalId: 251 
2024-12-16 21:46:52.6119 [INFO] Location mapping not found for LocationExternalId: 251 
2024-12-16 21:46:52.6314 [INFO] Location mapping not found for LocationExternalId: 251 
2024-12-16 21:46:52.6314 [INFO] Location mapping not found for LocationExternalId: 251 
2024-12-16 21:46:52.6314 [INFO] Location mapping not found for LocationExternalId: 251 
2024-12-16 21:46:52.6314 [INFO] Location mapping not found for LocationExternalId: 125 
2024-12-16 21:46:52.6314 [INFO] Location mapping not found for LocationExternalId: 125 
2024-12-16 21:46:52.6314 [INFO] Location mapping not found for LocationExternalId: 125 
2024-12-16 21:46:52.6314 [INFO] Location mapping not found for LocationExternalId: 125 
2024-12-16 21:46:52.6314 [INFO] Location mapping not found for LocationExternalId: 125 
2024-12-16 21:46:52.6314 [INFO] Location mapping not found for LocationExternalId: 125 
2024-12-16 21:46:52.6314 [INFO] Location mapping not found for LocationExternalId: 919 
2024-12-16 21:46:52.6314 [INFO] Location mapping not found for LocationExternalId: 919 
2024-12-16 21:46:52.6314 [INFO] Location mapping not found for LocationExternalId: 919 
2024-12-16 21:46:52.6314 [INFO] Location mapping not found for LocationExternalId: 919 
2024-12-16 21:46:52.6314 [INFO] Location mapping not found for LocationExternalId: 919 
2024-12-16 21:46:52.6847 [INFO] Finished processing Manhattan punch CSV: C:\Users\varadharaj\AppData\Local\Temp\TimeClockChangeEntity-2024-308-2024-342.csv at 12/16/2024 9:46:52 PM 
2024-12-16 21:46:52.6847 [INFO] Time taken to process the file: 0.15 seconds. 
2024-12-16 21:46:52.6847 [INFO] C:\Users\varadharaj\AppData\Local\Temp\TimeClockChangeEntity-2024-308-2024-342.csv 
2024-12-16 21:46:52.6908 [INFO] File successfully processed and moved to: D:\Emergere\ConnorsLLC\ConnorsLLC_Project\ProcessFiles_Demo\bin\Debug\net6.0\ManhattanPunchExport/ProcessedFiles\TimeClockChangeEntity-2024-308-2024-342_20241216_214652.csv 
2024-12-16 21:46:52.6908 [INFO] Application Completed Successfully 
2024-12-16 21:51:09.7743 [DEBUG] Application Starting 
2024-12-16 21:51:24.8928 [INFO] Attempting to download file from: /home/fivebelow-uat/outbox/manhattan/TimeClockChangeEntity-2024-308-2024-342.csv 
2024-12-16 21:51:30.4286 [INFO] Latest file downloaded: C:\Users\varadharaj\AppData\Local\Temp\TimeClockChangeEntity-2024-308-2024-342.csv 
2024-12-16 21:51:30.4430 [INFO] No decryption needed for C:\Users\varadharaj\AppData\Local\Temp\TimeClockChangeEntity-2024-308-2024-342.csv 
2024-12-16 21:51:30.7541 [INFO] Start processing Payroll CSV: C:\Users\varadharaj\AppData\Local\Temp\TimeClockChangeEntity-2024-308-2024-342.csv at 12/16/2024 9:51:30 PM 
2024-12-16 21:51:30.7693 [INFO] Location mapping not found for LocationExternalId: 1358 
2024-12-16 21:51:30.7693 [INFO] Location mapping not found for LocationExternalId: 1358 
2024-12-16 21:51:30.7693 [INFO] Location mapping not found for LocationExternalId: 1359 
2024-12-16 21:51:30.7719 [INFO] Location mapping not found for LocationExternalId: 1359 
2024-12-16 21:51:30.7719 [INFO] Location mapping not found for LocationExternalId: 1359 
2024-12-16 21:51:30.7719 [INFO] Location mapping not found for LocationExternalId: 1359 
2024-12-16 21:51:30.7719 [INFO] Location mapping not found for LocationExternalId: 1301 
2024-12-16 21:51:30.7719 [INFO] Location mapping not found for LocationExternalId: 1301 
2024-12-16 21:51:30.7719 [INFO] Location mapping not found for LocationExternalId: 3010 
2024-12-16 21:51:30.7719 [INFO] Location mapping not found for LocationExternalId: 3010 
2024-12-16 21:51:30.7719 [INFO] Location mapping not found for LocationExternalId: 3010 
2024-12-16 21:51:30.7719 [INFO] Location mapping not found for LocationExternalId: 3010 
2024-12-16 21:51:30.7719 [INFO] Location mapping not found for LocationExternalId: 3010 
2024-12-16 21:51:30.7719 [INFO] Location mapping not found for LocationExternalId: 3010 
2024-12-16 21:51:30.7719 [INFO] Location mapping not found for LocationExternalId: 3010 
2024-12-16 21:51:30.7719 [INFO] Location mapping not found for LocationExternalId: 3010 
2024-12-16 21:51:30.7719 [INFO] Location mapping not found for LocationExternalId: 3010 
2024-12-16 21:51:30.7719 [INFO] Location mapping not found for LocationExternalId: 3010 
2024-12-16 21:51:30.7719 [INFO] Location mapping not found for LocationExternalId: 3010 
2024-12-16 21:51:30.7719 [INFO] Location mapping not found for LocationExternalId: 3010 
2024-12-16 21:51:30.7719 [INFO] Location mapping not found for LocationExternalId: 6054 
2024-12-16 21:51:30.7879 [INFO] Location mapping not found for LocationExternalId: 6054 
2024-12-16 21:51:30.7879 [INFO] Location mapping not found for LocationExternalId: 6025 
2024-12-16 21:51:30.7879 [INFO] Location mapping not found for LocationExternalId: 6025 
2024-12-16 21:51:30.7879 [INFO] Location mapping not found for LocationExternalId: 6025 
2024-12-16 21:51:30.7879 [INFO] Location mapping not found for LocationExternalId: 6025 
2024-12-16 21:51:30.7879 [INFO] Location mapping not found for LocationExternalId: 6025 
2024-12-16 21:51:30.7879 [INFO] Location mapping not found for LocationExternalId: 6025 
2024-12-16 21:51:30.7879 [INFO] Location mapping not found for LocationExternalId: 106 
2024-12-16 21:51:30.7879 [INFO] Location mapping not found for LocationExternalId: 106 
2024-12-16 21:51:30.7879 [INFO] Location mapping not found for LocationExternalId: 106 
2024-12-16 21:51:30.7879 [INFO] Location mapping not found for LocationExternalId: 106 
2024-12-16 21:51:30.7879 [INFO] Location mapping not found for LocationExternalId: 106 
2024-12-16 21:51:30.7879 [INFO] Location mapping not found for LocationExternalId: 106 
2024-12-16 21:51:30.7879 [INFO] Location mapping not found for LocationExternalId: 106 
2024-12-16 21:51:30.7879 [INFO] Location mapping not found for LocationExternalId: 106 
2024-12-16 21:51:30.7879 [INFO] Location mapping not found for LocationExternalId: 106 
2024-12-16 21:51:30.7879 [INFO] Location mapping not found for LocationExternalId: 106 
2024-12-16 21:51:30.7879 [INFO] Location mapping not found for LocationExternalId: 106 
2024-12-16 21:51:30.7879 [INFO] Location mapping not found for LocationExternalId: 241 
2024-12-16 21:51:30.7879 [INFO] Location mapping not found for LocationExternalId: 241 
2024-12-16 21:51:30.7879 [INFO] Location mapping not found for LocationExternalId: 241 
2024-12-16 21:51:30.7879 [INFO] Location mapping not found for LocationExternalId: 241 
2024-12-16 21:51:30.7879 [INFO] Location mapping not found for LocationExternalId: 241 
2024-12-16 21:51:30.7879 [INFO] Location mapping not found for LocationExternalId: 241 
2024-12-16 21:51:30.7879 [INFO] Location mapping not found for LocationExternalId: 100 
2024-12-16 21:51:30.7879 [INFO] Location mapping not found for LocationExternalId: 100 
2024-12-16 21:51:30.7879 [INFO] Location mapping not found for LocationExternalId: 100 
2024-12-16 21:51:30.7879 [INFO] Location mapping not found for LocationExternalId: 100 
2024-12-16 21:51:30.7879 [INFO] Location mapping not found for LocationExternalId: 100 
2024-12-16 21:51:30.7879 [INFO] Location mapping not found for LocationExternalId: 100 
2024-12-16 21:51:30.7879 [INFO] Location mapping not found for LocationExternalId: 100 
2024-12-16 21:51:30.8042 [INFO] Location mapping not found for LocationExternalId: 100 
2024-12-16 21:51:30.8042 [INFO] Location mapping not found for LocationExternalId: 100 
2024-12-16 21:51:30.8042 [INFO] Location mapping not found for LocationExternalId: 100 
2024-12-16 21:51:30.8042 [INFO] Location mapping not found for LocationExternalId: 100 
2024-12-16 21:51:30.8042 [INFO] Location mapping not found for LocationExternalId: 100 
2024-12-16 21:51:30.8042 [INFO] Location mapping not found for LocationExternalId: 100 
2024-12-16 21:51:30.8042 [INFO] Location mapping not found for LocationExternalId: 100 
2024-12-16 21:51:30.8042 [INFO] Location mapping not found for LocationExternalId: 100 
2024-12-16 21:51:30.8042 [INFO] Location mapping not found for LocationExternalId: 100 
2024-12-16 21:51:30.8042 [INFO] Location mapping not found for LocationExternalId: 100 
2024-12-16 21:51:30.8042 [INFO] Location mapping not found for LocationExternalId: 100 
2024-12-16 21:51:30.8042 [INFO] Location mapping not found for LocationExternalId: 100 
2024-12-16 21:51:30.8042 [INFO] Location mapping not found for LocationExternalId: 100 
2024-12-16 21:51:30.8042 [INFO] Location mapping not found for LocationExternalId: 100 
2024-12-16 21:51:30.8042 [INFO] Location mapping not found for LocationExternalId: 100 
2024-12-16 21:51:30.8042 [INFO] Location mapping not found for LocationExternalId: 100 
2024-12-16 21:51:30.8042 [INFO] Location mapping not found for LocationExternalId: 100 
2024-12-16 21:51:30.8042 [INFO] Location mapping not found for LocationExternalId: 100 
2024-12-16 21:51:30.8042 [INFO] Location mapping not found for LocationExternalId: 100 
2024-12-16 21:51:30.8042 [INFO] Location mapping not found for LocationExternalId: 410 
2024-12-16 21:51:30.8042 [INFO] Location mapping not found for LocationExternalId: 410 
2024-12-16 21:51:30.8042 [INFO] Location mapping not found for LocationExternalId: 100 
2024-12-16 21:51:30.8042 [INFO] Location mapping not found for LocationExternalId: 100 
2024-12-16 21:51:30.8042 [INFO] Location mapping not found for LocationExternalId: 100 
2024-12-16 21:51:30.8042 [INFO] Location mapping not found for LocationExternalId: 100 
2024-12-16 21:51:30.8042 [INFO] Location mapping not found for LocationExternalId: 100 
2024-12-16 21:51:30.8042 [INFO] Location mapping not found for LocationExternalId: 100 
2024-12-16 21:51:30.8042 [INFO] Location mapping not found for LocationExternalId: 99200 
2024-12-16 21:51:30.8196 [INFO] Location mapping not found for LocationExternalId: 478 
2024-12-16 21:51:30.8196 [INFO] Location mapping not found for LocationExternalId: 478 
2024-12-16 21:51:30.8196 [INFO] Location mapping not found for LocationExternalId: 478 
2024-12-16 21:51:30.8196 [INFO] Location mapping not found for LocationExternalId: 75000_ET 
2024-12-16 21:51:30.8196 [INFO] Location mapping not found for LocationExternalId: 75000_ET 
2024-12-16 21:51:30.8196 [INFO] Location mapping not found for LocationExternalId: 75000 
2024-12-16 21:51:30.8196 [INFO] Location mapping not found for LocationExternalId: 75000_ET 
2024-12-16 21:51:30.8196 [INFO] Location mapping not found for LocationExternalId: 75000_ET 
2024-12-16 21:51:30.8196 [INFO] Location mapping not found for LocationExternalId: 75000_ET 
2024-12-16 21:51:30.8196 [INFO] Location mapping not found for LocationExternalId: 75000_ET 
2024-12-16 21:51:30.8196 [INFO] Location mapping not found for LocationExternalId: 75000_ET 
2024-12-16 21:51:30.8196 [INFO] Location mapping not found for LocationExternalId: 75000_ET 
2024-12-16 21:51:30.8196 [INFO] Location mapping not found for LocationExternalId: 73000_ET 
2024-12-16 21:51:30.8196 [INFO] Location mapping not found for LocationExternalId: 73000_ET 
2024-12-16 21:51:30.8196 [INFO] Location mapping not found for LocationExternalId: 121 
2024-12-16 21:51:30.8196 [INFO] Location mapping not found for LocationExternalId: 121 
2024-12-16 21:51:30.8196 [INFO] Location mapping not found for LocationExternalId: 121 
2024-12-16 21:51:30.8196 [INFO] Location mapping not found for LocationExternalId: 73000_ET 
2024-12-16 21:51:30.8196 [INFO] Location mapping not found for LocationExternalId: 73000 
2024-12-16 21:51:30.8196 [INFO] Location mapping not found for LocationExternalId: 73000_ET 
2024-12-16 21:51:30.8196 [INFO] Location mapping not found for LocationExternalId: 121 
2024-12-16 21:51:30.8196 [INFO] Location mapping not found for LocationExternalId: 6187 
2024-12-16 21:51:30.8196 [INFO] Location mapping not found for LocationExternalId: 6187 
2024-12-16 21:51:30.8196 [INFO] Location mapping not found for LocationExternalId: 6187 
2024-12-16 21:51:30.8196 [INFO] Location mapping not found for LocationExternalId: 6187 
2024-12-16 21:51:30.8196 [INFO] Location mapping not found for LocationExternalId: 6187 
2024-12-16 21:51:30.8196 [INFO] Location mapping not found for LocationExternalId: 6187 
2024-12-16 21:51:30.8196 [INFO] Location mapping not found for LocationExternalId: 6187 
2024-12-16 21:51:30.8196 [INFO] Location mapping not found for LocationExternalId: 120 
2024-12-16 21:51:30.8196 [INFO] Location mapping not found for LocationExternalId: 120 
2024-12-16 21:51:30.8196 [INFO] Location mapping not found for LocationExternalId: 120 
2024-12-16 21:51:30.8196 [INFO] Location mapping not found for LocationExternalId: 3094 
2024-12-16 21:51:30.8196 [INFO] Location mapping not found for LocationExternalId: 3094 
2024-12-16 21:51:30.8196 [INFO] Location mapping not found for LocationExternalId: 3094 
2024-12-16 21:51:30.8196 [INFO] Location mapping not found for LocationExternalId: 3094 
2024-12-16 21:51:30.8196 [INFO] Location mapping not found for LocationExternalId: 3094 
2024-12-16 21:51:30.8355 [INFO] Location mapping not found for LocationExternalId: 3094 
2024-12-16 21:51:30.8355 [INFO] Location mapping not found for LocationExternalId: 125 
2024-12-16 21:51:30.8355 [INFO] Location mapping not found for LocationExternalId: 125 
2024-12-16 21:51:30.8355 [INFO] Location mapping not found for LocationExternalId: 125 
2024-12-16 21:51:30.8355 [INFO] Location mapping not found for LocationExternalId: 125 
2024-12-16 21:51:30.8355 [INFO] Location mapping not found for LocationExternalId: 125 
2024-12-16 21:51:30.8355 [INFO] Location mapping not found for LocationExternalId: 125 
2024-12-16 21:51:30.8355 [INFO] Location mapping not found for LocationExternalId: 125 
2024-12-16 21:51:30.8355 [INFO] Location mapping not found for LocationExternalId: 125 
2024-12-16 21:51:30.8355 [INFO] Location mapping not found for LocationExternalId: 125 
2024-12-16 21:51:30.8355 [INFO] Location mapping not found for LocationExternalId: 251 
2024-12-16 21:51:30.8355 [INFO] Location mapping not found for LocationExternalId: 251 
2024-12-16 21:51:30.8355 [INFO] Location mapping not found for LocationExternalId: 251 
2024-12-16 21:51:30.8355 [INFO] Location mapping not found for LocationExternalId: 251 
2024-12-16 21:51:30.8355 [INFO] Location mapping not found for LocationExternalId: 251 
2024-12-16 21:51:30.8355 [INFO] Location mapping not found for LocationExternalId: 251 
2024-12-16 21:51:30.8355 [INFO] Location mapping not found for LocationExternalId: 251 
2024-12-16 21:51:30.8517 [INFO] Location mapping not found for LocationExternalId: 251 
2024-12-16 21:51:30.8517 [INFO] Location mapping not found for LocationExternalId: 251 
2024-12-16 21:51:30.8517 [INFO] Location mapping not found for LocationExternalId: 251 
2024-12-16 21:51:30.8517 [INFO] Location mapping not found for LocationExternalId: 251 
2024-12-16 21:51:30.8517 [INFO] Location mapping not found for LocationExternalId: 251 
2024-12-16 21:51:30.8517 [INFO] Location mapping not found for LocationExternalId: 125 
2024-12-16 21:51:30.8517 [INFO] Location mapping not found for LocationExternalId: 125 
2024-12-16 21:51:30.8517 [INFO] Location mapping not found for LocationExternalId: 125 
2024-12-16 21:51:30.8517 [INFO] Location mapping not found for LocationExternalId: 125 
2024-12-16 21:51:30.8517 [INFO] Location mapping not found for LocationExternalId: 125 
2024-12-16 21:51:30.8517 [INFO] Location mapping not found for LocationExternalId: 125 
2024-12-16 21:51:30.8627 [INFO] Location mapping not found for LocationExternalId: 919 
2024-12-16 21:51:30.8627 [INFO] Location mapping not found for LocationExternalId: 919 
2024-12-16 21:51:30.8627 [INFO] Location mapping not found for LocationExternalId: 919 
2024-12-16 21:51:30.8627 [INFO] Location mapping not found for LocationExternalId: 919 
2024-12-16 21:51:30.8627 [INFO] Location mapping not found for LocationExternalId: 919 
2024-12-16 21:51:30.9083 [INFO] Finished processing Manhattan punch CSV: C:\Users\varadharaj\AppData\Local\Temp\TimeClockChangeEntity-2024-308-2024-342.csv at 12/16/2024 9:51:30 PM 
2024-12-16 21:51:30.9083 [INFO] Time taken to process the file: 0.16 seconds. 
2024-12-16 21:51:30.9083 [INFO] C:\Users\varadharaj\AppData\Local\Temp\TimeClockChangeEntity-2024-308-2024-342.csv 
2024-12-16 21:51:30.9083 [INFO] File successfully processed and moved to: D:\Emergere\ConnorsLLC\ConnorsLLC_Project\ProcessFiles_Demo\bin\Debug\net6.0\ManhattanPunchExport/ProcessedFiles\TimeClockChangeEntity-2024-308-2024-342_20241216_215130.csv 
2024-12-16 21:51:30.9083 [INFO] Application Completed Successfully 
