2024-11-04 15:03:26.4059 [DEBUG] Application Starting 
2024-11-04 15:03:27.8406 [INFO] Start processing Payroll CSV: D:\Emergere\ConnorsLLC\ConnorsLLC_Project\ProcessFiles_Demo\bin\Debug\net6.0\Payroll/ReprocessFiles\Payfile_2024-10-06-2024-10-19_2024-10-30 19_49_20 -0700.csv at 11/4/2024 3:03:27 PM 
2024-11-04 15:03:27.8741 [ERROR] No Paycode found for PayType: Reporting System.Exception: No Paycode found for PayType: Reporting
2024-11-04 15:03:27.8769 [ERROR] No Paycode found for PayType: Reporting System.Exception: No Paycode found for PayType: Reporting
2024-11-04 15:03:27.8769 [ERROR] No Paycode found for PayType: Reporting System.Exception: No Paycode found for PayType: Reporting
2024-11-04 15:03:27.8769 [ERROR] No Paycode found for PayType: Differential System.Exception: No Paycode found for PayType: Differential
2024-11-04 15:03:27.8769 [ERROR] No Paycode found for PayType: Reporting System.Exception: No Paycode found for PayType: Reporting
2024-11-04 15:03:27.8769 [ERROR] No Paycode found for PayType: Reporting System.Exception: No Paycode found for PayType: Reporting
2024-11-04 15:03:27.8769 [ERROR] No Paycode found for PayType: Reporting System.Exception: No Paycode found for PayType: Reporting
2024-11-04 15:03:27.8769 [ERROR] No Paycode found for PayType: Reporting System.Exception: No Paycode found for PayType: Reporting
2024-11-04 15:03:27.8769 [ERROR] No Paycode found for PayType: Reporting System.Exception: No Paycode found for PayType: Reporting
2024-11-04 15:03:27.8769 [ERROR] No Paycode found for PayType: Differential System.Exception: No Paycode found for PayType: Differential
2024-11-04 15:03:27.8769 [ERROR] No Paycode found for PayType: Reporting System.Exception: No Paycode found for PayType: Reporting
2024-11-04 15:03:27.8769 [ERROR] No Paycode found for PayType: Reporting System.Exception: No Paycode found for PayType: Reporting
2024-11-04 15:03:27.8769 [ERROR] No Paycode found for PayType: Reporting System.Exception: No Paycode found for PayType: Reporting
2024-11-04 15:03:27.8769 [ERROR] No Paycode found for PayType: Reporting System.Exception: No Paycode found for PayType: Reporting
2024-11-04 15:03:27.8769 [ERROR] No Paycode found for PayType: Reporting System.Exception: No Paycode found for PayType: Reporting
2024-11-04 15:03:27.8769 [ERROR] No Paycode found for PayType: Differential System.Exception: No Paycode found for PayType: Differential
2024-11-04 15:03:27.8769 [ERROR] No Paycode found for PayType: Reporting System.Exception: No Paycode found for PayType: Reporting
2024-11-04 15:03:27.8769 [ERROR] No Paycode found for PayType: Reporting System.Exception: No Paycode found for PayType: Reporting
2024-11-04 15:03:27.8769 [INFO] Finished processing Payroll CSV: D:\Emergere\ConnorsLLC\ConnorsLLC_Project\ProcessFiles_Demo\bin\Debug\net6.0\Payroll/ReprocessFiles\Payfile_2024-10-06-2024-10-19_2024-10-30 19_49_20 -0700.csv at 11/4/2024 3:03:27 PM 
2024-11-04 15:03:27.8769 [INFO] Time taken to process file: 0.0481003 seconds. 
2024-11-04 15:03:27.8769 [INFO] D:\Emergere\ConnorsLLC\ConnorsLLC_Project\ProcessFiles_Demo\bin\Debug\net6.0\Payroll/ReprocessFiles\Payfile_2024-10-06-2024-10-19_2024-10-30 19_49_20 -0700.csv 
2024-11-04 15:03:27.8942 [INFO] D:\Emergere\ConnorsLLC\ConnorsLLC_Project\ProcessFiles_Demo\bin\Debug\net6.0\Payroll/ProcessedFiles\Payfile_2024-10-06-2024-10-19_2024-10-30 19_49_20 -0700_20241104_150327.csv 
2024-11-04 15:03:28.5089 [ERROR] Error processing files from FTP/SFTP System.Net.Sockets.SocketException (11001): No such host is known.
   at Renci.SshNet.Abstractions.SocketAbstraction.ConnectCore(Socket socket, EndPoint remoteEndpoint, TimeSpan connectTimeout, Boolean ownsSocket)
   at Renci.SshNet.Connection.ConnectorBase.SocketConnect(EndPoint endPoint, TimeSpan timeout)
   at Renci.SshNet.Session.Connect()
   at Renci.SshNet.BaseClient.CreateAndConnectSession()
   at Renci.SshNet.BaseClient.Connect()
   at ProcessFiles_Demo.Client.SftpFileTransferClient.ListFilesAsync(String path) in D:\Emergere\ConnorsLLC\ConnorsLLC_Project\ProcessFiles_Demo\Client\FtpFileTransferClient.cs:line 102
   at Program.FetchAndProcessFilesAsync(IFileTransferClient fileTransferClient, String processor_type, String processedFolder, String reprocessingFolder, String outputFolder, String decryptedFolderOutput, JObject clientSettings) in D:\Emergere\ConnorsLLC\ConnorsLLC_Project\ProcessFiles_Demo\Program.cs:line 95
2024-11-04 15:03:28.5213 [INFO] ERROR: No such host is known. 
2024-11-04 15:03:28.5213 [INFO] Application Completed Successfully 
2024-11-04 15:18:32.4583 [DEBUG] Application Starting 
2024-11-04 15:18:34.5087 [INFO] Start processing Payroll CSV: D:\Emergere\ConnorsLLC\ConnorsLLC_Project\ProcessFiles_Demo\bin\Debug\net6.0\Payroll/ReprocessFiles\Payfile_2024-10-06-2024-10-19_2024-10-30 19_49_20 -0700.csv at 11/4/2024 3:18:34 PM 
2024-11-04 15:18:34.5345 [ERROR] No Paycode found for PayType: Reporting System.Exception: No Paycode found for PayType: Reporting
2024-11-04 15:18:34.5345 [ERROR] No Paycode found for PayType: Reporting System.Exception: No Paycode found for PayType: Reporting
2024-11-04 15:18:34.5345 [ERROR] No Paycode found for PayType: Reporting System.Exception: No Paycode found for PayType: Reporting
2024-11-04 15:18:34.5396 [ERROR] No Paycode found for PayType: Differential System.Exception: No Paycode found for PayType: Differential
2024-11-04 15:18:34.5396 [ERROR] No Paycode found for PayType: Reporting System.Exception: No Paycode found for PayType: Reporting
2024-11-04 15:18:34.5396 [ERROR] No Paycode found for PayType: Reporting System.Exception: No Paycode found for PayType: Reporting
2024-11-04 15:18:34.5396 [ERROR] No Paycode found for PayType: Reporting System.Exception: No Paycode found for PayType: Reporting
2024-11-04 15:18:34.5396 [ERROR] No Paycode found for PayType: Reporting System.Exception: No Paycode found for PayType: Reporting
2024-11-04 15:18:34.5396 [ERROR] No Paycode found for PayType: Reporting System.Exception: No Paycode found for PayType: Reporting
2024-11-04 15:18:34.5396 [ERROR] No Paycode found for PayType: Differential System.Exception: No Paycode found for PayType: Differential
2024-11-04 15:18:34.5396 [ERROR] No Paycode found for PayType: Reporting System.Exception: No Paycode found for PayType: Reporting
2024-11-04 15:18:34.5396 [ERROR] No Paycode found for PayType: Reporting System.Exception: No Paycode found for PayType: Reporting
2024-11-04 15:18:34.5396 [ERROR] No Paycode found for PayType: Reporting System.Exception: No Paycode found for PayType: Reporting
2024-11-04 15:18:34.5396 [ERROR] No Paycode found for PayType: Reporting System.Exception: No Paycode found for PayType: Reporting
2024-11-04 15:18:34.5396 [ERROR] No Paycode found for PayType: Reporting System.Exception: No Paycode found for PayType: Reporting
2024-11-04 15:18:34.5396 [ERROR] No Paycode found for PayType: Differential System.Exception: No Paycode found for PayType: Differential
2024-11-04 15:18:34.5396 [ERROR] No Paycode found for PayType: Reporting System.Exception: No Paycode found for PayType: Reporting
2024-11-04 15:18:34.5396 [ERROR] No Paycode found for PayType: Reporting System.Exception: No Paycode found for PayType: Reporting
2024-11-04 15:18:34.5396 [INFO] Finished processing Payroll CSV: D:\Emergere\ConnorsLLC\ConnorsLLC_Project\ProcessFiles_Demo\bin\Debug\net6.0\Payroll/ReprocessFiles\Payfile_2024-10-06-2024-10-19_2024-10-30 19_49_20 -0700.csv at 11/4/2024 3:18:34 PM 
2024-11-04 15:18:34.5396 [INFO] Time taken to process file: 0.037859 seconds. 
2024-11-04 15:18:34.5396 [INFO] D:\Emergere\ConnorsLLC\ConnorsLLC_Project\ProcessFiles_Demo\bin\Debug\net6.0\Payroll/ReprocessFiles\Payfile_2024-10-06-2024-10-19_2024-10-30 19_49_20 -0700.csv 
2024-11-04 15:18:34.5396 [INFO] D:\Emergere\ConnorsLLC\ConnorsLLC_Project\ProcessFiles_Demo\bin\Debug\net6.0\Payroll/ProcessedFiles\Payfile_2024-10-06-2024-10-19_2024-10-30 19_49_20 -0700_20241104_151834.csv 
2024-11-04 15:18:34.8857 [ERROR] Error processing files from FTP/SFTP System.Net.Sockets.SocketException (11001): No such host is known.
   at Renci.SshNet.Abstractions.SocketAbstraction.ConnectCore(Socket socket, EndPoint remoteEndpoint, TimeSpan connectTimeout, Boolean ownsSocket)
   at Renci.SshNet.Connection.ConnectorBase.SocketConnect(EndPoint endPoint, TimeSpan timeout)
   at Renci.SshNet.Session.Connect()
   at Renci.SshNet.BaseClient.CreateAndConnectSession()
   at Renci.SshNet.BaseClient.Connect()
   at ProcessFiles_Demo.Client.SftpFileTransferClient.ListFilesAsync(String path) in D:\Emergere\ConnorsLLC\ConnorsLLC_Project\ProcessFiles_Demo\Client\FtpFileTransferClient.cs:line 102
   at Program.FetchAndProcessFilesAsync(IFileTransferClient fileTransferClient, String processor_type, String processedFolder, String reprocessingFolder, String outputFolder, String decryptedFolderOutput, JObject clientSettings) in D:\Emergere\ConnorsLLC\ConnorsLLC_Project\ProcessFiles_Demo\Program.cs:line 95
2024-11-04 15:18:34.8938 [INFO] ERROR: No such host is known. 
2024-11-04 15:18:34.8938 [INFO] Application Completed Successfully 
2024-11-04 15:29:48.7704 [DEBUG] Application Starting 
2024-11-04 15:29:50.4826 [INFO] Start processing Payroll CSV: D:\Emergere\ConnorsLLC\ConnorsLLC_Project\ProcessFiles_Demo\bin\Debug\net6.0\Payroll/ReprocessFiles\Payfile_2024-10-06-2024-10-19_2024-10-30 19_49_20 -0700.csv at 11/4/2024 3:29:50 PM 
2024-11-04 15:29:50.5162 [ERROR] No Paycode found for PayType: Reporting System.Exception: No Paycode found for PayType: Reporting
2024-11-04 15:29:50.5162 [ERROR] No Paycode found for PayType: Reporting System.Exception: No Paycode found for PayType: Reporting
2024-11-04 15:29:50.5162 [ERROR] No Paycode found for PayType: Reporting System.Exception: No Paycode found for PayType: Reporting
2024-11-04 15:29:50.5162 [ERROR] No Paycode found for PayType: Differential System.Exception: No Paycode found for PayType: Differential
2024-11-04 15:29:50.5162 [ERROR] No Paycode found for PayType: Reporting System.Exception: No Paycode found for PayType: Reporting
2024-11-04 15:29:50.5162 [ERROR] No Paycode found for PayType: Reporting System.Exception: No Paycode found for PayType: Reporting
2024-11-04 15:29:50.5162 [ERROR] No Paycode found for PayType: Reporting System.Exception: No Paycode found for PayType: Reporting
2024-11-04 15:29:50.5162 [ERROR] No Paycode found for PayType: Reporting System.Exception: No Paycode found for PayType: Reporting
2024-11-04 15:29:50.5162 [ERROR] No Paycode found for PayType: Reporting System.Exception: No Paycode found for PayType: Reporting
2024-11-04 15:29:50.5162 [ERROR] No Paycode found for PayType: Differential System.Exception: No Paycode found for PayType: Differential
2024-11-04 15:29:50.5162 [ERROR] No Paycode found for PayType: Reporting System.Exception: No Paycode found for PayType: Reporting
2024-11-04 15:29:50.5162 [ERROR] No Paycode found for PayType: Reporting System.Exception: No Paycode found for PayType: Reporting
2024-11-04 15:29:50.5162 [ERROR] No Paycode found for PayType: Reporting System.Exception: No Paycode found for PayType: Reporting
2024-11-04 15:29:50.5162 [ERROR] No Paycode found for PayType: Reporting System.Exception: No Paycode found for PayType: Reporting
2024-11-04 15:29:50.5162 [ERROR] No Paycode found for PayType: Reporting System.Exception: No Paycode found for PayType: Reporting
2024-11-04 15:29:50.5162 [ERROR] No Paycode found for PayType: Differential System.Exception: No Paycode found for PayType: Differential
2024-11-04 15:29:50.5162 [ERROR] No Paycode found for PayType: Reporting System.Exception: No Paycode found for PayType: Reporting
2024-11-04 15:29:50.5162 [ERROR] No Paycode found for PayType: Reporting System.Exception: No Paycode found for PayType: Reporting
2024-11-04 15:29:50.5162 [INFO] Finished processing Payroll CSV: D:\Emergere\ConnorsLLC\ConnorsLLC_Project\ProcessFiles_Demo\bin\Debug\net6.0\Payroll/ReprocessFiles\Payfile_2024-10-06-2024-10-19_2024-10-30 19_49_20 -0700.csv at 11/4/2024 3:29:50 PM 
2024-11-04 15:29:50.5162 [INFO] Time taken to process file: 0.0478265 seconds. 
2024-11-04 15:29:50.5162 [INFO] D:\Emergere\ConnorsLLC\ConnorsLLC_Project\ProcessFiles_Demo\bin\Debug\net6.0\Payroll/ReprocessFiles\Payfile_2024-10-06-2024-10-19_2024-10-30 19_49_20 -0700.csv 
2024-11-04 15:29:50.5353 [INFO] D:\Emergere\ConnorsLLC\ConnorsLLC_Project\ProcessFiles_Demo\bin\Debug\net6.0\Payroll/ProcessedFiles\Payfile_2024-10-06-2024-10-19_2024-10-30 19_49_20 -0700_20241104_152950.csv 
2024-11-04 15:29:50.8519 [ERROR] Error processing files from FTP/SFTP System.Net.Sockets.SocketException (11001): No such host is known.
   at Renci.SshNet.Abstractions.SocketAbstraction.ConnectCore(Socket socket, EndPoint remoteEndpoint, TimeSpan connectTimeout, Boolean ownsSocket)
   at Renci.SshNet.Connection.ConnectorBase.SocketConnect(EndPoint endPoint, TimeSpan timeout)
   at Renci.SshNet.Session.Connect()
   at Renci.SshNet.BaseClient.CreateAndConnectSession()
   at Renci.SshNet.BaseClient.Connect()
   at ProcessFiles_Demo.Client.SftpFileTransferClient.ListFilesAsync(String path) in D:\Emergere\ConnorsLLC\ConnorsLLC_Project\ProcessFiles_Demo\Client\FtpFileTransferClient.cs:line 102
   at Program.FetchAndProcessFilesAsync(IFileTransferClient fileTransferClient, String processor_type, String processedFolder, String reprocessingFolder, String outputFolder, String decryptedFolderOutput, JObject clientSettings) in D:\Emergere\ConnorsLLC\ConnorsLLC_Project\ProcessFiles_Demo\Program.cs:line 95
2024-11-04 15:29:50.8519 [INFO] ERROR: No such host is known. 
2024-11-04 15:29:50.8519 [INFO] Application Completed Successfully 
2024-11-04 15:35:42.3642 [DEBUG] Application Starting 
2024-11-04 15:35:44.0803 [INFO] Start processing Payroll CSV: D:\Emergere\ConnorsLLC\ConnorsLLC_Project\ProcessFiles_Demo\bin\Debug\net6.0\Payroll/ReprocessFiles\Payfile_2024-10-06-2024-10-19_2024-10-30 19_49_20 -0700.csv at 11/4/2024 3:35:44 PM 
2024-11-04 15:35:44.1071 [ERROR] No Paycode found for PayType: Differential System.Exception: No Paycode found for PayType: Differential
2024-11-04 15:35:44.1071 [ERROR] No Paycode found for PayType: Differential System.Exception: No Paycode found for PayType: Differential
2024-11-04 15:35:44.1071 [ERROR] No Paycode found for PayType: Differential System.Exception: No Paycode found for PayType: Differential
2024-11-04 15:35:44.1071 [INFO] Finished processing Payroll CSV: D:\Emergere\ConnorsLLC\ConnorsLLC_Project\ProcessFiles_Demo\bin\Debug\net6.0\Payroll/ReprocessFiles\Payfile_2024-10-06-2024-10-19_2024-10-30 19_49_20 -0700.csv at 11/4/2024 3:35:44 PM 
2024-11-04 15:35:44.1071 [INFO] Time taken to process file: 0.0342192 seconds. 
2024-11-04 15:35:44.1071 [INFO] D:\Emergere\ConnorsLLC\ConnorsLLC_Project\ProcessFiles_Demo\bin\Debug\net6.0\Payroll/ReprocessFiles\Payfile_2024-10-06-2024-10-19_2024-10-30 19_49_20 -0700.csv 
2024-11-04 15:35:44.1071 [INFO] D:\Emergere\ConnorsLLC\ConnorsLLC_Project\ProcessFiles_Demo\bin\Debug\net6.0\Payroll/ProcessedFiles\Payfile_2024-10-06-2024-10-19_2024-10-30 19_49_20 -0700_20241104_153544.csv 
2024-11-04 15:35:44.5820 [ERROR] Error processing files from FTP/SFTP System.Net.Sockets.SocketException (11001): No such host is known.
   at Renci.SshNet.Abstractions.SocketAbstraction.ConnectCore(Socket socket, EndPoint remoteEndpoint, TimeSpan connectTimeout, Boolean ownsSocket)
   at Renci.SshNet.Connection.ConnectorBase.SocketConnect(EndPoint endPoint, TimeSpan timeout)
   at Renci.SshNet.Session.Connect()
   at Renci.SshNet.BaseClient.CreateAndConnectSession()
   at Renci.SshNet.BaseClient.Connect()
   at ProcessFiles_Demo.Client.SftpFileTransferClient.ListFilesAsync(String path) in D:\Emergere\ConnorsLLC\ConnorsLLC_Project\ProcessFiles_Demo\Client\FtpFileTransferClient.cs:line 102
   at Program.FetchAndProcessFilesAsync(IFileTransferClient fileTransferClient, String processor_type, String processedFolder, String reprocessingFolder, String outputFolder, String decryptedFolderOutput, JObject clientSettings) in D:\Emergere\ConnorsLLC\ConnorsLLC_Project\ProcessFiles_Demo\Program.cs:line 95
2024-11-04 15:35:44.5820 [INFO] ERROR: No such host is known. 
2024-11-04 15:35:44.5820 [INFO] Application Completed Successfully 
