2024-10-30 11:58:19.1345 [DEBUG] Application Starting 
2024-10-30 11:58:21.7867 [INFO] Start processing Payroll CSV: D:\Emergere\ConnorsLLC\ConnorsLLC_Project\ProcessFiles_Demo\bin\Debug\net6.0\Payroll/ReprocessFiles\payroll_source_20241029_20241029.csv at 10/30/2024 11:58:21 AM 
2024-10-30 11:58:21.8925 [ERROR] No Paycode found for PayType: Other Pay System.Exception: No Paycode found for PayType: Other Pay
2024-10-30 11:58:21.9023 [ERROR] No Paycode found for PayType: Reporting System.Exception: No Paycode found for PayType: Reporting
2024-10-30 11:58:21.9023 [INFO] Finished processing Payroll CSV: D:\Emergere\ConnorsLLC\ConnorsLLC_Project\ProcessFiles_Demo\bin\Debug\net6.0\Payroll/ReprocessFiles\payroll_source_20241029_20241029.csv at 10/30/2024 11:58:21 AM 
2024-10-30 11:58:21.9023 [INFO] Time taken to process file: 0.117847 seconds. 
2024-10-30 11:58:21.9023 [INFO] D:\Emergere\ConnorsLLC\ConnorsLLC_Project\ProcessFiles_Demo\bin\Debug\net6.0\Payroll/ReprocessFiles\payroll_source_20241029_20241029.csv 
2024-10-30 11:58:21.9153 [INFO] D:\Emergere\ConnorsLLC\ConnorsLLC_Project\ProcessFiles_Demo\bin\Debug\net6.0\Payroll/ProcessedFiles\payroll_source_20241029_20241029_20241030_115821.csv 
2024-10-30 11:58:23.3035 [ERROR] Error processing files from FTP/SFTP System.Net.Sockets.SocketException (11001): No such host is known.
   at Renci.SshNet.Abstractions.SocketAbstraction.ConnectCore(Socket socket, EndPoint remoteEndpoint, TimeSpan connectTimeout, Boolean ownsSocket)
   at Renci.SshNet.Connection.ConnectorBase.SocketConnect(EndPoint endPoint, TimeSpan timeout)
   at Renci.SshNet.Session.Connect()
   at Renci.SshNet.BaseClient.CreateAndConnectSession()
   at Renci.SshNet.BaseClient.Connect()
   at ProcessFiles_Demo.Client.SftpFileTransferClient.ListFilesAsync(String path) in D:\Emergere\ConnorsLLC\ConnorsLLC_Project\ProcessFiles_Demo\Client\FtpFileTransferClient.cs:line 102
   at Program.FetchAndProcessFilesAsync(IFileTransferClient fileTransferClient, String processor_type, String processedFolder, String reprocessingFolder, String outputFolder, String decryptedFolderOutput, JObject clientSettings) in D:\Emergere\ConnorsLLC\ConnorsLLC_Project\ProcessFiles_Demo\Program.cs:line 95
2024-10-30 11:58:23.3254 [INFO] ERROR: No such host is known. 
2024-10-30 11:58:23.3254 [INFO] Application Completed Successfully 
2024-10-30 12:15:38.1999 [DEBUG] Application Starting 
2024-10-30 12:15:40.8997 [INFO] Start processing Payroll CSV: D:\Emergere\ConnorsLLC\ConnorsLLC_Project\ProcessFiles_Demo\bin\Debug\net6.0\Payroll/ReprocessFiles\payroll_source_20241029_20241029_194009.csv at 10/30/2024 12:15:40 PM 
2024-10-30 12:15:40.9815 [ERROR] No Paycode found for PayType: Other Pay System.Exception: No Paycode found for PayType: Other Pay
2024-10-30 12:15:40.9815 [ERROR] No Paycode found for PayType: Reporting System.Exception: No Paycode found for PayType: Reporting
2024-10-30 12:15:40.9815 [INFO] Finished processing Payroll CSV: D:\Emergere\ConnorsLLC\ConnorsLLC_Project\ProcessFiles_Demo\bin\Debug\net6.0\Payroll/ReprocessFiles\payroll_source_20241029_20241029_194009.csv at 10/30/2024 12:15:40 PM 
2024-10-30 12:15:40.9815 [INFO] Time taken to process file: 0.0888356 seconds. 
2024-10-30 12:15:40.9815 [INFO] D:\Emergere\ConnorsLLC\ConnorsLLC_Project\ProcessFiles_Demo\bin\Debug\net6.0\Payroll/ReprocessFiles\payroll_source_20241029_20241029_194009.csv 
2024-10-30 12:15:40.9981 [INFO] D:\Emergere\ConnorsLLC\ConnorsLLC_Project\ProcessFiles_Demo\bin\Debug\net6.0\Payroll/ProcessedFiles\payroll_source_20241029_20241029_194009_20241030_121540.csv 
2024-10-30 12:15:42.1911 [ERROR] Error processing files from FTP/SFTP System.Net.Sockets.SocketException (11001): No such host is known.
   at Renci.SshNet.Abstractions.SocketAbstraction.ConnectCore(Socket socket, EndPoint remoteEndpoint, TimeSpan connectTimeout, Boolean ownsSocket)
   at Renci.SshNet.Connection.ConnectorBase.SocketConnect(EndPoint endPoint, TimeSpan timeout)
   at Renci.SshNet.Session.Connect()
   at Renci.SshNet.BaseClient.CreateAndConnectSession()
   at Renci.SshNet.BaseClient.Connect()
   at ProcessFiles_Demo.Client.SftpFileTransferClient.ListFilesAsync(String path) in D:\Emergere\ConnorsLLC\ConnorsLLC_Project\ProcessFiles_Demo\Client\FtpFileTransferClient.cs:line 102
   at Program.FetchAndProcessFilesAsync(IFileTransferClient fileTransferClient, String processor_type, String processedFolder, String reprocessingFolder, String outputFolder, String decryptedFolderOutput, JObject clientSettings) in D:\Emergere\ConnorsLLC\ConnorsLLC_Project\ProcessFiles_Demo\Program.cs:line 95
2024-10-30 12:15:42.2007 [INFO] ERROR: No such host is known. 
2024-10-30 12:15:42.2007 [INFO] Application Completed Successfully 
2024-10-30 13:17:36.8221 [DEBUG] Application Starting 
2024-10-30 13:17:39.3755 [INFO] Start processing Payroll CSV: D:\Emergere\ConnorsLLC\ConnorsLLC_Project\ProcessFiles_Demo\bin\Debug\net6.0\Payroll/ReprocessFiles\payroll_source_20241029_20241029.csv at 10/30/2024 1:17:39 PM 
2024-10-30 13:17:39.4712 [ERROR] No Paycode found for PayType: Other Pay System.Exception: No Paycode found for PayType: Other Pay
2024-10-30 13:17:39.4772 [ERROR] No Paycode found for PayType: Reporting System.Exception: No Paycode found for PayType: Reporting
2024-10-30 13:17:39.4772 [INFO] Finished processing Payroll CSV: D:\Emergere\ConnorsLLC\ConnorsLLC_Project\ProcessFiles_Demo\bin\Debug\net6.0\Payroll/ReprocessFiles\payroll_source_20241029_20241029.csv at 10/30/2024 1:17:39 PM 
2024-10-30 13:17:39.4772 [INFO] Time taken to process file: 0.1074915 seconds. 
2024-10-30 13:17:39.4772 [INFO] D:\Emergere\ConnorsLLC\ConnorsLLC_Project\ProcessFiles_Demo\bin\Debug\net6.0\Payroll/ReprocessFiles\payroll_source_20241029_20241029.csv 
2024-10-30 13:17:39.4997 [INFO] D:\Emergere\ConnorsLLC\ConnorsLLC_Project\ProcessFiles_Demo\bin\Debug\net6.0\Payroll/ProcessedFiles\payroll_source_20241029_20241029_20241030_131739.csv 
2024-10-30 13:17:40.3479 [ERROR] Error processing files from FTP/SFTP System.Net.Sockets.SocketException (11001): No such host is known.
   at Renci.SshNet.Abstractions.SocketAbstraction.ConnectCore(Socket socket, EndPoint remoteEndpoint, TimeSpan connectTimeout, Boolean ownsSocket)
   at Renci.SshNet.Connection.ConnectorBase.SocketConnect(EndPoint endPoint, TimeSpan timeout)
   at Renci.SshNet.Session.Connect()
   at Renci.SshNet.BaseClient.CreateAndConnectSession()
   at Renci.SshNet.BaseClient.Connect()
   at ProcessFiles_Demo.Client.SftpFileTransferClient.ListFilesAsync(String path) in D:\Emergere\ConnorsLLC\ConnorsLLC_Project\ProcessFiles_Demo\Client\FtpFileTransferClient.cs:line 102
   at Program.FetchAndProcessFilesAsync(IFileTransferClient fileTransferClient, String processor_type, String processedFolder, String reprocessingFolder, String outputFolder, String decryptedFolderOutput, JObject clientSettings) in D:\Emergere\ConnorsLLC\ConnorsLLC_Project\ProcessFiles_Demo\Program.cs:line 95
2024-10-30 13:17:40.3581 [INFO] ERROR: No such host is known. 
2024-10-30 13:17:40.3581 [INFO] Application Completed Successfully 
2024-10-30 13:37:50.9695 [DEBUG] Application Starting 
2024-10-30 13:37:52.6780 [INFO] Start processing Payroll CSV: D:\Emergere\ConnorsLLC\ConnorsLLC_Project\ProcessFiles_Demo\bin\Debug\net6.0\Payroll/ReprocessFiles\payroll_source_20241029.csv at 10/30/2024 1:37:52 PM 
2024-10-30 13:37:52.7024 [ERROR] No Paycode found for PayType: Other Pay System.Exception: No Paycode found for PayType: Other Pay
2024-10-30 13:37:52.7024 [ERROR] No Paycode found for PayType: Reporting System.Exception: No Paycode found for PayType: Reporting
2024-10-30 13:37:52.7024 [INFO] Finished processing Payroll CSV: D:\Emergere\ConnorsLLC\ConnorsLLC_Project\ProcessFiles_Demo\bin\Debug\net6.0\Payroll/ReprocessFiles\payroll_source_20241029.csv at 10/30/2024 1:37:52 PM 
2024-10-30 13:37:52.7024 [INFO] Time taken to process file: 0.0276442 seconds. 
2024-10-30 13:37:52.7024 [INFO] D:\Emergere\ConnorsLLC\ConnorsLLC_Project\ProcessFiles_Demo\bin\Debug\net6.0\Payroll/ReprocessFiles\payroll_source_20241029.csv 
2024-10-30 13:37:52.7105 [INFO] D:\Emergere\ConnorsLLC\ConnorsLLC_Project\ProcessFiles_Demo\bin\Debug\net6.0\Payroll/ProcessedFiles\payroll_source_20241029_20241030_133752.csv 
2024-10-30 13:37:53.1439 [ERROR] Error processing files from FTP/SFTP System.Net.Sockets.SocketException (11001): No such host is known.
   at Renci.SshNet.Abstractions.SocketAbstraction.ConnectCore(Socket socket, EndPoint remoteEndpoint, TimeSpan connectTimeout, Boolean ownsSocket)
   at Renci.SshNet.Connection.ConnectorBase.SocketConnect(EndPoint endPoint, TimeSpan timeout)
   at Renci.SshNet.Session.Connect()
   at Renci.SshNet.BaseClient.CreateAndConnectSession()
   at Renci.SshNet.BaseClient.Connect()
   at ProcessFiles_Demo.Client.SftpFileTransferClient.ListFilesAsync(String path) in D:\Emergere\ConnorsLLC\ConnorsLLC_Project\ProcessFiles_Demo\Client\FtpFileTransferClient.cs:line 102
   at Program.FetchAndProcessFilesAsync(IFileTransferClient fileTransferClient, String processor_type, String processedFolder, String reprocessingFolder, String outputFolder, String decryptedFolderOutput, JObject clientSettings) in D:\Emergere\ConnorsLLC\ConnorsLLC_Project\ProcessFiles_Demo\Program.cs:line 95
2024-10-30 13:37:53.1505 [INFO] ERROR: No such host is known. 
2024-10-30 13:37:53.1505 [INFO] Application Completed Successfully 
2024-10-30 13:39:47.5190 [DEBUG] Application Starting 
2024-10-30 13:39:49.3474 [INFO] Start processing Payroll CSV: D:\Emergere\ConnorsLLC\ConnorsLLC_Project\ProcessFiles_Demo\bin\Debug\net6.0\Payroll/ReprocessFiles\payroll_source_20241029.csv at 10/30/2024 1:39:49 PM 
2024-10-30 13:39:49.3999 [ERROR] No Paycode found for PayType: Other Pay System.Exception: No Paycode found for PayType: Other Pay
2024-10-30 13:39:49.3999 [ERROR] No Paycode found for PayType: Reporting System.Exception: No Paycode found for PayType: Reporting
2024-10-30 13:39:49.3999 [INFO] Finished processing Payroll CSV: D:\Emergere\ConnorsLLC\ConnorsLLC_Project\ProcessFiles_Demo\bin\Debug\net6.0\Payroll/ReprocessFiles\payroll_source_20241029.csv at 10/30/2024 1:39:49 PM 
2024-10-30 13:39:49.3999 [INFO] Time taken to process file: 0.0586454 seconds. 
2024-10-30 13:39:49.3999 [INFO] D:\Emergere\ConnorsLLC\ConnorsLLC_Project\ProcessFiles_Demo\bin\Debug\net6.0\Payroll/ReprocessFiles\payroll_source_20241029.csv 
2024-10-30 13:39:49.4144 [INFO] D:\Emergere\ConnorsLLC\ConnorsLLC_Project\ProcessFiles_Demo\bin\Debug\net6.0\Payroll/ProcessedFiles\payroll_source_20241029_20241030_133949.csv 
2024-10-30 13:39:49.9186 [ERROR] Error processing files from FTP/SFTP System.Net.Sockets.SocketException (11001): No such host is known.
   at Renci.SshNet.Abstractions.SocketAbstraction.ConnectCore(Socket socket, EndPoint remoteEndpoint, TimeSpan connectTimeout, Boolean ownsSocket)
   at Renci.SshNet.Connection.ConnectorBase.SocketConnect(EndPoint endPoint, TimeSpan timeout)
   at Renci.SshNet.Session.Connect()
   at Renci.SshNet.BaseClient.CreateAndConnectSession()
   at Renci.SshNet.BaseClient.Connect()
   at ProcessFiles_Demo.Client.SftpFileTransferClient.ListFilesAsync(String path) in D:\Emergere\ConnorsLLC\ConnorsLLC_Project\ProcessFiles_Demo\Client\FtpFileTransferClient.cs:line 102
   at Program.FetchAndProcessFilesAsync(IFileTransferClient fileTransferClient, String processor_type, String processedFolder, String reprocessingFolder, String outputFolder, String decryptedFolderOutput, JObject clientSettings) in D:\Emergere\ConnorsLLC\ConnorsLLC_Project\ProcessFiles_Demo\Program.cs:line 95
2024-10-30 13:39:49.9186 [INFO] ERROR: No such host is known. 
2024-10-30 13:39:49.9186 [INFO] Application Completed Successfully 
2024-10-30 13:45:58.2980 [DEBUG] Application Starting 
2024-10-30 13:45:59.9897 [INFO] Start processing Payroll CSV: D:\Emergere\ConnorsLLC\ConnorsLLC_Project\ProcessFiles_Demo\bin\Debug\net6.0\Payroll/ReprocessFiles\payroll_source_20241029.csv at 10/30/2024 1:45:59 PM 
2024-10-30 13:46:00.0242 [ERROR] No Paycode found for PayType: Other Pay System.Exception: No Paycode found for PayType: Other Pay
2024-10-30 13:46:00.0242 [ERROR] No Paycode found for PayType: Reporting System.Exception: No Paycode found for PayType: Reporting
2024-10-30 13:46:00.0242 [INFO] Finished processing Payroll CSV: D:\Emergere\ConnorsLLC\ConnorsLLC_Project\ProcessFiles_Demo\bin\Debug\net6.0\Payroll/ReprocessFiles\payroll_source_20241029.csv at 10/30/2024 1:46:00 PM 
2024-10-30 13:46:00.0242 [INFO] Time taken to process file: 0.039603 seconds. 
2024-10-30 13:46:00.0242 [INFO] D:\Emergere\ConnorsLLC\ConnorsLLC_Project\ProcessFiles_Demo\bin\Debug\net6.0\Payroll/ReprocessFiles\payroll_source_20241029.csv 
2024-10-30 13:46:00.0369 [INFO] D:\Emergere\ConnorsLLC\ConnorsLLC_Project\ProcessFiles_Demo\bin\Debug\net6.0\Payroll/ProcessedFiles\payroll_source_20241029_20241030_134600.csv 
2024-10-30 13:46:00.6409 [ERROR] Error processing files from FTP/SFTP System.Net.Sockets.SocketException (11001): No such host is known.
   at Renci.SshNet.Abstractions.SocketAbstraction.ConnectCore(Socket socket, EndPoint remoteEndpoint, TimeSpan connectTimeout, Boolean ownsSocket)
   at Renci.SshNet.Connection.ConnectorBase.SocketConnect(EndPoint endPoint, TimeSpan timeout)
   at Renci.SshNet.Session.Connect()
   at Renci.SshNet.BaseClient.CreateAndConnectSession()
   at Renci.SshNet.BaseClient.Connect()
   at ProcessFiles_Demo.Client.SftpFileTransferClient.ListFilesAsync(String path) in D:\Emergere\ConnorsLLC\ConnorsLLC_Project\ProcessFiles_Demo\Client\FtpFileTransferClient.cs:line 102
   at Program.FetchAndProcessFilesAsync(IFileTransferClient fileTransferClient, String processor_type, String processedFolder, String reprocessingFolder, String outputFolder, String decryptedFolderOutput, JObject clientSettings) in D:\Emergere\ConnorsLLC\ConnorsLLC_Project\ProcessFiles_Demo\Program.cs:line 95
2024-10-30 13:46:00.6490 [INFO] ERROR: No such host is known. 
2024-10-30 13:46:00.6490 [INFO] Application Completed Successfully 
2024-10-30 13:49:54.3518 [DEBUG] Application Starting 
2024-10-30 13:49:56.6602 [INFO] Start processing Payroll CSV: D:\Emergere\ConnorsLLC\ConnorsLLC_Project\ProcessFiles_Demo\bin\Debug\net6.0\Payroll/ReprocessFiles\payroll_source_20241029_20241030_134600.csv at 10/30/2024 1:49:56 PM 
2024-10-30 14:07:11.1697 [DEBUG] Application Starting 
2024-10-30 14:07:13.0040 [INFO] Start processing Payroll CSV: D:\Emergere\ConnorsLLC\ConnorsLLC_Project\ProcessFiles_Demo\bin\Debug\net6.0\Payroll/ReprocessFiles\payroll_source_20241029_20241030_134600.csv at 10/30/2024 2:07:13 PM 
2024-10-30 14:07:17.4540 [ERROR] No Paycode found for PayType: Other Pay System.Exception: No Paycode found for PayType: Other Pay
2024-10-30 14:07:17.4608 [ERROR] No Paycode found for PayType: Reporting System.Exception: No Paycode found for PayType: Reporting
2024-10-30 14:07:17.4608 [INFO] Finished processing Payroll CSV: D:\Emergere\ConnorsLLC\ConnorsLLC_Project\ProcessFiles_Demo\bin\Debug\net6.0\Payroll/ReprocessFiles\payroll_source_20241029_20241030_134600.csv at 10/30/2024 2:07:17 PM 
2024-10-30 14:07:17.4608 [INFO] Time taken to process file: 4.458959 seconds. 
2024-10-30 14:07:17.4608 [INFO] D:\Emergere\ConnorsLLC\ConnorsLLC_Project\ProcessFiles_Demo\bin\Debug\net6.0\Payroll/ReprocessFiles\payroll_source_20241029_20241030_134600.csv 
2024-10-30 14:07:17.4776 [INFO] D:\Emergere\ConnorsLLC\ConnorsLLC_Project\ProcessFiles_Demo\bin\Debug\net6.0\Payroll/ProcessedFiles\payroll_source_20241029_20241030_134600_20241030_140717.csv 
2024-10-30 14:07:18.1637 [ERROR] Error processing files from FTP/SFTP System.Net.Sockets.SocketException (11001): No such host is known.
   at Renci.SshNet.Abstractions.SocketAbstraction.ConnectCore(Socket socket, EndPoint remoteEndpoint, TimeSpan connectTimeout, Boolean ownsSocket)
   at Renci.SshNet.Connection.ConnectorBase.SocketConnect(EndPoint endPoint, TimeSpan timeout)
   at Renci.SshNet.Session.Connect()
   at Renci.SshNet.BaseClient.CreateAndConnectSession()
   at Renci.SshNet.BaseClient.Connect()
   at ProcessFiles_Demo.Client.SftpFileTransferClient.ListFilesAsync(String path) in D:\Emergere\ConnorsLLC\ConnorsLLC_Project\ProcessFiles_Demo\Client\FtpFileTransferClient.cs:line 102
   at Program.FetchAndProcessFilesAsync(IFileTransferClient fileTransferClient, String processor_type, String processedFolder, String reprocessingFolder, String outputFolder, String decryptedFolderOutput, JObject clientSettings) in D:\Emergere\ConnorsLLC\ConnorsLLC_Project\ProcessFiles_Demo\Program.cs:line 95
2024-10-30 14:07:18.1776 [INFO] ERROR: No such host is known. 
2024-10-30 14:07:18.1776 [INFO] Application Completed Successfully 
2024-10-30 14:08:39.4407 [DEBUG] Application Starting 
2024-10-30 14:08:41.5718 [INFO] Start processing Payroll CSV: D:\Emergere\ConnorsLLC\ConnorsLLC_Project\ProcessFiles_Demo\bin\Debug\net6.0\Payroll/ReprocessFiles\payroll_source_20241029.csv at 10/30/2024 2:08:41 PM 
2024-10-30 14:08:41.6147 [ERROR] No Paycode found for PayType: Other Pay System.Exception: No Paycode found for PayType: Other Pay
2024-10-30 14:08:41.6147 [ERROR] No Paycode found for PayType: Reporting System.Exception: No Paycode found for PayType: Reporting
2024-10-30 14:08:41.6147 [INFO] Finished processing Payroll CSV: D:\Emergere\ConnorsLLC\ConnorsLLC_Project\ProcessFiles_Demo\bin\Debug\net6.0\Payroll/ReprocessFiles\payroll_source_20241029.csv at 10/30/2024 2:08:41 PM 
2024-10-30 14:08:41.6147 [INFO] Time taken to process file: 0.0493557 seconds. 
2024-10-30 14:08:41.6147 [INFO] D:\Emergere\ConnorsLLC\ConnorsLLC_Project\ProcessFiles_Demo\bin\Debug\net6.0\Payroll/ReprocessFiles\payroll_source_20241029.csv 
2024-10-30 14:08:41.6147 [INFO] D:\Emergere\ConnorsLLC\ConnorsLLC_Project\ProcessFiles_Demo\bin\Debug\net6.0\Payroll/ProcessedFiles\payroll_source_20241029_20241030_140841.csv 
2024-10-30 14:08:42.2532 [ERROR] Error processing files from FTP/SFTP System.Net.Sockets.SocketException (11001): No such host is known.
   at Renci.SshNet.Abstractions.SocketAbstraction.ConnectCore(Socket socket, EndPoint remoteEndpoint, TimeSpan connectTimeout, Boolean ownsSocket)
   at Renci.SshNet.Connection.ConnectorBase.SocketConnect(EndPoint endPoint, TimeSpan timeout)
   at Renci.SshNet.Session.Connect()
   at Renci.SshNet.BaseClient.CreateAndConnectSession()
   at Renci.SshNet.BaseClient.Connect()
   at ProcessFiles_Demo.Client.SftpFileTransferClient.ListFilesAsync(String path) in D:\Emergere\ConnorsLLC\ConnorsLLC_Project\ProcessFiles_Demo\Client\FtpFileTransferClient.cs:line 102
   at Program.FetchAndProcessFilesAsync(IFileTransferClient fileTransferClient, String processor_type, String processedFolder, String reprocessingFolder, String outputFolder, String decryptedFolderOutput, JObject clientSettings) in D:\Emergere\ConnorsLLC\ConnorsLLC_Project\ProcessFiles_Demo\Program.cs:line 95
2024-10-30 14:08:42.2598 [INFO] ERROR: No such host is known. 
2024-10-30 14:08:42.2598 [INFO] Application Completed Successfully 
2024-10-30 15:09:34.2154 [DEBUG] Application Starting 
2024-10-30 15:09:35.7497 [INFO] Start processing Payroll CSV: D:\Emergere\ConnorsLLC\ConnorsLLC_Project\ProcessFiles_Demo\bin\Debug\net6.0\Payroll/ReprocessFiles\payroll_source_20241029.csv at 10/30/2024 3:09:35 PM 
2024-10-30 15:09:35.7766 [ERROR] No Paycode found for PayType: Other Pay System.Exception: No Paycode found for PayType: Other Pay
2024-10-30 15:09:35.7766 [ERROR] No Paycode found for PayType: Reporting System.Exception: No Paycode found for PayType: Reporting
2024-10-30 15:09:35.7766 [INFO] Finished processing Payroll CSV: D:\Emergere\ConnorsLLC\ConnorsLLC_Project\ProcessFiles_Demo\bin\Debug\net6.0\Payroll/ReprocessFiles\payroll_source_20241029.csv at 10/30/2024 3:09:35 PM 
2024-10-30 15:09:35.7766 [INFO] Time taken to process file: 0.030353 seconds. 
2024-10-30 15:09:35.7766 [INFO] D:\Emergere\ConnorsLLC\ConnorsLLC_Project\ProcessFiles_Demo\bin\Debug\net6.0\Payroll/ReprocessFiles\payroll_source_20241029.csv 
2024-10-30 15:09:35.7766 [INFO] D:\Emergere\ConnorsLLC\ConnorsLLC_Project\ProcessFiles_Demo\bin\Debug\net6.0\Payroll/ProcessedFiles\payroll_source_20241029_20241030_150935.csv 
2024-10-30 15:09:36.6978 [ERROR] Error processing files from FTP/SFTP System.Net.Sockets.SocketException (11001): No such host is known.
   at Renci.SshNet.Abstractions.SocketAbstraction.ConnectCore(Socket socket, EndPoint remoteEndpoint, TimeSpan connectTimeout, Boolean ownsSocket)
   at Renci.SshNet.Connection.ConnectorBase.SocketConnect(EndPoint endPoint, TimeSpan timeout)
   at Renci.SshNet.Session.Connect()
   at Renci.SshNet.BaseClient.CreateAndConnectSession()
   at Renci.SshNet.BaseClient.Connect()
   at ProcessFiles_Demo.Client.SftpFileTransferClient.ListFilesAsync(String path) in D:\Emergere\ConnorsLLC\ConnorsLLC_Project\ProcessFiles_Demo\Client\FtpFileTransferClient.cs:line 102
   at Program.FetchAndProcessFilesAsync(IFileTransferClient fileTransferClient, String processor_type, String processedFolder, String reprocessingFolder, String outputFolder, String decryptedFolderOutput, JObject clientSettings) in D:\Emergere\ConnorsLLC\ConnorsLLC_Project\ProcessFiles_Demo\Program.cs:line 95
2024-10-30 15:09:36.7088 [INFO] ERROR: No such host is known. 
2024-10-30 15:09:36.7088 [INFO] Application Completed Successfully 
2024-10-30 15:29:11.8149 [DEBUG] Application Starting 
2024-10-30 15:29:13.1313 [INFO] Start processing Payroll CSV: D:\Emergere\ConnorsLLC\ConnorsLLC_Project\ProcessFiles_Demo\bin\Debug\net6.0\Payroll/ReprocessFiles\payroll_source_20241029_20241030_150935.csv at 10/30/2024 3:29:13 PM 
2024-10-30 15:29:13.1545 [ERROR] No Paycode found for PayType: Other Pay System.Exception: No Paycode found for PayType: Other Pay
2024-10-30 15:29:13.1545 [ERROR] No Paycode found for PayType: Reporting System.Exception: No Paycode found for PayType: Reporting
2024-10-30 15:29:13.1545 [INFO] Finished processing Payroll CSV: D:\Emergere\ConnorsLLC\ConnorsLLC_Project\ProcessFiles_Demo\bin\Debug\net6.0\Payroll/ReprocessFiles\payroll_source_20241029_20241030_150935.csv at 10/30/2024 3:29:13 PM 
2024-10-30 15:29:13.1545 [INFO] Time taken to process file: 0.0263954 seconds. 
2024-10-30 15:29:13.1545 [INFO] D:\Emergere\ConnorsLLC\ConnorsLLC_Project\ProcessFiles_Demo\bin\Debug\net6.0\Payroll/ReprocessFiles\payroll_source_20241029_20241030_150935.csv 
2024-10-30 15:29:13.1620 [INFO] D:\Emergere\ConnorsLLC\ConnorsLLC_Project\ProcessFiles_Demo\bin\Debug\net6.0\Payroll/ProcessedFiles\payroll_source_20241029_20241030_150935_20241030_152913.csv 
2024-10-30 15:29:13.7806 [ERROR] Error processing files from FTP/SFTP System.Net.Sockets.SocketException (11001): No such host is known.
   at Renci.SshNet.Abstractions.SocketAbstraction.ConnectCore(Socket socket, EndPoint remoteEndpoint, TimeSpan connectTimeout, Boolean ownsSocket)
   at Renci.SshNet.Connection.ConnectorBase.SocketConnect(EndPoint endPoint, TimeSpan timeout)
   at Renci.SshNet.Session.Connect()
   at Renci.SshNet.BaseClient.CreateAndConnectSession()
   at Renci.SshNet.BaseClient.Connect()
   at ProcessFiles_Demo.Client.SftpFileTransferClient.ListFilesAsync(String path) in D:\Emergere\ConnorsLLC\ConnorsLLC_Project\ProcessFiles_Demo\Client\FtpFileTransferClient.cs:line 102
   at Program.FetchAndProcessFilesAsync(IFileTransferClient fileTransferClient, String processor_type, String processedFolder, String reprocessingFolder, String outputFolder, String decryptedFolderOutput, JObject clientSettings) in D:\Emergere\ConnorsLLC\ConnorsLLC_Project\ProcessFiles_Demo\Program.cs:line 95
2024-10-30 15:29:13.7920 [INFO] ERROR: No such host is known. 
2024-10-30 15:29:13.7920 [INFO] Application Completed Successfully 
2024-10-30 16:20:27.8405 [DEBUG] Application Starting 
2024-10-30 16:20:29.2946 [INFO] Start processing Payroll CSV: D:\Emergere\ConnorsLLC\ConnorsLLC_Project\ProcessFiles_Demo\bin\Debug\net6.0\Payroll/ReprocessFiles\payroll_source_20241029.csv at 10/30/2024 4:20:29 PM 
2024-10-30 16:20:29.3213 [ERROR] No Paycode found for PayType: Other Pay System.Exception: No Paycode found for PayType: Other Pay
2024-10-30 16:20:29.3213 [ERROR] No Paycode found for PayType: Reporting System.Exception: No Paycode found for PayType: Reporting
2024-10-30 16:20:29.3213 [INFO] Finished processing Payroll CSV: D:\Emergere\ConnorsLLC\ConnorsLLC_Project\ProcessFiles_Demo\bin\Debug\net6.0\Payroll/ReprocessFiles\payroll_source_20241029.csv at 10/30/2024 4:20:29 PM 
2024-10-30 16:20:29.3213 [INFO] Time taken to process file: 0.0302164 seconds. 
2024-10-30 16:20:29.3213 [INFO] D:\Emergere\ConnorsLLC\ConnorsLLC_Project\ProcessFiles_Demo\bin\Debug\net6.0\Payroll/ReprocessFiles\payroll_source_20241029.csv 
2024-10-30 16:20:29.3213 [INFO] D:\Emergere\ConnorsLLC\ConnorsLLC_Project\ProcessFiles_Demo\bin\Debug\net6.0\Payroll/ProcessedFiles\payroll_source_20241029_20241030_162029.csv 
2024-10-30 16:20:29.7457 [ERROR] Error processing files from FTP/SFTP System.Net.Sockets.SocketException (11001): No such host is known.
   at Renci.SshNet.Abstractions.SocketAbstraction.ConnectCore(Socket socket, EndPoint remoteEndpoint, TimeSpan connectTimeout, Boolean ownsSocket)
   at Renci.SshNet.Connection.ConnectorBase.SocketConnect(EndPoint endPoint, TimeSpan timeout)
   at Renci.SshNet.Session.Connect()
   at Renci.SshNet.BaseClient.CreateAndConnectSession()
   at Renci.SshNet.BaseClient.Connect()
   at ProcessFiles_Demo.Client.SftpFileTransferClient.ListFilesAsync(String path) in D:\Emergere\ConnorsLLC\ConnorsLLC_Project\ProcessFiles_Demo\Client\FtpFileTransferClient.cs:line 102
   at Program.FetchAndProcessFilesAsync(IFileTransferClient fileTransferClient, String processor_type, String processedFolder, String reprocessingFolder, String outputFolder, String decryptedFolderOutput, JObject clientSettings) in D:\Emergere\ConnorsLLC\ConnorsLLC_Project\ProcessFiles_Demo\Program.cs:line 95
2024-10-30 16:20:29.7457 [INFO] ERROR: No such host is known. 
2024-10-30 16:20:29.7457 [INFO] Application Completed Successfully 
2024-10-30 16:22:28.2720 [DEBUG] Application Starting 
2024-10-30 16:22:30.1662 [INFO] Start processing Payroll CSV: D:\Emergere\ConnorsLLC\ConnorsLLC_Project\ProcessFiles_Demo\bin\Debug\net6.0\Payroll/ReprocessFiles\payroll_source_20241029.csv at 10/30/2024 4:22:30 PM 
2024-10-30 16:22:30.2117 [ERROR] No Paycode found for PayType: Other Pay System.Exception: No Paycode found for PayType: Other Pay
2024-10-30 16:22:30.2117 [ERROR] No Paycode found for PayType: Reporting System.Exception: No Paycode found for PayType: Reporting
2024-10-30 16:22:30.2117 [INFO] Finished processing Payroll CSV: D:\Emergere\ConnorsLLC\ConnorsLLC_Project\ProcessFiles_Demo\bin\Debug\net6.0\Payroll/ReprocessFiles\payroll_source_20241029.csv at 10/30/2024 4:22:30 PM 
2024-10-30 16:22:30.2117 [INFO] Time taken to process file: 0.0510477 seconds. 
2024-10-30 16:22:30.2117 [INFO] D:\Emergere\ConnorsLLC\ConnorsLLC_Project\ProcessFiles_Demo\bin\Debug\net6.0\Payroll/ReprocessFiles\payroll_source_20241029.csv 
2024-10-30 16:22:30.2246 [INFO] D:\Emergere\ConnorsLLC\ConnorsLLC_Project\ProcessFiles_Demo\bin\Debug\net6.0\Payroll/ProcessedFiles\payroll_source_20241029_20241030_162230.csv 
2024-10-30 16:22:30.8652 [ERROR] Error processing files from FTP/SFTP System.Net.Sockets.SocketException (11001): No such host is known.
   at Renci.SshNet.Abstractions.SocketAbstraction.ConnectCore(Socket socket, EndPoint remoteEndpoint, TimeSpan connectTimeout, Boolean ownsSocket)
   at Renci.SshNet.Connection.ConnectorBase.SocketConnect(EndPoint endPoint, TimeSpan timeout)
   at Renci.SshNet.Session.Connect()
   at Renci.SshNet.BaseClient.CreateAndConnectSession()
   at Renci.SshNet.BaseClient.Connect()
   at ProcessFiles_Demo.Client.SftpFileTransferClient.ListFilesAsync(String path) in D:\Emergere\ConnorsLLC\ConnorsLLC_Project\ProcessFiles_Demo\Client\FtpFileTransferClient.cs:line 102
   at Program.FetchAndProcessFilesAsync(IFileTransferClient fileTransferClient, String processor_type, String processedFolder, String reprocessingFolder, String outputFolder, String decryptedFolderOutput, JObject clientSettings) in D:\Emergere\ConnorsLLC\ConnorsLLC_Project\ProcessFiles_Demo\Program.cs:line 95
2024-10-30 16:22:30.8652 [INFO] ERROR: No such host is known. 
2024-10-30 16:22:30.8652 [INFO] Application Completed Successfully 
2024-10-30 17:50:31.1215 [DEBUG] Application Starting 
2024-10-30 17:50:33.1471 [INFO] Start processing Payroll CSV: D:\Emergere\ConnorsLLC\ConnorsLLC_Project\ProcessFiles_Demo\bin\Debug\net6.0\Payroll/ReprocessFiles\payroll_source_20241029_20241030_162230.csv at 10/30/2024 5:50:33 PM 
2024-10-30 17:50:43.5061 [INFO] Start processing Payroll CSV: D:\Emergere\ConnorsLLC\ConnorsLLC_Project\ProcessFiles_Demo\bin\Debug\net6.0\Payroll/ReprocessFiles\payroll_source_20241029_20241030_162230.csv at 10/30/2024 5:50:43 PM 
2024-10-30 17:50:53.6142 [INFO] Start processing Payroll CSV: D:\Emergere\ConnorsLLC\ConnorsLLC_Project\ProcessFiles_Demo\bin\Debug\net6.0\Payroll/ReprocessFiles\payroll_source_20241029_20241030_162230.csv at 10/30/2024 5:50:53 PM 
2024-10-30 17:51:03.7098 [INFO] Start processing Payroll CSV: D:\Emergere\ConnorsLLC\ConnorsLLC_Project\ProcessFiles_Demo\bin\Debug\net6.0\Payroll/ReprocessFiles\payroll_source_20241029_20241030_162230.csv at 10/30/2024 5:51:03 PM 
2024-10-30 17:51:03.9836 [ERROR] Failed to reprocess D:\Emergere\ConnorsLLC\ConnorsLLC_Project\ProcessFiles_Demo\bin\Debug\net6.0\Payroll/FailedFiles\payroll_source_20241029_20241030_162230_20241030_175103.csv System.FormatException: String '8/4/2024' was not recognized as a valid DateTime.
   at System.DateTime.ParseExact(String s, String format, IFormatProvider provider)
   at ProcessFiles_Demo.FileProcessing.PayrollFileProcessor.ParseDate(String dateStr) in D:\Emergere\ConnorsLLC\ConnorsLLC_Project\ProcessFiles_Demo\FileProcessing\PayrollProcessor.cs:line 216
   at ProcessFiles_Demo.FileProcessing.PayrollFileProcessor.<ProcessAsync>b__6_1(PayrollRecord r) in D:\Emergere\ConnorsLLC\ConnorsLLC_Project\ProcessFiles_Demo\FileProcessing\PayrollProcessor.cs:line 179
   at System.Linq.EnumerableSorter`2.ComputeKeys(TElement[] elements, Int32 count)
   at System.Linq.EnumerableSorter`2.ComputeKeys(TElement[] elements, Int32 count)
   at System.Linq.EnumerableSorter`1.ComputeMap(TElement[] elements, Int32 count)
   at System.Linq.EnumerableSorter`1.Sort(TElement[] elements, Int32 count)
   at System.Linq.OrderedEnumerable`1.ToList()
   at System.Linq.Enumerable.ToList[TSource](IEnumerable`1 source)
   at ProcessFiles_Demo.FileProcessing.PayrollFileProcessor.ProcessAsync(String filePath, String destinationPath) in D:\Emergere\ConnorsLLC\ConnorsLLC_Project\ProcessFiles_Demo\FileProcessing\PayrollProcessor.cs:line 179
   at ProcessFiles_Demo.Commands.ProcessFileCommand.ExecuteAsync() in D:\Emergere\ConnorsLLC\ConnorsLLC_Project\ProcessFiles_Demo\Commands\ProcessFileCommand.cs:line 31
   at Polly.AsyncPolicy.<>c__DisplayClass40_0.<<ImplementationAsync>b__0>d.MoveNext()
--- End of stack trace from previous location ---
   at Polly.Retry.AsyncRetryEngine.ImplementationAsync[TResult](Func`3 action, Context context, CancellationToken cancellationToken, ExceptionPredicates shouldRetryExceptionPredicates, ResultPredicates`1 shouldRetryResultPredicates, Func`5 onRetryAsync, Int32 permittedRetryCount, IEnumerable`1 sleepDurationsEnumerable, Func`4 sleepDurationProvider, Boolean continueOnCapturedContext)
   at Polly.AsyncPolicy.ExecuteAsync(Func`3 action, Context context, CancellationToken cancellationToken, Boolean continueOnCapturedContext)
   at ProcessFiles_Demo.Helpers.RetryHelper.RetryAsync(Func`1 action, Int32 maxRetryAttempts) in D:\Emergere\ConnorsLLC\ConnorsLLC_Project\ProcessFiles_Demo\Helpers\RetryHelper.cs:line 24
   at Program.ProcessReprocessingFilesAsync(IFileTransferClient fileTransferClient, String processor_type, String reprocessingFolder, String processedFolder, String failedFolder, String outputFolder, String decryptedFolderOutput, JObject clientSettings) in D:\Emergere\ConnorsLLC\ConnorsLLC_Project\ProcessFiles_Demo\Program.cs:line 194
2024-10-30 17:51:04.0262 [INFO] ERROR: String '' was not recognized as a valid DateTime. - moved to FailedFiles. 
2024-10-30 17:51:04.5600 [ERROR] Error processing files from FTP/SFTP System.Net.Sockets.SocketException (11001): No such host is known.
   at Renci.SshNet.Abstractions.SocketAbstraction.ConnectCore(Socket socket, EndPoint remoteEndpoint, TimeSpan connectTimeout, Boolean ownsSocket)
   at Renci.SshNet.Connection.ConnectorBase.SocketConnect(EndPoint endPoint, TimeSpan timeout)
   at Renci.SshNet.Session.Connect()
   at Renci.SshNet.BaseClient.CreateAndConnectSession()
   at Renci.SshNet.BaseClient.Connect()
   at ProcessFiles_Demo.Client.SftpFileTransferClient.ListFilesAsync(String path) in D:\Emergere\ConnorsLLC\ConnorsLLC_Project\ProcessFiles_Demo\Client\FtpFileTransferClient.cs:line 102
   at Program.FetchAndProcessFilesAsync(IFileTransferClient fileTransferClient, String processor_type, String processedFolder, String reprocessingFolder, String outputFolder, String decryptedFolderOutput, JObject clientSettings) in D:\Emergere\ConnorsLLC\ConnorsLLC_Project\ProcessFiles_Demo\Program.cs:line 95
2024-10-30 17:51:04.5600 [INFO] ERROR: No such host is known. 
2024-10-30 17:51:04.5600 [INFO] Application Completed Successfully 
