2024-11-14 22:15:58.1517 [DEBUG] Application Starting 
2024-11-14 22:16:19.0919 [INFO] Downloaded file: EmployeeEntity-2024-301-2024-335.csv.gz to D:\Emergere\ConnorsLLC\ConnorsLLC_Project\ProcessFiles_Demo\bin\Debug\net6.0\Payroll/Mapping\EmployeeEntity-2024-301-2024-335.csv.gz 
2024-11-14 22:16:19.9337 [INFO] File has been decompressed to: D:\Emergere\ConnorsLLC\ConnorsLLC_Project\ProcessFiles_Demo\bin\Debug\net6.0\Payroll/Mapping\EmployeeEntity-2024-301-2024-335.csv 
2024-11-14 22:16:19.9337 [INFO] Deleted the .gz file: D:\Emergere\ConnorsLLC\ConnorsLLC_Project\ProcessFiles_Demo\bin\Debug\net6.0\Payroll/Mapping\EmployeeEntity-2024-301-2024-335.csv.gz 
2024-11-14 22:16:22.2835 [INFO] Start processing Payroll CSV: D:\Emergere\ConnorsLLC\ConnorsLLC_Project\ProcessFiles_Demo\bin\Debug\net6.0\Payroll/ReprocessFiles\Payfile_2024-10-20-2024-11-02_2024-11-04 16_00_26 -0800_20241108_151030.csv at 11/14/2024 10:16:22 PM 
2024-11-14 22:16:22.4114 [INFO] Finished processing Payroll CSV: D:\Emergere\ConnorsLLC\ConnorsLLC_Project\ProcessFiles_Demo\bin\Debug\net6.0\Payroll/ReprocessFiles\Payfile_2024-10-20-2024-11-02_2024-11-04 16_00_26 -0800_20241108_151030.csv at 11/14/2024 10:16:22 PM 
2024-11-14 22:16:22.4114 [INFO] Time taken to process file: 0.1292299 seconds. 
2024-11-14 22:16:22.4114 [INFO] D:\Emergere\ConnorsLLC\ConnorsLLC_Project\ProcessFiles_Demo\bin\Debug\net6.0\Payroll/ReprocessFiles\Payfile_2024-10-20-2024-11-02_2024-11-04 16_00_26 -0800_20241108_151030.csv 
2024-11-14 22:16:22.4221 [INFO] D:\Emergere\ConnorsLLC\ConnorsLLC_Project\ProcessFiles_Demo\bin\Debug\net6.0\Payroll/ProcessedFiles\Payfile_2024-10-20-2024-11-02_2024-11-04 16_00_26 -0800_20241108_151030_20241114_221622.csv 
2024-11-14 22:16:48.9027 [INFO] No decryption needed for C:\Users\varadharaj\AppData\Local\Temp\Payfile_2024-10-20-2024-11-02_2024-11-04 16_00_26 -0800.csv 
2024-11-14 22:17:09.6562 [INFO] Downloaded file: EmployeeEntity-2024-301-2024-335.csv.gz to D:\Emergere\ConnorsLLC\ConnorsLLC_Project\ProcessFiles_Demo\bin\Debug\net6.0\Payroll/Mapping\EmployeeEntity-2024-301-2024-335.csv.gz 
2024-11-14 22:17:10.4641 [INFO] File has been decompressed to: D:\Emergere\ConnorsLLC\ConnorsLLC_Project\ProcessFiles_Demo\bin\Debug\net6.0\Payroll/Mapping\EmployeeEntity-2024-301-2024-335.csv 
2024-11-14 22:17:10.4641 [INFO] Deleted the .gz file: D:\Emergere\ConnorsLLC\ConnorsLLC_Project\ProcessFiles_Demo\bin\Debug\net6.0\Payroll/Mapping\EmployeeEntity-2024-301-2024-335.csv.gz 
2024-11-14 22:17:11.5813 [INFO] Start processing Payroll CSV: C:\Users\varadharaj\AppData\Local\Temp\Payfile_2024-10-20-2024-11-02_2024-11-04 16_00_26 -0800.csv at 11/14/2024 10:17:11 PM 
2024-11-14 22:17:11.6683 [INFO] Finished processing Payroll CSV: C:\Users\varadharaj\AppData\Local\Temp\Payfile_2024-10-20-2024-11-02_2024-11-04 16_00_26 -0800.csv at 11/14/2024 10:17:11 PM 
2024-11-14 22:17:11.6683 [INFO] Time taken to process file: 0.0869681 seconds. 
2024-11-14 22:17:11.6683 [INFO] C:\Users\varadharaj\AppData\Local\Temp\Payfile_2024-10-20-2024-11-02_2024-11-04 16_00_26 -0800.csv 
2024-11-14 22:17:11.6683 [INFO] D:\Emergere\ConnorsLLC\ConnorsLLC_Project\ProcessFiles_Demo\bin\Debug\net6.0\Payroll/ProcessedFiles\Payfile_2024-10-20-2024-11-02_2024-11-04 16_00_26 -0800_20241114_221711.csv 
2024-11-14 22:18:30.4331 [ERROR] Error processing files from FTP/SFTP System.IO.FileNotFoundException: Could not find file 'D:\Emergere\ConnorsLLC\ConnorsLLC_Project\ProcessFiles_Demo\bin\Debug\net6.0\Payfile_2024-10-20-2024-11-02_2024-11-04 16_00_26 -0800.csv'.
File name: 'D:\Emergere\ConnorsLLC\ConnorsLLC_Project\ProcessFiles_Demo\bin\Debug\net6.0\Payfile_2024-10-20-2024-11-02_2024-11-04 16_00_26 -0800.csv'
   at System.IO.File.Move(String sourceFileName, String destFileName, Boolean overwrite)
   at System.IO.File.Move(String sourceFileName, String destFileName)
   at Program.MoveFileToFolder(String sourceFilePath, String destinationFolder) in D:\Emergere\ConnorsLLC\ConnorsLLC_Project\ProcessFiles_Demo\Program.cs:line 239
   at Program.FetchAndProcessFilesAsync(IFileTransferClient fileTransferClient, String processor_type, String processedFolder, String reprocessingFolder, String outputFolder, String decryptedFolderOutput, JObject clientSettings) in D:\Emergere\ConnorsLLC\ConnorsLLC_Project\ProcessFiles_Demo\Program.cs:line 148
2024-11-14 22:18:30.5156 [INFO] ERROR: Could not find file 'D:\Emergere\ConnorsLLC\ConnorsLLC_Project\ProcessFiles_Demo\bin\Debug\net6.0\Payfile_2024-10-20-2024-11-02_2024-11-04 16_00_26 -0800.csv'. 
2024-11-14 22:18:30.5156 [INFO] Application Completed Successfully 
