2024-11-21 14:28:47.2033 [DEBUG] Application Starting 
2024-11-21 14:33:29.8382 [DEBUG] Application Starting 
2024-11-21 15:28:44.0350 [DEBUG] Application Starting 
2024-11-21 15:29:06.9079 [INFO] Attempting to download file from: /home/fivebelow-uat/outbox/payroll\Payfile_2024-10-20-2024-11-02_2024-11-04 16_00_26 -0800.csv 
2024-11-21 15:29:07.5965 [ERROR] File not found on remote server: /home/fivebelow-uat/outbox/payroll\Payfile_2024-10-20-2024-11-02_2024-11-04 16_00_26 -0800.csv System.Exception: File not found on remote server: /home/fivebelow-uat/outbox/payroll\Payfile_2024-10-20-2024-11-02_2024-11-04 16_00_26 -0800.csv
2024-11-21 15:29:08.2308 [ERROR] No valid file was downloaded for processing. System.Exception: No valid file was downloaded for processing.
2024-11-21 15:29:08.2308 [INFO] Application Completed Successfully 
2024-11-21 15:30:05.9586 [DEBUG] Application Starting 
2024-11-21 15:30:46.5724 [INFO] Attempting to download file from: /home/fivebelow-uat/outbox/payroll\Payfile_2024-10-20-2024-11-02_2024-11-04 16_00_26 -0800.csv 
2024-11-21 15:35:15.8490 [DEBUG] Application Starting 
2024-11-21 15:42:08.6632 [INFO] Attempting to download file from: /home/fivebelow-uat/outbox/payroll/Payfile_2024-10-20-2024-11-02_2024-11-04 16_00_26 -0800.csv 
2024-11-21 15:43:44.3681 [INFO] Latest file downloaded: C:\Users\varadharaj\AppData\Local\Temp\Payfile_2024-10-20-2024-11-02_2024-11-04 16_00_26 -0800.csv 
2024-11-21 15:43:48.1483 [ERROR] Failed to process D:\Emergere\ConnorsLLC\ConnorsLLC_Project\ProcessFiles_Demo\bin\Debug\net6.0\Payroll/ReprocessFiles\Payfile_2024-10-20-2024-11-02_2024-11-04 16_00_26 -0800_20241121_154348.csv:  System.IO.FileNotFoundException: File not found at the specified location: path/to/privatekey.asc
   at DidiSoft.BC.BaseLib.ReadFileOrAsciiString(String inputFile, String variableName)
   at DidiSoft.Pgp.PGPLib.DecryptFile(String encryptedFile, String privateKeyFile, String privateKeyPassword, String outputFileName)
   at ProcessFiles_Demo.Decryption.Decrypt.DecryptFile(String inputFilePath, String outputFilePath, String privateKeyPath, String passPhrase) in D:\Emergere\ConnorsLLC\ConnorsLLC_Project\ProcessFiles_Demo\Decryption\Decrypt.cs:line 16
   at Program.FetchAndProcessFilesAsync(IFileTransferClient fileTransferClient, String processorType, String processedFolder, String reprocessingFolder, String outputFolder, String decryptedFolderOutput, JObject clientSettings, String fileNameStartsWith) in D:\Emergere\ConnorsLLC\ConnorsLLC_Project\ProcessFiles_Demo\Program.cs:line 121
2024-11-21 15:43:48.2013 [INFO] ERROR: File not found at the specified location: path/to/privatekey.asc - moved to ReprocessFiles. 
2024-11-21 15:43:48.2013 [INFO] Application Completed Successfully 
2024-11-21 15:45:06.6439 [DEBUG] Application Starting 
2024-11-21 15:45:21.7520 [INFO] Downloaded file: EmployeeEntity-2024-308-2024-342.csv.gz to D:\Emergere\ConnorsLLC\ConnorsLLC_Project\ProcessFiles_Demo\bin\Debug\net6.0\Payroll/Mapping\EmployeeEntity-2024-308-2024-342.csv.gz 
2024-11-21 15:45:22.4465 [ERROR] Failed to reprocess D:\Emergere\ConnorsLLC\ConnorsLLC_Project\ProcessFiles_Demo\bin\Debug\net6.0\Payroll/FailedFiles\Payfile_2024-10-20-2024-11-02_2024-11-04 16_00_26 -0800_20241121_154348_20241121_154522.csv System.IO.IOException: The process cannot access the file 'D:\Emergere\ConnorsLLC\ConnorsLLC_Project\ProcessFiles_Demo\bin\Debug\net6.0\Payroll\Mapping\EmployeeEntity-2024-308-2024-342.csv' because it is being used by another process.
   at Microsoft.Win32.SafeHandles.SafeFileHandle.CreateFile(String fullPath, FileMode mode, FileAccess access, FileShare share, FileOptions options)
   at Microsoft.Win32.SafeHandles.SafeFileHandle.Open(String fullPath, FileMode mode, FileAccess access, FileShare share, FileOptions options, Int64 preallocationSize)
   at System.IO.Strategies.OSFileStreamStrategy..ctor(String path, FileMode mode, FileAccess access, FileShare share, FileOptions options, Int64 preallocationSize)
   at System.IO.Strategies.FileStreamHelpers.ChooseStrategyCore(String path, FileMode mode, FileAccess access, FileShare share, FileOptions options, Int64 preallocationSize)
   at System.IO.Strategies.FileStreamHelpers.ChooseStrategy(FileStream fileStream, String path, FileMode mode, FileAccess access, FileShare share, Int32 bufferSize, FileOptions options, Int64 preallocationSize)
   at System.IO.FileStream..ctor(String path, FileMode mode, FileAccess access)
   at ProcessFiles_Demo.SFTPExtract.SFTPFileExtract.ExtractGzFile(String gzFilePath, String outputFilePath) in D:\Emergere\ConnorsLLC\ConnorsLLC_Project\ProcessFiles_Demo\SFTPExtract\SFTPFileExtract.cs:line 85
   at ProcessFiles_Demo.SFTPExtract.SFTPFileExtract.DownloadAndExtractFile(JObject clientSettings, String remoteDirectoryPath, String localDirectoryPath) in D:\Emergere\ConnorsLLC\ConnorsLLC_Project\ProcessFiles_Demo\SFTPExtract\SFTPFileExtract.cs:line 57
   at ProcessFiles_Demo.FileProcessing.PayrollFileProcessor..ctor(JObject clientSettings) in D:\Emergere\ConnorsLLC\ConnorsLLC_Project\ProcessFiles_Demo\FileProcessing\PayrollProcessor.cs:line 30
   at ProcessFiles_Demo.FileProcessing.CsvFileProcessorFactory.GetProcessor(String processortype, JObject clientSettings) in D:\Emergere\ConnorsLLC\ConnorsLLC_Project\ProcessFiles_Demo\FileProcessing\CsvFileProcessorFactory.cs:line 25
   at Program.ProcessReprocessingFilesAsync(IFileTransferClient fileTransferClient, String processorType, String reprocessingFolder, String processedFolder, String failedFolder, String outputFolder, String decryptedFolderOutput, JObject clientSettings) in D:\Emergere\ConnorsLLC\ConnorsLLC_Project\ProcessFiles_Demo\Program.cs:line 189
2024-11-21 15:45:22.5077 [INFO] ERROR: The process cannot access the file 'D:\Emergere\ConnorsLLC\ConnorsLLC_Project\ProcessFiles_Demo\bin\Debug\net6.0\Payroll\Mapping\EmployeeEntity-2024-308-2024-342.csv' because it is being used by another process. - moved to FailedFiles. 
2024-11-21 15:46:16.2847 [INFO] Attempting to download file from: /home/fivebelow-uat/outbox/payroll/Payfile_2024-10-20-2024-11-02_2024-11-04 16_00_26 -0800.csv 
2024-11-21 15:46:24.4987 [INFO] Latest file downloaded: C:\Users\varadharaj\AppData\Local\Temp\Payfile_2024-10-20-2024-11-02_2024-11-04 16_00_26 -0800.csv 
2024-11-21 15:46:39.1101 [INFO] No decryption needed for C:\Users\varadharaj\AppData\Local\Temp\Payfile_2024-10-20-2024-11-02_2024-11-04 16_00_26 -0800.csv 
2024-11-21 15:46:58.8966 [INFO] Downloaded file: EmployeeEntity-2024-308-2024-342.csv.gz to D:\Emergere\ConnorsLLC\ConnorsLLC_Project\ProcessFiles_Demo\bin\Debug\net6.0\Payroll/Mapping\EmployeeEntity-2024-308-2024-342.csv.gz 
2024-11-21 15:49:05.8256 [DEBUG] Application Starting 
2024-11-21 15:49:35.5813 [INFO] Attempting to download file from: /home/fivebelow-uat/outbox/payroll/Payfile_2024-10-20-2024-11-02_2024-11-04 16_00_26 -0800.csv 
2024-11-21 15:49:38.5808 [INFO] Latest file downloaded: C:\Users\varadharaj\AppData\Local\Temp\Payfile_2024-10-20-2024-11-02_2024-11-04 16_00_26 -0800.csv 
2024-11-21 15:49:41.2924 [INFO] No decryption needed for C:\Users\varadharaj\AppData\Local\Temp\Payfile_2024-10-20-2024-11-02_2024-11-04 16_00_26 -0800.csv 
2024-11-21 15:52:07.5511 [DEBUG] Application Starting 
2024-11-21 15:52:28.2385 [INFO] Attempting to download file from: /home/fivebelow-uat/outbox/payroll/Payfile_2024-10-20-2024-11-02_2024-11-04 16_00_26 -0800.csv 
2024-11-21 15:52:31.2860 [INFO] Latest file downloaded: C:\Users\varadharaj\AppData\Local\Temp\Payfile_2024-10-20-2024-11-02_2024-11-04 16_00_26 -0800.csv 
2024-11-21 15:52:33.7426 [INFO] No decryption needed for C:\Users\varadharaj\AppData\Local\Temp\Payfile_2024-10-20-2024-11-02_2024-11-04 16_00_26 -0800.csv 
2024-11-21 16:01:56.2127 [DEBUG] Application Starting 
2024-11-21 16:02:16.8577 [INFO] Attempting to download file from: /home/fivebelow-uat/outbox/payroll/Payfile_2024-10-20-2024-11-02_2024-11-04 16_00_26 -0800.csv 
2024-11-21 16:02:20.2179 [INFO] Latest file downloaded: C:\Users\varadharaj\AppData\Local\Temp\Payfile_2024-10-20-2024-11-02_2024-11-04 16_00_26 -0800.csv 
2024-11-21 16:02:56.2036 [INFO] No decryption needed for C:\Users\varadharaj\AppData\Local\Temp\Payfile_2024-10-20-2024-11-02_2024-11-04 16_00_26 -0800.csv 
2024-11-21 16:03:55.7036 [INFO] Downloaded file: EmployeeEntity-2024-308-2024-342.csv.gz to D:\Emergere\ConnorsLLC\ConnorsLLC_Project\ProcessFiles_Demo\bin\Debug\net6.0\Payroll/Mapping\EmployeeEntity-2024-308-2024-342.csv.gz 
2024-11-21 16:03:56.3040 [INFO] File has been decompressed to: D:\Emergere\ConnorsLLC\ConnorsLLC_Project\ProcessFiles_Demo\bin\Debug\net6.0\Payroll/Mapping\EmployeeEntity-2024-308-2024-342.csv 
2024-11-21 16:03:56.3040 [INFO] Deleted the .gz file: D:\Emergere\ConnorsLLC\ConnorsLLC_Project\ProcessFiles_Demo\bin\Debug\net6.0\Payroll/Mapping\EmployeeEntity-2024-308-2024-342.csv.gz 
2024-11-21 16:03:57.1810 [INFO] Start processing Payroll CSV: C:\Users\varadharaj\AppData\Local\Temp\Payfile_2024-10-20-2024-11-02_2024-11-04 16_00_26 -0800.csv at 11/21/2024 4:03:57 PM 
2024-11-21 16:03:57.2264 [INFO] Finished processing Payroll CSV: C:\Users\varadharaj\AppData\Local\Temp\Payfile_2024-10-20-2024-11-02_2024-11-04 16_00_26 -0800.csv at 11/21/2024 4:03:57 PM 
2024-11-21 16:03:57.2264 [INFO] Time taken to process file: 0.0458465 seconds. 
2024-11-21 16:03:57.2264 [INFO] C:\Users\varadharaj\AppData\Local\Temp\Payfile_2024-10-20-2024-11-02_2024-11-04 16_00_26 -0800.csv 
2024-11-21 16:03:57.2264 [INFO] File successfully processed and moved to: D:\Emergere\ConnorsLLC\ConnorsLLC_Project\ProcessFiles_Demo\bin\Debug\net6.0\Payroll/ProcessedFiles\Payfile_2024-10-20-2024-11-02_2024-11-04 16_00_26 -0800_20241121_160357.csv 
2024-11-21 16:05:03.7325 [ERROR] Error processing files from FTP/SFTP System.IO.FileNotFoundException: Could not find file 'C:\Users\varadharaj\AppData\Local\Temp\Payfile_2024-10-20-2024-11-02_2024-11-04 16_00_26 -0800.csv'.
File name: 'C:\Users\varadharaj\AppData\Local\Temp\Payfile_2024-10-20-2024-11-02_2024-11-04 16_00_26 -0800.csv'
   at System.IO.File.Move(String sourceFileName, String destFileName, Boolean overwrite)
   at System.IO.File.Move(String sourceFileName, String destFileName)
   at Program.MoveFileToFolder(String sourceFilePath, String destinationFolder) in D:\Emergere\ConnorsLLC\ConnorsLLC_Project\ProcessFiles_Demo\Program.cs:line 220
   at Program.FetchAndProcessFilesAsync(IFileTransferClient fileTransferClient, String processorType, String processedFolder, String reprocessingFolder, String outputFolder, String decryptedFolderOutput, JObject clientSettings, String fileNameStartsWith) in D:\Emergere\ConnorsLLC\ConnorsLLC_Project\ProcessFiles_Demo\Program.cs:line 148
2024-11-21 16:05:03.7894 [INFO] ERROR: Could not find file 'C:\Users\varadharaj\AppData\Local\Temp\Payfile_2024-10-20-2024-11-02_2024-11-04 16_00_26 -0800.csv'. 
2024-11-21 16:05:03.7894 [INFO] Application Completed Successfully 
2024-11-21 16:05:24.8771 [DEBUG] Application Starting 
2024-11-21 16:05:46.9749 [INFO] Attempting to download file from: /home/fivebelow-uat/outbox/payroll/Payfile_2024-10-20-2024-11-02_2024-11-04 16_00_26 -0800.csv 
2024-11-21 16:05:50.0839 [INFO] Latest file downloaded: C:\Users\varadharaj\AppData\Local\Temp\Payfile_2024-10-20-2024-11-02_2024-11-04 16_00_26 -0800.csv 
2024-11-21 16:05:53.9990 [INFO] No decryption needed for C:\Users\varadharaj\AppData\Local\Temp\Payfile_2024-10-20-2024-11-02_2024-11-04 16_00_26 -0800.csv 
2024-11-21 16:06:08.7903 [INFO] Downloaded file: EmployeeEntity-2024-308-2024-342.csv.gz to D:\Emergere\ConnorsLLC\ConnorsLLC_Project\ProcessFiles_Demo\bin\Debug\net6.0\Payroll/Mapping\EmployeeEntity-2024-308-2024-342.csv.gz 
2024-11-21 16:06:09.4568 [INFO] File has been decompressed to: D:\Emergere\ConnorsLLC\ConnorsLLC_Project\ProcessFiles_Demo\bin\Debug\net6.0\Payroll/Mapping\EmployeeEntity-2024-308-2024-342.csv 
2024-11-21 16:06:09.4568 [INFO] Deleted the .gz file: D:\Emergere\ConnorsLLC\ConnorsLLC_Project\ProcessFiles_Demo\bin\Debug\net6.0\Payroll/Mapping\EmployeeEntity-2024-308-2024-342.csv.gz 
2024-11-21 16:06:10.5533 [INFO] Start processing Payroll CSV: C:\Users\varadharaj\AppData\Local\Temp\Payfile_2024-10-20-2024-11-02_2024-11-04 16_00_26 -0800.csv at 11/21/2024 4:06:10 PM 
2024-11-21 16:06:10.6117 [INFO] Finished processing Payroll CSV: C:\Users\varadharaj\AppData\Local\Temp\Payfile_2024-10-20-2024-11-02_2024-11-04 16_00_26 -0800.csv at 11/21/2024 4:06:10 PM 
2024-11-21 16:06:10.6117 [INFO] Time taken to process file: 0.0589601 seconds. 
2024-11-21 16:06:10.6117 [INFO] C:\Users\varadharaj\AppData\Local\Temp\Payfile_2024-10-20-2024-11-02_2024-11-04 16_00_26 -0800.csv 
2024-11-21 16:06:10.6179 [INFO] File successfully processed and moved to: D:\Emergere\ConnorsLLC\ConnorsLLC_Project\ProcessFiles_Demo\bin\Debug\net6.0\Payroll/ProcessedFiles\Payfile_2024-10-20-2024-11-02_2024-11-04 16_00_26 -0800_20241121_160610.csv 
2024-11-21 16:07:18.1359 [ERROR] Error processing files from FTP/SFTP System.IO.FileNotFoundException: Could not find file 'C:\Users\varadharaj\AppData\Local\Temp\Payfile_2024-10-20-2024-11-02_2024-11-04 16_00_26 -0800.csv'.
File name: 'C:\Users\varadharaj\AppData\Local\Temp\Payfile_2024-10-20-2024-11-02_2024-11-04 16_00_26 -0800.csv'
   at System.IO.File.Move(String sourceFileName, String destFileName, Boolean overwrite)
   at System.IO.File.Move(String sourceFileName, String destFileName)
   at Program.MoveFileToFolder(String sourceFilePath, String destinationFolder) in D:\Emergere\ConnorsLLC\ConnorsLLC_Project\ProcessFiles_Demo\Program.cs:line 220
   at Program.FetchAndProcessFilesAsync(IFileTransferClient fileTransferClient, String processorType, String processedFolder, String reprocessingFolder, String outputFolder, String decryptedFolderOutput, JObject clientSettings, String fileNameStartsWith) in D:\Emergere\ConnorsLLC\ConnorsLLC_Project\ProcessFiles_Demo\Program.cs:line 148
2024-11-21 16:07:18.1955 [INFO] ERROR: Could not find file 'C:\Users\varadharaj\AppData\Local\Temp\Payfile_2024-10-20-2024-11-02_2024-11-04 16_00_26 -0800.csv'. 
2024-11-21 16:07:18.1955 [INFO] Application Completed Successfully 
