2024-12-27 11:25:02.3726 [DEBUG] Application Starting 
2024-12-27 11:25:19.2946 [INFO] Attempting to download file from: /home/fivebelow-uat/outbox/payroll/Payfile_FEL_2024-11-17-2024-11-30-2024.csv 
2024-12-27 11:25:23.8375 [INFO] Latest file downloaded: C:\Users\varadharaj\AppData\Local\Temp\Payfile_FEL_2024-11-17-2024-11-30-2024.csv 
2024-12-27 11:25:23.8375 [INFO] No decryption needed for C:\Users\varadharaj\AppData\Local\Temp\Payfile_FEL_2024-11-17-2024-11-30-2024.csv 
2024-12-27 11:25:41.6842 [INFO] Downloaded file: EmployeeEntity-2024-343-2025-11.csv.gz to D:\Emergere\ConnorsLLC\ConnorsLLC_Project\ProcessFiles_Demo\bin\Debug\net6.0\Payroll/Mapping\EmployeeEntity-2024-343-2025-11.csv.gz 
2024-12-27 11:25:42.3943 [INFO] File has been decompressed to: D:\Emergere\ConnorsLLC\ConnorsLLC_Project\ProcessFiles_Demo\bin\Debug\net6.0\Payroll/Mapping\EmployeeEntity-2024-343-2025-11.csv 
2024-12-27 11:25:42.3943 [INFO] Deleted the .gz file: D:\Emergere\ConnorsLLC\ConnorsLLC_Project\ProcessFiles_Demo\bin\Debug\net6.0\Payroll/Mapping\EmployeeEntity-2024-343-2025-11.csv.gz 
2024-12-27 11:25:44.1520 [INFO] Start processing Payroll CSV: C:\Users\varadharaj\AppData\Local\Temp\Payfile_FEL_2024-11-17-2024-11-30-2024.csv at 12/27/2024 11:25:44 AM 
2024-12-27 11:25:44.4872 [INFO] Finished processing Payroll CSV: C:\Users\varadharaj\AppData\Local\Temp\Payfile_FEL_2024-11-17-2024-11-30-2024.csv at 12/27/2024 11:25:44 AM 
2024-12-27 11:25:44.4872 [INFO] Time taken to process file: 0.3362019 seconds. 
2024-12-27 11:25:44.4872 [INFO] C:\Users\varadharaj\AppData\Local\Temp\Payfile_FEL_2024-11-17-2024-11-30-2024.csv 
2024-12-27 11:25:44.4872 [INFO] File successfully processed and moved to: D:\Emergere\ConnorsLLC\ConnorsLLC_Project\ProcessFiles_Demo\bin\Debug\net6.0\Payroll/ProcessedFiles\Payfile_FEL_2024-11-17-2024-11-30-2024_20241227_112544.csv 
2024-12-27 11:25:44.4872 [INFO] Application Completed Successfully 
2024-12-27 11:39:19.4083 [DEBUG] Application Starting 
2024-12-27 11:39:35.1150 [INFO] Downloaded file: EmployeeEntity-2024-343-2025-11.csv.gz to D:\Emergere\ConnorsLLC\ConnorsLLC_Project\ProcessFiles_Demo\bin\Debug\net6.0\Payroll/Mapping\EmployeeEntity-2024-343-2025-11.csv.gz 
2024-12-27 11:39:35.7623 [INFO] File has been decompressed to: D:\Emergere\ConnorsLLC\ConnorsLLC_Project\ProcessFiles_Demo\bin\Debug\net6.0\Payroll/Mapping\EmployeeEntity-2024-343-2025-11.csv 
2024-12-27 11:39:35.7623 [INFO] Deleted the .gz file: D:\Emergere\ConnorsLLC\ConnorsLLC_Project\ProcessFiles_Demo\bin\Debug\net6.0\Payroll/Mapping\EmployeeEntity-2024-343-2025-11.csv.gz 
2024-12-27 11:39:36.8169 [INFO] Start processing Payroll CSV: D:\Emergere\ConnorsLLC\ConnorsLLC_Project\ProcessFiles_Demo\bin\Debug\net6.0\Payroll/ReprocessFiles\Payfile_2024-10-20-2024-11-02_2024-11-04_2024_20241226_155105.csv at 12/27/2024 11:39:36 AM 
2024-12-27 11:39:36.8638 [INFO] Finished processing Payroll CSV: D:\Emergere\ConnorsLLC\ConnorsLLC_Project\ProcessFiles_Demo\bin\Debug\net6.0\Payroll/ReprocessFiles\Payfile_2024-10-20-2024-11-02_2024-11-04_2024_20241226_155105.csv at 12/27/2024 11:39:36 AM 
2024-12-27 11:39:36.8638 [INFO] Time taken to process file: 0.047278 seconds. 
2024-12-27 11:39:36.8638 [INFO] D:\Emergere\ConnorsLLC\ConnorsLLC_Project\ProcessFiles_Demo\bin\Debug\net6.0\Payroll/ReprocessFiles\Payfile_2024-10-20-2024-11-02_2024-11-04_2024_20241226_155105.csv 
2024-12-27 11:39:36.8638 [INFO] D:\Emergere\ConnorsLLC\ConnorsLLC_Project\ProcessFiles_Demo\bin\Debug\net6.0\Payroll/ProcessedFiles\Payfile_2024-10-20-2024-11-02_2024-11-04_2024_20241226_155105_20241227_113936.csv 
2024-12-27 11:39:45.5465 [INFO] Attempting to download file from: /home/fivebelow-uat/outbox/payroll/Payfile_FEL_2024-11-17-2024-11-30-2024.csv 
2024-12-27 11:39:49.2502 [INFO] Latest file downloaded: C:\Users\varadharaj\AppData\Local\Temp\Payfile_FEL_2024-11-17-2024-11-30-2024.csv 
2024-12-27 11:39:49.2502 [INFO] No decryption needed for C:\Users\varadharaj\AppData\Local\Temp\Payfile_FEL_2024-11-17-2024-11-30-2024.csv 
2024-12-27 11:40:03.3951 [INFO] Downloaded file: EmployeeEntity-2024-343-2025-11.csv.gz to D:\Emergere\ConnorsLLC\ConnorsLLC_Project\ProcessFiles_Demo\bin\Debug\net6.0\Payroll/Mapping\EmployeeEntity-2024-343-2025-11.csv.gz 
2024-12-27 11:40:03.9418 [INFO] File has been decompressed to: D:\Emergere\ConnorsLLC\ConnorsLLC_Project\ProcessFiles_Demo\bin\Debug\net6.0\Payroll/Mapping\EmployeeEntity-2024-343-2025-11.csv 
2024-12-27 11:40:03.9418 [INFO] Deleted the .gz file: D:\Emergere\ConnorsLLC\ConnorsLLC_Project\ProcessFiles_Demo\bin\Debug\net6.0\Payroll/Mapping\EmployeeEntity-2024-343-2025-11.csv.gz 
2024-12-27 11:40:04.2570 [INFO] Start processing Payroll CSV: C:\Users\varadharaj\AppData\Local\Temp\Payfile_FEL_2024-11-17-2024-11-30-2024.csv at 12/27/2024 11:40:04 AM 
2024-12-27 11:40:04.3561 [INFO] Finished processing Payroll CSV: C:\Users\varadharaj\AppData\Local\Temp\Payfile_FEL_2024-11-17-2024-11-30-2024.csv at 12/27/2024 11:40:04 AM 
2024-12-27 11:40:04.3561 [INFO] Time taken to process file: 0.0990244 seconds. 
2024-12-27 11:40:04.3561 [INFO] C:\Users\varadharaj\AppData\Local\Temp\Payfile_FEL_2024-11-17-2024-11-30-2024.csv 
2024-12-27 11:40:04.3561 [INFO] File successfully processed and moved to: D:\Emergere\ConnorsLLC\ConnorsLLC_Project\ProcessFiles_Demo\bin\Debug\net6.0\Payroll/ProcessedFiles\Payfile_FEL_2024-11-17-2024-11-30-2024_20241227_114004.csv 
2024-12-27 11:40:04.3561 [INFO] Application Completed Successfully 
