2025-01-24 18:05:26.7856 [DEBUG] Application Starting 
2025-01-24 18:05:27.0899 [INFO] Starting processing for processor type: payroll with fileNameStartsWith: Payfile 
2025-01-24 18:07:31.6985 [DEBUG] Application Starting 
2025-01-24 18:07:31.8656 [INFO] Starting processing for processor type: payroll with fileNameStartsWith: Payfile 
2025-01-24 18:07:42.4132 [INFO] Attempting to download file from: /home/fivebelow-uat/outbox/payroll/Payfile_FEL_2024-11-17-2024-11-30-2024.csv 
2025-01-24 18:07:47.4317 [INFO] Latest file downloaded: C:\Users\varadharaj\AppData\Local\Temp\Payfile_FEL_2024-11-17-2024-11-30-2024.csv 
2025-01-24 18:07:47.4423 [INFO] No decryption needed for C:\Users\varadharaj\AppData\Local\Temp\Payfile_FEL_2024-11-17-2024-11-30-2024.csv 
2025-01-24 18:08:13.2349 [INFO] Downloaded file: EmployeeEntity-2025-5-2025-39.csv.gz to D:\Emergere\ConnorsLLC\ConnorsLLC_Project\ProcessFiles_Demo\bin\Debug\net6.0\Payroll/Mapping\EmployeeEntity-2025-5-2025-39.csv.gz 
2025-01-24 18:08:14.0376 [INFO] File has been decompressed to: D:\Emergere\ConnorsLLC\ConnorsLLC_Project\ProcessFiles_Demo\bin\Debug\net6.0\Payroll/Mapping\EmployeeEntity-2025-5-2025-39.csv 
2025-01-24 18:08:14.0409 [INFO] Deleted the .gz file: D:\Emergere\ConnorsLLC\ConnorsLLC_Project\ProcessFiles_Demo\bin\Debug\net6.0\Payroll/Mapping\EmployeeEntity-2025-5-2025-39.csv.gz 
2025-01-24 18:08:16.7242 [INFO] Start processing Payroll CSV: C:\Users\varadharaj\AppData\Local\Temp\Payfile_FEL_2024-11-17-2024-11-30-2024.csv at 1/24/2025 6:08:16 PM 
2025-01-24 18:08:17.0633 [ERROR] HR data not found for employee: 747766 System.Exception: HR data not found for employee: 747766
2025-01-24 18:08:17.1875 [INFO] Finished processing Payroll CSV: C:\Users\varadharaj\AppData\Local\Temp\Payfile_FEL_2024-11-17-2024-11-30-2024.csv at 1/24/2025 6:08:17 PM 
2025-01-24 18:08:17.1875 [INFO] Time taken to process file: 0.4647614 seconds. 
2025-01-24 18:08:17.1875 [INFO] C:\Users\varadharaj\AppData\Local\Temp\Payfile_FEL_2024-11-17-2024-11-30-2024.csv 
2025-01-24 18:08:17.1999 [INFO] File successfully processed and moved to: D:\Emergere\ConnorsLLC\ConnorsLLC_Project\ProcessFiles_Demo\bin\Debug\net6.0\Payroll/ProcessedFiles\Payfile_FEL_2024-11-17-2024-11-30-2024_20250124_180817.csv 
2025-01-24 18:08:17.1999 [INFO] Processing completed for processor type: payroll 
2025-01-24 18:08:17.1999 [INFO] Starting processing for processor type: accrualbalanceexport with fileNameStartsWith: AccrualBalanceExport 
2025-01-24 18:08:27.8782 [INFO] Attempting to download file from: /home/fivebelow-uat/outbox/accrual/AccrualBalanceExport_20241115_20241119_205117.csv 
2025-01-24 18:08:38.2222 [INFO] Latest file downloaded: C:\Users\varadharaj\AppData\Local\Temp\AccrualBalanceExport_20241115_20241119_205117.csv 
2025-01-24 18:08:38.7262 [ERROR] Failed to process D:\Emergere\ConnorsLLC\ConnorsLLC_Project\ProcessFiles_Demo\bin\Debug\net6.0\AccrualBalanceExport/ReprocessFiles\AccrualBalanceExport_20241115_20241119_205117_20250124_180838.csv:  System.IO.FileNotFoundException: File not found at the specified location: path/to/privatekey.asc
   at DidiSoft.BC.BaseLib.ReadFileOrAsciiString(String inputFile, String variableName)
   at DidiSoft.Pgp.PGPLib.DecryptFile(String encryptedFile, String privateKeyFile, String privateKeyPassword, String outputFileName)
   at ProcessFiles_Demo.Decryption.Decrypt.DecryptFile(String inputFilePath, String outputFilePath, String privateKeyPath, String passPhrase) in D:\Emergere\ConnorsLLC\ConnorsLLC_Project\ProcessFiles_Demo\Decryption\Decrypt.cs:line 16
   at Program.FetchAndProcessFilesAsync(IFileTransferClient fileTransferClient, String processorType, String processedFolder, String reprocessingFolder, String outputFolder, String decryptedFolderOutput, JObject clientSettings, String fileNameStartsWith) in D:\Emergere\ConnorsLLC\ConnorsLLC_Project\ProcessFiles_Demo\Program.cs:line 149
2025-01-24 18:08:38.8868 [INFO] ERROR: File not found at the specified location: path/to/privatekey.asc - moved to ReprocessFiles. 
2025-01-24 18:08:38.8868 [ERROR] Exception occured inside the module FetchAndProcessFilesAsync System.IO.FileNotFoundException: File not found at the specified location: path/to/privatekey.asc
   at DidiSoft.BC.BaseLib.ReadFileOrAsciiString(String inputFile, String variableName)
   at DidiSoft.Pgp.PGPLib.DecryptFile(String encryptedFile, String privateKeyFile, String privateKeyPassword, String outputFileName)
   at ProcessFiles_Demo.Decryption.Decrypt.DecryptFile(String inputFilePath, String outputFilePath, String privateKeyPath, String passPhrase) in D:\Emergere\ConnorsLLC\ConnorsLLC_Project\ProcessFiles_Demo\Decryption\Decrypt.cs:line 16
   at Program.FetchAndProcessFilesAsync(IFileTransferClient fileTransferClient, String processorType, String processedFolder, String reprocessingFolder, String outputFolder, String decryptedFolderOutput, JObject clientSettings, String fileNameStartsWith) in D:\Emergere\ConnorsLLC\ConnorsLLC_Project\ProcessFiles_Demo\Program.cs:line 149
2025-01-24 18:08:38.8868 [INFO] Processing completed for processor type: accrualbalanceexport 
2025-01-24 18:08:38.8868 [INFO] Application Completed Successfully 
2025-01-24 18:15:08.6403 [DEBUG] Application Starting 
2025-01-24 18:15:08.8363 [INFO] Starting processing for processor type: payroll with fileNameStartsWith: Payfile 
2025-01-24 18:15:20.0192 [INFO] Attempting to download file from: /home/fivebelow-uat/outbox/payroll/Payfile_FEL_2024-11-17-2024-11-30-2024.csv 
2025-01-24 18:15:24.8786 [INFO] Latest file downloaded: C:\Users\varadharaj\AppData\Local\Temp\Payfile_FEL_2024-11-17-2024-11-30-2024.csv 
2025-01-24 18:15:24.8891 [INFO] No decryption needed for C:\Users\varadharaj\AppData\Local\Temp\Payfile_FEL_2024-11-17-2024-11-30-2024.csv 
2025-01-24 18:15:46.2563 [INFO] Downloaded file: EmployeeEntity-2025-5-2025-39.csv.gz to D:\Emergere\ConnorsLLC\ConnorsLLC_Project\ProcessFiles_Demo\bin\Debug\net6.0\Payroll/Mapping\EmployeeEntity-2025-5-2025-39.csv.gz 
2025-01-24 18:15:47.1469 [INFO] File has been decompressed to: D:\Emergere\ConnorsLLC\ConnorsLLC_Project\ProcessFiles_Demo\bin\Debug\net6.0\Payroll/Mapping\EmployeeEntity-2025-5-2025-39.csv 
2025-01-24 18:15:47.1494 [INFO] Deleted the .gz file: D:\Emergere\ConnorsLLC\ConnorsLLC_Project\ProcessFiles_Demo\bin\Debug\net6.0\Payroll/Mapping\EmployeeEntity-2025-5-2025-39.csv.gz 
2025-01-24 18:15:50.1211 [INFO] Start processing Payroll CSV: C:\Users\varadharaj\AppData\Local\Temp\Payfile_FEL_2024-11-17-2024-11-30-2024.csv at 1/24/2025 6:15:50 PM 
2025-01-24 18:15:50.4405 [ERROR] HR data not found for employee: 747766 System.Exception: HR data not found for employee: 747766
2025-01-24 18:15:50.5782 [INFO] Finished processing Payroll CSV: C:\Users\varadharaj\AppData\Local\Temp\Payfile_FEL_2024-11-17-2024-11-30-2024.csv at 1/24/2025 6:15:50 PM 
2025-01-24 18:15:50.5782 [INFO] Time taken to process file: 0.4583189 seconds. 
2025-01-24 18:15:50.5782 [INFO] C:\Users\varadharaj\AppData\Local\Temp\Payfile_FEL_2024-11-17-2024-11-30-2024.csv 
2025-01-24 18:15:50.5946 [INFO] File successfully processed and moved to: D:\Emergere\ConnorsLLC\ConnorsLLC_Project\ProcessFiles_Demo\bin\Debug\net6.0\Payroll/ProcessedFiles\Payfile_FEL_2024-11-17-2024-11-30-2024_20250124_181550.csv 
2025-01-24 18:16:32.6700 [DEBUG] Application Starting 
2025-01-24 18:16:32.8906 [INFO] Starting processing for processor type: payroll with fileNameStartsWith: Payfile 
2025-01-24 18:16:44.8574 [INFO] Attempting to download file from: /home/fivebelow-uat/outbox/payroll/Payfile_FEL_2024-11-17-2024-11-30-2024.csv 
2025-01-24 18:16:50.2932 [INFO] Latest file downloaded: C:\Users\varadharaj\AppData\Local\Temp\Payfile_FEL_2024-11-17-2024-11-30-2024.csv 
2025-01-24 18:16:50.3063 [INFO] No decryption needed for C:\Users\varadharaj\AppData\Local\Temp\Payfile_FEL_2024-11-17-2024-11-30-2024.csv 
2025-01-24 18:17:14.1232 [INFO] Downloaded file: EmployeeEntity-2025-5-2025-39.csv.gz to D:\Emergere\ConnorsLLC\ConnorsLLC_Project\ProcessFiles_Demo\bin\Debug\net6.0\Payroll/Mapping\EmployeeEntity-2025-5-2025-39.csv.gz 
2025-01-24 18:17:14.9567 [INFO] File has been decompressed to: D:\Emergere\ConnorsLLC\ConnorsLLC_Project\ProcessFiles_Demo\bin\Debug\net6.0\Payroll/Mapping\EmployeeEntity-2025-5-2025-39.csv 
2025-01-24 18:17:14.9567 [INFO] Deleted the .gz file: D:\Emergere\ConnorsLLC\ConnorsLLC_Project\ProcessFiles_Demo\bin\Debug\net6.0\Payroll/Mapping\EmployeeEntity-2025-5-2025-39.csv.gz 
2025-01-24 18:17:17.4896 [INFO] Start processing Payroll CSV: C:\Users\varadharaj\AppData\Local\Temp\Payfile_FEL_2024-11-17-2024-11-30-2024.csv at 1/24/2025 6:17:17 PM 
2025-01-24 18:17:17.8161 [ERROR] HR data not found for employee: 747766 System.Exception: HR data not found for employee: 747766
2025-01-24 18:17:17.9643 [INFO] Finished processing Payroll CSV: C:\Users\varadharaj\AppData\Local\Temp\Payfile_FEL_2024-11-17-2024-11-30-2024.csv at 1/24/2025 6:17:17 PM 
2025-01-24 18:17:17.9643 [INFO] Time taken to process file: 0.4760699 seconds. 
2025-01-24 18:17:17.9643 [INFO] C:\Users\varadharaj\AppData\Local\Temp\Payfile_FEL_2024-11-17-2024-11-30-2024.csv 
2025-01-24 18:17:17.9863 [INFO] File successfully processed and moved to: D:\Emergere\ConnorsLLC\ConnorsLLC_Project\ProcessFiles_Demo\bin\Debug\net6.0\Payroll/ProcessedFiles\Payfile_FEL_2024-11-17-2024-11-30-2024_20250124_181717.csv 
2025-01-24 18:17:22.4962 [INFO] Processing completed for processor type: payroll 
2025-01-24 18:17:38.6549 [INFO] Starting processing for processor type: accrualbalanceexport with fileNameStartsWith: AccrualBalanceExport 
2025-01-24 18:18:34.5014 [INFO] Downloaded file: EmployeeEntity-2025-5-2025-39.csv.gz to D:\Emergere\ConnorsLLC\ConnorsLLC_Project\ProcessFiles_Demo\bin\Debug\net6.0\AccrualBalanceExport/Mapping\EmployeeEntity-2025-5-2025-39.csv.gz 
2025-01-24 18:18:35.2597 [INFO] File has been decompressed to: D:\Emergere\ConnorsLLC\ConnorsLLC_Project\ProcessFiles_Demo\bin\Debug\net6.0\AccrualBalanceExport/Mapping\EmployeeEntity-2025-5-2025-39.csv 
2025-01-24 18:18:35.2618 [INFO] Deleted the .gz file: D:\Emergere\ConnorsLLC\ConnorsLLC_Project\ProcessFiles_Demo\bin\Debug\net6.0\AccrualBalanceExport/Mapping\EmployeeEntity-2025-5-2025-39.csv.gz 
2025-01-24 18:18:55.9072 [INFO] Start processing Payroll CSV: D:\Emergere\ConnorsLLC\ConnorsLLC_Project\ProcessFiles_Demo\bin\Debug\net6.0\AccrualBalanceExport/ReprocessFiles\AccrualBalanceExport_20241115_20241119_205117_20250124_180838.csv at 1/24/2025 6:18:54 PM 
2025-01-24 18:19:23.7924 [INFO] Finished processing Payroll CSV: D:\Emergere\ConnorsLLC\ConnorsLLC_Project\ProcessFiles_Demo\bin\Debug\net6.0\AccrualBalanceExport/ReprocessFiles\AccrualBalanceExport_20241115_20241119_205117_20250124_180838.csv at 1/24/2025 6:19:23 PM 
2025-01-24 18:19:23.7924 [INFO] Time taken to process file: 29.7825187 seconds. 
2025-01-24 18:19:23.7924 [INFO] D:\Emergere\ConnorsLLC\ConnorsLLC_Project\ProcessFiles_Demo\bin\Debug\net6.0\AccrualBalanceExport/ReprocessFiles\AccrualBalanceExport_20241115_20241119_205117_20250124_180838.csv 
2025-01-24 18:19:23.7924 [INFO] D:\Emergere\ConnorsLLC\ConnorsLLC_Project\ProcessFiles_Demo\bin\Debug\net6.0\AccrualBalanceExport/ProcessedFiles\AccrualBalanceExport_20241115_20241119_205117_20250124_180838_20250124_181923.csv 
2025-01-24 18:19:34.6094 [INFO] Attempting to download file from: /home/fivebelow-uat/outbox/accrual/AccrualBalanceExport_20241115_20241119_205117.csv 
2025-01-24 18:19:49.2630 [INFO] Latest file downloaded: C:\Users\varadharaj\AppData\Local\Temp\AccrualBalanceExport_20241115_20241119_205117.csv 
2025-01-24 18:19:49.6060 [ERROR] Failed to process D:\Emergere\ConnorsLLC\ConnorsLLC_Project\ProcessFiles_Demo\bin\Debug\net6.0\AccrualBalanceExport/ReprocessFiles\AccrualBalanceExport_20241115_20241119_205117_20250124_181949.csv:  System.IO.FileNotFoundException: File not found at the specified location: path/to/privatekey.asc
   at DidiSoft.BC.BaseLib.ReadFileOrAsciiString(String inputFile, String variableName)
   at DidiSoft.Pgp.PGPLib.DecryptFile(String encryptedFile, String privateKeyFile, String privateKeyPassword, String outputFileName)
   at ProcessFiles_Demo.Decryption.Decrypt.DecryptFile(String inputFilePath, String outputFilePath, String privateKeyPath, String passPhrase) in D:\Emergere\ConnorsLLC\ConnorsLLC_Project\ProcessFiles_Demo\Decryption\Decrypt.cs:line 16
   at Program.FetchAndProcessFilesAsync(IFileTransferClient fileTransferClient, String processorType, String processedFolder, String reprocessingFolder, String outputFolder, String decryptedFolderOutput, JObject clientSettings, String fileNameStartsWith) in D:\Emergere\ConnorsLLC\ConnorsLLC_Project\ProcessFiles_Demo\Program.cs:line 149
2025-01-24 18:19:49.7257 [INFO] ERROR: File not found at the specified location: path/to/privatekey.asc - moved to ReprocessFiles. 
2025-01-24 18:19:49.7257 [ERROR] Exception occured inside the module FetchAndProcessFilesAsync System.IO.FileNotFoundException: File not found at the specified location: path/to/privatekey.asc
   at DidiSoft.BC.BaseLib.ReadFileOrAsciiString(String inputFile, String variableName)
   at DidiSoft.Pgp.PGPLib.DecryptFile(String encryptedFile, String privateKeyFile, String privateKeyPassword, String outputFileName)
   at ProcessFiles_Demo.Decryption.Decrypt.DecryptFile(String inputFilePath, String outputFilePath, String privateKeyPath, String passPhrase) in D:\Emergere\ConnorsLLC\ConnorsLLC_Project\ProcessFiles_Demo\Decryption\Decrypt.cs:line 16
   at Program.FetchAndProcessFilesAsync(IFileTransferClient fileTransferClient, String processorType, String processedFolder, String reprocessingFolder, String outputFolder, String decryptedFolderOutput, JObject clientSettings, String fileNameStartsWith) in D:\Emergere\ConnorsLLC\ConnorsLLC_Project\ProcessFiles_Demo\Program.cs:line 149
2025-01-24 18:19:54.0378 [INFO] Processing completed for processor type: accrualbalanceexport 
2025-01-24 18:19:54.0378 [INFO] Application Completed Successfully 
2025-01-24 19:30:54.0954 [DEBUG] Application Starting 
2025-01-24 19:30:54.3557 [INFO] Starting processing for processor type: payroll with fileNameStartsWith: Payfile 
2025-01-24 19:31:05.4905 [INFO] Attempting to download file from: /home/fivebelow-uat/outbox/payroll/Payfile_FEL_2024-11-17-2024-11-30-2024.csv 
2025-01-24 19:31:09.9457 [INFO] Latest file downloaded: C:\Users\varadharaj\AppData\Local\Temp\Payfile_FEL_2024-11-17-2024-11-30-2024.csv 
2025-01-24 19:31:09.9457 [INFO] No decryption needed for C:\Users\varadharaj\AppData\Local\Temp\Payfile_FEL_2024-11-17-2024-11-30-2024.csv 
2025-01-24 19:31:23.8388 [INFO] Downloaded file: EmployeeEntity-2025-5-2025-39.csv.gz to D:\Emergere\ConnorsLLC\ConnorsLLC_Project\ProcessFiles_Demo\bin\Debug\net6.0\Payroll/Mapping\EmployeeEntity-2025-5-2025-39.csv.gz 
2025-01-24 19:31:24.5580 [INFO] File has been decompressed to: D:\Emergere\ConnorsLLC\ConnorsLLC_Project\ProcessFiles_Demo\bin\Debug\net6.0\Payroll/Mapping\EmployeeEntity-2025-5-2025-39.csv 
2025-01-24 19:31:24.5580 [INFO] Deleted the .gz file: D:\Emergere\ConnorsLLC\ConnorsLLC_Project\ProcessFiles_Demo\bin\Debug\net6.0\Payroll/Mapping\EmployeeEntity-2025-5-2025-39.csv.gz 
2025-01-24 19:31:26.7490 [INFO] Start processing Payroll CSV: C:\Users\varadharaj\AppData\Local\Temp\Payfile_FEL_2024-11-17-2024-11-30-2024.csv at 1/24/2025 7:31:26 PM 
2025-01-24 19:31:26.9924 [ERROR] HR data not found for employee: 747766 System.Exception: HR data not found for employee: 747766
2025-01-24 19:31:27.1147 [INFO] Finished processing Payroll CSV: C:\Users\varadharaj\AppData\Local\Temp\Payfile_FEL_2024-11-17-2024-11-30-2024.csv at 1/24/2025 7:31:27 PM 
2025-01-24 19:31:27.1147 [INFO] Time taken to process file: 0.3665373 seconds. 
2025-01-24 19:31:27.1147 [INFO] C:\Users\varadharaj\AppData\Local\Temp\Payfile_FEL_2024-11-17-2024-11-30-2024.csv 
2025-01-24 19:31:27.1147 [INFO] File successfully processed and moved to: D:\Emergere\ConnorsLLC\ConnorsLLC_Project\ProcessFiles_Demo\bin\Debug\net6.0\Payroll/ProcessedFiles\Payfile_FEL_2024-11-17-2024-11-30-2024_20250124_193127.csv 
2025-01-24 19:31:27.1275 [INFO] Processing completed for processor type: payroll 
2025-01-24 19:31:27.1275 [INFO] Starting processing for processor type: accrualbalanceexport with fileNameStartsWith: AccrualBalanceExport 
2025-01-24 19:32:08.3472 [INFO] Downloaded file: EmployeeEntity-2025-5-2025-39.csv.gz to D:\Emergere\ConnorsLLC\ConnorsLLC_Project\ProcessFiles_Demo\bin\Debug\net6.0\AccrualBalanceExport/Mapping\EmployeeEntity-2025-5-2025-39.csv.gz 
2025-01-24 19:32:09.0453 [INFO] File has been decompressed to: D:\Emergere\ConnorsLLC\ConnorsLLC_Project\ProcessFiles_Demo\bin\Debug\net6.0\AccrualBalanceExport/Mapping\EmployeeEntity-2025-5-2025-39.csv 
2025-01-24 19:32:09.0453 [INFO] Deleted the .gz file: D:\Emergere\ConnorsLLC\ConnorsLLC_Project\ProcessFiles_Demo\bin\Debug\net6.0\AccrualBalanceExport/Mapping\EmployeeEntity-2025-5-2025-39.csv.gz 
2025-01-24 19:32:09.7721 [INFO] Start processing Payroll CSV: D:\Emergere\ConnorsLLC\ConnorsLLC_Project\ProcessFiles_Demo\bin\Debug\net6.0\AccrualBalanceExport/ReprocessFiles\AccrualBalanceExport_20241115_20241119_205117_20250124_181949.csv at 1/24/2025 7:32:09 PM 
2025-01-24 19:32:10.4123 [INFO] Finished processing Payroll CSV: D:\Emergere\ConnorsLLC\ConnorsLLC_Project\ProcessFiles_Demo\bin\Debug\net6.0\AccrualBalanceExport/ReprocessFiles\AccrualBalanceExport_20241115_20241119_205117_20250124_181949.csv at 1/24/2025 7:32:10 PM 
2025-01-24 19:32:10.4123 [INFO] Time taken to process file: 0.640174 seconds. 
2025-01-24 19:32:10.4123 [INFO] D:\Emergere\ConnorsLLC\ConnorsLLC_Project\ProcessFiles_Demo\bin\Debug\net6.0\AccrualBalanceExport/ReprocessFiles\AccrualBalanceExport_20241115_20241119_205117_20250124_181949.csv 
2025-01-24 19:32:10.4123 [INFO] D:\Emergere\ConnorsLLC\ConnorsLLC_Project\ProcessFiles_Demo\bin\Debug\net6.0\AccrualBalanceExport/ProcessedFiles\AccrualBalanceExport_20241115_20241119_205117_20250124_181949_20250124_193210.csv 
2025-01-24 19:32:20.0553 [INFO] Attempting to download file from: /home/fivebelow-uat/outbox/accrual/AccrualBalanceExport_20241115_20241119_205117.csv 
2025-01-24 19:32:25.6090 [INFO] Latest file downloaded: C:\Users\varadharaj\AppData\Local\Temp\AccrualBalanceExport_20241115_20241119_205117.csv 
2025-01-24 19:32:25.9482 [ERROR] Failed to process D:\Emergere\ConnorsLLC\ConnorsLLC_Project\ProcessFiles_Demo\bin\Debug\net6.0\AccrualBalanceExport/ReprocessFiles\AccrualBalanceExport_20241115_20241119_205117_20250124_193225.csv:  System.IO.FileNotFoundException: File not found at the specified location: path/to/privatekey.asc
   at DidiSoft.BC.BaseLib.ReadFileOrAsciiString(String inputFile, String variableName)
   at DidiSoft.Pgp.PGPLib.DecryptFile(String encryptedFile, String privateKeyFile, String privateKeyPassword, String outputFileName)
   at ProcessFiles_Demo.Decryption.Decrypt.DecryptFile(String inputFilePath, String outputFilePath, String privateKeyPath, String passPhrase) in D:\Emergere\ConnorsLLC\ConnorsLLC_Project\ProcessFiles_Demo\Decryption\Decrypt.cs:line 16
   at Program.FetchAndProcessFilesAsync(IFileTransferClient fileTransferClient, String processorType, String processedFolder, String reprocessingFolder, String outputFolder, String decryptedFolderOutput, JObject clientSettings, String fileNameStartsWith) in D:\Emergere\ConnorsLLC\ConnorsLLC_Project\ProcessFiles_Demo\Program.cs:line 149
2025-01-24 19:32:26.0917 [INFO] ERROR: File not found at the specified location: path/to/privatekey.asc - moved to ReprocessFiles. 
2025-01-24 19:32:26.0917 [ERROR] Exception occured inside the module FetchAndProcessFilesAsync System.IO.FileNotFoundException: File not found at the specified location: path/to/privatekey.asc
   at DidiSoft.BC.BaseLib.ReadFileOrAsciiString(String inputFile, String variableName)
   at DidiSoft.Pgp.PGPLib.DecryptFile(String encryptedFile, String privateKeyFile, String privateKeyPassword, String outputFileName)
   at ProcessFiles_Demo.Decryption.Decrypt.DecryptFile(String inputFilePath, String outputFilePath, String privateKeyPath, String passPhrase) in D:\Emergere\ConnorsLLC\ConnorsLLC_Project\ProcessFiles_Demo\Decryption\Decrypt.cs:line 16
   at Program.FetchAndProcessFilesAsync(IFileTransferClient fileTransferClient, String processorType, String processedFolder, String reprocessingFolder, String outputFolder, String decryptedFolderOutput, JObject clientSettings, String fileNameStartsWith) in D:\Emergere\ConnorsLLC\ConnorsLLC_Project\ProcessFiles_Demo\Program.cs:line 149
2025-01-24 19:32:26.0917 [INFO] Processing completed for processor type: accrualbalanceexport 
2025-01-24 19:32:26.0917 [INFO] Application Completed Successfully 
2025-01-24 20:35:30.8362 [DEBUG] Application Starting 
2025-01-24 20:35:31.1406 [INFO] Starting processing for processor type: payroll with fileNameStartsWith: Payfile_FEL 
2025-01-24 20:35:41.6177 [INFO] Attempting to download file from: /home/fivebelow-uat/outbox/payroll/Payfile_FEL_2024-11-17-2024-11-30-2024.csv 
2025-01-24 20:35:45.9196 [INFO] Latest file downloaded: C:\Users\varadharaj\AppData\Local\Temp\Payfile_FEL_2024-11-17-2024-11-30-2024.csv 
2025-01-24 20:35:45.9315 [INFO] No decryption needed for C:\Users\varadharaj\AppData\Local\Temp\Payfile_FEL_2024-11-17-2024-11-30-2024.csv 
2025-01-24 20:36:01.3655 [INFO] Downloaded file: EmployeeEntity-2025-5-2025-39.csv.gz to D:\Emergere\ConnorsLLC\ConnorsLLC_Project\ProcessFiles_Demo\bin\Debug\net6.0\Payroll/Mapping\EmployeeEntity-2025-5-2025-39.csv.gz 
2025-01-24 20:36:02.2344 [INFO] File has been decompressed to: D:\Emergere\ConnorsLLC\ConnorsLLC_Project\ProcessFiles_Demo\bin\Debug\net6.0\Payroll/Mapping\EmployeeEntity-2025-5-2025-39.csv 
2025-01-24 20:36:02.2344 [INFO] Deleted the .gz file: D:\Emergere\ConnorsLLC\ConnorsLLC_Project\ProcessFiles_Demo\bin\Debug\net6.0\Payroll/Mapping\EmployeeEntity-2025-5-2025-39.csv.gz 
2025-01-24 20:36:05.9656 [INFO] Start processing Payroll CSV: C:\Users\varadharaj\AppData\Local\Temp\Payfile_FEL_2024-11-17-2024-11-30-2024.csv at 1/24/2025 8:36:05 PM 
2025-01-24 20:36:06.3932 [ERROR] HR data not found for employee: 747766 System.Exception: HR data not found for employee: 747766
2025-01-24 20:36:06.5703 [INFO] Finished processing Payroll CSV: C:\Users\varadharaj\AppData\Local\Temp\Payfile_FEL_2024-11-17-2024-11-30-2024.csv at 1/24/2025 8:36:06 PM 
2025-01-24 20:36:06.5703 [INFO] Time taken to process file: 0.6072434 seconds. 
2025-01-24 20:36:06.5703 [INFO] C:\Users\varadharaj\AppData\Local\Temp\Payfile_FEL_2024-11-17-2024-11-30-2024.csv 
2025-01-24 20:36:06.5912 [INFO] File successfully processed and moved to: D:\Emergere\ConnorsLLC\ConnorsLLC_Project\ProcessFiles_Demo\bin\Debug\net6.0\Payroll/ProcessedFiles\Payfile_FEL_2024-11-17-2024-11-30-2024_20250124_203606.csv 
2025-01-24 20:36:06.5912 [INFO] Processing completed for processor type: payroll 
2025-01-24 20:36:06.5912 [INFO] Starting processing for processor type: accrualbalanceexport with fileNameStartsWith: AccrualBalanceExport 
2025-01-24 20:36:20.7386 [INFO] Downloaded file: EmployeeEntity-2025-5-2025-39.csv.gz to D:\Emergere\ConnorsLLC\ConnorsLLC_Project\ProcessFiles_Demo\bin\Debug\net6.0\AccrualBalanceExport/Mapping\EmployeeEntity-2025-5-2025-39.csv.gz 
2025-01-24 20:36:21.5342 [INFO] File has been decompressed to: D:\Emergere\ConnorsLLC\ConnorsLLC_Project\ProcessFiles_Demo\bin\Debug\net6.0\AccrualBalanceExport/Mapping\EmployeeEntity-2025-5-2025-39.csv 
2025-01-24 20:36:21.5342 [INFO] Deleted the .gz file: D:\Emergere\ConnorsLLC\ConnorsLLC_Project\ProcessFiles_Demo\bin\Debug\net6.0\AccrualBalanceExport/Mapping\EmployeeEntity-2025-5-2025-39.csv.gz 
2025-01-24 20:36:23.3122 [INFO] Start processing Payroll CSV: D:\Emergere\ConnorsLLC\ConnorsLLC_Project\ProcessFiles_Demo\bin\Debug\net6.0\AccrualBalanceExport/ReprocessFiles\AccrualBalanceExport_20241115_20241119_205117_20250124_193225.csv at 1/24/2025 8:36:23 PM 
2025-01-24 20:36:24.9868 [INFO] Finished processing Payroll CSV: D:\Emergere\ConnorsLLC\ConnorsLLC_Project\ProcessFiles_Demo\bin\Debug\net6.0\AccrualBalanceExport/ReprocessFiles\AccrualBalanceExport_20241115_20241119_205117_20250124_193225.csv at 1/24/2025 8:36:24 PM 
2025-01-24 20:36:24.9868 [INFO] Time taken to process file: 1.6746722 seconds. 
2025-01-24 20:36:24.9999 [INFO] D:\Emergere\ConnorsLLC\ConnorsLLC_Project\ProcessFiles_Demo\bin\Debug\net6.0\AccrualBalanceExport/ReprocessFiles\AccrualBalanceExport_20241115_20241119_205117_20250124_193225.csv 
2025-01-24 20:36:25.0128 [INFO] D:\Emergere\ConnorsLLC\ConnorsLLC_Project\ProcessFiles_Demo\bin\Debug\net6.0\AccrualBalanceExport/ProcessedFiles\AccrualBalanceExport_20241115_20241119_205117_20250124_193225_20250124_203625.csv 
2025-01-24 20:36:36.5920 [INFO] Attempting to download file from: /home/fivebelow-uat/outbox/accrual/AccrualBalanceExport_20241115_20241119_205117.csv 
2025-01-24 20:36:42.4339 [INFO] Latest file downloaded: C:\Users\varadharaj\AppData\Local\Temp\AccrualBalanceExport_20241115_20241119_205117.csv 
2025-01-24 20:36:43.0954 [ERROR] Failed to process D:\Emergere\ConnorsLLC\ConnorsLLC_Project\ProcessFiles_Demo\bin\Debug\net6.0\AccrualBalanceExport/ReprocessFiles\AccrualBalanceExport_20241115_20241119_205117_20250124_203643.csv:  System.IO.FileNotFoundException: File not found at the specified location: path/to/privatekey.asc
   at DidiSoft.BC.BaseLib.ReadFileOrAsciiString(String inputFile, String variableName)
   at DidiSoft.Pgp.PGPLib.DecryptFile(String encryptedFile, String privateKeyFile, String privateKeyPassword, String outputFileName)
   at ProcessFiles_Demo.Decryption.Decrypt.DecryptFile(String inputFilePath, String outputFilePath, String privateKeyPath, String passPhrase) in D:\Emergere\ConnorsLLC\ConnorsLLC_Project\ProcessFiles_Demo\Decryption\Decrypt.cs:line 16
   at Program.FetchAndProcessFilesAsync(IFileTransferClient fileTransferClient, String processorType, String processedFolder, String reprocessingFolder, String outputFolder, String decryptedFolderOutput, JObject clientSettings, String fileNameStartsWith) in D:\Emergere\ConnorsLLC\ConnorsLLC_Project\ProcessFiles_Demo\Program.cs:line 149
2025-01-24 20:36:43.3282 [INFO] ERROR: File not found at the specified location: path/to/privatekey.asc - moved to ReprocessFiles. 
2025-01-24 20:36:43.3282 [ERROR] Exception occured inside the module FetchAndProcessFilesAsync System.IO.FileNotFoundException: File not found at the specified location: path/to/privatekey.asc
   at DidiSoft.BC.BaseLib.ReadFileOrAsciiString(String inputFile, String variableName)
   at DidiSoft.Pgp.PGPLib.DecryptFile(String encryptedFile, String privateKeyFile, String privateKeyPassword, String outputFileName)
   at ProcessFiles_Demo.Decryption.Decrypt.DecryptFile(String inputFilePath, String outputFilePath, String privateKeyPath, String passPhrase) in D:\Emergere\ConnorsLLC\ConnorsLLC_Project\ProcessFiles_Demo\Decryption\Decrypt.cs:line 16
   at Program.FetchAndProcessFilesAsync(IFileTransferClient fileTransferClient, String processorType, String processedFolder, String reprocessingFolder, String outputFolder, String decryptedFolderOutput, JObject clientSettings, String fileNameStartsWith) in D:\Emergere\ConnorsLLC\ConnorsLLC_Project\ProcessFiles_Demo\Program.cs:line 149
2025-01-24 20:36:43.3282 [INFO] Processing completed for processor type: accrualbalanceexport 
2025-01-24 20:36:43.3282 [INFO] Application Completed Successfully 
2025-01-24 20:37:26.8231 [DEBUG] Application Starting 
2025-01-24 20:37:27.0348 [INFO] Starting processing for processor type: payroll with fileNameStartsWith: Payfile_K3T 
2025-01-24 20:37:37.8175 [INFO] Attempting to download file from: /home/fivebelow-uat/outbox/payroll/Payfile_K3T_2024-11-17-2024-11-30-2024.csv 
2025-01-24 20:37:41.8625 [INFO] Latest file downloaded: C:\Users\varadharaj\AppData\Local\Temp\Payfile_K3T_2024-11-17-2024-11-30-2024.csv 
2025-01-24 20:37:41.8758 [INFO] No decryption needed for C:\Users\varadharaj\AppData\Local\Temp\Payfile_K3T_2024-11-17-2024-11-30-2024.csv 
2025-01-24 20:37:56.1406 [INFO] Downloaded file: EmployeeEntity-2025-5-2025-39.csv.gz to D:\Emergere\ConnorsLLC\ConnorsLLC_Project\ProcessFiles_Demo\bin\Debug\net6.0\Payroll/Mapping\EmployeeEntity-2025-5-2025-39.csv.gz 
2025-01-24 20:37:57.0206 [INFO] File has been decompressed to: D:\Emergere\ConnorsLLC\ConnorsLLC_Project\ProcessFiles_Demo\bin\Debug\net6.0\Payroll/Mapping\EmployeeEntity-2025-5-2025-39.csv 
2025-01-24 20:37:57.0250 [INFO] Deleted the .gz file: D:\Emergere\ConnorsLLC\ConnorsLLC_Project\ProcessFiles_Demo\bin\Debug\net6.0\Payroll/Mapping\EmployeeEntity-2025-5-2025-39.csv.gz 
2025-01-24 20:37:59.9846 [INFO] Start processing Payroll CSV: C:\Users\varadharaj\AppData\Local\Temp\Payfile_K3T_2024-11-17-2024-11-30-2024.csv at 1/24/2025 8:37:59 PM 
2025-01-24 20:38:00.4430 [ERROR] HR data not found for employee: 747766 System.Exception: HR data not found for employee: 747766
2025-01-24 20:38:00.5877 [INFO] Finished processing Payroll CSV: C:\Users\varadharaj\AppData\Local\Temp\Payfile_K3T_2024-11-17-2024-11-30-2024.csv at 1/24/2025 8:38:00 PM 
2025-01-24 20:38:00.5877 [INFO] Time taken to process file: 0.6043671 seconds. 
2025-01-24 20:38:00.5877 [INFO] C:\Users\varadharaj\AppData\Local\Temp\Payfile_K3T_2024-11-17-2024-11-30-2024.csv 
2025-01-24 20:38:00.6098 [INFO] File successfully processed and moved to: D:\Emergere\ConnorsLLC\ConnorsLLC_Project\ProcessFiles_Demo\bin\Debug\net6.0\Payroll/ProcessedFiles\Payfile_K3T_2024-11-17-2024-11-30-2024_20250124_203800.csv 
2025-01-24 20:38:00.6098 [INFO] Processing completed for processor type: payroll 
2025-01-24 20:38:00.6098 [INFO] Starting processing for processor type: accrualbalanceexport with fileNameStartsWith: AccrualBalanceExport 
2025-01-24 20:38:16.1608 [INFO] Downloaded file: EmployeeEntity-2025-5-2025-39.csv.gz to D:\Emergere\ConnorsLLC\ConnorsLLC_Project\ProcessFiles_Demo\bin\Debug\net6.0\AccrualBalanceExport/Mapping\EmployeeEntity-2025-5-2025-39.csv.gz 
2025-01-24 20:38:16.9767 [INFO] File has been decompressed to: D:\Emergere\ConnorsLLC\ConnorsLLC_Project\ProcessFiles_Demo\bin\Debug\net6.0\AccrualBalanceExport/Mapping\EmployeeEntity-2025-5-2025-39.csv 
2025-01-24 20:38:16.9790 [INFO] Deleted the .gz file: D:\Emergere\ConnorsLLC\ConnorsLLC_Project\ProcessFiles_Demo\bin\Debug\net6.0\AccrualBalanceExport/Mapping\EmployeeEntity-2025-5-2025-39.csv.gz 
2025-01-24 20:38:18.7379 [INFO] Start processing Payroll CSV: D:\Emergere\ConnorsLLC\ConnorsLLC_Project\ProcessFiles_Demo\bin\Debug\net6.0\AccrualBalanceExport/ReprocessFiles\AccrualBalanceExport_20241115_20241119_205117_20250124_203643.csv at 1/24/2025 8:38:18 PM 
2025-01-24 20:38:20.2298 [INFO] Finished processing Payroll CSV: D:\Emergere\ConnorsLLC\ConnorsLLC_Project\ProcessFiles_Demo\bin\Debug\net6.0\AccrualBalanceExport/ReprocessFiles\AccrualBalanceExport_20241115_20241119_205117_20250124_203643.csv at 1/24/2025 8:38:20 PM 
2025-01-24 20:38:20.2298 [INFO] Time taken to process file: 1.49196 seconds. 
2025-01-24 20:38:20.2298 [INFO] D:\Emergere\ConnorsLLC\ConnorsLLC_Project\ProcessFiles_Demo\bin\Debug\net6.0\AccrualBalanceExport/ReprocessFiles\AccrualBalanceExport_20241115_20241119_205117_20250124_203643.csv 
2025-01-24 20:38:20.2298 [INFO] D:\Emergere\ConnorsLLC\ConnorsLLC_Project\ProcessFiles_Demo\bin\Debug\net6.0\AccrualBalanceExport/ProcessedFiles\AccrualBalanceExport_20241115_20241119_205117_20250124_203643_20250124_203820.csv 
2025-01-24 20:38:29.7049 [INFO] Attempting to download file from: /home/fivebelow-uat/outbox/accrual/AccrualBalanceExport_20241115_20241119_205117.csv 
2025-01-24 20:38:35.1102 [INFO] Latest file downloaded: C:\Users\varadharaj\AppData\Local\Temp\AccrualBalanceExport_20241115_20241119_205117.csv 
2025-01-24 20:38:35.6940 [ERROR] Failed to process D:\Emergere\ConnorsLLC\ConnorsLLC_Project\ProcessFiles_Demo\bin\Debug\net6.0\AccrualBalanceExport/ReprocessFiles\AccrualBalanceExport_20241115_20241119_205117_20250124_203835.csv:  System.IO.FileNotFoundException: File not found at the specified location: path/to/privatekey.asc
   at DidiSoft.BC.BaseLib.ReadFileOrAsciiString(String inputFile, String variableName)
   at DidiSoft.Pgp.PGPLib.DecryptFile(String encryptedFile, String privateKeyFile, String privateKeyPassword, String outputFileName)
   at ProcessFiles_Demo.Decryption.Decrypt.DecryptFile(String inputFilePath, String outputFilePath, String privateKeyPath, String passPhrase) in D:\Emergere\ConnorsLLC\ConnorsLLC_Project\ProcessFiles_Demo\Decryption\Decrypt.cs:line 16
   at Program.FetchAndProcessFilesAsync(IFileTransferClient fileTransferClient, String processorType, String processedFolder, String reprocessingFolder, String outputFolder, String decryptedFolderOutput, JObject clientSettings, String fileNameStartsWith) in D:\Emergere\ConnorsLLC\ConnorsLLC_Project\ProcessFiles_Demo\Program.cs:line 149
2025-01-24 20:38:35.8688 [INFO] ERROR: File not found at the specified location: path/to/privatekey.asc - moved to ReprocessFiles. 
2025-01-24 20:38:35.8688 [ERROR] Exception occured inside the module FetchAndProcessFilesAsync System.IO.FileNotFoundException: File not found at the specified location: path/to/privatekey.asc
   at DidiSoft.BC.BaseLib.ReadFileOrAsciiString(String inputFile, String variableName)
   at DidiSoft.Pgp.PGPLib.DecryptFile(String encryptedFile, String privateKeyFile, String privateKeyPassword, String outputFileName)
   at ProcessFiles_Demo.Decryption.Decrypt.DecryptFile(String inputFilePath, String outputFilePath, String privateKeyPath, String passPhrase) in D:\Emergere\ConnorsLLC\ConnorsLLC_Project\ProcessFiles_Demo\Decryption\Decrypt.cs:line 16
   at Program.FetchAndProcessFilesAsync(IFileTransferClient fileTransferClient, String processorType, String processedFolder, String reprocessingFolder, String outputFolder, String decryptedFolderOutput, JObject clientSettings, String fileNameStartsWith) in D:\Emergere\ConnorsLLC\ConnorsLLC_Project\ProcessFiles_Demo\Program.cs:line 149
2025-01-24 20:38:35.8688 [INFO] Processing completed for processor type: accrualbalanceexport 
2025-01-24 20:38:35.8688 [INFO] Application Completed Successfully 
