2024-11-01 11:21:03.9691 [DEBUG] Application Starting 
2024-11-01 11:21:06.4219 [INFO] Start processing Payroll CSV: D:\Emergere\ConnorsLLC\ConnorsLLC_Project\ProcessFiles_Demo\bin\Debug\net6.0\Payroll/ReprocessFiles\payroll_source_20241029_20241030_180341.csv at 11/1/2024 11:21:06 AM 
2024-11-01 11:21:06.4645 [ERROR] No Paycode found for PayType: Other Pay System.Exception: No Paycode found for PayType: Other Pay
2024-11-01 11:21:06.4645 [ERROR] No Paycode found for PayType: Reporting System.Exception: No Paycode found for PayType: Reporting
2024-11-01 11:21:06.4684 [INFO] Finished processing Payroll CSV: D:\Emergere\ConnorsLLC\ConnorsLLC_Project\ProcessFiles_Demo\bin\Debug\net6.0\Payroll/ReprocessFiles\payroll_source_20241029_20241030_180341.csv at 11/1/2024 11:21:06 AM 
2024-11-01 11:21:06.4684 [INFO] Time taken to process file: 0.0475413 seconds. 
2024-11-01 11:21:06.4684 [INFO] D:\Emergere\ConnorsLLC\ConnorsLLC_Project\ProcessFiles_Demo\bin\Debug\net6.0\Payroll/ReprocessFiles\payroll_source_20241029_20241030_180341.csv 
2024-11-01 11:21:06.4788 [INFO] D:\Emergere\ConnorsLLC\ConnorsLLC_Project\ProcessFiles_Demo\bin\Debug\net6.0\Payroll/ProcessedFiles\payroll_source_20241029_20241030_180341_20241101_112106.csv 
2024-11-01 11:21:07.4964 [ERROR] Error processing files from FTP/SFTP System.Net.Sockets.SocketException (11001): No such host is known.
   at Renci.SshNet.Abstractions.SocketAbstraction.ConnectCore(Socket socket, EndPoint remoteEndpoint, TimeSpan connectTimeout, Boolean ownsSocket)
   at Renci.SshNet.Connection.ConnectorBase.SocketConnect(EndPoint endPoint, TimeSpan timeout)
   at Renci.SshNet.Session.Connect()
   at Renci.SshNet.BaseClient.CreateAndConnectSession()
   at Renci.SshNet.BaseClient.Connect()
   at ProcessFiles_Demo.Client.SftpFileTransferClient.ListFilesAsync(String path) in D:\Emergere\ConnorsLLC\ConnorsLLC_Project\ProcessFiles_Demo\Client\FtpFileTransferClient.cs:line 102
   at Program.FetchAndProcessFilesAsync(IFileTransferClient fileTransferClient, String processor_type, String processedFolder, String reprocessingFolder, String outputFolder, String decryptedFolderOutput, JObject clientSettings) in D:\Emergere\ConnorsLLC\ConnorsLLC_Project\ProcessFiles_Demo\Program.cs:line 95
2024-11-01 11:21:07.5197 [INFO] ERROR: No such host is known. 
2024-11-01 11:21:07.5197 [INFO] Application Completed Successfully 
2024-11-01 11:27:05.5228 [DEBUG] Application Starting 
2024-11-01 11:27:07.3796 [INFO] Start processing Payroll CSV: D:\Emergere\ConnorsLLC\ConnorsLLC_Project\ProcessFiles_Demo\bin\Debug\net6.0\Payroll/ReprocessFiles\payroll_source_20241029_20241030_180341.csv at 11/1/2024 11:27:07 AM 
2024-11-01 11:27:07.4194 [ERROR] No Paycode found for PayType: Other Pay System.Exception: No Paycode found for PayType: Other Pay
2024-11-01 11:27:07.4194 [ERROR] No Paycode found for PayType: Reporting System.Exception: No Paycode found for PayType: Reporting
2024-11-01 11:27:07.4194 [INFO] Finished processing Payroll CSV: D:\Emergere\ConnorsLLC\ConnorsLLC_Project\ProcessFiles_Demo\bin\Debug\net6.0\Payroll/ReprocessFiles\payroll_source_20241029_20241030_180341.csv at 11/1/2024 11:27:07 AM 
2024-11-01 11:27:07.4194 [INFO] Time taken to process file: 0.0453165 seconds. 
2024-11-01 11:27:07.4194 [INFO] D:\Emergere\ConnorsLLC\ConnorsLLC_Project\ProcessFiles_Demo\bin\Debug\net6.0\Payroll/ReprocessFiles\payroll_source_20241029_20241030_180341.csv 
2024-11-01 11:27:07.4390 [INFO] D:\Emergere\ConnorsLLC\ConnorsLLC_Project\ProcessFiles_Demo\bin\Debug\net6.0\Payroll/ProcessedFiles\payroll_source_20241029_20241030_180341_20241101_112707.csv 
2024-11-01 11:27:08.1329 [ERROR] Error processing files from FTP/SFTP System.Net.Sockets.SocketException (11001): No such host is known.
   at Renci.SshNet.Abstractions.SocketAbstraction.ConnectCore(Socket socket, EndPoint remoteEndpoint, TimeSpan connectTimeout, Boolean ownsSocket)
   at Renci.SshNet.Connection.ConnectorBase.SocketConnect(EndPoint endPoint, TimeSpan timeout)
   at Renci.SshNet.Session.Connect()
   at Renci.SshNet.BaseClient.CreateAndConnectSession()
   at Renci.SshNet.BaseClient.Connect()
   at ProcessFiles_Demo.Client.SftpFileTransferClient.ListFilesAsync(String path) in D:\Emergere\ConnorsLLC\ConnorsLLC_Project\ProcessFiles_Demo\Client\FtpFileTransferClient.cs:line 102
   at Program.FetchAndProcessFilesAsync(IFileTransferClient fileTransferClient, String processor_type, String processedFolder, String reprocessingFolder, String outputFolder, String decryptedFolderOutput, JObject clientSettings) in D:\Emergere\ConnorsLLC\ConnorsLLC_Project\ProcessFiles_Demo\Program.cs:line 95
2024-11-01 11:27:08.1329 [INFO] ERROR: No such host is known. 
2024-11-01 11:27:08.1419 [INFO] Application Completed Successfully 
2024-11-01 11:28:17.9464 [DEBUG] Application Starting 
2024-11-01 11:28:20.0170 [INFO] Start processing Payroll CSV: D:\Emergere\ConnorsLLC\ConnorsLLC_Project\ProcessFiles_Demo\bin\Debug\net6.0\Payroll/ReprocessFiles\payroll_source_20241029.csv at 11/1/2024 11:28:20 AM 
2024-11-01 11:28:20.0659 [ERROR] No Paycode found for PayType: Other Pay System.Exception: No Paycode found for PayType: Other Pay
2024-11-01 11:28:20.0694 [ERROR] No Paycode found for PayType: Reporting System.Exception: No Paycode found for PayType: Reporting
2024-11-01 11:28:20.0694 [INFO] Finished processing Payroll CSV: D:\Emergere\ConnorsLLC\ConnorsLLC_Project\ProcessFiles_Demo\bin\Debug\net6.0\Payroll/ReprocessFiles\payroll_source_20241029.csv at 11/1/2024 11:28:20 AM 
2024-11-01 11:28:20.0694 [INFO] Time taken to process file: 0.0544095 seconds. 
2024-11-01 11:28:20.0694 [INFO] D:\Emergere\ConnorsLLC\ConnorsLLC_Project\ProcessFiles_Demo\bin\Debug\net6.0\Payroll/ReprocessFiles\payroll_source_20241029.csv 
2024-11-01 11:28:20.0694 [INFO] D:\Emergere\ConnorsLLC\ConnorsLLC_Project\ProcessFiles_Demo\bin\Debug\net6.0\Payroll/ProcessedFiles\payroll_source_20241029_20241101_112820.csv 
2024-11-01 11:28:20.8096 [ERROR] Error processing files from FTP/SFTP System.Net.Sockets.SocketException (11001): No such host is known.
   at Renci.SshNet.Abstractions.SocketAbstraction.ConnectCore(Socket socket, EndPoint remoteEndpoint, TimeSpan connectTimeout, Boolean ownsSocket)
   at Renci.SshNet.Connection.ConnectorBase.SocketConnect(EndPoint endPoint, TimeSpan timeout)
   at Renci.SshNet.Session.Connect()
   at Renci.SshNet.BaseClient.CreateAndConnectSession()
   at Renci.SshNet.BaseClient.Connect()
   at ProcessFiles_Demo.Client.SftpFileTransferClient.ListFilesAsync(String path) in D:\Emergere\ConnorsLLC\ConnorsLLC_Project\ProcessFiles_Demo\Client\FtpFileTransferClient.cs:line 102
   at Program.FetchAndProcessFilesAsync(IFileTransferClient fileTransferClient, String processor_type, String processedFolder, String reprocessingFolder, String outputFolder, String decryptedFolderOutput, JObject clientSettings) in D:\Emergere\ConnorsLLC\ConnorsLLC_Project\ProcessFiles_Demo\Program.cs:line 95
2024-11-01 11:28:20.8187 [INFO] ERROR: No such host is known. 
2024-11-01 11:28:20.8187 [INFO] Application Completed Successfully 
2024-11-01 11:29:27.1157 [DEBUG] Application Starting 
2024-11-01 11:29:28.9528 [INFO] Start processing Payroll CSV: D:\Emergere\ConnorsLLC\ConnorsLLC_Project\ProcessFiles_Demo\bin\Debug\net6.0\Payroll/ReprocessFiles\payroll_source_20241029.csv at 11/1/2024 11:29:28 AM 
2024-11-01 11:29:29.0066 [ERROR] No Paycode found for PayType: Other Pay System.Exception: No Paycode found for PayType: Other Pay
2024-11-01 11:29:29.0066 [ERROR] No Paycode found for PayType: Reporting System.Exception: No Paycode found for PayType: Reporting
2024-11-01 11:29:29.0066 [INFO] Finished processing Payroll CSV: D:\Emergere\ConnorsLLC\ConnorsLLC_Project\ProcessFiles_Demo\bin\Debug\net6.0\Payroll/ReprocessFiles\payroll_source_20241029.csv at 11/1/2024 11:29:29 AM 
2024-11-01 11:29:29.0066 [INFO] Time taken to process file: 0.0583386 seconds. 
2024-11-01 11:29:29.0066 [INFO] D:\Emergere\ConnorsLLC\ConnorsLLC_Project\ProcessFiles_Demo\bin\Debug\net6.0\Payroll/ReprocessFiles\payroll_source_20241029.csv 
2024-11-01 11:29:29.0066 [INFO] D:\Emergere\ConnorsLLC\ConnorsLLC_Project\ProcessFiles_Demo\bin\Debug\net6.0\Payroll/ProcessedFiles\payroll_source_20241029_20241101_112929.csv 
2024-11-01 11:29:29.8895 [ERROR] Error processing files from FTP/SFTP System.Net.Sockets.SocketException (11001): No such host is known.
   at Renci.SshNet.Abstractions.SocketAbstraction.ConnectCore(Socket socket, EndPoint remoteEndpoint, TimeSpan connectTimeout, Boolean ownsSocket)
   at Renci.SshNet.Connection.ConnectorBase.SocketConnect(EndPoint endPoint, TimeSpan timeout)
   at Renci.SshNet.Session.Connect()
   at Renci.SshNet.BaseClient.CreateAndConnectSession()
   at Renci.SshNet.BaseClient.Connect()
   at ProcessFiles_Demo.Client.SftpFileTransferClient.ListFilesAsync(String path) in D:\Emergere\ConnorsLLC\ConnorsLLC_Project\ProcessFiles_Demo\Client\FtpFileTransferClient.cs:line 102
   at Program.FetchAndProcessFilesAsync(IFileTransferClient fileTransferClient, String processor_type, String processedFolder, String reprocessingFolder, String outputFolder, String decryptedFolderOutput, JObject clientSettings) in D:\Emergere\ConnorsLLC\ConnorsLLC_Project\ProcessFiles_Demo\Program.cs:line 95
2024-11-01 11:29:29.8895 [INFO] ERROR: No such host is known. 
2024-11-01 11:29:29.8895 [INFO] Application Completed Successfully 
