2025-02-06 12:29:58.9427 [DEBUG] Application Starting 
2025-02-06 12:29:59.0767 [INFO] Starting processing for processor type: payroll with fileNameStartsWith: Payfile_FEL 
2025-02-06 12:30:10.9420 [INFO] Attempting to download file from: /home/fivebelow-uat/outbox/payroll/Payfile_FEL_2024-11-17-2024-11-30-2024.csv 
2025-02-06 12:30:16.3890 [INFO] Latest file downloaded: C:\Users\varadharaj\AppData\Local\Temp\Payfile_FEL_2024-11-17-2024-11-30-2024.csv 
2025-02-06 12:30:16.4031 [INFO] No decryption needed for C:\Users\varadharaj\AppData\Local\Temp\Payfile_FEL_2024-11-17-2024-11-30-2024.csv 
2025-02-06 12:30:53.2120 [INFO] Downloaded file: EmployeeEntity-2025-19-2025-53.csv.gz to D:\Emergere\ConnorsLLC\ConnorsLLC_Project\ProcessFiles_Demo\bin\Debug\net6.0\Payroll/Mapping\EmployeeEntity-2025-19-2025-53.csv.gz 
2025-02-06 12:30:53.9219 [INFO] File has been decompressed to: D:\Emergere\ConnorsLLC\ConnorsLLC_Project\ProcessFiles_Demo\bin\Debug\net6.0\Payroll/Mapping\EmployeeEntity-2025-19-2025-53.csv 
2025-02-06 12:30:53.9219 [INFO] Deleted the .gz file: D:\Emergere\ConnorsLLC\ConnorsLLC_Project\ProcessFiles_Demo\bin\Debug\net6.0\Payroll/Mapping\EmployeeEntity-2025-19-2025-53.csv.gz 
2025-02-06 12:30:57.1121 [INFO] Start processing Payroll CSV: C:\Users\varadharaj\AppData\Local\Temp\Payfile_FEL_2024-11-17-2024-11-30-2024.csv at 2/6/2025 12:30:57 PM 
2025-02-06 12:30:57.4486 [ERROR] HR data not found for employee: 599880 System.Exception: HR data not found for employee: 599880
2025-02-06 12:30:57.4554 [ERROR] HR data not found for employee: 599880 System.Exception: HR data not found for employee: 599880
2025-02-06 12:30:57.4554 [ERROR] HR data not found for employee: 747766 System.Exception: HR data not found for employee: 747766
2025-02-06 12:30:57.5929 [INFO] Finished processing Payroll CSV: C:\Users\varadharaj\AppData\Local\Temp\Payfile_FEL_2024-11-17-2024-11-30-2024.csv at 2/6/2025 12:30:57 PM 
2025-02-06 12:30:57.5929 [INFO] Time taken to process file: 0.482416 seconds. 
2025-02-06 12:30:57.5929 [INFO] C:\Users\varadharaj\AppData\Local\Temp\Payfile_FEL_2024-11-17-2024-11-30-2024.csv 
2025-02-06 12:30:57.6107 [INFO] File successfully processed and moved to: D:\Emergere\ConnorsLLC\ConnorsLLC_Project\ProcessFiles_Demo\bin\Debug\net6.0\Payroll/ProcessedFiles\Payfile_FEL_2024-11-17-2024-11-30-2024_20250206_123057.csv 
2025-02-06 12:30:57.6107 [INFO] Processing completed for processor type: payroll 
2025-02-06 12:30:57.6107 [INFO] Starting processing for processor type: accrualbalanceexport with fileNameStartsWith: AccrualBalanceExport 
2025-02-06 12:31:08.8826 [INFO] Attempting to download file from: /home/fivebelow-uat/outbox/accrual/AccrualBalanceExport_20241115_20241119_205117.csv 
2025-02-06 12:31:20.0441 [INFO] Latest file downloaded: C:\Users\varadharaj\AppData\Local\Temp\AccrualBalanceExport_20241115_20241119_205117.csv 
2025-02-06 12:31:20.5145 [ERROR] Failed to process D:\Emergere\ConnorsLLC\ConnorsLLC_Project\ProcessFiles_Demo\bin\Debug\net6.0\AccrualBalanceExport/ReprocessFiles\AccrualBalanceExport_20241115_20241119_205117_20250206_123120.csv:  System.IO.FileNotFoundException: File not found at the specified location: path/to/privatekey.asc
   at DidiSoft.BC.BaseLib.ReadFileOrAsciiString(String inputFile, String variableName)
   at DidiSoft.Pgp.PGPLib.DecryptFile(String encryptedFile, String privateKeyFile, String privateKeyPassword, String outputFileName)
   at ProcessFiles_Demo.Decryption.Decrypt.DecryptFile(String inputFilePath, String outputFilePath, String privateKeyPath, String passPhrase) in D:\Emergere\ConnorsLLC\ConnorsLLC_Project\ProcessFiles_Demo\Decryption\Decrypt.cs:line 16
   at Program.FetchAndProcessFilesAsync(IFileTransferClient fileTransferClient, String processorType, String processedFolder, String reprocessingFolder, String outputFolder, String decryptedFolderOutput, JObject clientSettings, String fileNameStartsWith) in D:\Emergere\ConnorsLLC\ConnorsLLC_Project\ProcessFiles_Demo\Program.cs:line 149
2025-02-06 12:31:20.6518 [INFO] ERROR: File not found at the specified location: path/to/privatekey.asc - moved to ReprocessFiles. 
2025-02-06 12:31:20.6518 [ERROR] Exception occured inside the module FetchAndProcessFilesAsync System.IO.FileNotFoundException: File not found at the specified location: path/to/privatekey.asc
   at DidiSoft.BC.BaseLib.ReadFileOrAsciiString(String inputFile, String variableName)
   at DidiSoft.Pgp.PGPLib.DecryptFile(String encryptedFile, String privateKeyFile, String privateKeyPassword, String outputFileName)
   at ProcessFiles_Demo.Decryption.Decrypt.DecryptFile(String inputFilePath, String outputFilePath, String privateKeyPath, String passPhrase) in D:\Emergere\ConnorsLLC\ConnorsLLC_Project\ProcessFiles_Demo\Decryption\Decrypt.cs:line 16
   at Program.FetchAndProcessFilesAsync(IFileTransferClient fileTransferClient, String processorType, String processedFolder, String reprocessingFolder, String outputFolder, String decryptedFolderOutput, JObject clientSettings, String fileNameStartsWith) in D:\Emergere\ConnorsLLC\ConnorsLLC_Project\ProcessFiles_Demo\Program.cs:line 149
2025-02-06 12:31:20.6518 [INFO] Processing completed for processor type: accrualbalanceexport 
2025-02-06 12:31:20.6518 [INFO] Application Completed Successfully 
2025-02-06 12:34:32.7412 [DEBUG] Application Starting 
2025-02-06 12:34:32.8792 [INFO] Starting processing for processor type: payroll with fileNameStartsWith: Payfile_FEL 
2025-02-06 12:34:43.4230 [INFO] Attempting to download file from: /home/fivebelow-uat/outbox/payroll/Payfile_FEL_2024-11-17-2024-11-30-2024.csv 
2025-02-06 12:34:48.4502 [INFO] Latest file downloaded: C:\Users\varadharaj\AppData\Local\Temp\Payfile_FEL_2024-11-17-2024-11-30-2024.csv 
2025-02-06 12:34:48.4672 [INFO] No decryption needed for C:\Users\varadharaj\AppData\Local\Temp\Payfile_FEL_2024-11-17-2024-11-30-2024.csv 
2025-02-06 12:35:10.5476 [INFO] Downloaded file: EmployeeEntity-2025-19-2025-53.csv.gz to D:\Emergere\ConnorsLLC\ConnorsLLC_Project\ProcessFiles_Demo\bin\Debug\net6.0\Payroll/Mapping\EmployeeEntity-2025-19-2025-53.csv.gz 
2025-02-06 12:35:11.3491 [INFO] File has been decompressed to: D:\Emergere\ConnorsLLC\ConnorsLLC_Project\ProcessFiles_Demo\bin\Debug\net6.0\Payroll/Mapping\EmployeeEntity-2025-19-2025-53.csv 
2025-02-06 12:35:11.3491 [INFO] Deleted the .gz file: D:\Emergere\ConnorsLLC\ConnorsLLC_Project\ProcessFiles_Demo\bin\Debug\net6.0\Payroll/Mapping\EmployeeEntity-2025-19-2025-53.csv.gz 
2025-02-06 12:35:13.0591 [INFO] Start processing Payroll CSV: C:\Users\varadharaj\AppData\Local\Temp\Payfile_FEL_2024-11-17-2024-11-30-2024.csv at 2/6/2025 12:35:13 PM 
2025-02-06 12:35:13.3193 [ERROR] HR data not found for employee: 599880 System.Exception: HR data not found for employee: 599880
2025-02-06 12:35:13.3231 [ERROR] HR data not found for employee: 599880 System.Exception: HR data not found for employee: 599880
2025-02-06 12:35:13.3231 [ERROR] HR data not found for employee: 747766 System.Exception: HR data not found for employee: 747766
2025-02-06 12:35:13.4260 [INFO] Finished processing Payroll CSV: C:\Users\varadharaj\AppData\Local\Temp\Payfile_FEL_2024-11-17-2024-11-30-2024.csv at 2/6/2025 12:35:13 PM 
2025-02-06 12:35:13.4260 [INFO] Time taken to process file: 0.3679672 seconds. 
2025-02-06 12:35:13.4260 [INFO] C:\Users\varadharaj\AppData\Local\Temp\Payfile_FEL_2024-11-17-2024-11-30-2024.csv 
2025-02-06 12:35:13.4260 [INFO] File successfully processed and moved to: D:\Emergere\ConnorsLLC\ConnorsLLC_Project\ProcessFiles_Demo\bin\Debug\net6.0\Payroll/ProcessedFiles\Payfile_FEL_2024-11-17-2024-11-30-2024_20250206_123513.csv 
2025-02-06 12:35:13.4260 [INFO] Processing completed for processor type: payroll 
2025-02-06 12:35:13.4260 [INFO] Starting processing for processor type: accrualbalanceexport with fileNameStartsWith: AccrualBalanceExport 
2025-02-06 12:35:23.3457 [INFO] Attempting to download file from: /home/fivebelow-uat/outbox/accrual/AccrualBalanceExport_20241115_20241119_205117.csv 
2025-02-06 12:35:34.8216 [INFO] Latest file downloaded: C:\Users\varadharaj\AppData\Local\Temp\AccrualBalanceExport_20241115_20241119_205117.csv 
2025-02-06 12:35:34.8216 [INFO] No decryption needed for C:\Users\varadharaj\AppData\Local\Temp\AccrualBalanceExport_20241115_20241119_205117.csv 
2025-02-06 12:36:00.3109 [INFO] Downloaded file: EmployeeEntity-2025-19-2025-53.csv.gz to D:\Emergere\ConnorsLLC\ConnorsLLC_Project\ProcessFiles_Demo\bin\Debug\net6.0\AccrualBalanceExport/Mapping\EmployeeEntity-2025-19-2025-53.csv.gz 
2025-02-06 12:36:01.0987 [INFO] File has been decompressed to: D:\Emergere\ConnorsLLC\ConnorsLLC_Project\ProcessFiles_Demo\bin\Debug\net6.0\AccrualBalanceExport/Mapping\EmployeeEntity-2025-19-2025-53.csv 
2025-02-06 12:36:01.0987 [INFO] Deleted the .gz file: D:\Emergere\ConnorsLLC\ConnorsLLC_Project\ProcessFiles_Demo\bin\Debug\net6.0\AccrualBalanceExport/Mapping\EmployeeEntity-2025-19-2025-53.csv.gz 
2025-02-06 12:36:01.8281 [INFO] Start processing Payroll CSV: C:\Users\varadharaj\AppData\Local\Temp\AccrualBalanceExport_20241115_20241119_205117.csv at 2/6/2025 12:36:01 PM 
2025-02-06 12:36:03.0593 [INFO] Finished processing Payroll CSV: C:\Users\varadharaj\AppData\Local\Temp\AccrualBalanceExport_20241115_20241119_205117.csv at 2/6/2025 12:36:03 PM 
2025-02-06 12:36:03.0593 [INFO] Time taken to process file: 1.2312598 seconds. 
2025-02-06 12:36:03.0593 [INFO] C:\Users\varadharaj\AppData\Local\Temp\AccrualBalanceExport_20241115_20241119_205117.csv 
2025-02-06 12:36:03.0593 [INFO] File successfully processed and moved to: D:\Emergere\ConnorsLLC\ConnorsLLC_Project\ProcessFiles_Demo\bin\Debug\net6.0\AccrualBalanceExport/ProcessedFiles\AccrualBalanceExport_20241115_20241119_205117_20250206_123603.csv 
2025-02-06 12:36:03.0593 [INFO] Processing completed for processor type: accrualbalanceexport 
2025-02-06 12:36:03.0593 [INFO] Application Completed Successfully 
