2024-11-07 12:21:23.2845 [DEBUG] Application Starting 
2024-11-07 12:21:37.5837 [INFO] Downloaded file: EmployeeEntity-2024-294-2024-328.csv.gz to D:\Emergere\ConnorsLLC\ConnorsLLC_Project\ProcessFiles_Demo\bin\Debug\net6.0\Payroll/Mapping\EmployeeEntity-2024-294-2024-328.csv.gz 
2024-11-07 12:21:38.2786 [INFO] File has been decompressed to: D:\Emergere\ConnorsLLC\ConnorsLLC_Project\ProcessFiles_Demo\bin\Debug\net6.0\Payroll/Mapping\EmployeeEntity-2024-294-2024-328.csv 
2024-11-07 12:21:38.2786 [INFO] Deleted the .gz file: D:\Emergere\ConnorsLLC\ConnorsLLC_Project\ProcessFiles_Demo\bin\Debug\net6.0\Payroll/Mapping\EmployeeEntity-2024-294-2024-328.csv.gz 
2024-11-07 12:21:40.8617 [INFO] Start processing Payroll CSV: D:\Emergere\ConnorsLLC\ConnorsLLC_Project\ProcessFiles_Demo\bin\Debug\net6.0\Payroll/ReprocessFiles\Payfile_2024-10-20-2024-11-02_2024-11-04 16_00_26 -0800.csv at 11/7/2024 12:21:40 PM 
2024-11-07 12:21:48.1496 [ERROR] No Paycode found for PayType: Differential System.Exception: No Paycode found for PayType: Differential
2024-11-07 12:21:48.1496 [ERROR] No Paycode found for PayType: Differential System.Exception: No Paycode found for PayType: Differential
2024-11-07 12:21:48.2112 [INFO] Finished processing Payroll CSV: D:\Emergere\ConnorsLLC\ConnorsLLC_Project\ProcessFiles_Demo\bin\Debug\net6.0\Payroll/ReprocessFiles\Payfile_2024-10-20-2024-11-02_2024-11-04 16_00_26 -0800.csv at 11/7/2024 12:21:48 PM 
2024-11-07 12:21:48.2112 [INFO] Time taken to process file: 7.3510744 seconds. 
2024-11-07 12:21:48.2112 [INFO] D:\Emergere\ConnorsLLC\ConnorsLLC_Project\ProcessFiles_Demo\bin\Debug\net6.0\Payroll/ReprocessFiles\Payfile_2024-10-20-2024-11-02_2024-11-04 16_00_26 -0800.csv 
2024-11-07 12:21:48.2288 [INFO] D:\Emergere\ConnorsLLC\ConnorsLLC_Project\ProcessFiles_Demo\bin\Debug\net6.0\Payroll/ProcessedFiles\Payfile_2024-10-20-2024-11-02_2024-11-04 16_00_26 -0800_20241107_122148.csv 
2024-11-07 12:21:57.5027 [ERROR] Error processing files from FTP/SFTP Renci.SshNet.Common.SftpPathNotFoundException: /remote/payroll
   at Renci.SshNet.Sftp.SftpSession.RequestOpenDir(String path, Boolean nullOnError)
   at Renci.SshNet.SftpClient.InternalListDirectory(String path, SftpListDirectoryAsyncResult asyncResult, Action`1 listCallback)
   at ProcessFiles_Demo.Client.SftpFileTransferClient.ListFilesAsync(String path) in D:\Emergere\ConnorsLLC\ConnorsLLC_Project\ProcessFiles_Demo\Client\FtpFileTransferClient.cs:line 105
   at Program.FetchAndProcessFilesAsync(IFileTransferClient fileTransferClient, String processor_type, String processedFolder, String reprocessingFolder, String outputFolder, String decryptedFolderOutput, JObject clientSettings) in D:\Emergere\ConnorsLLC\ConnorsLLC_Project\ProcessFiles_Demo\Program.cs:line 97
2024-11-07 12:21:57.6285 [INFO] ERROR: /remote/payroll 
2024-11-07 12:21:57.6285 [INFO] Application Completed Successfully 
2024-11-07 12:33:15.1656 [DEBUG] Application Starting 
2024-11-07 12:33:30.4371 [INFO] Downloaded file: EmployeeEntity-2024-294-2024-328.csv.gz to D:\Emergere\ConnorsLLC\ConnorsLLC_Project\ProcessFiles_Demo\bin\Debug\net6.0\Payroll/Mapping\EmployeeEntity-2024-294-2024-328.csv.gz 
2024-11-07 12:33:31.2116 [INFO] File has been decompressed to: D:\Emergere\ConnorsLLC\ConnorsLLC_Project\ProcessFiles_Demo\bin\Debug\net6.0\Payroll/Mapping\EmployeeEntity-2024-294-2024-328.csv 
2024-11-07 12:33:31.2116 [INFO] Deleted the .gz file: D:\Emergere\ConnorsLLC\ConnorsLLC_Project\ProcessFiles_Demo\bin\Debug\net6.0\Payroll/Mapping\EmployeeEntity-2024-294-2024-328.csv.gz 
2024-11-07 12:33:33.6373 [INFO] Start processing Payroll CSV: D:\Emergere\ConnorsLLC\ConnorsLLC_Project\ProcessFiles_Demo\bin\Debug\net6.0\Payroll/ReprocessFiles\575347_2024-10-20-2024-11-02_2024-11-04 16_00_26 -0800_20241107_122148.csv at 11/7/2024 12:33:33 PM 
2024-11-07 12:36:29.7781 [DEBUG] Application Starting 
2024-11-07 12:36:50.1867 [INFO] Downloaded file: EmployeeEntity-2024-294-2024-328.csv.gz to D:\Emergere\ConnorsLLC\ConnorsLLC_Project\ProcessFiles_Demo\bin\Debug\net6.0\Payroll/Mapping\EmployeeEntity-2024-294-2024-328.csv.gz 
2024-11-07 12:36:50.9920 [INFO] File has been decompressed to: D:\Emergere\ConnorsLLC\ConnorsLLC_Project\ProcessFiles_Demo\bin\Debug\net6.0\Payroll/Mapping\EmployeeEntity-2024-294-2024-328.csv 
2024-11-07 12:36:50.9980 [INFO] Deleted the .gz file: D:\Emergere\ConnorsLLC\ConnorsLLC_Project\ProcessFiles_Demo\bin\Debug\net6.0\Payroll/Mapping\EmployeeEntity-2024-294-2024-328.csv.gz 
2024-11-07 12:36:53.3586 [INFO] Start processing Payroll CSV: D:\Emergere\ConnorsLLC\ConnorsLLC_Project\ProcessFiles_Demo\bin\Debug\net6.0\Payroll/ReprocessFiles\575347_2024-10-20-2024-11-02_2024-11-04 16_00_26 -0800_20241107_122148.csv at 11/7/2024 12:36:53 PM 
2024-11-07 12:37:07.6505 [INFO] Finished processing Payroll CSV: D:\Emergere\ConnorsLLC\ConnorsLLC_Project\ProcessFiles_Demo\bin\Debug\net6.0\Payroll/ReprocessFiles\575347_2024-10-20-2024-11-02_2024-11-04 16_00_26 -0800_20241107_122148.csv at 11/7/2024 12:37:07 PM 
2024-11-07 12:37:07.6505 [INFO] Time taken to process file: 14.2934065 seconds. 
2024-11-07 12:37:07.6505 [INFO] D:\Emergere\ConnorsLLC\ConnorsLLC_Project\ProcessFiles_Demo\bin\Debug\net6.0\Payroll/ReprocessFiles\575347_2024-10-20-2024-11-02_2024-11-04 16_00_26 -0800_20241107_122148.csv 
2024-11-07 12:37:07.6505 [INFO] D:\Emergere\ConnorsLLC\ConnorsLLC_Project\ProcessFiles_Demo\bin\Debug\net6.0\Payroll/ProcessedFiles\575347_2024-10-20-2024-11-02_2024-11-04 16_00_26 -0800_20241107_122148_20241107_123707.csv 
2024-11-07 12:37:18.9127 [ERROR] Error processing files from FTP/SFTP Renci.SshNet.Common.SftpPathNotFoundException: /remote/payroll
   at Renci.SshNet.Sftp.SftpSession.RequestOpenDir(String path, Boolean nullOnError)
   at Renci.SshNet.SftpClient.InternalListDirectory(String path, SftpListDirectoryAsyncResult asyncResult, Action`1 listCallback)
   at ProcessFiles_Demo.Client.SftpFileTransferClient.ListFilesAsync(String path) in D:\Emergere\ConnorsLLC\ConnorsLLC_Project\ProcessFiles_Demo\Client\FtpFileTransferClient.cs:line 105
   at Program.FetchAndProcessFilesAsync(IFileTransferClient fileTransferClient, String processor_type, String processedFolder, String reprocessingFolder, String outputFolder, String decryptedFolderOutput, JObject clientSettings) in D:\Emergere\ConnorsLLC\ConnorsLLC_Project\ProcessFiles_Demo\Program.cs:line 97
2024-11-07 12:37:19.0385 [INFO] ERROR: /remote/payroll 
2024-11-07 12:37:19.0385 [INFO] Application Completed Successfully 
2024-11-07 12:45:14.2990 [DEBUG] Application Starting 
2024-11-07 12:45:29.1029 [INFO] Downloaded file: EmployeeEntity-2024-294-2024-328.csv.gz to D:\Emergere\ConnorsLLC\ConnorsLLC_Project\ProcessFiles_Demo\bin\Debug\net6.0\Payroll/Mapping\EmployeeEntity-2024-294-2024-328.csv.gz 
2024-11-07 12:45:29.8970 [INFO] File has been decompressed to: D:\Emergere\ConnorsLLC\ConnorsLLC_Project\ProcessFiles_Demo\bin\Debug\net6.0\Payroll/Mapping\EmployeeEntity-2024-294-2024-328.csv 
2024-11-07 12:45:29.8970 [INFO] Deleted the .gz file: D:\Emergere\ConnorsLLC\ConnorsLLC_Project\ProcessFiles_Demo\bin\Debug\net6.0\Payroll/Mapping\EmployeeEntity-2024-294-2024-328.csv.gz 
2024-11-07 12:45:32.4990 [INFO] Start processing Payroll CSV: D:\Emergere\ConnorsLLC\ConnorsLLC_Project\ProcessFiles_Demo\bin\Debug\net6.0\Payroll/ReprocessFiles\620171_2024-10-20-2024-11-02_2024-11-04 16_00_26 -0800.csv at 11/7/2024 12:45:32 PM 
2024-11-07 12:46:25.4959 [DEBUG] Application Starting 
2024-11-07 12:46:39.9850 [INFO] Downloaded file: EmployeeEntity-2024-294-2024-328.csv.gz to D:\Emergere\ConnorsLLC\ConnorsLLC_Project\ProcessFiles_Demo\bin\Debug\net6.0\Payroll/Mapping\EmployeeEntity-2024-294-2024-328.csv.gz 
2024-11-07 12:46:40.7097 [INFO] File has been decompressed to: D:\Emergere\ConnorsLLC\ConnorsLLC_Project\ProcessFiles_Demo\bin\Debug\net6.0\Payroll/Mapping\EmployeeEntity-2024-294-2024-328.csv 
2024-11-07 12:46:40.7120 [INFO] Deleted the .gz file: D:\Emergere\ConnorsLLC\ConnorsLLC_Project\ProcessFiles_Demo\bin\Debug\net6.0\Payroll/Mapping\EmployeeEntity-2024-294-2024-328.csv.gz 
2024-11-07 12:46:43.0403 [INFO] Start processing Payroll CSV: D:\Emergere\ConnorsLLC\ConnorsLLC_Project\ProcessFiles_Demo\bin\Debug\net6.0\Payroll/ReprocessFiles\620171_2024-10-20-2024-11-02_2024-11-04 16_00_26 -0800.csv at 11/7/2024 12:46:43 PM 
2024-11-07 13:05:29.3175 [DEBUG] Application Starting 
2024-11-07 13:05:43.7687 [INFO] Downloaded file: EmployeeEntity-2024-294-2024-328.csv.gz to D:\Emergere\ConnorsLLC\ConnorsLLC_Project\ProcessFiles_Demo\bin\Debug\net6.0\Payroll/Mapping\EmployeeEntity-2024-294-2024-328.csv.gz 
2024-11-07 13:05:44.5446 [INFO] File has been decompressed to: D:\Emergere\ConnorsLLC\ConnorsLLC_Project\ProcessFiles_Demo\bin\Debug\net6.0\Payroll/Mapping\EmployeeEntity-2024-294-2024-328.csv 
2024-11-07 13:05:44.5446 [INFO] Deleted the .gz file: D:\Emergere\ConnorsLLC\ConnorsLLC_Project\ProcessFiles_Demo\bin\Debug\net6.0\Payroll/Mapping\EmployeeEntity-2024-294-2024-328.csv.gz 
2024-11-07 13:05:47.1551 [INFO] Start processing Payroll CSV: D:\Emergere\ConnorsLLC\ConnorsLLC_Project\ProcessFiles_Demo\bin\Debug\net6.0\Payroll/ReprocessFiles\620171_2024-10-20-2024-11-02_2024-11-04 16_00_26 -0800.csv at 11/7/2024 1:05:47 PM 
2024-11-07 13:30:00.3733 [DEBUG] Application Starting 
2024-11-07 13:30:16.2096 [INFO] Downloaded file: EmployeeEntity-2024-294-2024-328.csv.gz to D:\Emergere\ConnorsLLC\ConnorsLLC_Project\ProcessFiles_Demo\bin\Debug\net6.0\Payroll/Mapping\EmployeeEntity-2024-294-2024-328.csv.gz 
2024-11-07 13:30:16.8403 [INFO] File has been decompressed to: D:\Emergere\ConnorsLLC\ConnorsLLC_Project\ProcessFiles_Demo\bin\Debug\net6.0\Payroll/Mapping\EmployeeEntity-2024-294-2024-328.csv 
2024-11-07 13:30:16.8403 [INFO] Deleted the .gz file: D:\Emergere\ConnorsLLC\ConnorsLLC_Project\ProcessFiles_Demo\bin\Debug\net6.0\Payroll/Mapping\EmployeeEntity-2024-294-2024-328.csv.gz 
2024-11-07 13:30:17.7986 [INFO] Start processing Payroll CSV: D:\Emergere\ConnorsLLC\ConnorsLLC_Project\ProcessFiles_Demo\bin\Debug\net6.0\Payroll/ReprocessFiles\620171_2024-10-20-2024-11-02_2024-11-04 16_00_26 -0800.csv at 11/7/2024 1:30:17 PM 
2024-11-07 13:35:41.5341 [DEBUG] Application Starting 
2024-11-07 13:35:57.5186 [INFO] Downloaded file: EmployeeEntity-2024-294-2024-328.csv.gz to D:\Emergere\ConnorsLLC\ConnorsLLC_Project\ProcessFiles_Demo\bin\Debug\net6.0\Payroll/Mapping\EmployeeEntity-2024-294-2024-328.csv.gz 
2024-11-07 13:35:58.2097 [INFO] File has been decompressed to: D:\Emergere\ConnorsLLC\ConnorsLLC_Project\ProcessFiles_Demo\bin\Debug\net6.0\Payroll/Mapping\EmployeeEntity-2024-294-2024-328.csv 
2024-11-07 13:35:58.2097 [INFO] Deleted the .gz file: D:\Emergere\ConnorsLLC\ConnorsLLC_Project\ProcessFiles_Demo\bin\Debug\net6.0\Payroll/Mapping\EmployeeEntity-2024-294-2024-328.csv.gz 
2024-11-07 13:35:59.1368 [INFO] Start processing Payroll CSV: D:\Emergere\ConnorsLLC\ConnorsLLC_Project\ProcessFiles_Demo\bin\Debug\net6.0\Payroll/ReprocessFiles\620171_2024-10-20-2024-11-02_2024-11-04 16_00_26 -0800.csv at 11/7/2024 1:35:59 PM 
2024-11-07 13:39:26.1367 [DEBUG] Application Starting 
2024-11-07 13:39:42.9900 [INFO] Downloaded file: EmployeeEntity-2024-294-2024-328.csv.gz to D:\Emergere\ConnorsLLC\ConnorsLLC_Project\ProcessFiles_Demo\bin\Debug\net6.0\Payroll/Mapping\EmployeeEntity-2024-294-2024-328.csv.gz 
2024-11-07 13:39:43.6556 [INFO] File has been decompressed to: D:\Emergere\ConnorsLLC\ConnorsLLC_Project\ProcessFiles_Demo\bin\Debug\net6.0\Payroll/Mapping\EmployeeEntity-2024-294-2024-328.csv 
2024-11-07 13:39:43.6556 [INFO] Deleted the .gz file: D:\Emergere\ConnorsLLC\ConnorsLLC_Project\ProcessFiles_Demo\bin\Debug\net6.0\Payroll/Mapping\EmployeeEntity-2024-294-2024-328.csv.gz 
2024-11-07 13:39:45.1774 [INFO] Start processing Payroll CSV: D:\Emergere\ConnorsLLC\ConnorsLLC_Project\ProcessFiles_Demo\bin\Debug\net6.0\Payroll/ReprocessFiles\620171_2024-10-20-2024-11-02_2024-11-04 16_00_26 -0800.csv at 11/7/2024 1:39:45 PM 
2024-11-07 14:04:35.0517 [DEBUG] Application Starting 
2024-11-07 14:04:49.4550 [INFO] Downloaded file: EmployeeEntity-2024-294-2024-328.csv.gz to D:\Emergere\ConnorsLLC\ConnorsLLC_Project\ProcessFiles_Demo\bin\Debug\net6.0\Payroll/Mapping\EmployeeEntity-2024-294-2024-328.csv.gz 
2024-11-07 14:04:50.1227 [INFO] File has been decompressed to: D:\Emergere\ConnorsLLC\ConnorsLLC_Project\ProcessFiles_Demo\bin\Debug\net6.0\Payroll/Mapping\EmployeeEntity-2024-294-2024-328.csv 
2024-11-07 14:04:50.1227 [INFO] Deleted the .gz file: D:\Emergere\ConnorsLLC\ConnorsLLC_Project\ProcessFiles_Demo\bin\Debug\net6.0\Payroll/Mapping\EmployeeEntity-2024-294-2024-328.csv.gz 
2024-11-07 14:04:51.1194 [INFO] Start processing Payroll CSV: D:\Emergere\ConnorsLLC\ConnorsLLC_Project\ProcessFiles_Demo\bin\Debug\net6.0\Payroll/ReprocessFiles\620171_2024-10-20-2024-11-02_2024-11-04 16_00_26 -0800.csv at 11/7/2024 2:04:51 PM 
2024-11-07 14:06:02.3180 [DEBUG] Application Starting 
2024-11-07 14:06:19.5071 [INFO] Downloaded file: EmployeeEntity-2024-294-2024-328.csv.gz to D:\Emergere\ConnorsLLC\ConnorsLLC_Project\ProcessFiles_Demo\bin\Debug\net6.0\Payroll/Mapping\EmployeeEntity-2024-294-2024-328.csv.gz 
2024-11-07 14:06:20.1671 [INFO] File has been decompressed to: D:\Emergere\ConnorsLLC\ConnorsLLC_Project\ProcessFiles_Demo\bin\Debug\net6.0\Payroll/Mapping\EmployeeEntity-2024-294-2024-328.csv 
2024-11-07 14:06:20.1671 [INFO] Deleted the .gz file: D:\Emergere\ConnorsLLC\ConnorsLLC_Project\ProcessFiles_Demo\bin\Debug\net6.0\Payroll/Mapping\EmployeeEntity-2024-294-2024-328.csv.gz 
2024-11-07 14:06:21.7687 [INFO] Start processing Payroll CSV: D:\Emergere\ConnorsLLC\ConnorsLLC_Project\ProcessFiles_Demo\bin\Debug\net6.0\Payroll/ReprocessFiles\620171_2024-10-20-2024-11-02_2024-11-04 16_00_26 -0800.csv at 11/7/2024 2:06:21 PM 
2024-11-07 14:07:35.7546 [DEBUG] Application Starting 
2024-11-07 14:07:58.1221 [INFO] Downloaded file: EmployeeEntity-2024-294-2024-328.csv.gz to D:\Emergere\ConnorsLLC\ConnorsLLC_Project\ProcessFiles_Demo\bin\Debug\net6.0\Payroll/Mapping\EmployeeEntity-2024-294-2024-328.csv.gz 
2024-11-07 14:07:58.7623 [INFO] File has been decompressed to: D:\Emergere\ConnorsLLC\ConnorsLLC_Project\ProcessFiles_Demo\bin\Debug\net6.0\Payroll/Mapping\EmployeeEntity-2024-294-2024-328.csv 
2024-11-07 14:07:58.7623 [INFO] Deleted the .gz file: D:\Emergere\ConnorsLLC\ConnorsLLC_Project\ProcessFiles_Demo\bin\Debug\net6.0\Payroll/Mapping\EmployeeEntity-2024-294-2024-328.csv.gz 
2024-11-07 14:07:59.6521 [INFO] Start processing Payroll CSV: D:\Emergere\ConnorsLLC\ConnorsLLC_Project\ProcessFiles_Demo\bin\Debug\net6.0\Payroll/ReprocessFiles\620171_2024-10-20-2024-11-02_2024-11-04 16_00_26 -0800.csv at 11/7/2024 2:07:59 PM 
2024-11-07 14:13:26.1539 [DEBUG] Application Starting 
2024-11-07 14:13:43.4073 [INFO] Downloaded file: EmployeeEntity-2024-294-2024-328.csv.gz to D:\Emergere\ConnorsLLC\ConnorsLLC_Project\ProcessFiles_Demo\bin\Debug\net6.0\Payroll/Mapping\EmployeeEntity-2024-294-2024-328.csv.gz 
2024-11-07 14:13:44.1255 [INFO] File has been decompressed to: D:\Emergere\ConnorsLLC\ConnorsLLC_Project\ProcessFiles_Demo\bin\Debug\net6.0\Payroll/Mapping\EmployeeEntity-2024-294-2024-328.csv 
2024-11-07 14:13:44.1255 [INFO] Deleted the .gz file: D:\Emergere\ConnorsLLC\ConnorsLLC_Project\ProcessFiles_Demo\bin\Debug\net6.0\Payroll/Mapping\EmployeeEntity-2024-294-2024-328.csv.gz 
2024-11-07 14:13:45.7965 [INFO] Start processing Payroll CSV: D:\Emergere\ConnorsLLC\ConnorsLLC_Project\ProcessFiles_Demo\bin\Debug\net6.0\Payroll/ReprocessFiles\620171_2024-10-20-2024-11-02_2024-11-04 16_00_26 -0800.csv at 11/7/2024 2:13:45 PM 
2024-11-07 14:20:29.8104 [ERROR] No Paycode found for PayType: Differential System.Exception: No Paycode found for PayType: Differential
2024-11-07 14:20:32.0998 [ERROR] No Paycode found for PayType: Differential System.Exception: No Paycode found for PayType: Differential
2024-11-07 14:20:36.4732 [ERROR] No Paycode found for PayType: Differential System.Exception: No Paycode found for PayType: Differential
2024-11-07 14:20:36.4732 [INFO] Finished processing Payroll CSV: D:\Emergere\ConnorsLLC\ConnorsLLC_Project\ProcessFiles_Demo\bin\Debug\net6.0\Payroll/ReprocessFiles\620171_2024-10-20-2024-11-02_2024-11-04 16_00_26 -0800.csv at 11/7/2024 2:20:36 PM 
2024-11-07 14:20:36.4732 [INFO] Time taken to process file: 410.6792987 seconds. 
2024-11-07 14:20:36.4732 [INFO] D:\Emergere\ConnorsLLC\ConnorsLLC_Project\ProcessFiles_Demo\bin\Debug\net6.0\Payroll/ReprocessFiles\620171_2024-10-20-2024-11-02_2024-11-04 16_00_26 -0800.csv 
2024-11-07 14:20:36.4732 [INFO] D:\Emergere\ConnorsLLC\ConnorsLLC_Project\ProcessFiles_Demo\bin\Debug\net6.0\Payroll/ProcessedFiles\620171_2024-10-20-2024-11-02_2024-11-04 16_00_26 -0800_20241107_142036.csv 
2024-11-07 14:20:45.6038 [ERROR] Error processing files from FTP/SFTP Renci.SshNet.Common.SftpPathNotFoundException: /remote/payroll
   at Renci.SshNet.Sftp.SftpSession.RequestOpenDir(String path, Boolean nullOnError)
   at Renci.SshNet.SftpClient.InternalListDirectory(String path, SftpListDirectoryAsyncResult asyncResult, Action`1 listCallback)
   at ProcessFiles_Demo.Client.SftpFileTransferClient.ListFilesAsync(String path) in D:\Emergere\ConnorsLLC\ConnorsLLC_Project\ProcessFiles_Demo\Client\FtpFileTransferClient.cs:line 105
   at Program.FetchAndProcessFilesAsync(IFileTransferClient fileTransferClient, String processor_type, String processedFolder, String reprocessingFolder, String outputFolder, String decryptedFolderOutput, JObject clientSettings) in D:\Emergere\ConnorsLLC\ConnorsLLC_Project\ProcessFiles_Demo\Program.cs:line 97
2024-11-07 14:20:45.7338 [INFO] ERROR: /remote/payroll 
2024-11-07 14:20:45.7338 [INFO] Application Completed Successfully 
2024-11-07 14:26:30.4224 [DEBUG] Application Starting 
2024-11-07 14:26:46.6453 [INFO] Downloaded file: EmployeeEntity-2024-294-2024-328.csv.gz to D:\Emergere\ConnorsLLC\ConnorsLLC_Project\ProcessFiles_Demo\bin\Debug\net6.0\Payroll/Mapping\EmployeeEntity-2024-294-2024-328.csv.gz 
2024-11-07 14:26:47.2979 [INFO] File has been decompressed to: D:\Emergere\ConnorsLLC\ConnorsLLC_Project\ProcessFiles_Demo\bin\Debug\net6.0\Payroll/Mapping\EmployeeEntity-2024-294-2024-328.csv 
2024-11-07 14:26:47.2979 [INFO] Deleted the .gz file: D:\Emergere\ConnorsLLC\ConnorsLLC_Project\ProcessFiles_Demo\bin\Debug\net6.0\Payroll/Mapping\EmployeeEntity-2024-294-2024-328.csv.gz 
2024-11-07 14:26:48.2059 [INFO] Start processing Payroll CSV: D:\Emergere\ConnorsLLC\ConnorsLLC_Project\ProcessFiles_Demo\bin\Debug\net6.0\Payroll/ReprocessFiles\620171_2024-10-20-2024-11-02_2024-11-04 16_00_26 -0800.csv at 11/7/2024 2:26:48 PM 
2024-11-07 14:26:48.2337 [ERROR] No Paycode found for PayType: Differential System.Exception: No Paycode found for PayType: Differential
2024-11-07 14:26:48.2337 [ERROR] No Paycode found for PayType: Differential System.Exception: No Paycode found for PayType: Differential
2024-11-07 14:26:48.2337 [ERROR] No Paycode found for PayType: Differential System.Exception: No Paycode found for PayType: Differential
2024-11-07 14:26:48.2337 [INFO] Finished processing Payroll CSV: D:\Emergere\ConnorsLLC\ConnorsLLC_Project\ProcessFiles_Demo\bin\Debug\net6.0\Payroll/ReprocessFiles\620171_2024-10-20-2024-11-02_2024-11-04 16_00_26 -0800.csv at 11/7/2024 2:26:48 PM 
2024-11-07 14:26:48.2337 [INFO] Time taken to process file: 0.0306143 seconds. 
2024-11-07 14:26:48.2337 [INFO] D:\Emergere\ConnorsLLC\ConnorsLLC_Project\ProcessFiles_Demo\bin\Debug\net6.0\Payroll/ReprocessFiles\620171_2024-10-20-2024-11-02_2024-11-04 16_00_26 -0800.csv 
2024-11-07 14:26:48.2409 [INFO] D:\Emergere\ConnorsLLC\ConnorsLLC_Project\ProcessFiles_Demo\bin\Debug\net6.0\Payroll/ProcessedFiles\620171_2024-10-20-2024-11-02_2024-11-04 16_00_26 -0800_20241107_142648.csv 
2024-11-07 14:26:57.1687 [ERROR] Error processing files from FTP/SFTP Renci.SshNet.Common.SftpPathNotFoundException: /remote/payroll
   at Renci.SshNet.Sftp.SftpSession.RequestOpenDir(String path, Boolean nullOnError)
   at Renci.SshNet.SftpClient.InternalListDirectory(String path, SftpListDirectoryAsyncResult asyncResult, Action`1 listCallback)
   at ProcessFiles_Demo.Client.SftpFileTransferClient.ListFilesAsync(String path) in D:\Emergere\ConnorsLLC\ConnorsLLC_Project\ProcessFiles_Demo\Client\FtpFileTransferClient.cs:line 105
   at Program.FetchAndProcessFilesAsync(IFileTransferClient fileTransferClient, String processor_type, String processedFolder, String reprocessingFolder, String outputFolder, String decryptedFolderOutput, JObject clientSettings) in D:\Emergere\ConnorsLLC\ConnorsLLC_Project\ProcessFiles_Demo\Program.cs:line 97
2024-11-07 14:26:57.1996 [INFO] ERROR: /remote/payroll 
2024-11-07 14:26:57.1996 [INFO] Application Completed Successfully 
2024-11-07 14:27:46.6525 [DEBUG] Application Starting 
2024-11-07 14:28:09.4775 [INFO] Downloaded file: EmployeeEntity-2024-294-2024-328.csv.gz to D:\Emergere\ConnorsLLC\ConnorsLLC_Project\ProcessFiles_Demo\bin\Debug\net6.0\Payroll/Mapping\EmployeeEntity-2024-294-2024-328.csv.gz 
2024-11-07 14:28:10.1553 [INFO] File has been decompressed to: D:\Emergere\ConnorsLLC\ConnorsLLC_Project\ProcessFiles_Demo\bin\Debug\net6.0\Payroll/Mapping\EmployeeEntity-2024-294-2024-328.csv 
2024-11-07 14:28:10.1553 [INFO] Deleted the .gz file: D:\Emergere\ConnorsLLC\ConnorsLLC_Project\ProcessFiles_Demo\bin\Debug\net6.0\Payroll/Mapping\EmployeeEntity-2024-294-2024-328.csv.gz 
2024-11-07 14:28:11.0637 [INFO] Start processing Payroll CSV: D:\Emergere\ConnorsLLC\ConnorsLLC_Project\ProcessFiles_Demo\bin\Debug\net6.0\Payroll/ReprocessFiles\620171_2024-10-20-2024-11-02_2024-11-04 16_00_26 -0800.csv at 11/7/2024 2:28:11 PM 
2024-11-07 14:30:27.0509 [ERROR] No Paycode found for PayType: Differential System.Exception: No Paycode found for PayType: Differential
2024-11-07 14:31:16.1633 [ERROR] No Paycode found for PayType: Differential System.Exception: No Paycode found for PayType: Differential
2024-11-07 14:31:18.4191 [ERROR] No Paycode found for PayType: Differential System.Exception: No Paycode found for PayType: Differential
2024-11-07 14:31:18.4191 [INFO] Finished processing Payroll CSV: D:\Emergere\ConnorsLLC\ConnorsLLC_Project\ProcessFiles_Demo\bin\Debug\net6.0\Payroll/ReprocessFiles\620171_2024-10-20-2024-11-02_2024-11-04 16_00_26 -0800.csv at 11/7/2024 2:31:18 PM 
2024-11-07 14:31:18.4191 [INFO] Time taken to process file: 187.3561777 seconds. 
2024-11-07 14:31:18.4191 [INFO] D:\Emergere\ConnorsLLC\ConnorsLLC_Project\ProcessFiles_Demo\bin\Debug\net6.0\Payroll/ReprocessFiles\620171_2024-10-20-2024-11-02_2024-11-04 16_00_26 -0800.csv 
2024-11-07 14:31:18.4191 [INFO] D:\Emergere\ConnorsLLC\ConnorsLLC_Project\ProcessFiles_Demo\bin\Debug\net6.0\Payroll/ProcessedFiles\620171_2024-10-20-2024-11-02_2024-11-04 16_00_26 -0800_20241107_143118.csv 
2024-11-07 14:31:29.5152 [ERROR] Error processing files from FTP/SFTP Renci.SshNet.Common.SftpPathNotFoundException: /remote/payroll
   at Renci.SshNet.Sftp.SftpSession.RequestOpenDir(String path, Boolean nullOnError)
   at Renci.SshNet.SftpClient.InternalListDirectory(String path, SftpListDirectoryAsyncResult asyncResult, Action`1 listCallback)
   at ProcessFiles_Demo.Client.SftpFileTransferClient.ListFilesAsync(String path) in D:\Emergere\ConnorsLLC\ConnorsLLC_Project\ProcessFiles_Demo\Client\FtpFileTransferClient.cs:line 105
   at Program.FetchAndProcessFilesAsync(IFileTransferClient fileTransferClient, String processor_type, String processedFolder, String reprocessingFolder, String outputFolder, String decryptedFolderOutput, JObject clientSettings) in D:\Emergere\ConnorsLLC\ConnorsLLC_Project\ProcessFiles_Demo\Program.cs:line 97
2024-11-07 14:31:29.5494 [INFO] ERROR: /remote/payroll 
2024-11-07 14:31:29.5494 [INFO] Application Completed Successfully 
2024-11-07 14:34:52.4544 [DEBUG] Application Starting 
2024-11-07 14:35:08.2189 [INFO] Downloaded file: EmployeeEntity-2024-294-2024-328.csv.gz to D:\Emergere\ConnorsLLC\ConnorsLLC_Project\ProcessFiles_Demo\bin\Debug\net6.0\Payroll/Mapping\EmployeeEntity-2024-294-2024-328.csv.gz 
2024-11-07 14:35:08.9242 [INFO] File has been decompressed to: D:\Emergere\ConnorsLLC\ConnorsLLC_Project\ProcessFiles_Demo\bin\Debug\net6.0\Payroll/Mapping\EmployeeEntity-2024-294-2024-328.csv 
2024-11-07 14:35:08.9242 [INFO] Deleted the .gz file: D:\Emergere\ConnorsLLC\ConnorsLLC_Project\ProcessFiles_Demo\bin\Debug\net6.0\Payroll/Mapping\EmployeeEntity-2024-294-2024-328.csv.gz 
2024-11-07 14:35:09.7968 [INFO] Start processing Payroll CSV: D:\Emergere\ConnorsLLC\ConnorsLLC_Project\ProcessFiles_Demo\bin\Debug\net6.0\Payroll/ReprocessFiles\620171_2024-10-20-2024-11-02_2024-11-04 16_00_26 -0800.csv at 11/7/2024 2:35:09 PM 
2024-11-07 14:42:14.3265 [DEBUG] Application Starting 
2024-11-07 14:42:28.1119 [INFO] Downloaded file: EmployeeEntity-2024-294-2024-328.csv.gz to D:\Emergere\ConnorsLLC\ConnorsLLC_Project\ProcessFiles_Demo\bin\Debug\net6.0\Payroll/Mapping\EmployeeEntity-2024-294-2024-328.csv.gz 
2024-11-07 14:42:28.8097 [INFO] File has been decompressed to: D:\Emergere\ConnorsLLC\ConnorsLLC_Project\ProcessFiles_Demo\bin\Debug\net6.0\Payroll/Mapping\EmployeeEntity-2024-294-2024-328.csv 
2024-11-07 14:42:28.8097 [INFO] Deleted the .gz file: D:\Emergere\ConnorsLLC\ConnorsLLC_Project\ProcessFiles_Demo\bin\Debug\net6.0\Payroll/Mapping\EmployeeEntity-2024-294-2024-328.csv.gz 
2024-11-07 14:42:30.2975 [INFO] Start processing Payroll CSV: D:\Emergere\ConnorsLLC\ConnorsLLC_Project\ProcessFiles_Demo\bin\Debug\net6.0\Payroll/ReprocessFiles\620171_2024-10-20-2024-11-02_2024-11-04 16_00_26 -0800.csv at 11/7/2024 2:42:30 PM 
2024-11-07 14:44:07.2856 [INFO] Finished processing Payroll CSV: D:\Emergere\ConnorsLLC\ConnorsLLC_Project\ProcessFiles_Demo\bin\Debug\net6.0\Payroll/ReprocessFiles\620171_2024-10-20-2024-11-02_2024-11-04 16_00_26 -0800.csv at 11/7/2024 2:44:07 PM 
2024-11-07 14:44:07.2856 [INFO] Time taken to process file: 96.9887684 seconds. 
2024-11-07 14:44:07.2856 [INFO] D:\Emergere\ConnorsLLC\ConnorsLLC_Project\ProcessFiles_Demo\bin\Debug\net6.0\Payroll/ReprocessFiles\620171_2024-10-20-2024-11-02_2024-11-04 16_00_26 -0800.csv 
2024-11-07 14:44:07.2943 [INFO] D:\Emergere\ConnorsLLC\ConnorsLLC_Project\ProcessFiles_Demo\bin\Debug\net6.0\Payroll/ProcessedFiles\620171_2024-10-20-2024-11-02_2024-11-04 16_00_26 -0800_20241107_144407.csv 
2024-11-07 14:44:16.6192 [ERROR] Error processing files from FTP/SFTP Renci.SshNet.Common.SftpPathNotFoundException: /remote/payroll
   at Renci.SshNet.Sftp.SftpSession.RequestOpenDir(String path, Boolean nullOnError)
   at Renci.SshNet.SftpClient.InternalListDirectory(String path, SftpListDirectoryAsyncResult asyncResult, Action`1 listCallback)
   at ProcessFiles_Demo.Client.SftpFileTransferClient.ListFilesAsync(String path) in D:\Emergere\ConnorsLLC\ConnorsLLC_Project\ProcessFiles_Demo\Client\FtpFileTransferClient.cs:line 105
   at Program.FetchAndProcessFilesAsync(IFileTransferClient fileTransferClient, String processor_type, String processedFolder, String reprocessingFolder, String outputFolder, String decryptedFolderOutput, JObject clientSettings) in D:\Emergere\ConnorsLLC\ConnorsLLC_Project\ProcessFiles_Demo\Program.cs:line 97
2024-11-07 14:44:16.6820 [INFO] ERROR: /remote/payroll 
2024-11-07 14:44:16.6820 [INFO] Application Completed Successfully 
2024-11-07 14:45:41.7256 [DEBUG] Application Starting 
2024-11-07 14:45:55.7462 [INFO] Downloaded file: EmployeeEntity-2024-294-2024-328.csv.gz to D:\Emergere\ConnorsLLC\ConnorsLLC_Project\ProcessFiles_Demo\bin\Debug\net6.0\Payroll/Mapping\EmployeeEntity-2024-294-2024-328.csv.gz 
2024-11-07 14:45:56.3780 [INFO] File has been decompressed to: D:\Emergere\ConnorsLLC\ConnorsLLC_Project\ProcessFiles_Demo\bin\Debug\net6.0\Payroll/Mapping\EmployeeEntity-2024-294-2024-328.csv 
2024-11-07 14:45:56.3780 [INFO] Deleted the .gz file: D:\Emergere\ConnorsLLC\ConnorsLLC_Project\ProcessFiles_Demo\bin\Debug\net6.0\Payroll/Mapping\EmployeeEntity-2024-294-2024-328.csv.gz 
2024-11-07 14:45:57.8945 [INFO] Start processing Payroll CSV: D:\Emergere\ConnorsLLC\ConnorsLLC_Project\ProcessFiles_Demo\bin\Debug\net6.0\Payroll/ReprocessFiles\575347_2024-10-20-2024-11-02_2024-11-04 16_00_26 -0800_20241107_122148.csv at 11/7/2024 2:45:57 PM 
2024-11-07 14:45:57.9463 [INFO] Finished processing Payroll CSV: D:\Emergere\ConnorsLLC\ConnorsLLC_Project\ProcessFiles_Demo\bin\Debug\net6.0\Payroll/ReprocessFiles\575347_2024-10-20-2024-11-02_2024-11-04 16_00_26 -0800_20241107_122148.csv at 11/7/2024 2:45:57 PM 
2024-11-07 14:45:57.9463 [INFO] Time taken to process file: 0.0527561 seconds. 
2024-11-07 14:45:57.9463 [INFO] D:\Emergere\ConnorsLLC\ConnorsLLC_Project\ProcessFiles_Demo\bin\Debug\net6.0\Payroll/ReprocessFiles\575347_2024-10-20-2024-11-02_2024-11-04 16_00_26 -0800_20241107_122148.csv 
2024-11-07 14:45:57.9586 [INFO] D:\Emergere\ConnorsLLC\ConnorsLLC_Project\ProcessFiles_Demo\bin\Debug\net6.0\Payroll/ProcessedFiles\575347_2024-10-20-2024-11-02_2024-11-04 16_00_26 -0800_20241107_122148_20241107_144557.csv 
2024-11-07 14:46:07.2493 [ERROR] Error processing files from FTP/SFTP Renci.SshNet.Common.SftpPathNotFoundException: /remote/payroll
   at Renci.SshNet.Sftp.SftpSession.RequestOpenDir(String path, Boolean nullOnError)
   at Renci.SshNet.SftpClient.InternalListDirectory(String path, SftpListDirectoryAsyncResult asyncResult, Action`1 listCallback)
   at ProcessFiles_Demo.Client.SftpFileTransferClient.ListFilesAsync(String path) in D:\Emergere\ConnorsLLC\ConnorsLLC_Project\ProcessFiles_Demo\Client\FtpFileTransferClient.cs:line 105
   at Program.FetchAndProcessFilesAsync(IFileTransferClient fileTransferClient, String processor_type, String processedFolder, String reprocessingFolder, String outputFolder, String decryptedFolderOutput, JObject clientSettings) in D:\Emergere\ConnorsLLC\ConnorsLLC_Project\ProcessFiles_Demo\Program.cs:line 97
2024-11-07 14:46:07.3079 [INFO] ERROR: /remote/payroll 
2024-11-07 14:46:07.3079 [INFO] Application Completed Successfully 
2024-11-07 14:47:08.1615 [DEBUG] Application Starting 
2024-11-07 14:47:22.0825 [INFO] Downloaded file: EmployeeEntity-2024-294-2024-328.csv.gz to D:\Emergere\ConnorsLLC\ConnorsLLC_Project\ProcessFiles_Demo\bin\Debug\net6.0\Payroll/Mapping\EmployeeEntity-2024-294-2024-328.csv.gz 
2024-11-07 14:47:22.7187 [INFO] File has been decompressed to: D:\Emergere\ConnorsLLC\ConnorsLLC_Project\ProcessFiles_Demo\bin\Debug\net6.0\Payroll/Mapping\EmployeeEntity-2024-294-2024-328.csv 
2024-11-07 14:47:22.7195 [INFO] Deleted the .gz file: D:\Emergere\ConnorsLLC\ConnorsLLC_Project\ProcessFiles_Demo\bin\Debug\net6.0\Payroll/Mapping\EmployeeEntity-2024-294-2024-328.csv.gz 
2024-11-07 14:47:23.5653 [INFO] Start processing Payroll CSV: D:\Emergere\ConnorsLLC\ConnorsLLC_Project\ProcessFiles_Demo\bin\Debug\net6.0\Payroll/ReprocessFiles\Payfile_2024-10-20-2024-11-02_2024-11-04 16_00_26 -0800.csv at 11/7/2024 2:47:23 PM 
2024-11-07 14:47:23.6220 [INFO] Finished processing Payroll CSV: D:\Emergere\ConnorsLLC\ConnorsLLC_Project\ProcessFiles_Demo\bin\Debug\net6.0\Payroll/ReprocessFiles\Payfile_2024-10-20-2024-11-02_2024-11-04 16_00_26 -0800.csv at 11/7/2024 2:47:23 PM 
2024-11-07 14:47:23.6220 [INFO] Time taken to process file: 0.0572306 seconds. 
2024-11-07 14:47:23.6225 [INFO] D:\Emergere\ConnorsLLC\ConnorsLLC_Project\ProcessFiles_Demo\bin\Debug\net6.0\Payroll/ReprocessFiles\Payfile_2024-10-20-2024-11-02_2024-11-04 16_00_26 -0800.csv 
2024-11-07 14:47:23.6225 [INFO] D:\Emergere\ConnorsLLC\ConnorsLLC_Project\ProcessFiles_Demo\bin\Debug\net6.0\Payroll/ProcessedFiles\Payfile_2024-10-20-2024-11-02_2024-11-04 16_00_26 -0800_20241107_144723.csv 
2024-11-07 14:47:32.4558 [ERROR] Error processing files from FTP/SFTP Renci.SshNet.Common.SftpPathNotFoundException: /remote/payroll
   at Renci.SshNet.Sftp.SftpSession.RequestOpenDir(String path, Boolean nullOnError)
   at Renci.SshNet.SftpClient.InternalListDirectory(String path, SftpListDirectoryAsyncResult asyncResult, Action`1 listCallback)
   at ProcessFiles_Demo.Client.SftpFileTransferClient.ListFilesAsync(String path) in D:\Emergere\ConnorsLLC\ConnorsLLC_Project\ProcessFiles_Demo\Client\FtpFileTransferClient.cs:line 105
   at Program.FetchAndProcessFilesAsync(IFileTransferClient fileTransferClient, String processor_type, String processedFolder, String reprocessingFolder, String outputFolder, String decryptedFolderOutput, JObject clientSettings) in D:\Emergere\ConnorsLLC\ConnorsLLC_Project\ProcessFiles_Demo\Program.cs:line 97
2024-11-07 14:47:32.4926 [INFO] ERROR: /remote/payroll 
2024-11-07 14:47:32.4926 [INFO] Application Completed Successfully 
2024-11-07 16:15:38.0494 [DEBUG] Application Starting 
2024-11-07 16:15:51.8485 [INFO] Downloaded file: EmployeeEntity-2024-294-2024-328.csv.gz to D:\Emergere\ConnorsLLC\ConnorsLLC_Project\ProcessFiles_Demo\bin\Debug\net6.0\Payroll/Mapping\EmployeeEntity-2024-294-2024-328.csv.gz 
2024-11-07 16:15:52.5097 [INFO] File has been decompressed to: D:\Emergere\ConnorsLLC\ConnorsLLC_Project\ProcessFiles_Demo\bin\Debug\net6.0\Payroll/Mapping\EmployeeEntity-2024-294-2024-328.csv 
2024-11-07 16:15:52.5097 [INFO] Deleted the .gz file: D:\Emergere\ConnorsLLC\ConnorsLLC_Project\ProcessFiles_Demo\bin\Debug\net6.0\Payroll/Mapping\EmployeeEntity-2024-294-2024-328.csv.gz 
2024-11-07 16:15:53.7357 [INFO] Start processing Payroll CSV: D:\Emergere\ConnorsLLC\ConnorsLLC_Project\ProcessFiles_Demo\bin\Debug\net6.0\Payroll/ReprocessFiles\Payfile_2024-10-20-2024-11-02_2024-11-04 16_00_26 -0800.csv at 11/7/2024 4:15:53 PM 
2024-11-07 16:15:53.7852 [INFO] Finished processing Payroll CSV: D:\Emergere\ConnorsLLC\ConnorsLLC_Project\ProcessFiles_Demo\bin\Debug\net6.0\Payroll/ReprocessFiles\Payfile_2024-10-20-2024-11-02_2024-11-04 16_00_26 -0800.csv at 11/7/2024 4:15:53 PM 
2024-11-07 16:15:53.7852 [INFO] Time taken to process file: 0.0499745 seconds. 
2024-11-07 16:15:53.7852 [INFO] D:\Emergere\ConnorsLLC\ConnorsLLC_Project\ProcessFiles_Demo\bin\Debug\net6.0\Payroll/ReprocessFiles\Payfile_2024-10-20-2024-11-02_2024-11-04 16_00_26 -0800.csv 
2024-11-07 16:15:53.7852 [INFO] D:\Emergere\ConnorsLLC\ConnorsLLC_Project\ProcessFiles_Demo\bin\Debug\net6.0\Payroll/ProcessedFiles\Payfile_2024-10-20-2024-11-02_2024-11-04 16_00_26 -0800_20241107_161553.csv 
2024-11-07 16:16:02.6187 [ERROR] Error processing files from FTP/SFTP Renci.SshNet.Common.SftpPathNotFoundException: /remote/payroll
   at Renci.SshNet.Sftp.SftpSession.RequestOpenDir(String path, Boolean nullOnError)
   at Renci.SshNet.SftpClient.InternalListDirectory(String path, SftpListDirectoryAsyncResult asyncResult, Action`1 listCallback)
   at ProcessFiles_Demo.Client.SftpFileTransferClient.ListFilesAsync(String path) in D:\Emergere\ConnorsLLC\ConnorsLLC_Project\ProcessFiles_Demo\Client\FtpFileTransferClient.cs:line 105
   at Program.FetchAndProcessFilesAsync(IFileTransferClient fileTransferClient, String processor_type, String processedFolder, String reprocessingFolder, String outputFolder, String decryptedFolderOutput, JObject clientSettings) in D:\Emergere\ConnorsLLC\ConnorsLLC_Project\ProcessFiles_Demo\Program.cs:line 97
2024-11-07 16:16:02.6740 [INFO] ERROR: /remote/payroll 
2024-11-07 16:16:02.6740 [INFO] Application Completed Successfully 
2024-11-07 18:43:26.8855 [DEBUG] Application Starting 
2024-11-07 18:43:27.8440 [ERROR] Failed to reprocess D:\Emergere\ConnorsLLC\ConnorsLLC_Project\ProcessFiles_Demo\bin\Debug\net6.0\Payroll/FailedFiles\Payfile_2024-10-20-2024-11-02_2024-11-04 16_00_26 -0800_20241107_161553_20241107_184327.csv System.Net.Sockets.SocketException (11001): No such host is known.
   at Renci.SshNet.Abstractions.SocketAbstraction.ConnectCore(Socket socket, EndPoint remoteEndpoint, TimeSpan connectTimeout, Boolean ownsSocket)
   at Renci.SshNet.Connection.ConnectorBase.SocketConnect(EndPoint endPoint, TimeSpan timeout)
   at Renci.SshNet.Session.Connect()
   at Renci.SshNet.BaseClient.CreateAndConnectSession()
   at Renci.SshNet.BaseClient.Connect()
   at ProcessFiles_Demo.SFTPExtract.SFTPFileExtract.DownloadAndExtractFile(JObject clientSettings, String remoteDirectoryPath, String localDirectoryPath) in D:\Emergere\ConnorsLLC\ConnorsLLC_Project\ProcessFiles_Demo\SFTPExtract\SFTPFileExtract.cs:line 27
   at ProcessFiles_Demo.FileProcessing.PayrollFileProcessor..ctor(JObject clientSettings) in D:\Emergere\ConnorsLLC\ConnorsLLC_Project\ProcessFiles_Demo\FileProcessing\PayrollProcessor.cs:line 30
   at ProcessFiles_Demo.FileProcessing.CsvFileProcessorFactory.GetProcessor(String processortype, JObject clientSettings) in D:\Emergere\ConnorsLLC\ConnorsLLC_Project\ProcessFiles_Demo\FileProcessing\CsvFileProcessorFactory.cs:line 25
   at Program.ProcessReprocessingFilesAsync(IFileTransferClient fileTransferClient, String processor_type, String reprocessingFolder, String processedFolder, String failedFolder, String outputFolder, String decryptedFolderOutput, JObject clientSettings) in D:\Emergere\ConnorsLLC\ConnorsLLC_Project\ProcessFiles_Demo\Program.cs:line 194
2024-11-07 18:43:27.8807 [INFO] ERROR: No such host is known. - moved to FailedFiles. 
2024-11-07 18:43:28.0953 [ERROR] Error processing files from FTP/SFTP System.Net.Sockets.SocketException (11001): No such host is known.
   at Renci.SshNet.Abstractions.SocketAbstraction.ConnectCore(Socket socket, EndPoint remoteEndpoint, TimeSpan connectTimeout, Boolean ownsSocket)
   at Renci.SshNet.Connection.ConnectorBase.SocketConnect(EndPoint endPoint, TimeSpan timeout)
   at Renci.SshNet.Session.Connect()
   at Renci.SshNet.BaseClient.CreateAndConnectSession()
   at Renci.SshNet.BaseClient.Connect()
   at ProcessFiles_Demo.Client.SftpFileTransferClient.ListFilesAsync(String path) in D:\Emergere\ConnorsLLC\ConnorsLLC_Project\ProcessFiles_Demo\Client\FtpFileTransferClient.cs:line 102
   at Program.FetchAndProcessFilesAsync(IFileTransferClient fileTransferClient, String processor_type, String processedFolder, String reprocessingFolder, String outputFolder, String decryptedFolderOutput, JObject clientSettings) in D:\Emergere\ConnorsLLC\ConnorsLLC_Project\ProcessFiles_Demo\Program.cs:line 97
2024-11-07 18:43:28.0953 [INFO] ERROR: No such host is known. 
2024-11-07 18:43:28.0953 [INFO] Application Completed Successfully 
2024-11-07 18:46:00.6386 [DEBUG] Application Starting 
2024-11-07 19:18:12.9923 [ERROR] Failed to reprocess D:\Emergere\ConnorsLLC\ConnorsLLC_Project\ProcessFiles_Demo\bin\Debug\net6.0\Payroll/FailedFiles\Payfile_2024-10-20-2024-11-02_2024-11-04 16_00_26 -0800_20241107_161553_20241107_184327_20241107_191812.csv System.Net.Sockets.SocketException (11001): No such host is known.
   at Renci.SshNet.Abstractions.SocketAbstraction.ConnectCore(Socket socket, EndPoint remoteEndpoint, TimeSpan connectTimeout, Boolean ownsSocket)
   at Renci.SshNet.Connection.ConnectorBase.SocketConnect(EndPoint endPoint, TimeSpan timeout)
   at Renci.SshNet.Session.Connect()
   at Renci.SshNet.BaseClient.CreateAndConnectSession()
   at Renci.SshNet.BaseClient.Connect()
   at ProcessFiles_Demo.SFTPExtract.SFTPFileExtract.DownloadAndExtractFile(JObject clientSettings, String remoteDirectoryPath, String localDirectoryPath) in D:\Emergere\ConnorsLLC\ConnorsLLC_Project\ProcessFiles_Demo\SFTPExtract\SFTPFileExtract.cs:line 27
   at ProcessFiles_Demo.FileProcessing.PayrollFileProcessor..ctor(JObject clientSettings) in D:\Emergere\ConnorsLLC\ConnorsLLC_Project\ProcessFiles_Demo\FileProcessing\PayrollProcessor.cs:line 30
   at ProcessFiles_Demo.FileProcessing.CsvFileProcessorFactory.GetProcessor(String processortype, JObject clientSettings) in D:\Emergere\ConnorsLLC\ConnorsLLC_Project\ProcessFiles_Demo\FileProcessing\CsvFileProcessorFactory.cs:line 25
   at Program.ProcessReprocessingFilesAsync(IFileTransferClient fileTransferClient, String processor_type, String reprocessingFolder, String processedFolder, String failedFolder, String outputFolder, String decryptedFolderOutput, JObject clientSettings) in D:\Emergere\ConnorsLLC\ConnorsLLC_Project\ProcessFiles_Demo\Program.cs:line 194
2024-11-07 19:18:13.0456 [INFO] ERROR: No such host is known. - moved to FailedFiles. 
2024-11-07 19:18:22.1073 [ERROR] Error processing files from FTP/SFTP Renci.SshNet.Common.SftpPathNotFoundException: /remote/payroll
   at Renci.SshNet.Sftp.SftpSession.RequestOpenDir(String path, Boolean nullOnError)
   at Renci.SshNet.SftpClient.InternalListDirectory(String path, SftpListDirectoryAsyncResult asyncResult, Action`1 listCallback)
   at ProcessFiles_Demo.Client.SftpFileTransferClient.ListFilesAsync(String path) in D:\Emergere\ConnorsLLC\ConnorsLLC_Project\ProcessFiles_Demo\Client\FtpFileTransferClient.cs:line 105
   at Program.FetchAndProcessFilesAsync(IFileTransferClient fileTransferClient, String processor_type, String processedFolder, String reprocessingFolder, String outputFolder, String decryptedFolderOutput, JObject clientSettings) in D:\Emergere\ConnorsLLC\ConnorsLLC_Project\ProcessFiles_Demo\Program.cs:line 97
2024-11-07 19:18:22.1073 [INFO] ERROR: /remote/payroll 
2024-11-07 19:18:22.1073 [INFO] Application Completed Successfully 
2024-11-07 19:20:35.6416 [DEBUG] Application Starting 
2024-11-07 19:21:21.6335 [DEBUG] Application Starting 
2024-11-07 19:21:43.6682 [INFO] Downloaded file: EmployeeEntity-2024-294-2024-328.csv.gz to D:\Emergere\ConnorsLLC\ConnorsLLC_Project\ProcessFiles_Demo\bin\Debug\net6.0\Payroll/Mapping\EmployeeEntity-2024-294-2024-328.csv.gz 
2024-11-07 19:21:44.2990 [INFO] File has been decompressed to: D:\Emergere\ConnorsLLC\ConnorsLLC_Project\ProcessFiles_Demo\bin\Debug\net6.0\Payroll/Mapping\EmployeeEntity-2024-294-2024-328.csv 
2024-11-07 19:21:44.2990 [INFO] Deleted the .gz file: D:\Emergere\ConnorsLLC\ConnorsLLC_Project\ProcessFiles_Demo\bin\Debug\net6.0\Payroll/Mapping\EmployeeEntity-2024-294-2024-328.csv.gz 
2024-11-07 19:22:17.9883 [INFO] Start processing Payroll CSV: D:\Emergere\ConnorsLLC\ConnorsLLC_Project\ProcessFiles_Demo\bin\Debug\net6.0\Payroll/ReprocessFiles\Payfile_2024-10-20-2024-11-02_2024-11-04 16_00_26 -0800_20241107_161553_20241107_184327.csv at 11/7/2024 7:22:17 PM 
2024-11-07 19:23:00.6155 [INFO] Finished processing Payroll CSV: D:\Emergere\ConnorsLLC\ConnorsLLC_Project\ProcessFiles_Demo\bin\Debug\net6.0\Payroll/ReprocessFiles\Payfile_2024-10-20-2024-11-02_2024-11-04 16_00_26 -0800_20241107_161553_20241107_184327.csv at 11/7/2024 7:23:00 PM 
2024-11-07 19:23:00.6155 [INFO] Time taken to process file: 42.6279738 seconds. 
2024-11-07 19:23:00.6155 [INFO] D:\Emergere\ConnorsLLC\ConnorsLLC_Project\ProcessFiles_Demo\bin\Debug\net6.0\Payroll/ReprocessFiles\Payfile_2024-10-20-2024-11-02_2024-11-04 16_00_26 -0800_20241107_161553_20241107_184327.csv 
2024-11-07 19:23:09.0592 [INFO] D:\Emergere\ConnorsLLC\ConnorsLLC_Project\ProcessFiles_Demo\bin\Debug\net6.0\Payroll/ProcessedFiles\Payfile_2024-10-20-2024-11-02_2024-11-04 16_00_26 -0800_20241107_161553_20241107_184327_20241107_192309.csv 
2024-11-07 19:23:18.3024 [ERROR] Error processing files from FTP/SFTP Renci.SshNet.Common.SftpPathNotFoundException: /remote/payroll
   at Renci.SshNet.Sftp.SftpSession.RequestOpenDir(String path, Boolean nullOnError)
   at Renci.SshNet.SftpClient.InternalListDirectory(String path, SftpListDirectoryAsyncResult asyncResult, Action`1 listCallback)
   at ProcessFiles_Demo.Client.SftpFileTransferClient.ListFilesAsync(String path) in D:\Emergere\ConnorsLLC\ConnorsLLC_Project\ProcessFiles_Demo\Client\FtpFileTransferClient.cs:line 105
   at Program.FetchAndProcessFilesAsync(IFileTransferClient fileTransferClient, String processor_type, String processedFolder, String reprocessingFolder, String outputFolder, String decryptedFolderOutput, JObject clientSettings) in D:\Emergere\ConnorsLLC\ConnorsLLC_Project\ProcessFiles_Demo\Program.cs:line 97
2024-11-07 19:23:18.3332 [INFO] ERROR: /remote/payroll 
2024-11-07 19:23:18.3332 [INFO] Application Completed Successfully 
2024-11-07 19:24:42.6961 [DEBUG] Application Starting 
2024-11-07 19:24:59.7314 [INFO] Downloaded file: EmployeeEntity-2024-294-2024-328.csv.gz to D:\Emergere\ConnorsLLC\ConnorsLLC_Project\ProcessFiles_Demo\bin\Debug\net6.0\Payroll/Mapping\EmployeeEntity-2024-294-2024-328.csv.gz 
2024-11-07 19:25:00.3330 [INFO] File has been decompressed to: D:\Emergere\ConnorsLLC\ConnorsLLC_Project\ProcessFiles_Demo\bin\Debug\net6.0\Payroll/Mapping\EmployeeEntity-2024-294-2024-328.csv 
2024-11-07 19:25:00.3330 [INFO] Deleted the .gz file: D:\Emergere\ConnorsLLC\ConnorsLLC_Project\ProcessFiles_Demo\bin\Debug\net6.0\Payroll/Mapping\EmployeeEntity-2024-294-2024-328.csv.gz 
2024-11-07 19:25:01.2192 [INFO] Start processing Payroll CSV: D:\Emergere\ConnorsLLC\ConnorsLLC_Project\ProcessFiles_Demo\bin\Debug\net6.0\Payroll/ReprocessFiles\Payfile_2024-10-20-2024-11-02_2024-11-04 16_00_26 -0800.csv at 11/7/2024 7:25:01 PM 
2024-11-07 19:26:30.5444 [INFO] Finished processing Payroll CSV: D:\Emergere\ConnorsLLC\ConnorsLLC_Project\ProcessFiles_Demo\bin\Debug\net6.0\Payroll/ReprocessFiles\Payfile_2024-10-20-2024-11-02_2024-11-04 16_00_26 -0800.csv at 11/7/2024 7:26:30 PM 
2024-11-07 19:26:30.5444 [INFO] Time taken to process file: 89.326159 seconds. 
2024-11-07 19:26:30.5444 [INFO] D:\Emergere\ConnorsLLC\ConnorsLLC_Project\ProcessFiles_Demo\bin\Debug\net6.0\Payroll/ReprocessFiles\Payfile_2024-10-20-2024-11-02_2024-11-04 16_00_26 -0800.csv 
2024-11-07 19:26:30.5568 [INFO] D:\Emergere\ConnorsLLC\ConnorsLLC_Project\ProcessFiles_Demo\bin\Debug\net6.0\Payroll/ProcessedFiles\Payfile_2024-10-20-2024-11-02_2024-11-04 16_00_26 -0800_20241107_192630.csv 
2024-11-07 19:26:39.2223 [ERROR] Error processing files from FTP/SFTP Renci.SshNet.Common.SftpPathNotFoundException: /remote/payroll
   at Renci.SshNet.Sftp.SftpSession.RequestOpenDir(String path, Boolean nullOnError)
   at Renci.SshNet.SftpClient.InternalListDirectory(String path, SftpListDirectoryAsyncResult asyncResult, Action`1 listCallback)
   at ProcessFiles_Demo.Client.SftpFileTransferClient.ListFilesAsync(String path) in D:\Emergere\ConnorsLLC\ConnorsLLC_Project\ProcessFiles_Demo\Client\FtpFileTransferClient.cs:line 105
   at Program.FetchAndProcessFilesAsync(IFileTransferClient fileTransferClient, String processor_type, String processedFolder, String reprocessingFolder, String outputFolder, String decryptedFolderOutput, JObject clientSettings) in D:\Emergere\ConnorsLLC\ConnorsLLC_Project\ProcessFiles_Demo\Program.cs:line 97
2024-11-07 19:26:39.2788 [INFO] ERROR: /remote/payroll 
2024-11-07 19:26:39.2788 [INFO] Application Completed Successfully 
2024-11-07 19:36:44.3208 [DEBUG] Application Starting 
2024-11-07 19:36:57.9899 [INFO] Downloaded file: EmployeeEntity-2024-294-2024-328.csv.gz to D:\Emergere\ConnorsLLC\ConnorsLLC_Project\ProcessFiles_Demo\bin\Debug\net6.0\Payroll/Mapping\EmployeeEntity-2024-294-2024-328.csv.gz 
2024-11-07 19:36:58.6712 [INFO] File has been decompressed to: D:\Emergere\ConnorsLLC\ConnorsLLC_Project\ProcessFiles_Demo\bin\Debug\net6.0\Payroll/Mapping\EmployeeEntity-2024-294-2024-328.csv 
2024-11-07 19:36:58.6712 [INFO] Deleted the .gz file: D:\Emergere\ConnorsLLC\ConnorsLLC_Project\ProcessFiles_Demo\bin\Debug\net6.0\Payroll/Mapping\EmployeeEntity-2024-294-2024-328.csv.gz 
2024-11-07 19:36:59.6500 [INFO] Start processing Payroll CSV: D:\Emergere\ConnorsLLC\ConnorsLLC_Project\ProcessFiles_Demo\bin\Debug\net6.0\Payroll/ReprocessFiles\Payfile_2024-10-20-2024-11-02_2024-11-04 16_00_26 -0800.csv at 11/7/2024 7:36:59 PM 
2024-11-07 19:36:59.6907 [INFO] Finished processing Payroll CSV: D:\Emergere\ConnorsLLC\ConnorsLLC_Project\ProcessFiles_Demo\bin\Debug\net6.0\Payroll/ReprocessFiles\Payfile_2024-10-20-2024-11-02_2024-11-04 16_00_26 -0800.csv at 11/7/2024 7:36:59 PM 
2024-11-07 19:36:59.6907 [INFO] Time taken to process file: 0.0411276 seconds. 
2024-11-07 19:36:59.6907 [INFO] D:\Emergere\ConnorsLLC\ConnorsLLC_Project\ProcessFiles_Demo\bin\Debug\net6.0\Payroll/ReprocessFiles\Payfile_2024-10-20-2024-11-02_2024-11-04 16_00_26 -0800.csv 
2024-11-07 19:36:59.6969 [INFO] D:\Emergere\ConnorsLLC\ConnorsLLC_Project\ProcessFiles_Demo\bin\Debug\net6.0\Payroll/ProcessedFiles\Payfile_2024-10-20-2024-11-02_2024-11-04 16_00_26 -0800_20241107_193659.csv 
2024-11-07 19:37:08.5068 [ERROR] Error processing files from FTP/SFTP Renci.SshNet.Common.SftpPathNotFoundException: /remote/payroll
   at Renci.SshNet.Sftp.SftpSession.RequestOpenDir(String path, Boolean nullOnError)
   at Renci.SshNet.SftpClient.InternalListDirectory(String path, SftpListDirectoryAsyncResult asyncResult, Action`1 listCallback)
   at ProcessFiles_Demo.Client.SftpFileTransferClient.ListFilesAsync(String path) in D:\Emergere\ConnorsLLC\ConnorsLLC_Project\ProcessFiles_Demo\Client\FtpFileTransferClient.cs:line 105
   at Program.FetchAndProcessFilesAsync(IFileTransferClient fileTransferClient, String processor_type, String processedFolder, String reprocessingFolder, String outputFolder, String decryptedFolderOutput, JObject clientSettings) in D:\Emergere\ConnorsLLC\ConnorsLLC_Project\ProcessFiles_Demo\Program.cs:line 97
2024-11-07 19:37:08.5509 [INFO] ERROR: /remote/payroll 
2024-11-07 19:37:08.5509 [INFO] Application Completed Successfully 
2024-11-07 19:41:33.1301 [DEBUG] Application Starting 
2024-11-07 19:41:48.8657 [INFO] Downloaded file: EmployeeEntity-2024-294-2024-328.csv.gz to D:\Emergere\ConnorsLLC\ConnorsLLC_Project\ProcessFiles_Demo\bin\Debug\net6.0\Payroll/Mapping\EmployeeEntity-2024-294-2024-328.csv.gz 
2024-11-07 19:41:49.5838 [INFO] File has been decompressed to: D:\Emergere\ConnorsLLC\ConnorsLLC_Project\ProcessFiles_Demo\bin\Debug\net6.0\Payroll/Mapping\EmployeeEntity-2024-294-2024-328.csv 
2024-11-07 19:41:49.5838 [INFO] Deleted the .gz file: D:\Emergere\ConnorsLLC\ConnorsLLC_Project\ProcessFiles_Demo\bin\Debug\net6.0\Payroll/Mapping\EmployeeEntity-2024-294-2024-328.csv.gz 
2024-11-07 19:41:50.4689 [INFO] Start processing Payroll CSV: D:\Emergere\ConnorsLLC\ConnorsLLC_Project\ProcessFiles_Demo\bin\Debug\net6.0\Payroll/ReprocessFiles\Payfile_2024-10-20-2024-11-02_2024-11-04 16_00_26 -0800.csv at 11/7/2024 7:41:50 PM 
2024-11-07 19:41:50.5100 [INFO] Finished processing Payroll CSV: D:\Emergere\ConnorsLLC\ConnorsLLC_Project\ProcessFiles_Demo\bin\Debug\net6.0\Payroll/ReprocessFiles\Payfile_2024-10-20-2024-11-02_2024-11-04 16_00_26 -0800.csv at 11/7/2024 7:41:50 PM 
2024-11-07 19:41:50.5100 [INFO] Time taken to process file: 0.0416569 seconds. 
2024-11-07 19:41:50.5100 [INFO] D:\Emergere\ConnorsLLC\ConnorsLLC_Project\ProcessFiles_Demo\bin\Debug\net6.0\Payroll/ReprocessFiles\Payfile_2024-10-20-2024-11-02_2024-11-04 16_00_26 -0800.csv 
2024-11-07 19:41:50.5100 [INFO] D:\Emergere\ConnorsLLC\ConnorsLLC_Project\ProcessFiles_Demo\bin\Debug\net6.0\Payroll/ProcessedFiles\Payfile_2024-10-20-2024-11-02_2024-11-04 16_00_26 -0800_20241107_194150.csv 
2024-11-07 19:41:58.9634 [ERROR] Error processing files from FTP/SFTP Renci.SshNet.Common.SftpPathNotFoundException: /remote/payroll
   at Renci.SshNet.Sftp.SftpSession.RequestOpenDir(String path, Boolean nullOnError)
   at Renci.SshNet.SftpClient.InternalListDirectory(String path, SftpListDirectoryAsyncResult asyncResult, Action`1 listCallback)
   at ProcessFiles_Demo.Client.SftpFileTransferClient.ListFilesAsync(String path) in D:\Emergere\ConnorsLLC\ConnorsLLC_Project\ProcessFiles_Demo\Client\FtpFileTransferClient.cs:line 105
   at Program.FetchAndProcessFilesAsync(IFileTransferClient fileTransferClient, String processor_type, String processedFolder, String reprocessingFolder, String outputFolder, String decryptedFolderOutput, JObject clientSettings) in D:\Emergere\ConnorsLLC\ConnorsLLC_Project\ProcessFiles_Demo\Program.cs:line 97
2024-11-07 19:41:58.9894 [INFO] ERROR: /remote/payroll 
2024-11-07 19:41:58.9894 [INFO] Application Completed Successfully 
2024-11-07 20:52:04.3015 [DEBUG] Application Starting 
2024-11-07 20:52:24.8046 [INFO] Downloaded file: EmployeeEntity-2024-294-2024-328.csv.gz to D:\Emergere\ConnorsLLC\ConnorsLLC_Project\ProcessFiles_Demo\bin\Debug\net6.0\Payroll/Mapping\EmployeeEntity-2024-294-2024-328.csv.gz 
2024-11-07 20:52:25.6023 [INFO] File has been decompressed to: D:\Emergere\ConnorsLLC\ConnorsLLC_Project\ProcessFiles_Demo\bin\Debug\net6.0\Payroll/Mapping\EmployeeEntity-2024-294-2024-328.csv 
2024-11-07 20:52:25.6023 [INFO] Deleted the .gz file: D:\Emergere\ConnorsLLC\ConnorsLLC_Project\ProcessFiles_Demo\bin\Debug\net6.0\Payroll/Mapping\EmployeeEntity-2024-294-2024-328.csv.gz 
2024-11-07 20:52:27.8889 [INFO] Start processing Payroll CSV: D:\Emergere\ConnorsLLC\ConnorsLLC_Project\ProcessFiles_Demo\bin\Debug\net6.0\Payroll/ReprocessFiles\Payfile_2024-10-20-2024-11-02_2024-11-04 16_00_26 -0800.csv at 11/7/2024 8:52:27 PM 
2024-11-07 20:52:38.3866 [INFO] Start processing Payroll CSV: D:\Emergere\ConnorsLLC\ConnorsLLC_Project\ProcessFiles_Demo\bin\Debug\net6.0\Payroll/ReprocessFiles\Payfile_2024-10-20-2024-11-02_2024-11-04 16_00_26 -0800.csv at 11/7/2024 8:52:38 PM 
2024-11-07 20:52:48.7345 [INFO] Start processing Payroll CSV: D:\Emergere\ConnorsLLC\ConnorsLLC_Project\ProcessFiles_Demo\bin\Debug\net6.0\Payroll/ReprocessFiles\Payfile_2024-10-20-2024-11-02_2024-11-04 16_00_26 -0800.csv at 11/7/2024 8:52:48 PM 
2024-11-07 20:52:59.0624 [INFO] Start processing Payroll CSV: D:\Emergere\ConnorsLLC\ConnorsLLC_Project\ProcessFiles_Demo\bin\Debug\net6.0\Payroll/ReprocessFiles\Payfile_2024-10-20-2024-11-02_2024-11-04 16_00_26 -0800.csv at 11/7/2024 8:52:59 PM 
2024-11-07 20:52:59.5947 [ERROR] Failed to reprocess D:\Emergere\ConnorsLLC\ConnorsLLC_Project\ProcessFiles_Demo\bin\Debug\net6.0\Payroll/FailedFiles\Payfile_2024-10-20-2024-11-02_2024-11-04 16_00_26 -0800_20241107_205259.csv System.FormatException: String '10/13/2024 12:00:00 AM' was not recognized as a valid DateTime.
   at System.DateTime.ParseExact(String s, String format, IFormatProvider provider)
   at ProcessFiles_Demo.FileProcessing.PayrollFileProcessor.ParseDate(String dateStr) in D:\Emergere\ConnorsLLC\ConnorsLLC_Project\ProcessFiles_Demo\FileProcessing\PayrollProcessor.cs:line 446
   at ProcessFiles_Demo.FileProcessing.PayrollFileProcessor.ProcessPayrollLineAsync(PayrollRecord record) in D:\Emergere\ConnorsLLC\ConnorsLLC_Project\ProcessFiles_Demo\FileProcessing\PayrollProcessor.cs:line 681
   at ProcessFiles_Demo.FileProcessing.PayrollFileProcessor.ProcessAsync(String filePath, String destinationPath) in D:\Emergere\ConnorsLLC\ConnorsLLC_Project\ProcessFiles_Demo\FileProcessing\PayrollProcessor.cs:line 420
   at ProcessFiles_Demo.Commands.ProcessFileCommand.ExecuteAsync() in D:\Emergere\ConnorsLLC\ConnorsLLC_Project\ProcessFiles_Demo\Commands\ProcessFileCommand.cs:line 31
   at Polly.AsyncPolicy.<>c__DisplayClass40_0.<<ImplementationAsync>b__0>d.MoveNext()
--- End of stack trace from previous location ---
   at Polly.Retry.AsyncRetryEngine.ImplementationAsync[TResult](Func`3 action, Context context, CancellationToken cancellationToken, ExceptionPredicates shouldRetryExceptionPredicates, ResultPredicates`1 shouldRetryResultPredicates, Func`5 onRetryAsync, Int32 permittedRetryCount, IEnumerable`1 sleepDurationsEnumerable, Func`4 sleepDurationProvider, Boolean continueOnCapturedContext)
   at Polly.AsyncPolicy.ExecuteAsync(Func`3 action, Context context, CancellationToken cancellationToken, Boolean continueOnCapturedContext)
   at ProcessFiles_Demo.Helpers.RetryHelper.RetryAsync(Func`1 action, Int32 maxRetryAttempts) in D:\Emergere\ConnorsLLC\ConnorsLLC_Project\ProcessFiles_Demo\Helpers\RetryHelper.cs:line 24
   at Program.ProcessReprocessingFilesAsync(IFileTransferClient fileTransferClient, String processor_type, String reprocessingFolder, String processedFolder, String failedFolder, String outputFolder, String decryptedFolderOutput, JObject clientSettings) in D:\Emergere\ConnorsLLC\ConnorsLLC_Project\ProcessFiles_Demo\Program.cs:line 196
2024-11-07 20:52:59.7195 [INFO] ERROR: String '10/13/2024 12:00:00 AM' was not recognized as a valid DateTime. - moved to FailedFiles. 
2024-11-07 20:53:08.8296 [ERROR] Error processing files from FTP/SFTP Renci.SshNet.Common.SftpPathNotFoundException: /remote/payroll
   at Renci.SshNet.Sftp.SftpSession.RequestOpenDir(String path, Boolean nullOnError)
   at Renci.SshNet.SftpClient.InternalListDirectory(String path, SftpListDirectoryAsyncResult asyncResult, Action`1 listCallback)
   at ProcessFiles_Demo.Client.SftpFileTransferClient.ListFilesAsync(String path) in D:\Emergere\ConnorsLLC\ConnorsLLC_Project\ProcessFiles_Demo\Client\FtpFileTransferClient.cs:line 105
   at Program.FetchAndProcessFilesAsync(IFileTransferClient fileTransferClient, String processor_type, String processedFolder, String reprocessingFolder, String outputFolder, String decryptedFolderOutput, JObject clientSettings) in D:\Emergere\ConnorsLLC\ConnorsLLC_Project\ProcessFiles_Demo\Program.cs:line 97
2024-11-07 20:53:08.8296 [INFO] ERROR: /remote/payroll 
2024-11-07 20:53:08.8296 [INFO] Application Completed Successfully 
2024-11-07 21:12:37.8590 [DEBUG] Application Starting 
2024-11-07 21:12:56.8331 [INFO] Downloaded file: EmployeeEntity-2024-294-2024-328.csv.gz to D:\Emergere\ConnorsLLC\ConnorsLLC_Project\ProcessFiles_Demo\bin\Debug\net6.0\Payroll/Mapping\EmployeeEntity-2024-294-2024-328.csv.gz 
2024-11-07 21:12:57.6117 [INFO] File has been decompressed to: D:\Emergere\ConnorsLLC\ConnorsLLC_Project\ProcessFiles_Demo\bin\Debug\net6.0\Payroll/Mapping\EmployeeEntity-2024-294-2024-328.csv 
2024-11-07 21:12:57.6117 [INFO] Deleted the .gz file: D:\Emergere\ConnorsLLC\ConnorsLLC_Project\ProcessFiles_Demo\bin\Debug\net6.0\Payroll/Mapping\EmployeeEntity-2024-294-2024-328.csv.gz 
2024-11-07 21:12:59.8857 [INFO] Start processing Payroll CSV: D:\Emergere\ConnorsLLC\ConnorsLLC_Project\ProcessFiles_Demo\bin\Debug\net6.0\Payroll/ReprocessFiles\Payfile_2024-10-20-2024-11-02_2024-11-04 16_00_26 -0800.csv at 11/7/2024 9:12:59 PM 
2024-11-07 21:13:00.0176 [INFO] Finished processing Payroll CSV: D:\Emergere\ConnorsLLC\ConnorsLLC_Project\ProcessFiles_Demo\bin\Debug\net6.0\Payroll/ReprocessFiles\Payfile_2024-10-20-2024-11-02_2024-11-04 16_00_26 -0800.csv at 11/7/2024 9:13:00 PM 
2024-11-07 21:13:00.0176 [INFO] Time taken to process file: 0.1330197 seconds. 
2024-11-07 21:13:00.0188 [INFO] D:\Emergere\ConnorsLLC\ConnorsLLC_Project\ProcessFiles_Demo\bin\Debug\net6.0\Payroll/ReprocessFiles\Payfile_2024-10-20-2024-11-02_2024-11-04 16_00_26 -0800.csv 
2024-11-07 21:13:00.0188 [INFO] D:\Emergere\ConnorsLLC\ConnorsLLC_Project\ProcessFiles_Demo\bin\Debug\net6.0\Payroll/ProcessedFiles\Payfile_2024-10-20-2024-11-02_2024-11-04 16_00_26 -0800_20241107_211300.csv 
2024-11-07 21:13:10.8067 [ERROR] Error processing files from FTP/SFTP Renci.SshNet.Common.SftpPathNotFoundException: /remote/payroll
   at Renci.SshNet.Sftp.SftpSession.RequestOpenDir(String path, Boolean nullOnError)
   at Renci.SshNet.SftpClient.InternalListDirectory(String path, SftpListDirectoryAsyncResult asyncResult, Action`1 listCallback)
   at ProcessFiles_Demo.Client.SftpFileTransferClient.ListFilesAsync(String path) in D:\Emergere\ConnorsLLC\ConnorsLLC_Project\ProcessFiles_Demo\Client\FtpFileTransferClient.cs:line 105
   at Program.FetchAndProcessFilesAsync(IFileTransferClient fileTransferClient, String processor_type, String processedFolder, String reprocessingFolder, String outputFolder, String decryptedFolderOutput, JObject clientSettings) in D:\Emergere\ConnorsLLC\ConnorsLLC_Project\ProcessFiles_Demo\Program.cs:line 97
2024-11-07 21:13:10.9489 [INFO] ERROR: /remote/payroll 
2024-11-07 21:13:10.9489 [INFO] Application Completed Successfully 
2024-11-07 22:17:32.0445 [DEBUG] Application Starting 
2024-11-07 22:17:45.3972 [INFO] Downloaded file: EmployeeEntity-2024-294-2024-328.csv.gz to D:\Emergere\ConnorsLLC\ConnorsLLC_Project\ProcessFiles_Demo\bin\Debug\net6.0\Payroll/Mapping\EmployeeEntity-2024-294-2024-328.csv.gz 
2024-11-07 22:17:46.1734 [INFO] File has been decompressed to: D:\Emergere\ConnorsLLC\ConnorsLLC_Project\ProcessFiles_Demo\bin\Debug\net6.0\Payroll/Mapping\EmployeeEntity-2024-294-2024-328.csv 
2024-11-07 22:17:46.1821 [INFO] Deleted the .gz file: D:\Emergere\ConnorsLLC\ConnorsLLC_Project\ProcessFiles_Demo\bin\Debug\net6.0\Payroll/Mapping\EmployeeEntity-2024-294-2024-328.csv.gz 
2024-11-07 22:17:49.3799 [INFO] Start processing Payroll CSV: D:\Emergere\ConnorsLLC\ConnorsLLC_Project\ProcessFiles_Demo\bin\Debug\net6.0\Payroll/ReprocessFiles\Payfile_2024-10-20-2024-11-02_2024-11-04 16_00_26 -0800.csv at 11/7/2024 10:17:49 PM 
2024-11-07 22:17:49.5185 [INFO] Finished processing Payroll CSV: D:\Emergere\ConnorsLLC\ConnorsLLC_Project\ProcessFiles_Demo\bin\Debug\net6.0\Payroll/ReprocessFiles\Payfile_2024-10-20-2024-11-02_2024-11-04 16_00_26 -0800.csv at 11/7/2024 10:17:49 PM 
2024-11-07 22:17:49.5185 [INFO] Time taken to process file: 0.140214 seconds. 
2024-11-07 22:17:49.5185 [INFO] D:\Emergere\ConnorsLLC\ConnorsLLC_Project\ProcessFiles_Demo\bin\Debug\net6.0\Payroll/ReprocessFiles\Payfile_2024-10-20-2024-11-02_2024-11-04 16_00_26 -0800.csv 
2024-11-07 22:17:49.5304 [INFO] D:\Emergere\ConnorsLLC\ConnorsLLC_Project\ProcessFiles_Demo\bin\Debug\net6.0\Payroll/ProcessedFiles\Payfile_2024-10-20-2024-11-02_2024-11-04 16_00_26 -0800_20241107_221749.csv 
2024-11-07 22:17:58.7122 [ERROR] Error processing files from FTP/SFTP Renci.SshNet.Common.SftpPathNotFoundException: /remote/payroll
   at Renci.SshNet.Sftp.SftpSession.RequestOpenDir(String path, Boolean nullOnError)
   at Renci.SshNet.SftpClient.InternalListDirectory(String path, SftpListDirectoryAsyncResult asyncResult, Action`1 listCallback)
   at ProcessFiles_Demo.Client.SftpFileTransferClient.ListFilesAsync(String path) in D:\Emergere\ConnorsLLC\ConnorsLLC_Project\ProcessFiles_Demo\Client\FtpFileTransferClient.cs:line 105
   at Program.FetchAndProcessFilesAsync(IFileTransferClient fileTransferClient, String processor_type, String processedFolder, String reprocessingFolder, String outputFolder, String decryptedFolderOutput, JObject clientSettings) in D:\Emergere\ConnorsLLC\ConnorsLLC_Project\ProcessFiles_Demo\Program.cs:line 97
2024-11-07 22:17:58.8795 [INFO] ERROR: /remote/payroll 
2024-11-07 22:17:58.8795 [INFO] Application Completed Successfully 
2024-11-07 22:21:14.2440 [DEBUG] Application Starting 
2024-11-07 22:21:30.1879 [INFO] Downloaded file: EmployeeEntity-2024-294-2024-328.csv.gz to D:\Emergere\ConnorsLLC\ConnorsLLC_Project\ProcessFiles_Demo\bin\Debug\net6.0\Payroll/Mapping\EmployeeEntity-2024-294-2024-328.csv.gz 
2024-11-07 22:21:31.0018 [INFO] File has been decompressed to: D:\Emergere\ConnorsLLC\ConnorsLLC_Project\ProcessFiles_Demo\bin\Debug\net6.0\Payroll/Mapping\EmployeeEntity-2024-294-2024-328.csv 
2024-11-07 22:21:31.0018 [INFO] Deleted the .gz file: D:\Emergere\ConnorsLLC\ConnorsLLC_Project\ProcessFiles_Demo\bin\Debug\net6.0\Payroll/Mapping\EmployeeEntity-2024-294-2024-328.csv.gz 
2024-11-07 22:21:33.7368 [INFO] Start processing Payroll CSV: D:\Emergere\ConnorsLLC\ConnorsLLC_Project\ProcessFiles_Demo\bin\Debug\net6.0\Payroll/ReprocessFiles\Payfile_2024-10-20-2024-11-02_2024-11-04 16_00_26 -0800.csv at 11/7/2024 10:21:33 PM 
2024-11-07 22:21:33.8411 [INFO] Finished processing Payroll CSV: D:\Emergere\ConnorsLLC\ConnorsLLC_Project\ProcessFiles_Demo\bin\Debug\net6.0\Payroll/ReprocessFiles\Payfile_2024-10-20-2024-11-02_2024-11-04 16_00_26 -0800.csv at 11/7/2024 10:21:33 PM 
2024-11-07 22:21:33.8411 [INFO] Time taken to process file: 0.1054032 seconds. 
2024-11-07 22:21:33.8411 [INFO] D:\Emergere\ConnorsLLC\ConnorsLLC_Project\ProcessFiles_Demo\bin\Debug\net6.0\Payroll/ReprocessFiles\Payfile_2024-10-20-2024-11-02_2024-11-04 16_00_26 -0800.csv 
2024-11-07 22:21:33.8534 [INFO] D:\Emergere\ConnorsLLC\ConnorsLLC_Project\ProcessFiles_Demo\bin\Debug\net6.0\Payroll/ProcessedFiles\Payfile_2024-10-20-2024-11-02_2024-11-04 16_00_26 -0800_20241107_222133.csv 
2024-11-07 22:21:42.7538 [ERROR] Error processing files from FTP/SFTP Renci.SshNet.Common.SftpPathNotFoundException: /remote/payroll
   at Renci.SshNet.Sftp.SftpSession.RequestOpenDir(String path, Boolean nullOnError)
   at Renci.SshNet.SftpClient.InternalListDirectory(String path, SftpListDirectoryAsyncResult asyncResult, Action`1 listCallback)
   at ProcessFiles_Demo.Client.SftpFileTransferClient.ListFilesAsync(String path) in D:\Emergere\ConnorsLLC\ConnorsLLC_Project\ProcessFiles_Demo\Client\FtpFileTransferClient.cs:line 105
   at Program.FetchAndProcessFilesAsync(IFileTransferClient fileTransferClient, String processor_type, String processedFolder, String reprocessingFolder, String outputFolder, String decryptedFolderOutput, JObject clientSettings) in D:\Emergere\ConnorsLLC\ConnorsLLC_Project\ProcessFiles_Demo\Program.cs:line 97
2024-11-07 22:21:42.8729 [INFO] ERROR: /remote/payroll 
2024-11-07 22:21:42.8729 [INFO] Application Completed Successfully 
2024-11-07 22:26:18.8666 [DEBUG] Application Starting 
2024-11-07 22:26:35.4089 [INFO] Downloaded file: EmployeeEntity-2024-294-2024-328.csv.gz to D:\Emergere\ConnorsLLC\ConnorsLLC_Project\ProcessFiles_Demo\bin\Debug\net6.0\Payroll/Mapping\EmployeeEntity-2024-294-2024-328.csv.gz 
2024-11-07 22:26:36.0776 [INFO] File has been decompressed to: D:\Emergere\ConnorsLLC\ConnorsLLC_Project\ProcessFiles_Demo\bin\Debug\net6.0\Payroll/Mapping\EmployeeEntity-2024-294-2024-328.csv 
2024-11-07 22:26:36.0776 [INFO] Deleted the .gz file: D:\Emergere\ConnorsLLC\ConnorsLLC_Project\ProcessFiles_Demo\bin\Debug\net6.0\Payroll/Mapping\EmployeeEntity-2024-294-2024-328.csv.gz 
2024-11-07 22:26:38.0838 [INFO] Start processing Payroll CSV: D:\Emergere\ConnorsLLC\ConnorsLLC_Project\ProcessFiles_Demo\bin\Debug\net6.0\Payroll/ReprocessFiles\Payfile_2024-10-20-2024-11-02_2024-11-04 16_00_26 -0800.csv at 11/7/2024 10:26:38 PM 
2024-11-07 22:26:38.1926 [INFO] Finished processing Payroll CSV: D:\Emergere\ConnorsLLC\ConnorsLLC_Project\ProcessFiles_Demo\bin\Debug\net6.0\Payroll/ReprocessFiles\Payfile_2024-10-20-2024-11-02_2024-11-04 16_00_26 -0800.csv at 11/7/2024 10:26:38 PM 
2024-11-07 22:26:38.1931 [INFO] Time taken to process file: 0.1095622 seconds. 
2024-11-07 22:26:38.1931 [INFO] D:\Emergere\ConnorsLLC\ConnorsLLC_Project\ProcessFiles_Demo\bin\Debug\net6.0\Payroll/ReprocessFiles\Payfile_2024-10-20-2024-11-02_2024-11-04 16_00_26 -0800.csv 
2024-11-07 22:26:38.1931 [INFO] D:\Emergere\ConnorsLLC\ConnorsLLC_Project\ProcessFiles_Demo\bin\Debug\net6.0\Payroll/ProcessedFiles\Payfile_2024-10-20-2024-11-02_2024-11-04 16_00_26 -0800_20241107_222638.csv 
2024-11-07 22:26:48.9697 [ERROR] Error processing files from FTP/SFTP Renci.SshNet.Common.SftpPathNotFoundException: /remote/payroll
   at Renci.SshNet.Sftp.SftpSession.RequestOpenDir(String path, Boolean nullOnError)
   at Renci.SshNet.SftpClient.InternalListDirectory(String path, SftpListDirectoryAsyncResult asyncResult, Action`1 listCallback)
   at ProcessFiles_Demo.Client.SftpFileTransferClient.ListFilesAsync(String path) in D:\Emergere\ConnorsLLC\ConnorsLLC_Project\ProcessFiles_Demo\Client\FtpFileTransferClient.cs:line 105
   at Program.FetchAndProcessFilesAsync(IFileTransferClient fileTransferClient, String processor_type, String processedFolder, String reprocessingFolder, String outputFolder, String decryptedFolderOutput, JObject clientSettings) in D:\Emergere\ConnorsLLC\ConnorsLLC_Project\ProcessFiles_Demo\Program.cs:line 97
2024-11-07 22:26:49.0518 [INFO] ERROR: /remote/payroll 
2024-11-07 22:26:49.0518 [INFO] Application Completed Successfully 
2024-11-07 22:33:40.6562 [DEBUG] Application Starting 
2024-11-07 22:33:57.4366 [INFO] Downloaded file: EmployeeEntity-2024-294-2024-328.csv.gz to D:\Emergere\ConnorsLLC\ConnorsLLC_Project\ProcessFiles_Demo\bin\Debug\net6.0\Payroll/Mapping\EmployeeEntity-2024-294-2024-328.csv.gz 
2024-11-07 22:33:58.2936 [INFO] File has been decompressed to: D:\Emergere\ConnorsLLC\ConnorsLLC_Project\ProcessFiles_Demo\bin\Debug\net6.0\Payroll/Mapping\EmployeeEntity-2024-294-2024-328.csv 
2024-11-07 22:33:58.2936 [INFO] Deleted the .gz file: D:\Emergere\ConnorsLLC\ConnorsLLC_Project\ProcessFiles_Demo\bin\Debug\net6.0\Payroll/Mapping\EmployeeEntity-2024-294-2024-328.csv.gz 
2024-11-07 22:34:00.0815 [INFO] Start processing Payroll CSV: D:\Emergere\ConnorsLLC\ConnorsLLC_Project\ProcessFiles_Demo\bin\Debug\net6.0\Payroll/ReprocessFiles\Payfile_2024-10-20-2024-11-02_2024-11-04 16_00_26 -0800.csv at 11/7/2024 10:34:00 PM 
2024-11-07 22:34:00.1888 [INFO] Finished processing Payroll CSV: D:\Emergere\ConnorsLLC\ConnorsLLC_Project\ProcessFiles_Demo\bin\Debug\net6.0\Payroll/ReprocessFiles\Payfile_2024-10-20-2024-11-02_2024-11-04 16_00_26 -0800.csv at 11/7/2024 10:34:00 PM 
2024-11-07 22:34:00.1888 [INFO] Time taken to process file: 0.108411 seconds. 
2024-11-07 22:34:00.1888 [INFO] D:\Emergere\ConnorsLLC\ConnorsLLC_Project\ProcessFiles_Demo\bin\Debug\net6.0\Payroll/ReprocessFiles\Payfile_2024-10-20-2024-11-02_2024-11-04 16_00_26 -0800.csv 
2024-11-07 22:34:00.2021 [INFO] D:\Emergere\ConnorsLLC\ConnorsLLC_Project\ProcessFiles_Demo\bin\Debug\net6.0\Payroll/ProcessedFiles\Payfile_2024-10-20-2024-11-02_2024-11-04 16_00_26 -0800_20241107_223400.csv 
2024-11-07 22:34:13.7677 [ERROR] Error processing files from FTP/SFTP Renci.SshNet.Common.SftpPathNotFoundException: /remote/payroll
   at Renci.SshNet.Sftp.SftpSession.RequestOpenDir(String path, Boolean nullOnError)
   at Renci.SshNet.SftpClient.InternalListDirectory(String path, SftpListDirectoryAsyncResult asyncResult, Action`1 listCallback)
   at ProcessFiles_Demo.Client.SftpFileTransferClient.ListFilesAsync(String path) in D:\Emergere\ConnorsLLC\ConnorsLLC_Project\ProcessFiles_Demo\Client\FtpFileTransferClient.cs:line 105
   at Program.FetchAndProcessFilesAsync(IFileTransferClient fileTransferClient, String processor_type, String processedFolder, String reprocessingFolder, String outputFolder, String decryptedFolderOutput, JObject clientSettings) in D:\Emergere\ConnorsLLC\ConnorsLLC_Project\ProcessFiles_Demo\Program.cs:line 97
2024-11-07 22:34:13.9133 [INFO] ERROR: /remote/payroll 
2024-11-07 22:34:13.9133 [INFO] Application Completed Successfully 
2024-11-07 22:36:49.7866 [DEBUG] Application Starting 
2024-11-07 22:37:02.4882 [INFO] Downloaded file: EmployeeEntity-2024-294-2024-328.csv.gz to D:\Emergere\ConnorsLLC\ConnorsLLC_Project\ProcessFiles_Demo\bin\Debug\net6.0\Payroll/Mapping\EmployeeEntity-2024-294-2024-328.csv.gz 
2024-11-07 22:37:03.1770 [INFO] File has been decompressed to: D:\Emergere\ConnorsLLC\ConnorsLLC_Project\ProcessFiles_Demo\bin\Debug\net6.0\Payroll/Mapping\EmployeeEntity-2024-294-2024-328.csv 
2024-11-07 22:37:03.1770 [INFO] Deleted the .gz file: D:\Emergere\ConnorsLLC\ConnorsLLC_Project\ProcessFiles_Demo\bin\Debug\net6.0\Payroll/Mapping\EmployeeEntity-2024-294-2024-328.csv.gz 
2024-11-07 22:37:04.9571 [INFO] Start processing Payroll CSV: D:\Emergere\ConnorsLLC\ConnorsLLC_Project\ProcessFiles_Demo\bin\Debug\net6.0\Payroll/ReprocessFiles\Payfile_2024-10-20-2024-11-02_2024-11-04 16_00_26 -0800.csv at 11/7/2024 10:37:04 PM 
2024-11-07 22:37:05.0574 [INFO] Finished processing Payroll CSV: D:\Emergere\ConnorsLLC\ConnorsLLC_Project\ProcessFiles_Demo\bin\Debug\net6.0\Payroll/ReprocessFiles\Payfile_2024-10-20-2024-11-02_2024-11-04 16_00_26 -0800.csv at 11/7/2024 10:37:05 PM 
2024-11-07 22:37:05.0574 [INFO] Time taken to process file: 0.1012997 seconds. 
2024-11-07 22:37:05.0574 [INFO] D:\Emergere\ConnorsLLC\ConnorsLLC_Project\ProcessFiles_Demo\bin\Debug\net6.0\Payroll/ReprocessFiles\Payfile_2024-10-20-2024-11-02_2024-11-04 16_00_26 -0800.csv 
2024-11-07 22:37:05.0574 [INFO] D:\Emergere\ConnorsLLC\ConnorsLLC_Project\ProcessFiles_Demo\bin\Debug\net6.0\Payroll/ProcessedFiles\Payfile_2024-10-20-2024-11-02_2024-11-04 16_00_26 -0800_20241107_223705.csv 
2024-11-07 22:37:14.0708 [ERROR] Error processing files from FTP/SFTP Renci.SshNet.Common.SftpPathNotFoundException: /remote/payroll
   at Renci.SshNet.Sftp.SftpSession.RequestOpenDir(String path, Boolean nullOnError)
   at Renci.SshNet.SftpClient.InternalListDirectory(String path, SftpListDirectoryAsyncResult asyncResult, Action`1 listCallback)
   at ProcessFiles_Demo.Client.SftpFileTransferClient.ListFilesAsync(String path) in D:\Emergere\ConnorsLLC\ConnorsLLC_Project\ProcessFiles_Demo\Client\FtpFileTransferClient.cs:line 105
   at Program.FetchAndProcessFilesAsync(IFileTransferClient fileTransferClient, String processor_type, String processedFolder, String reprocessingFolder, String outputFolder, String decryptedFolderOutput, JObject clientSettings) in D:\Emergere\ConnorsLLC\ConnorsLLC_Project\ProcessFiles_Demo\Program.cs:line 97
2024-11-07 22:37:14.1665 [INFO] ERROR: /remote/payroll 
2024-11-07 22:37:14.1665 [INFO] Application Completed Successfully 
