2024-12-24 12:33:05.2380 [DEBUG] Application Starting 
2024-12-24 12:56:37.3229 [DEBUG] Application Starting 
2024-12-24 12:56:51.9891 [INFO] Downloaded file: EmployeeEntity-2024-343-2025-11.csv.gz to D:\Emergere\ConnorsLLC\ConnorsLLC_Project\ProcessFiles_Demo\bin\Debug\net6.0\Payroll/Mapping\EmployeeEntity-2024-343-2025-11.csv.gz 
2024-12-24 12:56:52.6677 [INFO] File has been decompressed to: D:\Emergere\ConnorsLLC\ConnorsLLC_Project\ProcessFiles_Demo\bin\Debug\net6.0\Payroll/Mapping\EmployeeEntity-2024-343-2025-11.csv 
2024-12-24 12:56:52.6677 [INFO] Deleted the .gz file: D:\Emergere\ConnorsLLC\ConnorsLLC_Project\ProcessFiles_Demo\bin\Debug\net6.0\Payroll/Mapping\EmployeeEntity-2024-343-2025-11.csv.gz 
2024-12-24 12:56:53.6950 [INFO] Start processing Payroll CSV: D:\Emergere\ConnorsLLC\ConnorsLLC_Project\ProcessFiles_Demo\bin\Debug\net6.0\Payroll/ReprocessFiles\Payfile_FEL_2024-11-17-2024-11-30-2024_20241223_163502.csv at 12/24/2024 12:56:53 PM 
2024-12-24 13:08:04.6383 [INFO] Finished processing Payroll CSV: D:\Emergere\ConnorsLLC\ConnorsLLC_Project\ProcessFiles_Demo\bin\Debug\net6.0\Payroll/ReprocessFiles\Payfile_FEL_2024-11-17-2024-11-30-2024_20241223_163502.csv at 12/24/2024 1:08:04 PM 
2024-12-24 13:08:04.6383 [INFO] Time taken to process file: 670.9437915 seconds. 
2024-12-24 13:08:04.6383 [INFO] D:\Emergere\ConnorsLLC\ConnorsLLC_Project\ProcessFiles_Demo\bin\Debug\net6.0\Payroll/ReprocessFiles\Payfile_FEL_2024-11-17-2024-11-30-2024_20241223_163502.csv 
2024-12-24 13:08:04.6383 [INFO] D:\Emergere\ConnorsLLC\ConnorsLLC_Project\ProcessFiles_Demo\bin\Debug\net6.0\Payroll/ProcessedFiles\Payfile_FEL_2024-11-17-2024-11-30-2024_20241223_163502_20241224_130804.csv 
2024-12-24 13:08:13.7239 [INFO] Attempting to download file from: /home/fivebelow-uat/outbox/payroll/Payfile_FEL_2024-11-17-2024-11-30-2024.csv 
2024-12-24 13:08:17.3961 [INFO] Latest file downloaded: C:\Users\varadharaj\AppData\Local\Temp\Payfile_FEL_2024-11-17-2024-11-30-2024.csv 
2024-12-24 13:08:17.4828 [ERROR] Failed to process D:\Emergere\ConnorsLLC\ConnorsLLC_Project\ProcessFiles_Demo\bin\Debug\net6.0\Payroll/ReprocessFiles\Payfile_FEL_2024-11-17-2024-11-30-2024_20241224_130817.csv:  System.IO.FileNotFoundException: File not found at the specified location: path/to/privatekey.asc
   at DidiSoft.BC.BaseLib.ReadFileOrAsciiString(String inputFile, String variableName)
   at DidiSoft.Pgp.PGPLib.DecryptFile(String encryptedFile, String privateKeyFile, String privateKeyPassword, String outputFileName)
   at ProcessFiles_Demo.Decryption.Decrypt.DecryptFile(String inputFilePath, String outputFilePath, String privateKeyPath, String passPhrase) in D:\Emergere\ConnorsLLC\ConnorsLLC_Project\ProcessFiles_Demo\Decryption\Decrypt.cs:line 16
   at Program.FetchAndProcessFilesAsync(IFileTransferClient fileTransferClient, String processorType, String processedFolder, String reprocessingFolder, String outputFolder, String decryptedFolderOutput, JObject clientSettings, String fileNameStartsWith) in D:\Emergere\ConnorsLLC\ConnorsLLC_Project\ProcessFiles_Demo\Program.cs:line 121
2024-12-24 13:08:17.5462 [INFO] ERROR: File not found at the specified location: path/to/privatekey.asc - moved to ReprocessFiles. 
2024-12-24 13:08:17.5462 [ERROR] Exception occured inside the module FetchAndProcessFilesAsync System.IO.FileNotFoundException: File not found at the specified location: path/to/privatekey.asc
   at DidiSoft.BC.BaseLib.ReadFileOrAsciiString(String inputFile, String variableName)
   at DidiSoft.Pgp.PGPLib.DecryptFile(String encryptedFile, String privateKeyFile, String privateKeyPassword, String outputFileName)
   at ProcessFiles_Demo.Decryption.Decrypt.DecryptFile(String inputFilePath, String outputFilePath, String privateKeyPath, String passPhrase) in D:\Emergere\ConnorsLLC\ConnorsLLC_Project\ProcessFiles_Demo\Decryption\Decrypt.cs:line 16
   at Program.FetchAndProcessFilesAsync(IFileTransferClient fileTransferClient, String processorType, String processedFolder, String reprocessingFolder, String outputFolder, String decryptedFolderOutput, JObject clientSettings, String fileNameStartsWith) in D:\Emergere\ConnorsLLC\ConnorsLLC_Project\ProcessFiles_Demo\Program.cs:line 121
2024-12-24 13:08:17.5462 [INFO] Application Completed Successfully 
2024-12-24 13:43:49.2392 [DEBUG] Application Starting 
2024-12-24 13:44:19.0496 [INFO] Downloaded file: EmployeeEntity-2024-343-2025-11.csv.gz to D:\Emergere\ConnorsLLC\ConnorsLLC_Project\ProcessFiles_Demo\bin\Debug\net6.0\Payroll/Mapping\EmployeeEntity-2024-343-2025-11.csv.gz 
2024-12-24 13:44:19.7263 [INFO] File has been decompressed to: D:\Emergere\ConnorsLLC\ConnorsLLC_Project\ProcessFiles_Demo\bin\Debug\net6.0\Payroll/Mapping\EmployeeEntity-2024-343-2025-11.csv 
2024-12-24 13:44:19.7263 [INFO] Deleted the .gz file: D:\Emergere\ConnorsLLC\ConnorsLLC_Project\ProcessFiles_Demo\bin\Debug\net6.0\Payroll/Mapping\EmployeeEntity-2024-343-2025-11.csv.gz 
2024-12-24 13:46:35.8689 [DEBUG] Application Starting 
2024-12-24 13:46:52.8166 [INFO] Downloaded file: EmployeeEntity-2024-343-2025-11.csv.gz to D:\Emergere\ConnorsLLC\ConnorsLLC_Project\ProcessFiles_Demo\bin\Debug\net6.0\Payroll/Mapping\EmployeeEntity-2024-343-2025-11.csv.gz 
2024-12-24 13:46:53.4564 [INFO] File has been decompressed to: D:\Emergere\ConnorsLLC\ConnorsLLC_Project\ProcessFiles_Demo\bin\Debug\net6.0\Payroll/Mapping\EmployeeEntity-2024-343-2025-11.csv 
2024-12-24 13:46:53.4564 [INFO] Deleted the .gz file: D:\Emergere\ConnorsLLC\ConnorsLLC_Project\ProcessFiles_Demo\bin\Debug\net6.0\Payroll/Mapping\EmployeeEntity-2024-343-2025-11.csv.gz 
2024-12-24 13:47:19.0608 [INFO] Start processing Payroll CSV: D:\Emergere\ConnorsLLC\ConnorsLLC_Project\ProcessFiles_Demo\bin\Debug\net6.0\Payroll/ReprocessFiles\Payfile_FEL_2024-11-17-2024-11-30-2024_20241224_130817.csv at 12/24/2024 1:47:19 PM 
2024-12-24 13:47:22.8559 [INFO] Finished processing Payroll CSV: D:\Emergere\ConnorsLLC\ConnorsLLC_Project\ProcessFiles_Demo\bin\Debug\net6.0\Payroll/ReprocessFiles\Payfile_FEL_2024-11-17-2024-11-30-2024_20241224_130817.csv at 12/24/2024 1:47:22 PM 
2024-12-24 13:47:22.8559 [INFO] Time taken to process file: 3.7962048 seconds. 
2024-12-24 13:47:22.8559 [INFO] D:\Emergere\ConnorsLLC\ConnorsLLC_Project\ProcessFiles_Demo\bin\Debug\net6.0\Payroll/ReprocessFiles\Payfile_FEL_2024-11-17-2024-11-30-2024_20241224_130817.csv 
2024-12-24 13:47:22.8559 [INFO] D:\Emergere\ConnorsLLC\ConnorsLLC_Project\ProcessFiles_Demo\bin\Debug\net6.0\Payroll/ProcessedFiles\Payfile_FEL_2024-11-17-2024-11-30-2024_20241224_130817_20241224_134722.csv 
2024-12-24 13:47:40.3242 [INFO] Attempting to download file from: /home/fivebelow-uat/outbox/payroll/Payfile_FEL_2024-11-17-2024-11-30-2024.csv 
2024-12-24 13:47:44.7903 [INFO] Latest file downloaded: C:\Users\varadharaj\AppData\Local\Temp\Payfile_FEL_2024-11-17-2024-11-30-2024.csv 
2024-12-24 13:47:45.0551 [ERROR] Failed to process D:\Emergere\ConnorsLLC\ConnorsLLC_Project\ProcessFiles_Demo\bin\Debug\net6.0\Payroll/ReprocessFiles\Payfile_FEL_2024-11-17-2024-11-30-2024_20241224_134745.csv:  System.IO.FileNotFoundException: File not found at the specified location: path/to/privatekey.asc
   at DidiSoft.BC.BaseLib.ReadFileOrAsciiString(String inputFile, String variableName)
   at DidiSoft.Pgp.PGPLib.DecryptFile(String encryptedFile, String privateKeyFile, String privateKeyPassword, String outputFileName)
   at ProcessFiles_Demo.Decryption.Decrypt.DecryptFile(String inputFilePath, String outputFilePath, String privateKeyPath, String passPhrase) in D:\Emergere\ConnorsLLC\ConnorsLLC_Project\ProcessFiles_Demo\Decryption\Decrypt.cs:line 16
   at Program.FetchAndProcessFilesAsync(IFileTransferClient fileTransferClient, String processorType, String processedFolder, String reprocessingFolder, String outputFolder, String decryptedFolderOutput, JObject clientSettings, String fileNameStartsWith) in D:\Emergere\ConnorsLLC\ConnorsLLC_Project\ProcessFiles_Demo\Program.cs:line 121
2024-12-24 13:47:45.2086 [INFO] ERROR: File not found at the specified location: path/to/privatekey.asc - moved to ReprocessFiles. 
2024-12-24 13:47:45.2086 [ERROR] Exception occured inside the module FetchAndProcessFilesAsync System.IO.FileNotFoundException: File not found at the specified location: path/to/privatekey.asc
   at DidiSoft.BC.BaseLib.ReadFileOrAsciiString(String inputFile, String variableName)
   at DidiSoft.Pgp.PGPLib.DecryptFile(String encryptedFile, String privateKeyFile, String privateKeyPassword, String outputFileName)
   at ProcessFiles_Demo.Decryption.Decrypt.DecryptFile(String inputFilePath, String outputFilePath, String privateKeyPath, String passPhrase) in D:\Emergere\ConnorsLLC\ConnorsLLC_Project\ProcessFiles_Demo\Decryption\Decrypt.cs:line 16
   at Program.FetchAndProcessFilesAsync(IFileTransferClient fileTransferClient, String processorType, String processedFolder, String reprocessingFolder, String outputFolder, String decryptedFolderOutput, JObject clientSettings, String fileNameStartsWith) in D:\Emergere\ConnorsLLC\ConnorsLLC_Project\ProcessFiles_Demo\Program.cs:line 121
2024-12-24 13:47:45.2086 [INFO] Application Completed Successfully 
2024-12-24 15:05:38.5305 [DEBUG] Application Starting 
2024-12-24 15:05:57.9450 [INFO] Downloaded file: EmployeeEntity-2024-343-2025-11.csv.gz to D:\Emergere\ConnorsLLC\ConnorsLLC_Project\ProcessFiles_Demo\bin\Debug\net6.0\Payroll/Mapping\EmployeeEntity-2024-343-2025-11.csv.gz 
2024-12-24 15:05:58.5782 [INFO] File has been decompressed to: D:\Emergere\ConnorsLLC\ConnorsLLC_Project\ProcessFiles_Demo\bin\Debug\net6.0\Payroll/Mapping\EmployeeEntity-2024-343-2025-11.csv 
2024-12-24 15:05:58.5782 [INFO] Deleted the .gz file: D:\Emergere\ConnorsLLC\ConnorsLLC_Project\ProcessFiles_Demo\bin\Debug\net6.0\Payroll/Mapping\EmployeeEntity-2024-343-2025-11.csv.gz 
2024-12-24 15:05:59.5390 [INFO] Start processing Payroll CSV: D:\Emergere\ConnorsLLC\ConnorsLLC_Project\ProcessFiles_Demo\bin\Debug\net6.0\Payroll/ReprocessFiles\Payfile_FEL_2024-11-17-2024-11-30-2024_20241224_134745.csv at 12/24/2024 3:05:59 PM 
2024-12-24 15:06:20.2715 [INFO] Finished processing Payroll CSV: D:\Emergere\ConnorsLLC\ConnorsLLC_Project\ProcessFiles_Demo\bin\Debug\net6.0\Payroll/ReprocessFiles\Payfile_FEL_2024-11-17-2024-11-30-2024_20241224_134745.csv at 12/24/2024 3:06:20 PM 
2024-12-24 15:06:20.2715 [INFO] Time taken to process file: 20.7330817 seconds. 
2024-12-24 15:06:20.2715 [INFO] D:\Emergere\ConnorsLLC\ConnorsLLC_Project\ProcessFiles_Demo\bin\Debug\net6.0\Payroll/ReprocessFiles\Payfile_FEL_2024-11-17-2024-11-30-2024_20241224_134745.csv 
2024-12-24 15:06:20.2800 [INFO] D:\Emergere\ConnorsLLC\ConnorsLLC_Project\ProcessFiles_Demo\bin\Debug\net6.0\Payroll/ProcessedFiles\Payfile_FEL_2024-11-17-2024-11-30-2024_20241224_134745_20241224_150620.csv 
2024-12-24 15:06:29.6203 [INFO] Attempting to download file from: /home/fivebelow-uat/outbox/payroll/Payfile_FEL_2024-11-17-2024-11-30-2024.csv 
2024-12-24 15:06:34.6670 [INFO] Latest file downloaded: C:\Users\varadharaj\AppData\Local\Temp\Payfile_FEL_2024-11-17-2024-11-30-2024.csv 
2024-12-24 15:06:34.7475 [ERROR] Failed to process D:\Emergere\ConnorsLLC\ConnorsLLC_Project\ProcessFiles_Demo\bin\Debug\net6.0\Payroll/ReprocessFiles\Payfile_FEL_2024-11-17-2024-11-30-2024_20241224_150634.csv:  System.IO.FileNotFoundException: File not found at the specified location: path/to/privatekey.asc
   at DidiSoft.BC.BaseLib.ReadFileOrAsciiString(String inputFile, String variableName)
   at DidiSoft.Pgp.PGPLib.DecryptFile(String encryptedFile, String privateKeyFile, String privateKeyPassword, String outputFileName)
   at ProcessFiles_Demo.Decryption.Decrypt.DecryptFile(String inputFilePath, String outputFilePath, String privateKeyPath, String passPhrase) in D:\Emergere\ConnorsLLC\ConnorsLLC_Project\ProcessFiles_Demo\Decryption\Decrypt.cs:line 16
   at Program.FetchAndProcessFilesAsync(IFileTransferClient fileTransferClient, String processorType, String processedFolder, String reprocessingFolder, String outputFolder, String decryptedFolderOutput, JObject clientSettings, String fileNameStartsWith) in D:\Emergere\ConnorsLLC\ConnorsLLC_Project\ProcessFiles_Demo\Program.cs:line 121
2024-12-24 15:06:34.7922 [INFO] ERROR: File not found at the specified location: path/to/privatekey.asc - moved to ReprocessFiles. 
2024-12-24 15:06:34.7922 [ERROR] Exception occured inside the module FetchAndProcessFilesAsync System.IO.FileNotFoundException: File not found at the specified location: path/to/privatekey.asc
   at DidiSoft.BC.BaseLib.ReadFileOrAsciiString(String inputFile, String variableName)
   at DidiSoft.Pgp.PGPLib.DecryptFile(String encryptedFile, String privateKeyFile, String privateKeyPassword, String outputFileName)
   at ProcessFiles_Demo.Decryption.Decrypt.DecryptFile(String inputFilePath, String outputFilePath, String privateKeyPath, String passPhrase) in D:\Emergere\ConnorsLLC\ConnorsLLC_Project\ProcessFiles_Demo\Decryption\Decrypt.cs:line 16
   at Program.FetchAndProcessFilesAsync(IFileTransferClient fileTransferClient, String processorType, String processedFolder, String reprocessingFolder, String outputFolder, String decryptedFolderOutput, JObject clientSettings, String fileNameStartsWith) in D:\Emergere\ConnorsLLC\ConnorsLLC_Project\ProcessFiles_Demo\Program.cs:line 121
2024-12-24 15:06:34.7922 [INFO] Application Completed Successfully 
2024-12-24 15:09:01.7958 [DEBUG] Application Starting 
2024-12-24 15:09:16.7150 [INFO] Downloaded file: EmployeeEntity-2024-343-2025-11.csv.gz to D:\Emergere\ConnorsLLC\ConnorsLLC_Project\ProcessFiles_Demo\bin\Debug\net6.0\Payroll/Mapping\EmployeeEntity-2024-343-2025-11.csv.gz 
2024-12-24 15:09:17.4317 [INFO] File has been decompressed to: D:\Emergere\ConnorsLLC\ConnorsLLC_Project\ProcessFiles_Demo\bin\Debug\net6.0\Payroll/Mapping\EmployeeEntity-2024-343-2025-11.csv 
2024-12-24 15:09:17.4317 [INFO] Deleted the .gz file: D:\Emergere\ConnorsLLC\ConnorsLLC_Project\ProcessFiles_Demo\bin\Debug\net6.0\Payroll/Mapping\EmployeeEntity-2024-343-2025-11.csv.gz 
2024-12-24 15:09:19.1145 [INFO] Start processing Payroll CSV: D:\Emergere\ConnorsLLC\ConnorsLLC_Project\ProcessFiles_Demo\bin\Debug\net6.0\Payroll/ReprocessFiles\Payfile_FEL_2024-11-17-2024-11-30-2024_20241224_150634.csv at 12/24/2024 3:09:19 PM 
2024-12-24 15:09:19.3624 [INFO] Finished processing Payroll CSV: D:\Emergere\ConnorsLLC\ConnorsLLC_Project\ProcessFiles_Demo\bin\Debug\net6.0\Payroll/ReprocessFiles\Payfile_FEL_2024-11-17-2024-11-30-2024_20241224_150634.csv at 12/24/2024 3:09:19 PM 
2024-12-24 15:09:19.3624 [INFO] Time taken to process file: 0.2488021 seconds. 
2024-12-24 15:09:19.3624 [INFO] D:\Emergere\ConnorsLLC\ConnorsLLC_Project\ProcessFiles_Demo\bin\Debug\net6.0\Payroll/ReprocessFiles\Payfile_FEL_2024-11-17-2024-11-30-2024_20241224_150634.csv 
2024-12-24 15:09:19.3624 [INFO] D:\Emergere\ConnorsLLC\ConnorsLLC_Project\ProcessFiles_Demo\bin\Debug\net6.0\Payroll/ProcessedFiles\Payfile_FEL_2024-11-17-2024-11-30-2024_20241224_150634_20241224_150919.csv 
2024-12-24 15:09:28.8594 [INFO] Attempting to download file from: /home/fivebelow-uat/outbox/payroll/Payfile_FEL_2024-11-17-2024-11-30-2024.csv 
2024-12-24 15:09:33.7049 [INFO] Latest file downloaded: C:\Users\varadharaj\AppData\Local\Temp\Payfile_FEL_2024-11-17-2024-11-30-2024.csv 
2024-12-24 15:09:33.8196 [ERROR] Failed to process D:\Emergere\ConnorsLLC\ConnorsLLC_Project\ProcessFiles_Demo\bin\Debug\net6.0\Payroll/ReprocessFiles\Payfile_FEL_2024-11-17-2024-11-30-2024_20241224_150933.csv:  System.IO.FileNotFoundException: File not found at the specified location: path/to/privatekey.asc
   at DidiSoft.BC.BaseLib.ReadFileOrAsciiString(String inputFile, String variableName)
   at DidiSoft.Pgp.PGPLib.DecryptFile(String encryptedFile, String privateKeyFile, String privateKeyPassword, String outputFileName)
   at ProcessFiles_Demo.Decryption.Decrypt.DecryptFile(String inputFilePath, String outputFilePath, String privateKeyPath, String passPhrase) in D:\Emergere\ConnorsLLC\ConnorsLLC_Project\ProcessFiles_Demo\Decryption\Decrypt.cs:line 16
   at Program.FetchAndProcessFilesAsync(IFileTransferClient fileTransferClient, String processorType, String processedFolder, String reprocessingFolder, String outputFolder, String decryptedFolderOutput, JObject clientSettings, String fileNameStartsWith) in D:\Emergere\ConnorsLLC\ConnorsLLC_Project\ProcessFiles_Demo\Program.cs:line 121
2024-12-24 15:09:33.8784 [INFO] ERROR: File not found at the specified location: path/to/privatekey.asc - moved to ReprocessFiles. 
2024-12-24 15:09:33.8784 [ERROR] Exception occured inside the module FetchAndProcessFilesAsync System.IO.FileNotFoundException: File not found at the specified location: path/to/privatekey.asc
   at DidiSoft.BC.BaseLib.ReadFileOrAsciiString(String inputFile, String variableName)
   at DidiSoft.Pgp.PGPLib.DecryptFile(String encryptedFile, String privateKeyFile, String privateKeyPassword, String outputFileName)
   at ProcessFiles_Demo.Decryption.Decrypt.DecryptFile(String inputFilePath, String outputFilePath, String privateKeyPath, String passPhrase) in D:\Emergere\ConnorsLLC\ConnorsLLC_Project\ProcessFiles_Demo\Decryption\Decrypt.cs:line 16
   at Program.FetchAndProcessFilesAsync(IFileTransferClient fileTransferClient, String processorType, String processedFolder, String reprocessingFolder, String outputFolder, String decryptedFolderOutput, JObject clientSettings, String fileNameStartsWith) in D:\Emergere\ConnorsLLC\ConnorsLLC_Project\ProcessFiles_Demo\Program.cs:line 121
2024-12-24 15:09:33.8784 [INFO] Application Completed Successfully 
2024-12-24 15:10:18.7122 [DEBUG] Application Starting 
2024-12-24 15:10:35.9497 [INFO] Downloaded file: EmployeeEntity-2024-343-2025-11.csv.gz to D:\Emergere\ConnorsLLC\ConnorsLLC_Project\ProcessFiles_Demo\bin\Debug\net6.0\Payroll/Mapping\EmployeeEntity-2024-343-2025-11.csv.gz 
2024-12-24 15:10:36.5547 [INFO] File has been decompressed to: D:\Emergere\ConnorsLLC\ConnorsLLC_Project\ProcessFiles_Demo\bin\Debug\net6.0\Payroll/Mapping\EmployeeEntity-2024-343-2025-11.csv 
2024-12-24 15:10:36.5547 [INFO] Deleted the .gz file: D:\Emergere\ConnorsLLC\ConnorsLLC_Project\ProcessFiles_Demo\bin\Debug\net6.0\Payroll/Mapping\EmployeeEntity-2024-343-2025-11.csv.gz 
2024-12-24 15:10:39.0806 [INFO] Start processing Payroll CSV: D:\Emergere\ConnorsLLC\ConnorsLLC_Project\ProcessFiles_Demo\bin\Debug\net6.0\Payroll/ReprocessFiles\Payfile_FEL_2024-11-17-2024-11-30-2024_20241224_150933.csv at 12/24/2024 3:10:39 PM 
2024-12-24 15:10:41.9980 [INFO] Finished processing Payroll CSV: D:\Emergere\ConnorsLLC\ConnorsLLC_Project\ProcessFiles_Demo\bin\Debug\net6.0\Payroll/ReprocessFiles\Payfile_FEL_2024-11-17-2024-11-30-2024_20241224_150933.csv at 12/24/2024 3:10:41 PM 
2024-12-24 15:10:41.9980 [INFO] Time taken to process file: 2.9177751 seconds. 
2024-12-24 15:10:41.9980 [INFO] D:\Emergere\ConnorsLLC\ConnorsLLC_Project\ProcessFiles_Demo\bin\Debug\net6.0\Payroll/ReprocessFiles\Payfile_FEL_2024-11-17-2024-11-30-2024_20241224_150933.csv 
2024-12-24 15:10:41.9980 [INFO] D:\Emergere\ConnorsLLC\ConnorsLLC_Project\ProcessFiles_Demo\bin\Debug\net6.0\Payroll/ProcessedFiles\Payfile_FEL_2024-11-17-2024-11-30-2024_20241224_150933_20241224_151042.csv 
2024-12-24 15:10:52.8314 [INFO] Attempting to download file from: /home/fivebelow-uat/outbox/payroll/Payfile_FEL_2024-11-17-2024-11-30-2024.csv 
2024-12-24 15:10:57.7884 [INFO] Latest file downloaded: C:\Users\varadharaj\AppData\Local\Temp\Payfile_FEL_2024-11-17-2024-11-30-2024.csv 
2024-12-24 15:10:57.8997 [ERROR] Failed to process D:\Emergere\ConnorsLLC\ConnorsLLC_Project\ProcessFiles_Demo\bin\Debug\net6.0\Payroll/ReprocessFiles\Payfile_FEL_2024-11-17-2024-11-30-2024_20241224_151057.csv:  System.IO.FileNotFoundException: File not found at the specified location: path/to/privatekey.asc
   at DidiSoft.BC.BaseLib.ReadFileOrAsciiString(String inputFile, String variableName)
   at DidiSoft.Pgp.PGPLib.DecryptFile(String encryptedFile, String privateKeyFile, String privateKeyPassword, String outputFileName)
   at ProcessFiles_Demo.Decryption.Decrypt.DecryptFile(String inputFilePath, String outputFilePath, String privateKeyPath, String passPhrase) in D:\Emergere\ConnorsLLC\ConnorsLLC_Project\ProcessFiles_Demo\Decryption\Decrypt.cs:line 16
   at Program.FetchAndProcessFilesAsync(IFileTransferClient fileTransferClient, String processorType, String processedFolder, String reprocessingFolder, String outputFolder, String decryptedFolderOutput, JObject clientSettings, String fileNameStartsWith) in D:\Emergere\ConnorsLLC\ConnorsLLC_Project\ProcessFiles_Demo\Program.cs:line 121
2024-12-24 15:10:57.9537 [INFO] ERROR: File not found at the specified location: path/to/privatekey.asc - moved to ReprocessFiles. 
2024-12-24 15:10:57.9537 [ERROR] Exception occured inside the module FetchAndProcessFilesAsync System.IO.FileNotFoundException: File not found at the specified location: path/to/privatekey.asc
   at DidiSoft.BC.BaseLib.ReadFileOrAsciiString(String inputFile, String variableName)
   at DidiSoft.Pgp.PGPLib.DecryptFile(String encryptedFile, String privateKeyFile, String privateKeyPassword, String outputFileName)
   at ProcessFiles_Demo.Decryption.Decrypt.DecryptFile(String inputFilePath, String outputFilePath, String privateKeyPath, String passPhrase) in D:\Emergere\ConnorsLLC\ConnorsLLC_Project\ProcessFiles_Demo\Decryption\Decrypt.cs:line 16
   at Program.FetchAndProcessFilesAsync(IFileTransferClient fileTransferClient, String processorType, String processedFolder, String reprocessingFolder, String outputFolder, String decryptedFolderOutput, JObject clientSettings, String fileNameStartsWith) in D:\Emergere\ConnorsLLC\ConnorsLLC_Project\ProcessFiles_Demo\Program.cs:line 121
2024-12-24 15:10:57.9537 [INFO] Application Completed Successfully 
2024-12-24 15:15:46.7593 [DEBUG] Application Starting 
2024-12-24 15:16:06.1411 [INFO] Downloaded file: EmployeeEntity-2024-343-2025-11.csv.gz to D:\Emergere\ConnorsLLC\ConnorsLLC_Project\ProcessFiles_Demo\bin\Debug\net6.0\Payroll/Mapping\EmployeeEntity-2024-343-2025-11.csv.gz 
2024-12-24 15:16:06.7841 [INFO] File has been decompressed to: D:\Emergere\ConnorsLLC\ConnorsLLC_Project\ProcessFiles_Demo\bin\Debug\net6.0\Payroll/Mapping\EmployeeEntity-2024-343-2025-11.csv 
2024-12-24 15:16:06.7841 [INFO] Deleted the .gz file: D:\Emergere\ConnorsLLC\ConnorsLLC_Project\ProcessFiles_Demo\bin\Debug\net6.0\Payroll/Mapping\EmployeeEntity-2024-343-2025-11.csv.gz 
2024-12-24 15:16:12.8884 [INFO] Start processing Payroll CSV: D:\Emergere\ConnorsLLC\ConnorsLLC_Project\ProcessFiles_Demo\bin\Debug\net6.0\Payroll/ReprocessFiles\Payfile_FEL_2024-11-17-2024-11-30-2024_20241224_151057.csv at 12/24/2024 3:16:12 PM 
2024-12-24 15:16:15.8844 [INFO] Finished processing Payroll CSV: D:\Emergere\ConnorsLLC\ConnorsLLC_Project\ProcessFiles_Demo\bin\Debug\net6.0\Payroll/ReprocessFiles\Payfile_FEL_2024-11-17-2024-11-30-2024_20241224_151057.csv at 12/24/2024 3:16:15 PM 
2024-12-24 15:16:15.8844 [INFO] Time taken to process file: 2.9966585 seconds. 
2024-12-24 15:16:15.8844 [INFO] D:\Emergere\ConnorsLLC\ConnorsLLC_Project\ProcessFiles_Demo\bin\Debug\net6.0\Payroll/ReprocessFiles\Payfile_FEL_2024-11-17-2024-11-30-2024_20241224_151057.csv 
2024-12-24 15:16:15.8844 [INFO] D:\Emergere\ConnorsLLC\ConnorsLLC_Project\ProcessFiles_Demo\bin\Debug\net6.0\Payroll/ProcessedFiles\Payfile_FEL_2024-11-17-2024-11-30-2024_20241224_151057_20241224_151615.csv 
2024-12-24 15:16:26.1840 [INFO] Attempting to download file from: /home/fivebelow-uat/outbox/payroll/Payfile_FEL_2024-11-17-2024-11-30-2024.csv 
2024-12-24 15:16:30.9098 [INFO] Latest file downloaded: C:\Users\varadharaj\AppData\Local\Temp\Payfile_FEL_2024-11-17-2024-11-30-2024.csv 
2024-12-24 15:16:31.0105 [ERROR] Failed to process D:\Emergere\ConnorsLLC\ConnorsLLC_Project\ProcessFiles_Demo\bin\Debug\net6.0\Payroll/ReprocessFiles\Payfile_FEL_2024-11-17-2024-11-30-2024_20241224_151631.csv:  System.IO.FileNotFoundException: File not found at the specified location: path/to/privatekey.asc
   at DidiSoft.BC.BaseLib.ReadFileOrAsciiString(String inputFile, String variableName)
   at DidiSoft.Pgp.PGPLib.DecryptFile(String encryptedFile, String privateKeyFile, String privateKeyPassword, String outputFileName)
   at ProcessFiles_Demo.Decryption.Decrypt.DecryptFile(String inputFilePath, String outputFilePath, String privateKeyPath, String passPhrase) in D:\Emergere\ConnorsLLC\ConnorsLLC_Project\ProcessFiles_Demo\Decryption\Decrypt.cs:line 16
   at Program.FetchAndProcessFilesAsync(IFileTransferClient fileTransferClient, String processorType, String processedFolder, String reprocessingFolder, String outputFolder, String decryptedFolderOutput, JObject clientSettings, String fileNameStartsWith) in D:\Emergere\ConnorsLLC\ConnorsLLC_Project\ProcessFiles_Demo\Program.cs:line 121
2024-12-24 15:16:31.0669 [INFO] ERROR: File not found at the specified location: path/to/privatekey.asc - moved to ReprocessFiles. 
2024-12-24 15:16:31.0669 [ERROR] Exception occured inside the module FetchAndProcessFilesAsync System.IO.FileNotFoundException: File not found at the specified location: path/to/privatekey.asc
   at DidiSoft.BC.BaseLib.ReadFileOrAsciiString(String inputFile, String variableName)
   at DidiSoft.Pgp.PGPLib.DecryptFile(String encryptedFile, String privateKeyFile, String privateKeyPassword, String outputFileName)
   at ProcessFiles_Demo.Decryption.Decrypt.DecryptFile(String inputFilePath, String outputFilePath, String privateKeyPath, String passPhrase) in D:\Emergere\ConnorsLLC\ConnorsLLC_Project\ProcessFiles_Demo\Decryption\Decrypt.cs:line 16
   at Program.FetchAndProcessFilesAsync(IFileTransferClient fileTransferClient, String processorType, String processedFolder, String reprocessingFolder, String outputFolder, String decryptedFolderOutput, JObject clientSettings, String fileNameStartsWith) in D:\Emergere\ConnorsLLC\ConnorsLLC_Project\ProcessFiles_Demo\Program.cs:line 121
2024-12-24 15:16:31.0677 [INFO] Application Completed Successfully 
2024-12-24 15:21:21.9981 [DEBUG] Application Starting 
2024-12-24 15:21:40.5418 [INFO] Downloaded file: EmployeeEntity-2024-343-2025-11.csv.gz to D:\Emergere\ConnorsLLC\ConnorsLLC_Project\ProcessFiles_Demo\bin\Debug\net6.0\Payroll/Mapping\EmployeeEntity-2024-343-2025-11.csv.gz 
2024-12-24 15:21:41.1436 [INFO] File has been decompressed to: D:\Emergere\ConnorsLLC\ConnorsLLC_Project\ProcessFiles_Demo\bin\Debug\net6.0\Payroll/Mapping\EmployeeEntity-2024-343-2025-11.csv 
2024-12-24 15:21:41.1436 [INFO] Deleted the .gz file: D:\Emergere\ConnorsLLC\ConnorsLLC_Project\ProcessFiles_Demo\bin\Debug\net6.0\Payroll/Mapping\EmployeeEntity-2024-343-2025-11.csv.gz 
2024-12-24 15:21:44.6244 [INFO] Start processing Payroll CSV: D:\Emergere\ConnorsLLC\ConnorsLLC_Project\ProcessFiles_Demo\bin\Debug\net6.0\Payroll/ReprocessFiles\Payfile_FEL_2024-11-17-2024-11-30-2024_20241224_151631.csv at 12/24/2024 3:21:44 PM 
2024-12-24 15:21:48.9134 [INFO] Finished processing Payroll CSV: D:\Emergere\ConnorsLLC\ConnorsLLC_Project\ProcessFiles_Demo\bin\Debug\net6.0\Payroll/ReprocessFiles\Payfile_FEL_2024-11-17-2024-11-30-2024_20241224_151631.csv at 12/24/2024 3:21:48 PM 
2024-12-24 15:21:48.9134 [INFO] Time taken to process file: 4.2893344 seconds. 
2024-12-24 15:21:48.9134 [INFO] D:\Emergere\ConnorsLLC\ConnorsLLC_Project\ProcessFiles_Demo\bin\Debug\net6.0\Payroll/ReprocessFiles\Payfile_FEL_2024-11-17-2024-11-30-2024_20241224_151631.csv 
2024-12-24 15:21:48.9241 [INFO] D:\Emergere\ConnorsLLC\ConnorsLLC_Project\ProcessFiles_Demo\bin\Debug\net6.0\Payroll/ProcessedFiles\Payfile_FEL_2024-11-17-2024-11-30-2024_20241224_151631_20241224_152148.csv 
2024-12-24 15:21:58.1372 [INFO] Attempting to download file from: /home/fivebelow-uat/outbox/payroll/Payfile_FEL_2024-11-17-2024-11-30-2024.csv 
2024-12-24 15:22:02.3953 [INFO] Latest file downloaded: C:\Users\varadharaj\AppData\Local\Temp\Payfile_FEL_2024-11-17-2024-11-30-2024.csv 
2024-12-24 15:22:02.5080 [ERROR] Failed to process D:\Emergere\ConnorsLLC\ConnorsLLC_Project\ProcessFiles_Demo\bin\Debug\net6.0\Payroll/ReprocessFiles\Payfile_FEL_2024-11-17-2024-11-30-2024_20241224_152202.csv:  System.IO.FileNotFoundException: File not found at the specified location: path/to/privatekey.asc
   at DidiSoft.BC.BaseLib.ReadFileOrAsciiString(String inputFile, String variableName)
   at DidiSoft.Pgp.PGPLib.DecryptFile(String encryptedFile, String privateKeyFile, String privateKeyPassword, String outputFileName)
   at ProcessFiles_Demo.Decryption.Decrypt.DecryptFile(String inputFilePath, String outputFilePath, String privateKeyPath, String passPhrase) in D:\Emergere\ConnorsLLC\ConnorsLLC_Project\ProcessFiles_Demo\Decryption\Decrypt.cs:line 16
   at Program.FetchAndProcessFilesAsync(IFileTransferClient fileTransferClient, String processorType, String processedFolder, String reprocessingFolder, String outputFolder, String decryptedFolderOutput, JObject clientSettings, String fileNameStartsWith) in D:\Emergere\ConnorsLLC\ConnorsLLC_Project\ProcessFiles_Demo\Program.cs:line 121
2024-12-24 15:22:02.5612 [INFO] ERROR: File not found at the specified location: path/to/privatekey.asc - moved to ReprocessFiles. 
2024-12-24 15:22:02.5612 [ERROR] Exception occured inside the module FetchAndProcessFilesAsync System.IO.FileNotFoundException: File not found at the specified location: path/to/privatekey.asc
   at DidiSoft.BC.BaseLib.ReadFileOrAsciiString(String inputFile, String variableName)
   at DidiSoft.Pgp.PGPLib.DecryptFile(String encryptedFile, String privateKeyFile, String privateKeyPassword, String outputFileName)
   at ProcessFiles_Demo.Decryption.Decrypt.DecryptFile(String inputFilePath, String outputFilePath, String privateKeyPath, String passPhrase) in D:\Emergere\ConnorsLLC\ConnorsLLC_Project\ProcessFiles_Demo\Decryption\Decrypt.cs:line 16
   at Program.FetchAndProcessFilesAsync(IFileTransferClient fileTransferClient, String processorType, String processedFolder, String reprocessingFolder, String outputFolder, String decryptedFolderOutput, JObject clientSettings, String fileNameStartsWith) in D:\Emergere\ConnorsLLC\ConnorsLLC_Project\ProcessFiles_Demo\Program.cs:line 121
2024-12-24 15:22:02.5612 [INFO] Application Completed Successfully 
2024-12-24 15:25:37.6139 [DEBUG] Application Starting 
2024-12-24 15:25:51.2294 [INFO] Downloaded file: EmployeeEntity-2024-343-2025-11.csv.gz to D:\Emergere\ConnorsLLC\ConnorsLLC_Project\ProcessFiles_Demo\bin\Debug\net6.0\Payroll/Mapping\EmployeeEntity-2024-343-2025-11.csv.gz 
2024-12-24 15:25:51.8487 [INFO] File has been decompressed to: D:\Emergere\ConnorsLLC\ConnorsLLC_Project\ProcessFiles_Demo\bin\Debug\net6.0\Payroll/Mapping\EmployeeEntity-2024-343-2025-11.csv 
2024-12-24 15:25:51.8487 [INFO] Deleted the .gz file: D:\Emergere\ConnorsLLC\ConnorsLLC_Project\ProcessFiles_Demo\bin\Debug\net6.0\Payroll/Mapping\EmployeeEntity-2024-343-2025-11.csv.gz 
2024-12-24 15:25:55.0592 [INFO] Start processing Payroll CSV: D:\Emergere\ConnorsLLC\ConnorsLLC_Project\ProcessFiles_Demo\bin\Debug\net6.0\Payroll/ReprocessFiles\Payfile_FEL_2024-11-17-2024-11-30-2024_20241224_152202.csv at 12/24/2024 3:25:55 PM 
2024-12-24 15:25:56.5046 [INFO] Finished processing Payroll CSV: D:\Emergere\ConnorsLLC\ConnorsLLC_Project\ProcessFiles_Demo\bin\Debug\net6.0\Payroll/ReprocessFiles\Payfile_FEL_2024-11-17-2024-11-30-2024_20241224_152202.csv at 12/24/2024 3:25:56 PM 
2024-12-24 15:25:56.5046 [INFO] Time taken to process file: 1.4457731 seconds. 
2024-12-24 15:25:56.5046 [INFO] D:\Emergere\ConnorsLLC\ConnorsLLC_Project\ProcessFiles_Demo\bin\Debug\net6.0\Payroll/ReprocessFiles\Payfile_FEL_2024-11-17-2024-11-30-2024_20241224_152202.csv 
2024-12-24 15:25:56.5046 [INFO] D:\Emergere\ConnorsLLC\ConnorsLLC_Project\ProcessFiles_Demo\bin\Debug\net6.0\Payroll/ProcessedFiles\Payfile_FEL_2024-11-17-2024-11-30-2024_20241224_152202_20241224_152556.csv 
2024-12-24 15:26:05.5164 [INFO] Attempting to download file from: /home/fivebelow-uat/outbox/payroll/Payfile_FEL_2024-11-17-2024-11-30-2024.csv 
2024-12-24 15:26:10.3708 [INFO] Latest file downloaded: C:\Users\varadharaj\AppData\Local\Temp\Payfile_FEL_2024-11-17-2024-11-30-2024.csv 
2024-12-24 15:26:10.4828 [ERROR] Failed to process D:\Emergere\ConnorsLLC\ConnorsLLC_Project\ProcessFiles_Demo\bin\Debug\net6.0\Payroll/ReprocessFiles\Payfile_FEL_2024-11-17-2024-11-30-2024_20241224_152610.csv:  System.IO.FileNotFoundException: File not found at the specified location: path/to/privatekey.asc
   at DidiSoft.BC.BaseLib.ReadFileOrAsciiString(String inputFile, String variableName)
   at DidiSoft.Pgp.PGPLib.DecryptFile(String encryptedFile, String privateKeyFile, String privateKeyPassword, String outputFileName)
   at ProcessFiles_Demo.Decryption.Decrypt.DecryptFile(String inputFilePath, String outputFilePath, String privateKeyPath, String passPhrase) in D:\Emergere\ConnorsLLC\ConnorsLLC_Project\ProcessFiles_Demo\Decryption\Decrypt.cs:line 16
   at Program.FetchAndProcessFilesAsync(IFileTransferClient fileTransferClient, String processorType, String processedFolder, String reprocessingFolder, String outputFolder, String decryptedFolderOutput, JObject clientSettings, String fileNameStartsWith) in D:\Emergere\ConnorsLLC\ConnorsLLC_Project\ProcessFiles_Demo\Program.cs:line 121
2024-12-24 15:26:10.5377 [INFO] ERROR: File not found at the specified location: path/to/privatekey.asc - moved to ReprocessFiles. 
2024-12-24 15:26:10.5377 [ERROR] Exception occured inside the module FetchAndProcessFilesAsync System.IO.FileNotFoundException: File not found at the specified location: path/to/privatekey.asc
   at DidiSoft.BC.BaseLib.ReadFileOrAsciiString(String inputFile, String variableName)
   at DidiSoft.Pgp.PGPLib.DecryptFile(String encryptedFile, String privateKeyFile, String privateKeyPassword, String outputFileName)
   at ProcessFiles_Demo.Decryption.Decrypt.DecryptFile(String inputFilePath, String outputFilePath, String privateKeyPath, String passPhrase) in D:\Emergere\ConnorsLLC\ConnorsLLC_Project\ProcessFiles_Demo\Decryption\Decrypt.cs:line 16
   at Program.FetchAndProcessFilesAsync(IFileTransferClient fileTransferClient, String processorType, String processedFolder, String reprocessingFolder, String outputFolder, String decryptedFolderOutput, JObject clientSettings, String fileNameStartsWith) in D:\Emergere\ConnorsLLC\ConnorsLLC_Project\ProcessFiles_Demo\Program.cs:line 121
2024-12-24 15:26:10.5377 [INFO] Application Completed Successfully 
2024-12-24 15:27:16.1870 [DEBUG] Application Starting 
2024-12-24 15:27:31.8339 [INFO] Downloaded file: EmployeeEntity-2024-343-2025-11.csv.gz to D:\Emergere\ConnorsLLC\ConnorsLLC_Project\ProcessFiles_Demo\bin\Debug\net6.0\Payroll/Mapping\EmployeeEntity-2024-343-2025-11.csv.gz 
2024-12-24 15:27:32.8976 [INFO] File has been decompressed to: D:\Emergere\ConnorsLLC\ConnorsLLC_Project\ProcessFiles_Demo\bin\Debug\net6.0\Payroll/Mapping\EmployeeEntity-2024-343-2025-11.csv 
2024-12-24 15:27:32.8976 [INFO] Deleted the .gz file: D:\Emergere\ConnorsLLC\ConnorsLLC_Project\ProcessFiles_Demo\bin\Debug\net6.0\Payroll/Mapping\EmployeeEntity-2024-343-2025-11.csv.gz 
2024-12-24 15:28:04.1167 [INFO] Start processing Payroll CSV: D:\Emergere\ConnorsLLC\ConnorsLLC_Project\ProcessFiles_Demo\bin\Debug\net6.0\Payroll/ReprocessFiles\Payfile_FEL_2024-11-17-2024-11-30-2024_20241224_152610.csv at 12/24/2024 3:28:04 PM 
2024-12-24 15:28:05.9672 [INFO] Finished processing Payroll CSV: D:\Emergere\ConnorsLLC\ConnorsLLC_Project\ProcessFiles_Demo\bin\Debug\net6.0\Payroll/ReprocessFiles\Payfile_FEL_2024-11-17-2024-11-30-2024_20241224_152610.csv at 12/24/2024 3:28:05 PM 
2024-12-24 15:28:05.9672 [INFO] Time taken to process file: 1.8512591 seconds. 
2024-12-24 15:28:05.9672 [INFO] D:\Emergere\ConnorsLLC\ConnorsLLC_Project\ProcessFiles_Demo\bin\Debug\net6.0\Payroll/ReprocessFiles\Payfile_FEL_2024-11-17-2024-11-30-2024_20241224_152610.csv 
2024-12-24 15:28:05.9672 [INFO] D:\Emergere\ConnorsLLC\ConnorsLLC_Project\ProcessFiles_Demo\bin\Debug\net6.0\Payroll/ProcessedFiles\Payfile_FEL_2024-11-17-2024-11-30-2024_20241224_152610_20241224_152805.csv 
2024-12-24 15:28:14.9302 [INFO] Attempting to download file from: /home/fivebelow-uat/outbox/payroll/Payfile_FEL_2024-11-17-2024-11-30-2024.csv 
2024-12-24 15:28:19.6685 [INFO] Latest file downloaded: C:\Users\varadharaj\AppData\Local\Temp\Payfile_FEL_2024-11-17-2024-11-30-2024.csv 
2024-12-24 15:28:19.7734 [ERROR] Failed to process D:\Emergere\ConnorsLLC\ConnorsLLC_Project\ProcessFiles_Demo\bin\Debug\net6.0\Payroll/ReprocessFiles\Payfile_FEL_2024-11-17-2024-11-30-2024_20241224_152819.csv:  System.IO.FileNotFoundException: File not found at the specified location: path/to/privatekey.asc
   at DidiSoft.BC.BaseLib.ReadFileOrAsciiString(String inputFile, String variableName)
   at DidiSoft.Pgp.PGPLib.DecryptFile(String encryptedFile, String privateKeyFile, String privateKeyPassword, String outputFileName)
   at ProcessFiles_Demo.Decryption.Decrypt.DecryptFile(String inputFilePath, String outputFilePath, String privateKeyPath, String passPhrase) in D:\Emergere\ConnorsLLC\ConnorsLLC_Project\ProcessFiles_Demo\Decryption\Decrypt.cs:line 16
   at Program.FetchAndProcessFilesAsync(IFileTransferClient fileTransferClient, String processorType, String processedFolder, String reprocessingFolder, String outputFolder, String decryptedFolderOutput, JObject clientSettings, String fileNameStartsWith) in D:\Emergere\ConnorsLLC\ConnorsLLC_Project\ProcessFiles_Demo\Program.cs:line 121
2024-12-24 15:28:19.8279 [INFO] ERROR: File not found at the specified location: path/to/privatekey.asc - moved to ReprocessFiles. 
2024-12-24 15:28:19.8279 [ERROR] Exception occured inside the module FetchAndProcessFilesAsync System.IO.FileNotFoundException: File not found at the specified location: path/to/privatekey.asc
   at DidiSoft.BC.BaseLib.ReadFileOrAsciiString(String inputFile, String variableName)
   at DidiSoft.Pgp.PGPLib.DecryptFile(String encryptedFile, String privateKeyFile, String privateKeyPassword, String outputFileName)
   at ProcessFiles_Demo.Decryption.Decrypt.DecryptFile(String inputFilePath, String outputFilePath, String privateKeyPath, String passPhrase) in D:\Emergere\ConnorsLLC\ConnorsLLC_Project\ProcessFiles_Demo\Decryption\Decrypt.cs:line 16
   at Program.FetchAndProcessFilesAsync(IFileTransferClient fileTransferClient, String processorType, String processedFolder, String reprocessingFolder, String outputFolder, String decryptedFolderOutput, JObject clientSettings, String fileNameStartsWith) in D:\Emergere\ConnorsLLC\ConnorsLLC_Project\ProcessFiles_Demo\Program.cs:line 121
2024-12-24 15:28:19.8279 [INFO] Application Completed Successfully 
2024-12-24 16:04:44.8157 [DEBUG] Application Starting 
2024-12-24 16:05:05.8838 [INFO] Downloaded file: EmployeeEntity-2024-343-2025-11.csv.gz to D:\Emergere\ConnorsLLC\ConnorsLLC_Project\ProcessFiles_Demo\bin\Debug\net6.0\Payroll/Mapping\EmployeeEntity-2024-343-2025-11.csv.gz 
2024-12-24 16:05:06.5772 [INFO] File has been decompressed to: D:\Emergere\ConnorsLLC\ConnorsLLC_Project\ProcessFiles_Demo\bin\Debug\net6.0\Payroll/Mapping\EmployeeEntity-2024-343-2025-11.csv 
2024-12-24 16:05:06.5772 [INFO] Deleted the .gz file: D:\Emergere\ConnorsLLC\ConnorsLLC_Project\ProcessFiles_Demo\bin\Debug\net6.0\Payroll/Mapping\EmployeeEntity-2024-343-2025-11.csv.gz 
2024-12-24 16:05:11.7983 [INFO] Start processing Payroll CSV: D:\Emergere\ConnorsLLC\ConnorsLLC_Project\ProcessFiles_Demo\bin\Debug\net6.0\Payroll/ReprocessFiles\Payfile_FEL_2024-11-17-2024-11-30-2024_20241224_152819.csv at 12/24/2024 4:05:11 PM 
2024-12-24 16:05:13.2149 [INFO] Finished processing Payroll CSV: D:\Emergere\ConnorsLLC\ConnorsLLC_Project\ProcessFiles_Demo\bin\Debug\net6.0\Payroll/ReprocessFiles\Payfile_FEL_2024-11-17-2024-11-30-2024_20241224_152819.csv at 12/24/2024 4:05:13 PM 
2024-12-24 16:05:13.2149 [INFO] Time taken to process file: 1.4170201 seconds. 
2024-12-24 16:05:13.2149 [INFO] D:\Emergere\ConnorsLLC\ConnorsLLC_Project\ProcessFiles_Demo\bin\Debug\net6.0\Payroll/ReprocessFiles\Payfile_FEL_2024-11-17-2024-11-30-2024_20241224_152819.csv 
2024-12-24 16:05:13.2149 [INFO] D:\Emergere\ConnorsLLC\ConnorsLLC_Project\ProcessFiles_Demo\bin\Debug\net6.0\Payroll/ProcessedFiles\Payfile_FEL_2024-11-17-2024-11-30-2024_20241224_152819_20241224_160513.csv 
2024-12-24 16:05:21.7909 [INFO] Attempting to download file from: /home/fivebelow-uat/outbox/payroll/Payfile_FEL_2024-11-17-2024-11-30-2024.csv 
2024-12-24 16:05:28.3136 [INFO] Latest file downloaded: C:\Users\varadharaj\AppData\Local\Temp\Payfile_FEL_2024-11-17-2024-11-30-2024.csv 
2024-12-24 16:05:28.3873 [ERROR] Failed to process D:\Emergere\ConnorsLLC\ConnorsLLC_Project\ProcessFiles_Demo\bin\Debug\net6.0\Payroll/ReprocessFiles\Payfile_FEL_2024-11-17-2024-11-30-2024_20241224_160528.csv:  System.IO.FileNotFoundException: File not found at the specified location: path/to/privatekey.asc
   at DidiSoft.BC.BaseLib.ReadFileOrAsciiString(String inputFile, String variableName)
   at DidiSoft.Pgp.PGPLib.DecryptFile(String encryptedFile, String privateKeyFile, String privateKeyPassword, String outputFileName)
   at ProcessFiles_Demo.Decryption.Decrypt.DecryptFile(String inputFilePath, String outputFilePath, String privateKeyPath, String passPhrase) in D:\Emergere\ConnorsLLC\ConnorsLLC_Project\ProcessFiles_Demo\Decryption\Decrypt.cs:line 16
   at Program.FetchAndProcessFilesAsync(IFileTransferClient fileTransferClient, String processorType, String processedFolder, String reprocessingFolder, String outputFolder, String decryptedFolderOutput, JObject clientSettings, String fileNameStartsWith) in D:\Emergere\ConnorsLLC\ConnorsLLC_Project\ProcessFiles_Demo\Program.cs:line 121
2024-12-24 16:05:28.4362 [INFO] ERROR: File not found at the specified location: path/to/privatekey.asc - moved to ReprocessFiles. 
2024-12-24 16:05:28.4362 [ERROR] Exception occured inside the module FetchAndProcessFilesAsync System.IO.FileNotFoundException: File not found at the specified location: path/to/privatekey.asc
   at DidiSoft.BC.BaseLib.ReadFileOrAsciiString(String inputFile, String variableName)
   at DidiSoft.Pgp.PGPLib.DecryptFile(String encryptedFile, String privateKeyFile, String privateKeyPassword, String outputFileName)
   at ProcessFiles_Demo.Decryption.Decrypt.DecryptFile(String inputFilePath, String outputFilePath, String privateKeyPath, String passPhrase) in D:\Emergere\ConnorsLLC\ConnorsLLC_Project\ProcessFiles_Demo\Decryption\Decrypt.cs:line 16
   at Program.FetchAndProcessFilesAsync(IFileTransferClient fileTransferClient, String processorType, String processedFolder, String reprocessingFolder, String outputFolder, String decryptedFolderOutput, JObject clientSettings, String fileNameStartsWith) in D:\Emergere\ConnorsLLC\ConnorsLLC_Project\ProcessFiles_Demo\Program.cs:line 121
2024-12-24 16:05:28.4362 [INFO] Application Completed Successfully 
2024-12-24 16:13:22.0869 [DEBUG] Application Starting 
2024-12-24 16:13:36.3857 [INFO] Downloaded file: EmployeeEntity-2024-343-2025-11.csv.gz to D:\Emergere\ConnorsLLC\ConnorsLLC_Project\ProcessFiles_Demo\bin\Debug\net6.0\Payroll/Mapping\EmployeeEntity-2024-343-2025-11.csv.gz 
2024-12-24 16:13:37.0924 [INFO] File has been decompressed to: D:\Emergere\ConnorsLLC\ConnorsLLC_Project\ProcessFiles_Demo\bin\Debug\net6.0\Payroll/Mapping\EmployeeEntity-2024-343-2025-11.csv 
2024-12-24 16:13:37.0924 [INFO] Deleted the .gz file: D:\Emergere\ConnorsLLC\ConnorsLLC_Project\ProcessFiles_Demo\bin\Debug\net6.0\Payroll/Mapping\EmployeeEntity-2024-343-2025-11.csv.gz 
2024-12-24 16:13:41.9101 [INFO] Start processing Payroll CSV: D:\Emergere\ConnorsLLC\ConnorsLLC_Project\ProcessFiles_Demo\bin\Debug\net6.0\Payroll/ReprocessFiles\Payfile_FEL_2024-11-17-2024-11-30-2024_20241224_160528.csv at 12/24/2024 4:13:41 PM 
2024-12-24 16:13:48.3309 [INFO] Finished processing Payroll CSV: D:\Emergere\ConnorsLLC\ConnorsLLC_Project\ProcessFiles_Demo\bin\Debug\net6.0\Payroll/ReprocessFiles\Payfile_FEL_2024-11-17-2024-11-30-2024_20241224_160528.csv at 12/24/2024 4:13:48 PM 
2024-12-24 16:13:48.3312 [INFO] Time taken to process file: 6.4213014 seconds. 
2024-12-24 16:13:48.3312 [INFO] D:\Emergere\ConnorsLLC\ConnorsLLC_Project\ProcessFiles_Demo\bin\Debug\net6.0\Payroll/ReprocessFiles\Payfile_FEL_2024-11-17-2024-11-30-2024_20241224_160528.csv 
2024-12-24 16:13:48.3312 [INFO] D:\Emergere\ConnorsLLC\ConnorsLLC_Project\ProcessFiles_Demo\bin\Debug\net6.0\Payroll/ProcessedFiles\Payfile_FEL_2024-11-17-2024-11-30-2024_20241224_160528_20241224_161348.csv 
2024-12-24 16:13:57.4377 [INFO] Attempting to download file from: /home/fivebelow-uat/outbox/payroll/Payfile_FEL_2024-11-17-2024-11-30-2024.csv 
2024-12-24 16:14:02.1609 [INFO] Latest file downloaded: C:\Users\varadharaj\AppData\Local\Temp\Payfile_FEL_2024-11-17-2024-11-30-2024.csv 
2024-12-24 16:14:02.2627 [ERROR] Failed to process D:\Emergere\ConnorsLLC\ConnorsLLC_Project\ProcessFiles_Demo\bin\Debug\net6.0\Payroll/ReprocessFiles\Payfile_FEL_2024-11-17-2024-11-30-2024_20241224_161402.csv:  System.IO.FileNotFoundException: File not found at the specified location: path/to/privatekey.asc
   at DidiSoft.BC.BaseLib.ReadFileOrAsciiString(String inputFile, String variableName)
   at DidiSoft.Pgp.PGPLib.DecryptFile(String encryptedFile, String privateKeyFile, String privateKeyPassword, String outputFileName)
   at ProcessFiles_Demo.Decryption.Decrypt.DecryptFile(String inputFilePath, String outputFilePath, String privateKeyPath, String passPhrase) in D:\Emergere\ConnorsLLC\ConnorsLLC_Project\ProcessFiles_Demo\Decryption\Decrypt.cs:line 16
   at Program.FetchAndProcessFilesAsync(IFileTransferClient fileTransferClient, String processorType, String processedFolder, String reprocessingFolder, String outputFolder, String decryptedFolderOutput, JObject clientSettings, String fileNameStartsWith) in D:\Emergere\ConnorsLLC\ConnorsLLC_Project\ProcessFiles_Demo\Program.cs:line 121
2024-12-24 16:14:02.3243 [INFO] ERROR: File not found at the specified location: path/to/privatekey.asc - moved to ReprocessFiles. 
2024-12-24 16:14:02.3243 [ERROR] Exception occured inside the module FetchAndProcessFilesAsync System.IO.FileNotFoundException: File not found at the specified location: path/to/privatekey.asc
   at DidiSoft.BC.BaseLib.ReadFileOrAsciiString(String inputFile, String variableName)
   at DidiSoft.Pgp.PGPLib.DecryptFile(String encryptedFile, String privateKeyFile, String privateKeyPassword, String outputFileName)
   at ProcessFiles_Demo.Decryption.Decrypt.DecryptFile(String inputFilePath, String outputFilePath, String privateKeyPath, String passPhrase) in D:\Emergere\ConnorsLLC\ConnorsLLC_Project\ProcessFiles_Demo\Decryption\Decrypt.cs:line 16
   at Program.FetchAndProcessFilesAsync(IFileTransferClient fileTransferClient, String processorType, String processedFolder, String reprocessingFolder, String outputFolder, String decryptedFolderOutput, JObject clientSettings, String fileNameStartsWith) in D:\Emergere\ConnorsLLC\ConnorsLLC_Project\ProcessFiles_Demo\Program.cs:line 121
2024-12-24 16:14:02.3243 [INFO] Application Completed Successfully 
2024-12-24 18:54:51.7626 [DEBUG] Application Starting 
2024-12-24 18:55:35.3230 [INFO] Downloaded file: EmployeeEntity-2024-343-2025-11.csv.gz to D:\Emergere\ConnorsLLC\ConnorsLLC_Project\ProcessFiles_Demo\bin\Debug\net6.0\Payroll/Mapping\EmployeeEntity-2024-343-2025-11.csv.gz 
2024-12-24 18:55:36.0538 [INFO] File has been decompressed to: D:\Emergere\ConnorsLLC\ConnorsLLC_Project\ProcessFiles_Demo\bin\Debug\net6.0\Payroll/Mapping\EmployeeEntity-2024-343-2025-11.csv 
2024-12-24 18:55:36.0602 [INFO] Deleted the .gz file: D:\Emergere\ConnorsLLC\ConnorsLLC_Project\ProcessFiles_Demo\bin\Debug\net6.0\Payroll/Mapping\EmployeeEntity-2024-343-2025-11.csv.gz 
2024-12-24 18:56:10.8339 [INFO] Start processing Payroll CSV: D:\Emergere\ConnorsLLC\ConnorsLLC_Project\ProcessFiles_Demo\bin\Debug\net6.0\Payroll/ReprocessFiles\Payfile_2024-10-20-2024-11-02_2024-11-04_20241205_133817.csv at 12/24/2024 6:56:10 PM 
2024-12-24 18:56:11.0230 [INFO] Finished processing Payroll CSV: D:\Emergere\ConnorsLLC\ConnorsLLC_Project\ProcessFiles_Demo\bin\Debug\net6.0\Payroll/ReprocessFiles\Payfile_2024-10-20-2024-11-02_2024-11-04_20241205_133817.csv at 12/24/2024 6:56:11 PM 
2024-12-24 18:56:11.0230 [INFO] Time taken to process file: 0.1909084 seconds. 
2024-12-24 18:56:11.0230 [INFO] D:\Emergere\ConnorsLLC\ConnorsLLC_Project\ProcessFiles_Demo\bin\Debug\net6.0\Payroll/ReprocessFiles\Payfile_2024-10-20-2024-11-02_2024-11-04_20241205_133817.csv 
2024-12-24 18:56:16.0963 [INFO] D:\Emergere\ConnorsLLC\ConnorsLLC_Project\ProcessFiles_Demo\bin\Debug\net6.0\Payroll/ProcessedFiles\Payfile_2024-10-20-2024-11-02_2024-11-04_20241205_133817_20241224_185616.csv 
2024-12-24 18:56:26.9357 [INFO] Attempting to download file from: /home/fivebelow-uat/outbox/payroll/Payfile_FEL_2024-11-17-2024-11-30-2024.csv 
2024-12-24 18:56:32.0565 [INFO] Latest file downloaded: C:\Users\varadharaj\AppData\Local\Temp\Payfile_FEL_2024-11-17-2024-11-30-2024.csv 
2024-12-24 18:56:32.3020 [ERROR] Failed to process D:\Emergere\ConnorsLLC\ConnorsLLC_Project\ProcessFiles_Demo\bin\Debug\net6.0\Payroll/ReprocessFiles\Payfile_FEL_2024-11-17-2024-11-30-2024_20241224_185632.csv:  System.IO.FileNotFoundException: File not found at the specified location: path/to/privatekey.asc
   at DidiSoft.BC.BaseLib.ReadFileOrAsciiString(String inputFile, String variableName)
   at DidiSoft.Pgp.PGPLib.DecryptFile(String encryptedFile, String privateKeyFile, String privateKeyPassword, String outputFileName)
   at ProcessFiles_Demo.Decryption.Decrypt.DecryptFile(String inputFilePath, String outputFilePath, String privateKeyPath, String passPhrase) in D:\Emergere\ConnorsLLC\ConnorsLLC_Project\ProcessFiles_Demo\Decryption\Decrypt.cs:line 16
   at Program.FetchAndProcessFilesAsync(IFileTransferClient fileTransferClient, String processorType, String processedFolder, String reprocessingFolder, String outputFolder, String decryptedFolderOutput, JObject clientSettings, String fileNameStartsWith) in D:\Emergere\ConnorsLLC\ConnorsLLC_Project\ProcessFiles_Demo\Program.cs:line 121
2024-12-24 18:56:32.4046 [INFO] ERROR: File not found at the specified location: path/to/privatekey.asc - moved to ReprocessFiles. 
2024-12-24 18:56:32.4046 [ERROR] Exception occured inside the module FetchAndProcessFilesAsync System.IO.FileNotFoundException: File not found at the specified location: path/to/privatekey.asc
   at DidiSoft.BC.BaseLib.ReadFileOrAsciiString(String inputFile, String variableName)
   at DidiSoft.Pgp.PGPLib.DecryptFile(String encryptedFile, String privateKeyFile, String privateKeyPassword, String outputFileName)
   at ProcessFiles_Demo.Decryption.Decrypt.DecryptFile(String inputFilePath, String outputFilePath, String privateKeyPath, String passPhrase) in D:\Emergere\ConnorsLLC\ConnorsLLC_Project\ProcessFiles_Demo\Decryption\Decrypt.cs:line 16
   at Program.FetchAndProcessFilesAsync(IFileTransferClient fileTransferClient, String processorType, String processedFolder, String reprocessingFolder, String outputFolder, String decryptedFolderOutput, JObject clientSettings, String fileNameStartsWith) in D:\Emergere\ConnorsLLC\ConnorsLLC_Project\ProcessFiles_Demo\Program.cs:line 121
2024-12-24 18:56:32.4046 [INFO] Application Completed Successfully 
2024-12-24 19:59:22.5012 [DEBUG] Application Starting 
2024-12-24 20:07:25.9673 [INFO] Downloaded file: EmployeeEntity-2024-343-2025-11.csv.gz to D:\Emergere\ConnorsLLC\ConnorsLLC_Project\ProcessFiles_Demo\bin\Debug\net6.0\Payroll/Mapping\EmployeeEntity-2024-343-2025-11.csv.gz 
2024-12-24 20:07:26.7283 [INFO] File has been decompressed to: D:\Emergere\ConnorsLLC\ConnorsLLC_Project\ProcessFiles_Demo\bin\Debug\net6.0\Payroll/Mapping\EmployeeEntity-2024-343-2025-11.csv 
2024-12-24 20:07:26.7283 [INFO] Deleted the .gz file: D:\Emergere\ConnorsLLC\ConnorsLLC_Project\ProcessFiles_Demo\bin\Debug\net6.0\Payroll/Mapping\EmployeeEntity-2024-343-2025-11.csv.gz 
2024-12-24 20:07:29.3412 [INFO] Start processing Payroll CSV: D:\Emergere\ConnorsLLC\ConnorsLLC_Project\ProcessFiles_Demo\bin\Debug\net6.0\Payroll/ReprocessFiles\Payfile_FEL_2024-11-17-2024-11-30-2024_20241224_185632.csv at 12/24/2024 8:07:29 PM 
2024-12-24 20:07:29.7362 [INFO] Finished processing Payroll CSV: D:\Emergere\ConnorsLLC\ConnorsLLC_Project\ProcessFiles_Demo\bin\Debug\net6.0\Payroll/ReprocessFiles\Payfile_FEL_2024-11-17-2024-11-30-2024_20241224_185632.csv at 12/24/2024 8:07:29 PM 
2024-12-24 20:07:29.7362 [INFO] Time taken to process file: 0.3964305 seconds. 
2024-12-24 20:07:29.7381 [INFO] D:\Emergere\ConnorsLLC\ConnorsLLC_Project\ProcessFiles_Demo\bin\Debug\net6.0\Payroll/ReprocessFiles\Payfile_FEL_2024-11-17-2024-11-30-2024_20241224_185632.csv 
2024-12-24 20:09:39.0381 [INFO] D:\Emergere\ConnorsLLC\ConnorsLLC_Project\ProcessFiles_Demo\bin\Debug\net6.0\Payroll/ProcessedFiles\Payfile_FEL_2024-11-17-2024-11-30-2024_20241224_185632_20241224_200845.csv 
2024-12-24 20:09:58.2277 [INFO] Attempting to download file from: /home/fivebelow-uat/outbox/payroll/Payfile_FEL_2024-11-17-2024-11-30-2024.csv 
2024-12-24 20:10:05.7170 [INFO] Latest file downloaded: C:\Users\varadharaj\AppData\Local\Temp\Payfile_FEL_2024-11-17-2024-11-30-2024.csv 
2024-12-24 21:00:49.5396 [ERROR] Failed to process D:\Emergere\ConnorsLLC\ConnorsLLC_Project\ProcessFiles_Demo\bin\Debug\net6.0\Payroll/ReprocessFiles\Payfile_FEL_2024-11-17-2024-11-30-2024_20241224_210049.csv:  System.IO.FileNotFoundException: File not found at the specified location: path/to/privatekey.asc
   at DidiSoft.BC.BaseLib.ReadFileOrAsciiString(String inputFile, String variableName)
   at DidiSoft.Pgp.PGPLib.DecryptFile(String encryptedFile, String privateKeyFile, String privateKeyPassword, String outputFileName)
   at ProcessFiles_Demo.Decryption.Decrypt.DecryptFile(String inputFilePath, String outputFilePath, String privateKeyPath, String passPhrase) in D:\Emergere\ConnorsLLC\ConnorsLLC_Project\ProcessFiles_Demo\Decryption\Decrypt.cs:line 16
   at Program.FetchAndProcessFilesAsync(IFileTransferClient fileTransferClient, String processorType, String processedFolder, String reprocessingFolder, String outputFolder, String decryptedFolderOutput, JObject clientSettings, String fileNameStartsWith) in D:\Emergere\ConnorsLLC\ConnorsLLC_Project\ProcessFiles_Demo\Program.cs:line 121
2024-12-24 21:00:49.6813 [INFO] ERROR: File not found at the specified location: path/to/privatekey.asc - moved to ReprocessFiles. 
2024-12-24 21:00:49.6813 [ERROR] Exception occured inside the module FetchAndProcessFilesAsync System.IO.FileNotFoundException: File not found at the specified location: path/to/privatekey.asc
   at DidiSoft.BC.BaseLib.ReadFileOrAsciiString(String inputFile, String variableName)
   at DidiSoft.Pgp.PGPLib.DecryptFile(String encryptedFile, String privateKeyFile, String privateKeyPassword, String outputFileName)
   at ProcessFiles_Demo.Decryption.Decrypt.DecryptFile(String inputFilePath, String outputFilePath, String privateKeyPath, String passPhrase) in D:\Emergere\ConnorsLLC\ConnorsLLC_Project\ProcessFiles_Demo\Decryption\Decrypt.cs:line 16
   at Program.FetchAndProcessFilesAsync(IFileTransferClient fileTransferClient, String processorType, String processedFolder, String reprocessingFolder, String outputFolder, String decryptedFolderOutput, JObject clientSettings, String fileNameStartsWith) in D:\Emergere\ConnorsLLC\ConnorsLLC_Project\ProcessFiles_Demo\Program.cs:line 121
2024-12-24 21:00:49.6813 [INFO] Application Completed Successfully 
