2024-10-29 13:07:40.7229 [DEBUG] Application Starting 
2024-10-29 13:07:41.8628 [ERROR] Error processing files from FTP/SFTP System.Net.Sockets.SocketException (11001): No such host is known.
   at Renci.SshNet.Abstractions.SocketAbstraction.ConnectCore(Socket socket, EndPoint remoteEndpoint, TimeSpan connectTimeout, Boolean ownsSocket)
   at Renci.SshNet.Connection.ConnectorBase.SocketConnect(EndPoint endPoint, TimeSpan timeout)
   at Renci.SshNet.Session.Connect()
   at Renci.SshNet.BaseClient.CreateAndConnectSession()
   at Renci.SshNet.BaseClient.Connect()
   at ProcessFiles_Demo.Client.SftpFileTransferClient.ListFilesAsync(String path) in D:\Emergere\ConnorsLLC\ConnorsLLC_Project\ProcessFiles_Demo\Client\FtpFileTransferClient.cs:line 102
   at Program.FetchAndProcessFilesAsync(IFileTransferClient fileTransferClient, String processor_type, String processedFolder, String reprocessingFolder, String outputFolder, String decryptedFolderOutput, JObject clientSettings) in D:\Emergere\ConnorsLLC\ConnorsLLC_Project\ProcessFiles_Demo\Program.cs:line 95
2024-10-29 13:07:41.8863 [INFO] ERROR: No such host is known. 
2024-10-29 13:07:41.8863 [INFO] Application Completed Successfully 
2024-10-29 13:08:48.4691 [DEBUG] Application Starting 
2024-10-29 13:08:49.3191 [ERROR] Error processing files from FTP/SFTP System.Net.Sockets.SocketException (11001): No such host is known.
   at Renci.SshNet.Abstractions.SocketAbstraction.ConnectCore(Socket socket, EndPoint remoteEndpoint, TimeSpan connectTimeout, Boolean ownsSocket)
   at Renci.SshNet.Connection.ConnectorBase.SocketConnect(EndPoint endPoint, TimeSpan timeout)
   at Renci.SshNet.Session.Connect()
   at Renci.SshNet.BaseClient.CreateAndConnectSession()
   at Renci.SshNet.BaseClient.Connect()
   at ProcessFiles_Demo.Client.SftpFileTransferClient.ListFilesAsync(String path) in D:\Emergere\ConnorsLLC\ConnorsLLC_Project\ProcessFiles_Demo\Client\FtpFileTransferClient.cs:line 102
   at Program.FetchAndProcessFilesAsync(IFileTransferClient fileTransferClient, String processor_type, String processedFolder, String reprocessingFolder, String outputFolder, String decryptedFolderOutput, JObject clientSettings) in D:\Emergere\ConnorsLLC\ConnorsLLC_Project\ProcessFiles_Demo\Program.cs:line 95
2024-10-29 13:08:49.3367 [INFO] ERROR: No such host is known. 
2024-10-29 13:08:49.3367 [INFO] Application Completed Successfully 
2024-10-29 13:10:21.6673 [DEBUG] Application Starting 
2024-10-29 13:10:51.3991 [ERROR] Error processing files from FTP/SFTP System.Net.Sockets.SocketException (11001): No such host is known.
   at Renci.SshNet.Abstractions.SocketAbstraction.ConnectCore(Socket socket, EndPoint remoteEndpoint, TimeSpan connectTimeout, Boolean ownsSocket)
   at Renci.SshNet.Connection.ConnectorBase.SocketConnect(EndPoint endPoint, TimeSpan timeout)
   at Renci.SshNet.Session.Connect()
   at Renci.SshNet.BaseClient.CreateAndConnectSession()
   at Renci.SshNet.BaseClient.Connect()
   at ProcessFiles_Demo.Client.SftpFileTransferClient.ListFilesAsync(String path) in D:\Emergere\ConnorsLLC\ConnorsLLC_Project\ProcessFiles_Demo\Client\FtpFileTransferClient.cs:line 102
   at Program.FetchAndProcessFilesAsync(IFileTransferClient fileTransferClient, String processor_type, String processedFolder, String reprocessingFolder, String outputFolder, String decryptedFolderOutput, JObject clientSettings) in D:\Emergere\ConnorsLLC\ConnorsLLC_Project\ProcessFiles_Demo\Program.cs:line 95
2024-10-29 13:10:51.4282 [INFO] ERROR: No such host is known. 
2024-10-29 13:11:32.9703 [DEBUG] Application Starting 
2024-10-29 13:12:11.2245 [ERROR] Failed to reprocess D:\Emergere\ConnorsLLC\ConnorsLLC_Project\ProcessFiles_Demo\bin\Debug\net6.0\Payroll/FailedFiles\LegionPayfile_20241015_192110_20241029_131211.csv System.FormatException: Input string was not in a correct format.
   at System.Number.ThrowOverflowOrFormatException(ParsingStatus status, TypeCode type)
   at System.Convert.ToDecimal(String value)
   at ProcessFiles_Demo.FileProcessing.PayrollFileProcessor.LoadGroupedEmployeeHrMappingFromCsv(String filePath) in D:\Emergere\ConnorsLLC\ConnorsLLC_Project\ProcessFiles_Demo\FileProcessing\PayrollProcessor.cs:line 45
   at ProcessFiles_Demo.FileProcessing.PayrollFileProcessor..ctor() in D:\Emergere\ConnorsLLC\ConnorsLLC_Project\ProcessFiles_Demo\FileProcessing\PayrollProcessor.cs:line 24
   at ProcessFiles_Demo.FileProcessing.CsvFileProcessorFactory.GetProcessor(String processortype) in D:\Emergere\ConnorsLLC\ConnorsLLC_Project\ProcessFiles_Demo\FileProcessing\CsvFileProcessorFactory.cs:line 24
   at Program.ProcessReprocessingFilesAsync(IFileTransferClient fileTransferClient, String processor_type, String reprocessingFolder, String processedFolder, String failedFolder, String outputFolder, String decryptedFolderOutput, JObject clientSettings) in D:\Emergere\ConnorsLLC\ConnorsLLC_Project\ProcessFiles_Demo\Program.cs:line 192
2024-10-29 13:12:11.3095 [INFO] ERROR: Input string was not in a correct format. - moved to FailedFiles. 
2024-10-29 13:12:11.7882 [ERROR] Error processing files from FTP/SFTP System.Net.Sockets.SocketException (11001): No such host is known.
   at Renci.SshNet.Abstractions.SocketAbstraction.ConnectCore(Socket socket, EndPoint remoteEndpoint, TimeSpan connectTimeout, Boolean ownsSocket)
   at Renci.SshNet.Connection.ConnectorBase.SocketConnect(EndPoint endPoint, TimeSpan timeout)
   at Renci.SshNet.Session.Connect()
   at Renci.SshNet.BaseClient.CreateAndConnectSession()
   at Renci.SshNet.BaseClient.Connect()
   at ProcessFiles_Demo.Client.SftpFileTransferClient.ListFilesAsync(String path) in D:\Emergere\ConnorsLLC\ConnorsLLC_Project\ProcessFiles_Demo\Client\FtpFileTransferClient.cs:line 102
   at Program.FetchAndProcessFilesAsync(IFileTransferClient fileTransferClient, String processor_type, String processedFolder, String reprocessingFolder, String outputFolder, String decryptedFolderOutput, JObject clientSettings) in D:\Emergere\ConnorsLLC\ConnorsLLC_Project\ProcessFiles_Demo\Program.cs:line 95
2024-10-29 13:12:11.7882 [INFO] ERROR: No such host is known. 
2024-10-29 13:12:11.7882 [INFO] Application Completed Successfully 
2024-10-29 13:12:57.8408 [DEBUG] Application Starting 
2024-10-29 13:13:56.8888 [ERROR] Failed to reprocess D:\Emergere\ConnorsLLC\ConnorsLLC_Project\ProcessFiles_Demo\bin\Debug\net6.0\Payroll/FailedFiles\LegionPayfile_20241015_192110_20241029_131356.csv System.FormatException: Input string was not in a correct format.
   at System.Number.ThrowOverflowOrFormatException(ParsingStatus status, TypeCode type)
   at System.Convert.ToDecimal(String value)
   at ProcessFiles_Demo.FileProcessing.PayrollFileProcessor.LoadGroupedEmployeeHrMappingFromCsv(String filePath) in D:\Emergere\ConnorsLLC\ConnorsLLC_Project\ProcessFiles_Demo\FileProcessing\PayrollProcessor.cs:line 45
   at ProcessFiles_Demo.FileProcessing.PayrollFileProcessor..ctor() in D:\Emergere\ConnorsLLC\ConnorsLLC_Project\ProcessFiles_Demo\FileProcessing\PayrollProcessor.cs:line 24
   at ProcessFiles_Demo.FileProcessing.CsvFileProcessorFactory.GetProcessor(String processortype) in D:\Emergere\ConnorsLLC\ConnorsLLC_Project\ProcessFiles_Demo\FileProcessing\CsvFileProcessorFactory.cs:line 24
   at Program.ProcessReprocessingFilesAsync(IFileTransferClient fileTransferClient, String processor_type, String reprocessingFolder, String processedFolder, String failedFolder, String outputFolder, String decryptedFolderOutput, JObject clientSettings) in D:\Emergere\ConnorsLLC\ConnorsLLC_Project\ProcessFiles_Demo\Program.cs:line 192
2024-10-29 13:13:56.9859 [INFO] ERROR: Input string was not in a correct format. - moved to FailedFiles. 
2024-10-29 13:13:57.5069 [ERROR] Error processing files from FTP/SFTP System.Net.Sockets.SocketException (11001): No such host is known.
   at Renci.SshNet.Abstractions.SocketAbstraction.ConnectCore(Socket socket, EndPoint remoteEndpoint, TimeSpan connectTimeout, Boolean ownsSocket)
   at Renci.SshNet.Connection.ConnectorBase.SocketConnect(EndPoint endPoint, TimeSpan timeout)
   at Renci.SshNet.Session.Connect()
   at Renci.SshNet.BaseClient.CreateAndConnectSession()
   at Renci.SshNet.BaseClient.Connect()
   at ProcessFiles_Demo.Client.SftpFileTransferClient.ListFilesAsync(String path) in D:\Emergere\ConnorsLLC\ConnorsLLC_Project\ProcessFiles_Demo\Client\FtpFileTransferClient.cs:line 102
   at Program.FetchAndProcessFilesAsync(IFileTransferClient fileTransferClient, String processor_type, String processedFolder, String reprocessingFolder, String outputFolder, String decryptedFolderOutput, JObject clientSettings) in D:\Emergere\ConnorsLLC\ConnorsLLC_Project\ProcessFiles_Demo\Program.cs:line 95
2024-10-29 13:13:57.5069 [INFO] ERROR: No such host is known. 
2024-10-29 13:13:57.5069 [INFO] Application Completed Successfully 
2024-10-29 13:20:49.9310 [DEBUG] Application Starting 
2024-10-29 13:20:50.9241 [ERROR] Error processing files from FTP/SFTP System.Net.Sockets.SocketException (11001): No such host is known.
   at Renci.SshNet.Abstractions.SocketAbstraction.ConnectCore(Socket socket, EndPoint remoteEndpoint, TimeSpan connectTimeout, Boolean ownsSocket)
   at Renci.SshNet.Connection.ConnectorBase.SocketConnect(EndPoint endPoint, TimeSpan timeout)
   at Renci.SshNet.Session.Connect()
   at Renci.SshNet.BaseClient.CreateAndConnectSession()
   at Renci.SshNet.BaseClient.Connect()
   at ProcessFiles_Demo.Client.SftpFileTransferClient.ListFilesAsync(String path) in D:\Emergere\ConnorsLLC\ConnorsLLC_Project\ProcessFiles_Demo\Client\FtpFileTransferClient.cs:line 102
   at Program.FetchAndProcessFilesAsync(IFileTransferClient fileTransferClient, String processor_type, String processedFolder, String reprocessingFolder, String outputFolder, String decryptedFolderOutput, JObject clientSettings) in D:\Emergere\ConnorsLLC\ConnorsLLC_Project\ProcessFiles_Demo\Program.cs:line 95
2024-10-29 13:20:50.9408 [INFO] ERROR: No such host is known. 
2024-10-29 13:20:50.9408 [INFO] Application Completed Successfully 
2024-10-29 13:21:16.2299 [DEBUG] Application Starting 
2024-10-29 13:25:46.6897 [INFO] Start processing Payroll CSV: D:\Emergere\ConnorsLLC\ConnorsLLC_Project\ProcessFiles_Demo\bin\Debug\net6.0\Payroll/ReprocessFiles\LegionPayfile_20241015_192110.csv at 10/29/2024 1:25:46 PM 
2024-10-29 13:25:46.7467 [ERROR] HR data not found for employee: 7999902 System.Exception: HR data not found for employee: 7999902
2024-10-29 13:25:46.7467 [ERROR] HR data not found for employee: 7999902 System.Exception: HR data not found for employee: 7999902
2024-10-29 13:25:46.7467 [ERROR] HR data not found for employee: 7999902 System.Exception: HR data not found for employee: 7999902
2024-10-29 13:25:46.7561 [ERROR] HR data not found for employee: 795505 System.Exception: HR data not found for employee: 795505
2024-10-29 13:25:46.7561 [ERROR] HR data not found for employee: 795505 System.Exception: HR data not found for employee: 795505
2024-10-29 13:25:46.7561 [ERROR] HR data not found for employee: 795505 System.Exception: HR data not found for employee: 795505
2024-10-29 13:25:46.7561 [ERROR] HR data not found for employee: 795505 System.Exception: HR data not found for employee: 795505
2024-10-29 13:25:46.7561 [ERROR] HR data not found for employee: 795505 System.Exception: HR data not found for employee: 795505
2024-10-29 13:25:46.7561 [ERROR] HR data not found for employee: 743034 System.Exception: HR data not found for employee: 743034
2024-10-29 13:25:46.7561 [ERROR] HR data not found for employee: 743034 System.Exception: HR data not found for employee: 743034
2024-10-29 13:25:46.7561 [ERROR] HR data not found for employee: 743034 System.Exception: HR data not found for employee: 743034
2024-10-29 13:25:46.7561 [ERROR] HR data not found for employee: 743034 System.Exception: HR data not found for employee: 743034
2024-10-29 13:25:46.7561 [ERROR] HR data not found for employee: 743034 System.Exception: HR data not found for employee: 743034
2024-10-29 13:25:46.7561 [ERROR] HR data not found for employee: 798924 System.Exception: HR data not found for employee: 798924
2024-10-29 13:25:46.7561 [ERROR] HR data not found for employee: 798924 System.Exception: HR data not found for employee: 798924
2024-10-29 13:25:46.7561 [ERROR] HR data not found for employee: 798924 System.Exception: HR data not found for employee: 798924
2024-10-29 13:25:46.7561 [ERROR] HR data not found for employee: 7999903 System.Exception: HR data not found for employee: 7999903
2024-10-29 13:25:46.7561 [ERROR] HR data not found for employee: 7999903 System.Exception: HR data not found for employee: 7999903
2024-10-29 13:25:46.7561 [ERROR] HR data not found for employee: 7999903 System.Exception: HR data not found for employee: 7999903
2024-10-29 13:25:46.7561 [ERROR] HR data not found for employee: 7999903 System.Exception: HR data not found for employee: 7999903
2024-10-29 13:25:46.7561 [ERROR] HR data not found for employee: 7999903 System.Exception: HR data not found for employee: 7999903
2024-10-29 13:25:46.7561 [ERROR] HR data not found for employee: 7999903 System.Exception: HR data not found for employee: 7999903
2024-10-29 13:25:46.7561 [ERROR] HR data not found for employee: 7999903 System.Exception: HR data not found for employee: 7999903
2024-10-29 13:25:46.7812 [ERROR] HR data not found for employee: 7999903 System.Exception: HR data not found for employee: 7999903
2024-10-29 13:25:46.7812 [ERROR] HR data not found for employee: 214656 System.Exception: HR data not found for employee: 214656
2024-10-29 13:25:46.7812 [ERROR] HR data not found for employee: 214656 System.Exception: HR data not found for employee: 214656
2024-10-29 13:25:46.7812 [ERROR] HR data not found for employee: 214656 System.Exception: HR data not found for employee: 214656
2024-10-29 13:25:46.7812 [ERROR] HR data not found for employee: 214656 System.Exception: HR data not found for employee: 214656
2024-10-29 13:25:46.7812 [ERROR] HR data not found for employee: 214656 System.Exception: HR data not found for employee: 214656
2024-10-29 13:25:46.7886 [INFO] Finished processing Payroll CSV: D:\Emergere\ConnorsLLC\ConnorsLLC_Project\ProcessFiles_Demo\bin\Debug\net6.0\Payroll/ReprocessFiles\LegionPayfile_20241015_192110.csv at 10/29/2024 1:25:46 PM 
2024-10-29 13:25:46.7886 [INFO] Time taken to process file: 0.1014683 seconds. 
2024-10-29 13:25:46.7886 [INFO] D:\Emergere\ConnorsLLC\ConnorsLLC_Project\ProcessFiles_Demo\bin\Debug\net6.0\Payroll/ReprocessFiles\LegionPayfile_20241015_192110.csv 
2024-10-29 13:25:48.6877 [INFO] D:\Emergere\ConnorsLLC\ConnorsLLC_Project\ProcessFiles_Demo\bin\Debug\net6.0\Payroll/ProcessedFiles\LegionPayfile_20241015_192110_20241029_132547.csv 
2024-10-29 13:26:12.6331 [ERROR] Error processing files from FTP/SFTP System.Net.Sockets.SocketException (11001): No such host is known.
   at Renci.SshNet.Abstractions.SocketAbstraction.ConnectCore(Socket socket, EndPoint remoteEndpoint, TimeSpan connectTimeout, Boolean ownsSocket)
   at Renci.SshNet.Connection.ConnectorBase.SocketConnect(EndPoint endPoint, TimeSpan timeout)
   at Renci.SshNet.Session.Connect()
   at Renci.SshNet.BaseClient.CreateAndConnectSession()
   at Renci.SshNet.BaseClient.Connect()
   at ProcessFiles_Demo.Client.SftpFileTransferClient.ListFilesAsync(String path) in D:\Emergere\ConnorsLLC\ConnorsLLC_Project\ProcessFiles_Demo\Client\FtpFileTransferClient.cs:line 102
   at Program.FetchAndProcessFilesAsync(IFileTransferClient fileTransferClient, String processor_type, String processedFolder, String reprocessingFolder, String outputFolder, String decryptedFolderOutput, JObject clientSettings) in D:\Emergere\ConnorsLLC\ConnorsLLC_Project\ProcessFiles_Demo\Program.cs:line 95
2024-10-29 13:26:12.6463 [INFO] ERROR: No such host is known. 
2024-10-29 13:26:13.9232 [INFO] Application Completed Successfully 
2024-10-29 13:28:18.9243 [DEBUG] Application Starting 
2024-10-29 13:29:14.4045 [DEBUG] Application Starting 
2024-10-29 13:29:35.5475 [ERROR] Failed to reprocess D:\Emergere\ConnorsLLC\ConnorsLLC_Project\ProcessFiles_Demo\bin\Debug\net6.0\Payroll/FailedFiles\LegionPayfile_20241015_192110_20241029_132935.csv System.FormatException: Input string was not in a correct format.
   at System.Number.ThrowOverflowOrFormatException(ParsingStatus status, TypeCode type)
   at System.Convert.ToDecimal(String value)
   at ProcessFiles_Demo.FileProcessing.PayrollFileProcessor.LoadGroupedEmployeeHrMappingFromCsv(String filePath) in D:\Emergere\ConnorsLLC\ConnorsLLC_Project\ProcessFiles_Demo\FileProcessing\PayrollProcessor.cs:line 45
   at ProcessFiles_Demo.FileProcessing.PayrollFileProcessor..ctor() in D:\Emergere\ConnorsLLC\ConnorsLLC_Project\ProcessFiles_Demo\FileProcessing\PayrollProcessor.cs:line 24
   at ProcessFiles_Demo.FileProcessing.CsvFileProcessorFactory.GetProcessor(String processortype) in D:\Emergere\ConnorsLLC\ConnorsLLC_Project\ProcessFiles_Demo\FileProcessing\CsvFileProcessorFactory.cs:line 24
   at Program.ProcessReprocessingFilesAsync(IFileTransferClient fileTransferClient, String processor_type, String reprocessingFolder, String processedFolder, String failedFolder, String outputFolder, String decryptedFolderOutput, JObject clientSettings) in D:\Emergere\ConnorsLLC\ConnorsLLC_Project\ProcessFiles_Demo\Program.cs:line 192
2024-10-29 13:29:35.6488 [INFO] ERROR: Input string was not in a correct format. - moved to FailedFiles. 
2024-10-29 13:29:36.5117 [ERROR] Error processing files from FTP/SFTP System.Net.Sockets.SocketException (11001): No such host is known.
   at Renci.SshNet.Abstractions.SocketAbstraction.ConnectCore(Socket socket, EndPoint remoteEndpoint, TimeSpan connectTimeout, Boolean ownsSocket)
   at Renci.SshNet.Connection.ConnectorBase.SocketConnect(EndPoint endPoint, TimeSpan timeout)
   at Renci.SshNet.Session.Connect()
   at Renci.SshNet.BaseClient.CreateAndConnectSession()
   at Renci.SshNet.BaseClient.Connect()
   at ProcessFiles_Demo.Client.SftpFileTransferClient.ListFilesAsync(String path) in D:\Emergere\ConnorsLLC\ConnorsLLC_Project\ProcessFiles_Demo\Client\FtpFileTransferClient.cs:line 102
   at Program.FetchAndProcessFilesAsync(IFileTransferClient fileTransferClient, String processor_type, String processedFolder, String reprocessingFolder, String outputFolder, String decryptedFolderOutput, JObject clientSettings) in D:\Emergere\ConnorsLLC\ConnorsLLC_Project\ProcessFiles_Demo\Program.cs:line 95
2024-10-29 13:29:36.5117 [INFO] ERROR: No such host is known. 
2024-10-29 13:29:36.5117 [INFO] Application Completed Successfully 
2024-10-29 13:30:55.9079 [DEBUG] Application Starting 
2024-10-29 13:35:26.7945 [DEBUG] Application Starting 
2024-10-29 13:35:29.4202 [INFO] Start processing Payroll CSV: D:\Emergere\ConnorsLLC\ConnorsLLC_Project\ProcessFiles_Demo\bin\Debug\net6.0\Payroll/ReprocessFiles\LegionPayfile_20241015_192110.csv at 10/29/2024 1:35:29 PM 
2024-10-29 13:36:04.3029 [INFO] Finished processing Payroll CSV: D:\Emergere\ConnorsLLC\ConnorsLLC_Project\ProcessFiles_Demo\bin\Debug\net6.0\Payroll/ReprocessFiles\LegionPayfile_20241015_192110.csv at 10/29/2024 1:36:04 PM 
2024-10-29 13:36:04.3029 [INFO] Time taken to process file: 34.8857354 seconds. 
2024-10-29 13:36:04.3029 [INFO] D:\Emergere\ConnorsLLC\ConnorsLLC_Project\ProcessFiles_Demo\bin\Debug\net6.0\Payroll/ReprocessFiles\LegionPayfile_20241015_192110.csv 
2024-10-29 13:36:04.3220 [INFO] D:\Emergere\ConnorsLLC\ConnorsLLC_Project\ProcessFiles_Demo\bin\Debug\net6.0\Payroll/ProcessedFiles\LegionPayfile_20241015_192110_20241029_133604.csv 
2024-10-29 13:36:04.9795 [ERROR] Error processing files from FTP/SFTP System.Net.Sockets.SocketException (11001): No such host is known.
   at Renci.SshNet.Abstractions.SocketAbstraction.ConnectCore(Socket socket, EndPoint remoteEndpoint, TimeSpan connectTimeout, Boolean ownsSocket)
   at Renci.SshNet.Connection.ConnectorBase.SocketConnect(EndPoint endPoint, TimeSpan timeout)
   at Renci.SshNet.Session.Connect()
   at Renci.SshNet.BaseClient.CreateAndConnectSession()
   at Renci.SshNet.BaseClient.Connect()
   at ProcessFiles_Demo.Client.SftpFileTransferClient.ListFilesAsync(String path) in D:\Emergere\ConnorsLLC\ConnorsLLC_Project\ProcessFiles_Demo\Client\FtpFileTransferClient.cs:line 102
   at Program.FetchAndProcessFilesAsync(IFileTransferClient fileTransferClient, String processor_type, String processedFolder, String reprocessingFolder, String outputFolder, String decryptedFolderOutput, JObject clientSettings) in D:\Emergere\ConnorsLLC\ConnorsLLC_Project\ProcessFiles_Demo\Program.cs:line 95
2024-10-29 13:36:04.9989 [INFO] ERROR: No such host is known. 
2024-10-29 13:36:04.9989 [INFO] Application Completed Successfully 
2024-10-29 14:49:48.8584 [DEBUG] Application Starting 
2024-10-29 14:49:50.4017 [INFO] Start processing Payroll CSV: D:\Emergere\ConnorsLLC\ConnorsLLC_Project\ProcessFiles_Demo\bin\Debug\net6.0\Payroll/ReprocessFiles\LegionPayfile_20241015_192110.csv at 10/29/2024 2:49:50 PM 
2024-10-29 14:49:50.4193 [INFO] Finished processing Payroll CSV: D:\Emergere\ConnorsLLC\ConnorsLLC_Project\ProcessFiles_Demo\bin\Debug\net6.0\Payroll/ReprocessFiles\LegionPayfile_20241015_192110.csv at 10/29/2024 2:49:50 PM 
2024-10-29 14:49:50.4193 [INFO] Time taken to process file: 0.0184086 seconds. 
2024-10-29 14:49:50.4193 [INFO] D:\Emergere\ConnorsLLC\ConnorsLLC_Project\ProcessFiles_Demo\bin\Debug\net6.0\Payroll/ReprocessFiles\LegionPayfile_20241015_192110.csv 
2024-10-29 14:49:50.4193 [INFO] D:\Emergere\ConnorsLLC\ConnorsLLC_Project\ProcessFiles_Demo\bin\Debug\net6.0\Payroll/ProcessedFiles\LegionPayfile_20241015_192110_20241029_144950.csv 
2024-10-29 14:49:51.0522 [ERROR] Error processing files from FTP/SFTP System.Net.Sockets.SocketException (11001): No such host is known.
   at Renci.SshNet.Abstractions.SocketAbstraction.ConnectCore(Socket socket, EndPoint remoteEndpoint, TimeSpan connectTimeout, Boolean ownsSocket)
   at Renci.SshNet.Connection.ConnectorBase.SocketConnect(EndPoint endPoint, TimeSpan timeout)
   at Renci.SshNet.Session.Connect()
   at Renci.SshNet.BaseClient.CreateAndConnectSession()
   at Renci.SshNet.BaseClient.Connect()
   at ProcessFiles_Demo.Client.SftpFileTransferClient.ListFilesAsync(String path) in D:\Emergere\ConnorsLLC\ConnorsLLC_Project\ProcessFiles_Demo\Client\FtpFileTransferClient.cs:line 102
   at Program.FetchAndProcessFilesAsync(IFileTransferClient fileTransferClient, String processor_type, String processedFolder, String reprocessingFolder, String outputFolder, String decryptedFolderOutput, JObject clientSettings) in D:\Emergere\ConnorsLLC\ConnorsLLC_Project\ProcessFiles_Demo\Program.cs:line 95
2024-10-29 14:49:51.0684 [INFO] ERROR: No such host is known. 
2024-10-29 14:49:51.0684 [INFO] Application Completed Successfully 
2024-10-29 15:01:26.7249 [DEBUG] Application Starting 
2024-10-29 15:01:28.8064 [INFO] Start processing Payroll CSV: D:\Emergere\ConnorsLLC\ConnorsLLC_Project\ProcessFiles_Demo\bin\Debug\net6.0\Payroll/ReprocessFiles\LegionPayfile_20241015.csv at 10/29/2024 3:01:28 PM 
2024-10-29 15:32:37.5267 [DEBUG] Application Starting 
2024-10-29 15:32:39.5421 [INFO] Start processing Payroll CSV: D:\Emergere\ConnorsLLC\ConnorsLLC_Project\ProcessFiles_Demo\bin\Debug\net6.0\Payroll/ReprocessFiles\LegionPayfile_20241015.csv at 10/29/2024 3:32:39 PM 
2024-10-29 15:32:43.4168 [INFO] Finished processing Payroll CSV: D:\Emergere\ConnorsLLC\ConnorsLLC_Project\ProcessFiles_Demo\bin\Debug\net6.0\Payroll/ReprocessFiles\LegionPayfile_20241015.csv at 10/29/2024 3:32:43 PM 
2024-10-29 15:32:43.4168 [INFO] Time taken to process file: 3.8761055 seconds. 
2024-10-29 15:32:43.4168 [INFO] D:\Emergere\ConnorsLLC\ConnorsLLC_Project\ProcessFiles_Demo\bin\Debug\net6.0\Payroll/ReprocessFiles\LegionPayfile_20241015.csv 
2024-10-29 15:32:43.4377 [INFO] D:\Emergere\ConnorsLLC\ConnorsLLC_Project\ProcessFiles_Demo\bin\Debug\net6.0\Payroll/ProcessedFiles\LegionPayfile_20241015_20241029_153243.csv 
2024-10-29 15:32:44.1788 [ERROR] Error processing files from FTP/SFTP System.Net.Sockets.SocketException (11001): No such host is known.
   at Renci.SshNet.Abstractions.SocketAbstraction.ConnectCore(Socket socket, EndPoint remoteEndpoint, TimeSpan connectTimeout, Boolean ownsSocket)
   at Renci.SshNet.Connection.ConnectorBase.SocketConnect(EndPoint endPoint, TimeSpan timeout)
   at Renci.SshNet.Session.Connect()
   at Renci.SshNet.BaseClient.CreateAndConnectSession()
   at Renci.SshNet.BaseClient.Connect()
   at ProcessFiles_Demo.Client.SftpFileTransferClient.ListFilesAsync(String path) in D:\Emergere\ConnorsLLC\ConnorsLLC_Project\ProcessFiles_Demo\Client\FtpFileTransferClient.cs:line 102
   at Program.FetchAndProcessFilesAsync(IFileTransferClient fileTransferClient, String processor_type, String processedFolder, String reprocessingFolder, String outputFolder, String decryptedFolderOutput, JObject clientSettings) in D:\Emergere\ConnorsLLC\ConnorsLLC_Project\ProcessFiles_Demo\Program.cs:line 95
2024-10-29 15:32:44.2064 [INFO] ERROR: No such host is known. 
2024-10-29 15:32:44.2064 [INFO] Application Completed Successfully 
2024-10-29 15:41:43.7727 [DEBUG] Application Starting 
2024-10-29 15:41:45.5245 [INFO] Start processing Payroll CSV: D:\Emergere\ConnorsLLC\ConnorsLLC_Project\ProcessFiles_Demo\bin\Debug\net6.0\Payroll/ReprocessFiles\LegionPayfile_20241015_192110_20241029_144950.csv at 10/29/2024 3:41:45 PM 
2024-10-29 15:41:45.5483 [INFO] Finished processing Payroll CSV: D:\Emergere\ConnorsLLC\ConnorsLLC_Project\ProcessFiles_Demo\bin\Debug\net6.0\Payroll/ReprocessFiles\LegionPayfile_20241015_192110_20241029_144950.csv at 10/29/2024 3:41:45 PM 
2024-10-29 15:41:45.5483 [INFO] Time taken to process file: 0.0249437 seconds. 
2024-10-29 15:41:45.5483 [INFO] D:\Emergere\ConnorsLLC\ConnorsLLC_Project\ProcessFiles_Demo\bin\Debug\net6.0\Payroll/ReprocessFiles\LegionPayfile_20241015_192110_20241029_144950.csv 
2024-10-29 15:41:45.5566 [INFO] D:\Emergere\ConnorsLLC\ConnorsLLC_Project\ProcessFiles_Demo\bin\Debug\net6.0\Payroll/ProcessedFiles\LegionPayfile_20241015_192110_20241029_144950_20241029_154145.csv 
2024-10-29 15:41:46.1780 [ERROR] Error processing files from FTP/SFTP System.Net.Sockets.SocketException (11001): No such host is known.
   at Renci.SshNet.Abstractions.SocketAbstraction.ConnectCore(Socket socket, EndPoint remoteEndpoint, TimeSpan connectTimeout, Boolean ownsSocket)
   at Renci.SshNet.Connection.ConnectorBase.SocketConnect(EndPoint endPoint, TimeSpan timeout)
   at Renci.SshNet.Session.Connect()
   at Renci.SshNet.BaseClient.CreateAndConnectSession()
   at Renci.SshNet.BaseClient.Connect()
   at ProcessFiles_Demo.Client.SftpFileTransferClient.ListFilesAsync(String path) in D:\Emergere\ConnorsLLC\ConnorsLLC_Project\ProcessFiles_Demo\Client\FtpFileTransferClient.cs:line 102
   at Program.FetchAndProcessFilesAsync(IFileTransferClient fileTransferClient, String processor_type, String processedFolder, String reprocessingFolder, String outputFolder, String decryptedFolderOutput, JObject clientSettings) in D:\Emergere\ConnorsLLC\ConnorsLLC_Project\ProcessFiles_Demo\Program.cs:line 95
2024-10-29 15:41:46.1939 [INFO] ERROR: No such host is known. 
2024-10-29 15:41:46.1939 [INFO] Application Completed Successfully 
2024-10-29 16:22:35.7384 [DEBUG] Application Starting 
2024-10-29 16:22:37.9351 [INFO] Start processing Payroll CSV: D:\Emergere\ConnorsLLC\ConnorsLLC_Project\ProcessFiles_Demo\bin\Debug\net6.0\Payroll/ReprocessFiles\payroll_source.csv at 10/29/2024 4:22:37 PM 
2024-10-29 16:25:12.5425 [DEBUG] Application Starting 
2024-10-29 16:25:14.4558 [INFO] Start processing Payroll CSV: D:\Emergere\ConnorsLLC\ConnorsLLC_Project\ProcessFiles_Demo\bin\Debug\net6.0\Payroll/ReprocessFiles\payroll_source.csv at 10/29/2024 4:25:14 PM 
2024-10-29 18:18:55.4599 [DEBUG] Application Starting 
2024-10-29 18:18:57.7276 [INFO] Start processing Payroll CSV: D:\Emergere\ConnorsLLC\ConnorsLLC_Project\ProcessFiles_Demo\bin\Debug\net6.0\Payroll/ReprocessFiles\payroll_source.csv at 10/29/2024 6:18:57 PM 
2024-10-29 18:19:09.9050 [ERROR] No Paycode found for PayType: Other Pay System.Exception: No Paycode found for PayType: Other Pay
2024-10-29 18:19:09.9050 [ERROR] No Paycode found for PayType: Reporting System.Exception: No Paycode found for PayType: Reporting
2024-10-29 18:19:09.9050 [INFO] Finished processing Payroll CSV: D:\Emergere\ConnorsLLC\ConnorsLLC_Project\ProcessFiles_Demo\bin\Debug\net6.0\Payroll/ReprocessFiles\payroll_source.csv at 10/29/2024 6:19:09 PM 
2024-10-29 18:19:09.9124 [INFO] Time taken to process file: 12.1854303 seconds. 
2024-10-29 18:19:09.9124 [INFO] D:\Emergere\ConnorsLLC\ConnorsLLC_Project\ProcessFiles_Demo\bin\Debug\net6.0\Payroll/ReprocessFiles\payroll_source.csv 
2024-10-29 18:19:09.9297 [INFO] D:\Emergere\ConnorsLLC\ConnorsLLC_Project\ProcessFiles_Demo\bin\Debug\net6.0\Payroll/ProcessedFiles\payroll_source_20241029_181909.csv 
2024-10-29 18:19:10.7470 [ERROR] Error processing files from FTP/SFTP System.Net.Sockets.SocketException (11001): No such host is known.
   at Renci.SshNet.Abstractions.SocketAbstraction.ConnectCore(Socket socket, EndPoint remoteEndpoint, TimeSpan connectTimeout, Boolean ownsSocket)
   at Renci.SshNet.Connection.ConnectorBase.SocketConnect(EndPoint endPoint, TimeSpan timeout)
   at Renci.SshNet.Session.Connect()
   at Renci.SshNet.BaseClient.CreateAndConnectSession()
   at Renci.SshNet.BaseClient.Connect()
   at ProcessFiles_Demo.Client.SftpFileTransferClient.ListFilesAsync(String path) in D:\Emergere\ConnorsLLC\ConnorsLLC_Project\ProcessFiles_Demo\Client\FtpFileTransferClient.cs:line 102
   at Program.FetchAndProcessFilesAsync(IFileTransferClient fileTransferClient, String processor_type, String processedFolder, String reprocessingFolder, String outputFolder, String decryptedFolderOutput, JObject clientSettings) in D:\Emergere\ConnorsLLC\ConnorsLLC_Project\ProcessFiles_Demo\Program.cs:line 95
2024-10-29 18:19:10.7832 [INFO] ERROR: No such host is known. 
2024-10-29 18:19:10.7832 [INFO] Application Completed Successfully 
2024-10-29 18:55:55.3710 [DEBUG] Application Starting 
2024-10-29 18:55:56.6076 [INFO] Start processing Payroll CSV: D:\Emergere\ConnorsLLC\ConnorsLLC_Project\ProcessFiles_Demo\bin\Debug\net6.0\Payroll/ReprocessFiles\payroll_source_20241029.csv at 10/29/2024 6:55:56 PM 
2024-10-29 18:57:02.3566 [ERROR] No Paycode found for PayType: Other Pay System.Exception: No Paycode found for PayType: Other Pay
2024-10-29 18:57:02.3678 [ERROR] No Paycode found for PayType: Reporting System.Exception: No Paycode found for PayType: Reporting
2024-10-29 18:57:02.3678 [INFO] Finished processing Payroll CSV: D:\Emergere\ConnorsLLC\ConnorsLLC_Project\ProcessFiles_Demo\bin\Debug\net6.0\Payroll/ReprocessFiles\payroll_source_20241029.csv at 10/29/2024 6:57:02 PM 
2024-10-29 18:57:02.3678 [INFO] Time taken to process file: 65.7620317 seconds. 
2024-10-29 18:57:02.3678 [INFO] D:\Emergere\ConnorsLLC\ConnorsLLC_Project\ProcessFiles_Demo\bin\Debug\net6.0\Payroll/ReprocessFiles\payroll_source_20241029.csv 
2024-10-29 18:57:02.3894 [INFO] D:\Emergere\ConnorsLLC\ConnorsLLC_Project\ProcessFiles_Demo\bin\Debug\net6.0\Payroll/ProcessedFiles\payroll_source_20241029_20241029_185702.csv 
2024-10-29 18:57:02.9324 [ERROR] Error processing files from FTP/SFTP System.Net.Sockets.SocketException (11001): No such host is known.
   at Renci.SshNet.Abstractions.SocketAbstraction.ConnectCore(Socket socket, EndPoint remoteEndpoint, TimeSpan connectTimeout, Boolean ownsSocket)
   at Renci.SshNet.Connection.ConnectorBase.SocketConnect(EndPoint endPoint, TimeSpan timeout)
   at Renci.SshNet.Session.Connect()
   at Renci.SshNet.BaseClient.CreateAndConnectSession()
   at Renci.SshNet.BaseClient.Connect()
   at ProcessFiles_Demo.Client.SftpFileTransferClient.ListFilesAsync(String path) in D:\Emergere\ConnorsLLC\ConnorsLLC_Project\ProcessFiles_Demo\Client\FtpFileTransferClient.cs:line 102
   at Program.FetchAndProcessFilesAsync(IFileTransferClient fileTransferClient, String processor_type, String processedFolder, String reprocessingFolder, String outputFolder, String decryptedFolderOutput, JObject clientSettings) in D:\Emergere\ConnorsLLC\ConnorsLLC_Project\ProcessFiles_Demo\Program.cs:line 95
2024-10-29 18:57:02.9547 [INFO] ERROR: No such host is known. 
2024-10-29 18:57:02.9547 [INFO] Application Completed Successfully 
2024-10-29 19:40:07.9503 [DEBUG] Application Starting 
2024-10-29 19:40:09.2043 [INFO] Start processing Payroll CSV: D:\Emergere\ConnorsLLC\ConnorsLLC_Project\ProcessFiles_Demo\bin\Debug\net6.0\Payroll/ReprocessFiles\payroll_source_20241029.csv at 10/29/2024 7:40:09 PM 
2024-10-29 19:40:09.2280 [ERROR] No Paycode found for PayType: Other Pay System.Exception: No Paycode found for PayType: Other Pay
2024-10-29 19:40:09.2280 [ERROR] No Paycode found for PayType: Reporting System.Exception: No Paycode found for PayType: Reporting
2024-10-29 19:40:09.2280 [INFO] Finished processing Payroll CSV: D:\Emergere\ConnorsLLC\ConnorsLLC_Project\ProcessFiles_Demo\bin\Debug\net6.0\Payroll/ReprocessFiles\payroll_source_20241029.csv at 10/29/2024 7:40:09 PM 
2024-10-29 19:40:09.2280 [INFO] Time taken to process file: 0.0272997 seconds. 
2024-10-29 19:40:09.2280 [INFO] D:\Emergere\ConnorsLLC\ConnorsLLC_Project\ProcessFiles_Demo\bin\Debug\net6.0\Payroll/ReprocessFiles\payroll_source_20241029.csv 
2024-10-29 19:40:09.2280 [INFO] D:\Emergere\ConnorsLLC\ConnorsLLC_Project\ProcessFiles_Demo\bin\Debug\net6.0\Payroll/ProcessedFiles\payroll_source_20241029_20241029_194009.csv 
2024-10-29 19:40:09.8324 [ERROR] Error processing files from FTP/SFTP System.Net.Sockets.SocketException (11001): No such host is known.
   at Renci.SshNet.Abstractions.SocketAbstraction.ConnectCore(Socket socket, EndPoint remoteEndpoint, TimeSpan connectTimeout, Boolean ownsSocket)
   at Renci.SshNet.Connection.ConnectorBase.SocketConnect(EndPoint endPoint, TimeSpan timeout)
   at Renci.SshNet.Session.Connect()
   at Renci.SshNet.BaseClient.CreateAndConnectSession()
   at Renci.SshNet.BaseClient.Connect()
   at ProcessFiles_Demo.Client.SftpFileTransferClient.ListFilesAsync(String path) in D:\Emergere\ConnorsLLC\ConnorsLLC_Project\ProcessFiles_Demo\Client\FtpFileTransferClient.cs:line 102
   at Program.FetchAndProcessFilesAsync(IFileTransferClient fileTransferClient, String processor_type, String processedFolder, String reprocessingFolder, String outputFolder, String decryptedFolderOutput, JObject clientSettings) in D:\Emergere\ConnorsLLC\ConnorsLLC_Project\ProcessFiles_Demo\Program.cs:line 95
2024-10-29 19:40:09.8410 [INFO] ERROR: No such host is known. 
2024-10-29 19:40:09.8410 [INFO] Application Completed Successfully 
