2024-12-23 14:12:52.7846 [DEBUG] Application Starting 
2024-12-23 14:13:20.1591 [INFO] Downloaded file: EmployeeEntity-2024-343-2025-11.csv.gz to D:\Emergere\ConnorsLLC\ConnorsLLC_Project\ProcessFiles_Demo\bin\Debug\net6.0\Payroll/Mapping\EmployeeEntity-2024-343-2025-11.csv.gz 
2024-12-23 14:13:20.9326 [INFO] File has been decompressed to: D:\Emergere\ConnorsLLC\ConnorsLLC_Project\ProcessFiles_Demo\bin\Debug\net6.0\Payroll/Mapping\EmployeeEntity-2024-343-2025-11.csv 
2024-12-23 14:13:20.9326 [INFO] Deleted the .gz file: D:\Emergere\ConnorsLLC\ConnorsLLC_Project\ProcessFiles_Demo\bin\Debug\net6.0\Payroll/Mapping\EmployeeEntity-2024-343-2025-11.csv.gz 
2024-12-23 14:15:17.1570 [INFO] Start processing Payroll CSV: D:\Emergere\ConnorsLLC\ConnorsLLC_Project\ProcessFiles_Demo\bin\Debug\net6.0\Payroll/ReprocessFiles\Payfile_2024-10-20-2024-11-02_2024-11-04_20241211_134815.csv at 12/23/2024 2:15:17 PM 
2024-12-23 14:15:17.3321 [ERROR] No Paycode found for PayType: Other Pay for Employee ID 772335 System.Exception: No Paycode found for PayType: Other Pay for Employee ID 772335
2024-12-23 14:15:17.3424 [ERROR] No Paycode found for PayType: Other Pay for Employee ID 796646 System.Exception: No Paycode found for PayType: Other Pay for Employee ID 796646
2024-12-23 14:15:17.3424 [ERROR] No Paycode found for PayType: Other Pay for Employee ID 819309 System.Exception: No Paycode found for PayType: Other Pay for Employee ID 819309
2024-12-23 14:15:17.3746 [INFO] Finished processing Payroll CSV: D:\Emergere\ConnorsLLC\ConnorsLLC_Project\ProcessFiles_Demo\bin\Debug\net6.0\Payroll/ReprocessFiles\Payfile_2024-10-20-2024-11-02_2024-11-04_20241211_134815.csv at 12/23/2024 2:15:17 PM 
2024-12-23 14:15:17.3746 [INFO] Time taken to process file: 0.2193918 seconds. 
2024-12-23 14:15:17.3746 [INFO] D:\Emergere\ConnorsLLC\ConnorsLLC_Project\ProcessFiles_Demo\bin\Debug\net6.0\Payroll/ReprocessFiles\Payfile_2024-10-20-2024-11-02_2024-11-04_20241211_134815.csv 
2024-12-23 14:15:17.3878 [INFO] D:\Emergere\ConnorsLLC\ConnorsLLC_Project\ProcessFiles_Demo\bin\Debug\net6.0\Payroll/ProcessedFiles\Payfile_2024-10-20-2024-11-02_2024-11-04_20241211_134815_20241223_141517.csv 
2024-12-23 14:15:27.8546 [INFO] Attempting to download file from: /home/fivebelow-uat/outbox/payroll/Payfile_FEL_2024-11-17-2024-11-30-2024.csv 
2024-12-23 14:15:32.6638 [INFO] Latest file downloaded: C:\Users\varadharaj\AppData\Local\Temp\Payfile_FEL_2024-11-17-2024-11-30-2024.csv 
2024-12-23 14:15:33.0865 [ERROR] Failed to process D:\Emergere\ConnorsLLC\ConnorsLLC_Project\ProcessFiles_Demo\bin\Debug\net6.0\Payroll/ReprocessFiles\Payfile_FEL_2024-11-17-2024-11-30-2024_20241223_141533.csv:  System.IO.FileNotFoundException: File not found at the specified location: path/to/privatekey.asc
   at DidiSoft.BC.BaseLib.ReadFileOrAsciiString(String inputFile, String variableName)
   at DidiSoft.Pgp.PGPLib.DecryptFile(String encryptedFile, String privateKeyFile, String privateKeyPassword, String outputFileName)
   at ProcessFiles_Demo.Decryption.Decrypt.DecryptFile(String inputFilePath, String outputFilePath, String privateKeyPath, String passPhrase) in D:\Emergere\ConnorsLLC\ConnorsLLC_Project\ProcessFiles_Demo\Decryption\Decrypt.cs:line 16
   at Program.FetchAndProcessFilesAsync(IFileTransferClient fileTransferClient, String processorType, String processedFolder, String reprocessingFolder, String outputFolder, String decryptedFolderOutput, JObject clientSettings, String fileNameStartsWith) in D:\Emergere\ConnorsLLC\ConnorsLLC_Project\ProcessFiles_Demo\Program.cs:line 121
2024-12-23 14:15:33.2257 [INFO] ERROR: File not found at the specified location: path/to/privatekey.asc - moved to ReprocessFiles. 
2024-12-23 14:15:33.2257 [ERROR] Exception occured inside the module FetchAndProcessFilesAsync System.IO.FileNotFoundException: File not found at the specified location: path/to/privatekey.asc
   at DidiSoft.BC.BaseLib.ReadFileOrAsciiString(String inputFile, String variableName)
   at DidiSoft.Pgp.PGPLib.DecryptFile(String encryptedFile, String privateKeyFile, String privateKeyPassword, String outputFileName)
   at ProcessFiles_Demo.Decryption.Decrypt.DecryptFile(String inputFilePath, String outputFilePath, String privateKeyPath, String passPhrase) in D:\Emergere\ConnorsLLC\ConnorsLLC_Project\ProcessFiles_Demo\Decryption\Decrypt.cs:line 16
   at Program.FetchAndProcessFilesAsync(IFileTransferClient fileTransferClient, String processorType, String processedFolder, String reprocessingFolder, String outputFolder, String decryptedFolderOutput, JObject clientSettings, String fileNameStartsWith) in D:\Emergere\ConnorsLLC\ConnorsLLC_Project\ProcessFiles_Demo\Program.cs:line 121
2024-12-23 14:15:33.2257 [INFO] Application Completed Successfully 
2024-12-23 14:25:00.8021 [DEBUG] Application Starting 
2024-12-23 14:25:25.6632 [INFO] Downloaded file: EmployeeEntity-2024-343-2025-11.csv.gz to D:\Emergere\ConnorsLLC\ConnorsLLC_Project\ProcessFiles_Demo\bin\Debug\net6.0\Payroll/Mapping\EmployeeEntity-2024-343-2025-11.csv.gz 
2024-12-23 14:25:26.4717 [INFO] File has been decompressed to: D:\Emergere\ConnorsLLC\ConnorsLLC_Project\ProcessFiles_Demo\bin\Debug\net6.0\Payroll/Mapping\EmployeeEntity-2024-343-2025-11.csv 
2024-12-23 14:25:26.4717 [INFO] Deleted the .gz file: D:\Emergere\ConnorsLLC\ConnorsLLC_Project\ProcessFiles_Demo\bin\Debug\net6.0\Payroll/Mapping\EmployeeEntity-2024-343-2025-11.csv.gz 
2024-12-23 14:25:28.2318 [INFO] Start processing Payroll CSV: D:\Emergere\ConnorsLLC\ConnorsLLC_Project\ProcessFiles_Demo\bin\Debug\net6.0\Payroll/ReprocessFiles\Payfile_FEL_2024-11-17-2024-11-30-2024_20241223_141533.csv at 12/23/2024 2:25:28 PM 
2024-12-23 15:37:39.4149 [DEBUG] Application Starting 
2024-12-23 15:37:52.5850 [INFO] Downloaded file: EmployeeEntity-2024-343-2025-11.csv.gz to D:\Emergere\ConnorsLLC\ConnorsLLC_Project\ProcessFiles_Demo\bin\Debug\net6.0\Payroll/Mapping\EmployeeEntity-2024-343-2025-11.csv.gz 
2024-12-23 15:37:53.4710 [INFO] File has been decompressed to: D:\Emergere\ConnorsLLC\ConnorsLLC_Project\ProcessFiles_Demo\bin\Debug\net6.0\Payroll/Mapping\EmployeeEntity-2024-343-2025-11.csv 
2024-12-23 15:37:53.4710 [INFO] Deleted the .gz file: D:\Emergere\ConnorsLLC\ConnorsLLC_Project\ProcessFiles_Demo\bin\Debug\net6.0\Payroll/Mapping\EmployeeEntity-2024-343-2025-11.csv.gz 
2024-12-23 15:37:54.5256 [INFO] Start processing Payroll CSV: D:\Emergere\ConnorsLLC\ConnorsLLC_Project\ProcessFiles_Demo\bin\Debug\net6.0\Payroll/ReprocessFiles\Payfile_FEL_2024-11-17-2024-11-30-2024_20241223_141533.csv at 12/23/2024 3:37:54 PM 
2024-12-23 15:41:54.8418 [DEBUG] Application Starting 
2024-12-23 15:42:13.6083 [INFO] Downloaded file: EmployeeEntity-2024-343-2025-11.csv.gz to D:\Emergere\ConnorsLLC\ConnorsLLC_Project\ProcessFiles_Demo\bin\Debug\net6.0\Payroll/Mapping\EmployeeEntity-2024-343-2025-11.csv.gz 
2024-12-23 15:42:14.2768 [INFO] File has been decompressed to: D:\Emergere\ConnorsLLC\ConnorsLLC_Project\ProcessFiles_Demo\bin\Debug\net6.0\Payroll/Mapping\EmployeeEntity-2024-343-2025-11.csv 
2024-12-23 15:42:14.2778 [INFO] Deleted the .gz file: D:\Emergere\ConnorsLLC\ConnorsLLC_Project\ProcessFiles_Demo\bin\Debug\net6.0\Payroll/Mapping\EmployeeEntity-2024-343-2025-11.csv.gz 
2024-12-23 15:42:15.2586 [INFO] Start processing Payroll CSV: D:\Emergere\ConnorsLLC\ConnorsLLC_Project\ProcessFiles_Demo\bin\Debug\net6.0\Payroll/ReprocessFiles\Payfile_FEL_2024-11-17-2024-11-30-2024_20241223_141533.csv at 12/23/2024 3:42:15 PM 
2024-12-23 15:42:15.8435 [INFO] Finished processing Payroll CSV: D:\Emergere\ConnorsLLC\ConnorsLLC_Project\ProcessFiles_Demo\bin\Debug\net6.0\Payroll/ReprocessFiles\Payfile_FEL_2024-11-17-2024-11-30-2024_20241223_141533.csv at 12/23/2024 3:42:15 PM 
2024-12-23 15:42:15.8435 [INFO] Time taken to process file: 0.5853724 seconds. 
2024-12-23 15:42:15.8435 [INFO] D:\Emergere\ConnorsLLC\ConnorsLLC_Project\ProcessFiles_Demo\bin\Debug\net6.0\Payroll/ReprocessFiles\Payfile_FEL_2024-11-17-2024-11-30-2024_20241223_141533.csv 
2024-12-23 15:42:15.8435 [INFO] D:\Emergere\ConnorsLLC\ConnorsLLC_Project\ProcessFiles_Demo\bin\Debug\net6.0\Payroll/ProcessedFiles\Payfile_FEL_2024-11-17-2024-11-30-2024_20241223_141533_20241223_154215.csv 
2024-12-23 15:42:25.6425 [INFO] Attempting to download file from: /home/fivebelow-uat/outbox/payroll/Payfile_FEL_2024-11-17-2024-11-30-2024.csv 
2024-12-23 15:42:30.1492 [INFO] Latest file downloaded: C:\Users\varadharaj\AppData\Local\Temp\Payfile_FEL_2024-11-17-2024-11-30-2024.csv 
2024-12-23 15:42:30.3353 [ERROR] Failed to process D:\Emergere\ConnorsLLC\ConnorsLLC_Project\ProcessFiles_Demo\bin\Debug\net6.0\Payroll/ReprocessFiles\Payfile_FEL_2024-11-17-2024-11-30-2024_20241223_154230.csv:  System.IO.FileNotFoundException: File not found at the specified location: path/to/privatekey.asc
   at DidiSoft.BC.BaseLib.ReadFileOrAsciiString(String inputFile, String variableName)
   at DidiSoft.Pgp.PGPLib.DecryptFile(String encryptedFile, String privateKeyFile, String privateKeyPassword, String outputFileName)
   at ProcessFiles_Demo.Decryption.Decrypt.DecryptFile(String inputFilePath, String outputFilePath, String privateKeyPath, String passPhrase) in D:\Emergere\ConnorsLLC\ConnorsLLC_Project\ProcessFiles_Demo\Decryption\Decrypt.cs:line 16
   at Program.FetchAndProcessFilesAsync(IFileTransferClient fileTransferClient, String processorType, String processedFolder, String reprocessingFolder, String outputFolder, String decryptedFolderOutput, JObject clientSettings, String fileNameStartsWith) in D:\Emergere\ConnorsLLC\ConnorsLLC_Project\ProcessFiles_Demo\Program.cs:line 121
2024-12-23 15:42:30.3780 [INFO] ERROR: File not found at the specified location: path/to/privatekey.asc - moved to ReprocessFiles. 
2024-12-23 15:42:30.3780 [ERROR] Exception occured inside the module FetchAndProcessFilesAsync System.IO.FileNotFoundException: File not found at the specified location: path/to/privatekey.asc
   at DidiSoft.BC.BaseLib.ReadFileOrAsciiString(String inputFile, String variableName)
   at DidiSoft.Pgp.PGPLib.DecryptFile(String encryptedFile, String privateKeyFile, String privateKeyPassword, String outputFileName)
   at ProcessFiles_Demo.Decryption.Decrypt.DecryptFile(String inputFilePath, String outputFilePath, String privateKeyPath, String passPhrase) in D:\Emergere\ConnorsLLC\ConnorsLLC_Project\ProcessFiles_Demo\Decryption\Decrypt.cs:line 16
   at Program.FetchAndProcessFilesAsync(IFileTransferClient fileTransferClient, String processorType, String processedFolder, String reprocessingFolder, String outputFolder, String decryptedFolderOutput, JObject clientSettings, String fileNameStartsWith) in D:\Emergere\ConnorsLLC\ConnorsLLC_Project\ProcessFiles_Demo\Program.cs:line 121
2024-12-23 15:42:30.3780 [INFO] Application Completed Successfully 
2024-12-23 15:56:02.3476 [DEBUG] Application Starting 
2024-12-23 15:56:18.1054 [DEBUG] Application Starting 
2024-12-23 15:56:37.0780 [INFO] Downloaded file: EmployeeEntity-2024-343-2025-11.csv.gz to D:\Emergere\ConnorsLLC\ConnorsLLC_Project\ProcessFiles_Demo\bin\Debug\net6.0\Payroll/Mapping\EmployeeEntity-2024-343-2025-11.csv.gz 
2024-12-23 15:56:37.7339 [INFO] File has been decompressed to: D:\Emergere\ConnorsLLC\ConnorsLLC_Project\ProcessFiles_Demo\bin\Debug\net6.0\Payroll/Mapping\EmployeeEntity-2024-343-2025-11.csv 
2024-12-23 15:56:37.7339 [INFO] Deleted the .gz file: D:\Emergere\ConnorsLLC\ConnorsLLC_Project\ProcessFiles_Demo\bin\Debug\net6.0\Payroll/Mapping\EmployeeEntity-2024-343-2025-11.csv.gz 
2024-12-23 15:56:39.0273 [INFO] Start processing Payroll CSV: D:\Emergere\ConnorsLLC\ConnorsLLC_Project\ProcessFiles_Demo\bin\Debug\net6.0\Payroll/ReprocessFiles\Payfile_FEL_2024-11-17-2024-11-30-2024_20241223_154230.csv at 12/23/2024 3:56:39 PM 
2024-12-23 15:56:39.8418 [INFO] Finished processing Payroll CSV: D:\Emergere\ConnorsLLC\ConnorsLLC_Project\ProcessFiles_Demo\bin\Debug\net6.0\Payroll/ReprocessFiles\Payfile_FEL_2024-11-17-2024-11-30-2024_20241223_154230.csv at 12/23/2024 3:56:39 PM 
2024-12-23 15:56:39.8418 [INFO] Time taken to process file: 0.8153165 seconds. 
2024-12-23 15:56:39.8418 [INFO] D:\Emergere\ConnorsLLC\ConnorsLLC_Project\ProcessFiles_Demo\bin\Debug\net6.0\Payroll/ReprocessFiles\Payfile_FEL_2024-11-17-2024-11-30-2024_20241223_154230.csv 
2024-12-23 15:56:39.8418 [INFO] D:\Emergere\ConnorsLLC\ConnorsLLC_Project\ProcessFiles_Demo\bin\Debug\net6.0\Payroll/ProcessedFiles\Payfile_FEL_2024-11-17-2024-11-30-2024_20241223_154230_20241223_155639.csv 
2024-12-23 15:56:48.9253 [INFO] Attempting to download file from: /home/fivebelow-uat/outbox/payroll/Payfile_FEL_2024-11-17-2024-11-30-2024.csv 
2024-12-23 15:56:53.0784 [INFO] Latest file downloaded: C:\Users\varadharaj\AppData\Local\Temp\Payfile_FEL_2024-11-17-2024-11-30-2024.csv 
2024-12-23 15:56:53.4635 [ERROR] Failed to process D:\Emergere\ConnorsLLC\ConnorsLLC_Project\ProcessFiles_Demo\bin\Debug\net6.0\Payroll/ReprocessFiles\Payfile_FEL_2024-11-17-2024-11-30-2024_20241223_155653.csv:  System.IO.FileNotFoundException: File not found at the specified location: path/to/privatekey.asc
   at DidiSoft.BC.BaseLib.ReadFileOrAsciiString(String inputFile, String variableName)
   at DidiSoft.Pgp.PGPLib.DecryptFile(String encryptedFile, String privateKeyFile, String privateKeyPassword, String outputFileName)
   at ProcessFiles_Demo.Decryption.Decrypt.DecryptFile(String inputFilePath, String outputFilePath, String privateKeyPath, String passPhrase) in D:\Emergere\ConnorsLLC\ConnorsLLC_Project\ProcessFiles_Demo\Decryption\Decrypt.cs:line 16
   at Program.FetchAndProcessFilesAsync(IFileTransferClient fileTransferClient, String processorType, String processedFolder, String reprocessingFolder, String outputFolder, String decryptedFolderOutput, JObject clientSettings, String fileNameStartsWith) in D:\Emergere\ConnorsLLC\ConnorsLLC_Project\ProcessFiles_Demo\Program.cs:line 121
2024-12-23 15:56:53.5399 [INFO] ERROR: File not found at the specified location: path/to/privatekey.asc - moved to ReprocessFiles. 
2024-12-23 15:56:53.5399 [ERROR] Exception occured inside the module FetchAndProcessFilesAsync System.IO.FileNotFoundException: File not found at the specified location: path/to/privatekey.asc
   at DidiSoft.BC.BaseLib.ReadFileOrAsciiString(String inputFile, String variableName)
   at DidiSoft.Pgp.PGPLib.DecryptFile(String encryptedFile, String privateKeyFile, String privateKeyPassword, String outputFileName)
   at ProcessFiles_Demo.Decryption.Decrypt.DecryptFile(String inputFilePath, String outputFilePath, String privateKeyPath, String passPhrase) in D:\Emergere\ConnorsLLC\ConnorsLLC_Project\ProcessFiles_Demo\Decryption\Decrypt.cs:line 16
   at Program.FetchAndProcessFilesAsync(IFileTransferClient fileTransferClient, String processorType, String processedFolder, String reprocessingFolder, String outputFolder, String decryptedFolderOutput, JObject clientSettings, String fileNameStartsWith) in D:\Emergere\ConnorsLLC\ConnorsLLC_Project\ProcessFiles_Demo\Program.cs:line 121
2024-12-23 15:56:53.5399 [INFO] Application Completed Successfully 
2024-12-23 16:29:01.9142 [DEBUG] Application Starting 
2024-12-23 16:32:09.0280 [INFO] Downloaded file: EmployeeEntity-2024-343-2025-11.csv.gz to D:\Emergere\ConnorsLLC\ConnorsLLC_Project\ProcessFiles_Demo\bin\Debug\net6.0\Payroll/Mapping\EmployeeEntity-2024-343-2025-11.csv.gz 
2024-12-23 16:32:09.6962 [INFO] File has been decompressed to: D:\Emergere\ConnorsLLC\ConnorsLLC_Project\ProcessFiles_Demo\bin\Debug\net6.0\Payroll/Mapping\EmployeeEntity-2024-343-2025-11.csv 
2024-12-23 16:32:09.6962 [INFO] Deleted the .gz file: D:\Emergere\ConnorsLLC\ConnorsLLC_Project\ProcessFiles_Demo\bin\Debug\net6.0\Payroll/Mapping\EmployeeEntity-2024-343-2025-11.csv.gz 
2024-12-23 16:32:12.4524 [INFO] Start processing Payroll CSV: D:\Emergere\ConnorsLLC\ConnorsLLC_Project\ProcessFiles_Demo\bin\Debug\net6.0\Payroll/ReprocessFiles\Payfile_FEL_2024-11-17-2024-11-30-2024_20241223_155653.csv at 12/23/2024 4:32:12 PM 
2024-12-23 16:32:13.5982 [INFO] Finished processing Payroll CSV: D:\Emergere\ConnorsLLC\ConnorsLLC_Project\ProcessFiles_Demo\bin\Debug\net6.0\Payroll/ReprocessFiles\Payfile_FEL_2024-11-17-2024-11-30-2024_20241223_155653.csv at 12/23/2024 4:32:13 PM 
2024-12-23 16:32:13.5982 [INFO] Time taken to process file: 1.1464458 seconds. 
2024-12-23 16:32:13.5982 [INFO] D:\Emergere\ConnorsLLC\ConnorsLLC_Project\ProcessFiles_Demo\bin\Debug\net6.0\Payroll/ReprocessFiles\Payfile_FEL_2024-11-17-2024-11-30-2024_20241223_155653.csv 
2024-12-23 16:32:13.6220 [INFO] D:\Emergere\ConnorsLLC\ConnorsLLC_Project\ProcessFiles_Demo\bin\Debug\net6.0\Payroll/ProcessedFiles\Payfile_FEL_2024-11-17-2024-11-30-2024_20241223_155653_20241223_163213.csv 
2024-12-23 16:32:25.1262 [INFO] Attempting to download file from: /home/fivebelow-uat/outbox/payroll/Payfile_FEL_2024-11-17-2024-11-30-2024.csv 
2024-12-23 16:32:54.3301 [INFO] Latest file downloaded: C:\Users\varadharaj\AppData\Local\Temp\Payfile_FEL_2024-11-17-2024-11-30-2024.csv 
2024-12-23 16:32:54.5319 [ERROR] Failed to process D:\Emergere\ConnorsLLC\ConnorsLLC_Project\ProcessFiles_Demo\bin\Debug\net6.0\Payroll/ReprocessFiles\Payfile_FEL_2024-11-17-2024-11-30-2024_20241223_163254.csv:  System.IO.FileNotFoundException: File not found at the specified location: path/to/privatekey.asc
   at DidiSoft.BC.BaseLib.ReadFileOrAsciiString(String inputFile, String variableName)
   at DidiSoft.Pgp.PGPLib.DecryptFile(String encryptedFile, String privateKeyFile, String privateKeyPassword, String outputFileName)
   at ProcessFiles_Demo.Decryption.Decrypt.DecryptFile(String inputFilePath, String outputFilePath, String privateKeyPath, String passPhrase) in D:\Emergere\ConnorsLLC\ConnorsLLC_Project\ProcessFiles_Demo\Decryption\Decrypt.cs:line 16
   at Program.FetchAndProcessFilesAsync(IFileTransferClient fileTransferClient, String processorType, String processedFolder, String reprocessingFolder, String outputFolder, String decryptedFolderOutput, JObject clientSettings, String fileNameStartsWith) in D:\Emergere\ConnorsLLC\ConnorsLLC_Project\ProcessFiles_Demo\Program.cs:line 121
2024-12-23 16:32:54.6262 [INFO] ERROR: File not found at the specified location: path/to/privatekey.asc - moved to ReprocessFiles. 
2024-12-23 16:32:54.6262 [ERROR] Exception occured inside the module FetchAndProcessFilesAsync System.IO.FileNotFoundException: File not found at the specified location: path/to/privatekey.asc
   at DidiSoft.BC.BaseLib.ReadFileOrAsciiString(String inputFile, String variableName)
   at DidiSoft.Pgp.PGPLib.DecryptFile(String encryptedFile, String privateKeyFile, String privateKeyPassword, String outputFileName)
   at ProcessFiles_Demo.Decryption.Decrypt.DecryptFile(String inputFilePath, String outputFilePath, String privateKeyPath, String passPhrase) in D:\Emergere\ConnorsLLC\ConnorsLLC_Project\ProcessFiles_Demo\Decryption\Decrypt.cs:line 16
   at Program.FetchAndProcessFilesAsync(IFileTransferClient fileTransferClient, String processorType, String processedFolder, String reprocessingFolder, String outputFolder, String decryptedFolderOutput, JObject clientSettings, String fileNameStartsWith) in D:\Emergere\ConnorsLLC\ConnorsLLC_Project\ProcessFiles_Demo\Program.cs:line 121
2024-12-23 16:32:54.6262 [INFO] Application Completed Successfully 
2024-12-23 16:34:29.4716 [DEBUG] Application Starting 
2024-12-23 16:34:46.5407 [INFO] Downloaded file: EmployeeEntity-2024-343-2025-11.csv.gz to D:\Emergere\ConnorsLLC\ConnorsLLC_Project\ProcessFiles_Demo\bin\Debug\net6.0\Payroll/Mapping\EmployeeEntity-2024-343-2025-11.csv.gz 
2024-12-23 16:34:47.2231 [INFO] File has been decompressed to: D:\Emergere\ConnorsLLC\ConnorsLLC_Project\ProcessFiles_Demo\bin\Debug\net6.0\Payroll/Mapping\EmployeeEntity-2024-343-2025-11.csv 
2024-12-23 16:34:47.2231 [INFO] Deleted the .gz file: D:\Emergere\ConnorsLLC\ConnorsLLC_Project\ProcessFiles_Demo\bin\Debug\net6.0\Payroll/Mapping\EmployeeEntity-2024-343-2025-11.csv.gz 
2024-12-23 16:34:48.4266 [INFO] Start processing Payroll CSV: D:\Emergere\ConnorsLLC\ConnorsLLC_Project\ProcessFiles_Demo\bin\Debug\net6.0\Payroll/ReprocessFiles\Payfile_FEL_2024-11-17-2024-11-30-2024_20241223_163254.csv at 12/23/2024 4:34:48 PM 
2024-12-23 16:34:49.0721 [INFO] Finished processing Payroll CSV: D:\Emergere\ConnorsLLC\ConnorsLLC_Project\ProcessFiles_Demo\bin\Debug\net6.0\Payroll/ReprocessFiles\Payfile_FEL_2024-11-17-2024-11-30-2024_20241223_163254.csv at 12/23/2024 4:34:49 PM 
2024-12-23 16:34:49.0721 [INFO] Time taken to process file: 0.6460393 seconds. 
2024-12-23 16:34:49.0721 [INFO] D:\Emergere\ConnorsLLC\ConnorsLLC_Project\ProcessFiles_Demo\bin\Debug\net6.0\Payroll/ReprocessFiles\Payfile_FEL_2024-11-17-2024-11-30-2024_20241223_163254.csv 
2024-12-23 16:34:49.0721 [INFO] D:\Emergere\ConnorsLLC\ConnorsLLC_Project\ProcessFiles_Demo\bin\Debug\net6.0\Payroll/ProcessedFiles\Payfile_FEL_2024-11-17-2024-11-30-2024_20241223_163254_20241223_163449.csv 
2024-12-23 16:34:57.8213 [INFO] Attempting to download file from: /home/fivebelow-uat/outbox/payroll/Payfile_FEL_2024-11-17-2024-11-30-2024.csv 
2024-12-23 16:35:02.2385 [INFO] Latest file downloaded: C:\Users\varadharaj\AppData\Local\Temp\Payfile_FEL_2024-11-17-2024-11-30-2024.csv 
2024-12-23 16:35:02.7321 [ERROR] Failed to process D:\Emergere\ConnorsLLC\ConnorsLLC_Project\ProcessFiles_Demo\bin\Debug\net6.0\Payroll/ReprocessFiles\Payfile_FEL_2024-11-17-2024-11-30-2024_20241223_163502.csv:  System.IO.FileNotFoundException: File not found at the specified location: path/to/privatekey.asc
   at DidiSoft.BC.BaseLib.ReadFileOrAsciiString(String inputFile, String variableName)
   at DidiSoft.Pgp.PGPLib.DecryptFile(String encryptedFile, String privateKeyFile, String privateKeyPassword, String outputFileName)
   at ProcessFiles_Demo.Decryption.Decrypt.DecryptFile(String inputFilePath, String outputFilePath, String privateKeyPath, String passPhrase) in D:\Emergere\ConnorsLLC\ConnorsLLC_Project\ProcessFiles_Demo\Decryption\Decrypt.cs:line 16
   at Program.FetchAndProcessFilesAsync(IFileTransferClient fileTransferClient, String processorType, String processedFolder, String reprocessingFolder, String outputFolder, String decryptedFolderOutput, JObject clientSettings, String fileNameStartsWith) in D:\Emergere\ConnorsLLC\ConnorsLLC_Project\ProcessFiles_Demo\Program.cs:line 121
2024-12-23 16:35:02.8693 [INFO] ERROR: File not found at the specified location: path/to/privatekey.asc - moved to ReprocessFiles. 
2024-12-23 16:35:02.8693 [ERROR] Exception occured inside the module FetchAndProcessFilesAsync System.IO.FileNotFoundException: File not found at the specified location: path/to/privatekey.asc
   at DidiSoft.BC.BaseLib.ReadFileOrAsciiString(String inputFile, String variableName)
   at DidiSoft.Pgp.PGPLib.DecryptFile(String encryptedFile, String privateKeyFile, String privateKeyPassword, String outputFileName)
   at ProcessFiles_Demo.Decryption.Decrypt.DecryptFile(String inputFilePath, String outputFilePath, String privateKeyPath, String passPhrase) in D:\Emergere\ConnorsLLC\ConnorsLLC_Project\ProcessFiles_Demo\Decryption\Decrypt.cs:line 16
   at Program.FetchAndProcessFilesAsync(IFileTransferClient fileTransferClient, String processorType, String processedFolder, String reprocessingFolder, String outputFolder, String decryptedFolderOutput, JObject clientSettings, String fileNameStartsWith) in D:\Emergere\ConnorsLLC\ConnorsLLC_Project\ProcessFiles_Demo\Program.cs:line 121
2024-12-23 16:35:02.8693 [INFO] Application Completed Successfully 
2024-12-23 18:42:16.1829 [DEBUG] Application Starting 
2024-12-23 18:42:37.6782 [INFO] Downloaded file: EmployeeEntity-2024-343-2025-11.csv.gz to D:\Emergere\ConnorsLLC\ConnorsLLC_Project\ProcessFiles_Demo\bin\Debug\net6.0\Payroll/Mapping\EmployeeEntity-2024-343-2025-11.csv.gz 
2024-12-23 18:42:38.4999 [INFO] File has been decompressed to: D:\Emergere\ConnorsLLC\ConnorsLLC_Project\ProcessFiles_Demo\bin\Debug\net6.0\Payroll/Mapping\EmployeeEntity-2024-343-2025-11.csv 
2024-12-23 18:42:38.4999 [INFO] Deleted the .gz file: D:\Emergere\ConnorsLLC\ConnorsLLC_Project\ProcessFiles_Demo\bin\Debug\net6.0\Payroll/Mapping\EmployeeEntity-2024-343-2025-11.csv.gz 
2024-12-23 18:42:40.5530 [INFO] Start processing Payroll CSV: D:\Emergere\ConnorsLLC\ConnorsLLC_Project\ProcessFiles_Demo\bin\Debug\net6.0\Payroll/ReprocessFiles\Payfile_FEL_2024-11-17-2024-11-30-2024_20241223_163502.csv at 12/23/2024 6:42:40 PM 
