2024-11-28 15:00:01.6198 [DEBUG] Application Starting 
2024-11-28 15:00:12.6232 [INFO] Attempting to download file from: /home/fivebelow-uat/outbox/payroll/Payfile_2024-10-20-2024-11-02_2024-11-04.csv 
2024-11-28 15:00:15.9413 [INFO] Latest file downloaded: C:\Users\varadharaj\AppData\Local\Temp\Payfile_2024-10-20-2024-11-02_2024-11-04.csv 
2024-11-28 15:00:15.9413 [INFO] No decryption needed for C:\Users\varadharaj\AppData\Local\Temp\Payfile_2024-10-20-2024-11-02_2024-11-04.csv 
2024-11-28 15:00:34.4696 [INFO] Downloaded file: EmployeeEntity-2024-315-2024-349.csv.gz to D:\Emergere\ConnorsLLC\ConnorsLLC_Project\ProcessFiles_Demo\bin\Debug\net6.0\Payroll/Mapping\EmployeeEntity-2024-315-2024-349.csv.gz 
2024-11-28 15:00:35.1564 [INFO] File has been decompressed to: D:\Emergere\ConnorsLLC\ConnorsLLC_Project\ProcessFiles_Demo\bin\Debug\net6.0\Payroll/Mapping\EmployeeEntity-2024-315-2024-349.csv 
2024-11-28 15:00:35.1564 [INFO] Deleted the .gz file: D:\Emergere\ConnorsLLC\ConnorsLLC_Project\ProcessFiles_Demo\bin\Debug\net6.0\Payroll/Mapping\EmployeeEntity-2024-315-2024-349.csv.gz 
2024-11-28 15:00:36.1307 [INFO] Start processing Payroll CSV: C:\Users\varadharaj\AppData\Local\Temp\Payfile_2024-10-20-2024-11-02_2024-11-04.csv at 11/28/2024 3:00:36 PM 
2024-11-28 15:00:36.1700 [ERROR] No Paycode found for PayType: Other Pay for Employee ID 772335 System.Exception: No Paycode found for PayType: Other Pay for Employee ID 772335
2024-11-28 15:00:36.1700 [ERROR] No Paycode found for PayType: Other Pay for Employee ID 796646 System.Exception: No Paycode found for PayType: Other Pay for Employee ID 796646
2024-11-28 15:00:36.1700 [ERROR] No Paycode found for PayType: Other Pay for Employee ID 819309 System.Exception: No Paycode found for PayType: Other Pay for Employee ID 819309
2024-11-28 15:00:36.1855 [INFO] Finished processing Payroll CSV: C:\Users\varadharaj\AppData\Local\Temp\Payfile_2024-10-20-2024-11-02_2024-11-04.csv at 11/28/2024 3:00:36 PM 
2024-11-28 15:00:36.1855 [INFO] Time taken to process file: 0.0551895 seconds. 
2024-11-28 15:00:36.1855 [INFO] C:\Users\varadharaj\AppData\Local\Temp\Payfile_2024-10-20-2024-11-02_2024-11-04.csv 
2024-11-28 15:00:36.1855 [INFO] File successfully processed and moved to: D:\Emergere\ConnorsLLC\ConnorsLLC_Project\ProcessFiles_Demo\bin\Debug\net6.0\Payroll/ProcessedFiles\Payfile_2024-10-20-2024-11-02_2024-11-04_20241128_150036.csv 
2024-11-28 15:01:46.2003 [ERROR] Error processing files from FTP/SFTP System.IO.FileNotFoundException: Could not find file 'C:\Users\varadharaj\AppData\Local\Temp\Payfile_2024-10-20-2024-11-02_2024-11-04.csv'.
File name: 'C:\Users\varadharaj\AppData\Local\Temp\Payfile_2024-10-20-2024-11-02_2024-11-04.csv'
   at System.IO.File.Move(String sourceFileName, String destFileName, Boolean overwrite)
   at System.IO.File.Move(String sourceFileName, String destFileName)
   at Program.MoveFileToFolder(String sourceFilePath, String destinationFolder) in D:\Emergere\ConnorsLLC\ConnorsLLC_Project\ProcessFiles_Demo\Program.cs:line 220
   at Program.FetchAndProcessFilesAsync(IFileTransferClient fileTransferClient, String processorType, String processedFolder, String reprocessingFolder, String outputFolder, String decryptedFolderOutput, JObject clientSettings, String fileNameStartsWith) in D:\Emergere\ConnorsLLC\ConnorsLLC_Project\ProcessFiles_Demo\Program.cs:line 148
2024-11-28 15:01:46.3315 [INFO] ERROR: Could not find file 'C:\Users\varadharaj\AppData\Local\Temp\Payfile_2024-10-20-2024-11-02_2024-11-04.csv'. 
2024-11-28 15:01:46.3315 [INFO] Application Completed Successfully 
2024-11-28 15:18:00.7163 [DEBUG] Application Starting 
2024-11-28 15:18:11.0639 [INFO] Attempting to download file from: /home/fivebelow-uat/outbox/payroll/Payfile_2024-10-20-2024-11-02_2024-11-04.csv 
2024-11-28 15:18:13.9213 [INFO] Latest file downloaded: C:\Users\varadharaj\AppData\Local\Temp\Payfile_2024-10-20-2024-11-02_2024-11-04.csv 
2024-11-28 15:18:13.9213 [INFO] No decryption needed for C:\Users\varadharaj\AppData\Local\Temp\Payfile_2024-10-20-2024-11-02_2024-11-04.csv 
2024-11-28 15:18:28.5550 [INFO] Downloaded file: EmployeeEntity-2024-315-2024-349.csv.gz to D:\Emergere\ConnorsLLC\ConnorsLLC_Project\ProcessFiles_Demo\bin\Debug\net6.0\Payroll/Mapping\EmployeeEntity-2024-315-2024-349.csv.gz 
2024-11-28 15:18:29.1865 [INFO] File has been decompressed to: D:\Emergere\ConnorsLLC\ConnorsLLC_Project\ProcessFiles_Demo\bin\Debug\net6.0\Payroll/Mapping\EmployeeEntity-2024-315-2024-349.csv 
2024-11-28 15:18:29.1865 [INFO] Deleted the .gz file: D:\Emergere\ConnorsLLC\ConnorsLLC_Project\ProcessFiles_Demo\bin\Debug\net6.0\Payroll/Mapping\EmployeeEntity-2024-315-2024-349.csv.gz 
2024-11-28 15:18:30.6291 [INFO] Start processing Payroll CSV: C:\Users\varadharaj\AppData\Local\Temp\Payfile_2024-10-20-2024-11-02_2024-11-04.csv at 11/28/2024 3:18:30 PM 
2024-11-28 15:18:30.6911 [ERROR] No Paycode found for PayType: Other Pay for Employee ID 772335 System.Exception: No Paycode found for PayType: Other Pay for Employee ID 772335
2024-11-28 15:18:30.6911 [ERROR] No Paycode found for PayType: Other Pay for Employee ID 796646 System.Exception: No Paycode found for PayType: Other Pay for Employee ID 796646
2024-11-28 15:18:30.6998 [ERROR] No Paycode found for PayType: Other Pay for Employee ID 819309 System.Exception: No Paycode found for PayType: Other Pay for Employee ID 819309
2024-11-28 15:18:30.6998 [INFO] Finished processing Payroll CSV: C:\Users\varadharaj\AppData\Local\Temp\Payfile_2024-10-20-2024-11-02_2024-11-04.csv at 11/28/2024 3:18:30 PM 
2024-11-28 15:18:30.7147 [INFO] Time taken to process file: 0.0859435 seconds. 
2024-11-28 15:18:30.7147 [INFO] C:\Users\varadharaj\AppData\Local\Temp\Payfile_2024-10-20-2024-11-02_2024-11-04.csv 
2024-11-28 15:18:30.7147 [INFO] File successfully processed and moved to: D:\Emergere\ConnorsLLC\ConnorsLLC_Project\ProcessFiles_Demo\bin\Debug\net6.0\Payroll/ProcessedFiles\Payfile_2024-10-20-2024-11-02_2024-11-04_20241128_151830.csv 
2024-11-28 15:19:41.1145 [ERROR] Error processing files from FTP/SFTP System.IO.FileNotFoundException: Could not find file 'C:\Users\varadharaj\AppData\Local\Temp\Payfile_2024-10-20-2024-11-02_2024-11-04.csv'.
File name: 'C:\Users\varadharaj\AppData\Local\Temp\Payfile_2024-10-20-2024-11-02_2024-11-04.csv'
   at System.IO.File.Move(String sourceFileName, String destFileName, Boolean overwrite)
   at System.IO.File.Move(String sourceFileName, String destFileName)
   at Program.MoveFileToFolder(String sourceFilePath, String destinationFolder) in D:\Emergere\ConnorsLLC\ConnorsLLC_Project\ProcessFiles_Demo\Program.cs:line 220
   at Program.FetchAndProcessFilesAsync(IFileTransferClient fileTransferClient, String processorType, String processedFolder, String reprocessingFolder, String outputFolder, String decryptedFolderOutput, JObject clientSettings, String fileNameStartsWith) in D:\Emergere\ConnorsLLC\ConnorsLLC_Project\ProcessFiles_Demo\Program.cs:line 148
2024-11-28 15:19:41.1837 [INFO] ERROR: Could not find file 'C:\Users\varadharaj\AppData\Local\Temp\Payfile_2024-10-20-2024-11-02_2024-11-04.csv'. 
2024-11-28 15:19:41.1837 [INFO] Application Completed Successfully 
