2024-10-23 13:14:51.5840 [DEBUG] Application Starting 
2024-10-23 13:17:03.7057 [INFO] Start processing Payroll CSV: D:\Emergere\ConnorsLLC\ConnorsLLC_Project\ProcessFiles_Demo\bin\Debug\net6.0\Payroll/ReprocessFiles\payroll_source_20241021_193633.csv at 10/23/2024 1:17:03 PM 
2024-10-23 14:23:10.5616 [DEBUG] Application Starting 
2024-10-23 14:23:11.6911 [INFO] Start processing Payroll CSV: D:\Emergere\ConnorsLLC\ConnorsLLC_Project\ProcessFiles_Demo\bin\Debug\net6.0\Payroll/ReprocessFiles\payroll_source_20241021_193633.csv at 10/23/2024 2:23:11 PM 
2024-10-23 14:28:09.8961 [DEBUG] Application Starting 
2024-10-23 14:28:11.2103 [INFO] Start processing Payroll CSV: D:\Emergere\ConnorsLLC\ConnorsLLC_Project\ProcessFiles_Demo\bin\Debug\net6.0\Payroll/ReprocessFiles\payroll_source_20241021_193633.csv at 10/23/2024 2:28:11 PM 
2024-10-23 14:30:30.9355 [INFO] Finished processing Payroll CSV: D:\Emergere\ConnorsLLC\ConnorsLLC_Project\ProcessFiles_Demo\bin\Debug\net6.0\Payroll/ReprocessFiles\payroll_source_20241021_193633.csv at 10/23/2024 2:30:30 PM 
2024-10-23 14:30:30.9355 [INFO] Time taken to process file: 139.7264243 seconds. 
2024-10-23 14:30:30.9355 [INFO] D:\Emergere\ConnorsLLC\ConnorsLLC_Project\ProcessFiles_Demo\bin\Debug\net6.0\Payroll/ReprocessFiles\payroll_source_20241021_193633.csv 
2024-10-23 14:30:30.9519 [INFO] D:\Emergere\ConnorsLLC\ConnorsLLC_Project\ProcessFiles_Demo\bin\Debug\net6.0\Payroll/ProcessedFiles\payroll_source_20241021_193633_20241023_143030.csv 
2024-10-23 14:30:31.7760 [ERROR] Error processing files from FTP/SFTP System.Net.Sockets.SocketException (11001): No such host is known.
   at Renci.SshNet.Abstractions.SocketAbstraction.ConnectCore(Socket socket, EndPoint remoteEndpoint, TimeSpan connectTimeout, Boolean ownsSocket)
   at Renci.SshNet.Connection.ConnectorBase.SocketConnect(EndPoint endPoint, TimeSpan timeout)
   at Renci.SshNet.Session.Connect()
   at Renci.SshNet.BaseClient.CreateAndConnectSession()
   at Renci.SshNet.BaseClient.Connect()
   at ProcessFiles_Demo.Client.SftpFileTransferClient.ListFilesAsync(String path) in D:\Emergere\ConnorsLLC\ConnorsLLC_Project\ProcessFiles_Demo\Client\FtpFileTransferClient.cs:line 102
   at Program.FetchAndProcessFilesAsync(IFileTransferClient fileTransferClient, String processor_type, String processedFolder, String reprocessingFolder, String outputFolder, String decryptedFolderOutput, JObject clientSettings) in D:\Emergere\ConnorsLLC\ConnorsLLC_Project\ProcessFiles_Demo\Program.cs:line 95
2024-10-23 14:30:31.7958 [INFO] ERROR: No such host is known. 
2024-10-23 14:30:31.7958 [INFO] Application Completed Successfully 
2024-10-23 15:32:26.7898 [DEBUG] Application Starting 
2024-10-23 15:32:28.5901 [INFO] Start processing Payroll CSV: D:\Emergere\ConnorsLLC\ConnorsLLC_Project\ProcessFiles_Demo\bin\Debug\net6.0\Payroll/ReprocessFiles\payroll_source_20241021_193633.csv at 10/23/2024 3:32:28 PM 
2024-10-23 15:41:19.5990 [DEBUG] Application Starting 
2024-10-23 15:41:20.2948 [INFO] Start processing Payroll CSV: D:\Emergere\ConnorsLLC\ConnorsLLC_Project\ProcessFiles_Demo\bin\Debug\net6.0\Payroll/ReprocessFiles\payroll_source_20241021_193633.csv at 10/23/2024 3:41:20 PM 
2024-10-23 15:44:10.9474 [DEBUG] Application Starting 
2024-10-23 15:44:12.0900 [INFO] Start processing Payroll CSV: D:\Emergere\ConnorsLLC\ConnorsLLC_Project\ProcessFiles_Demo\bin\Debug\net6.0\Payroll/ReprocessFiles\payroll_source_20241021_193633.csv at 10/23/2024 3:44:12 PM 
2024-10-23 15:49:23.1235 [INFO] Finished processing Payroll CSV: D:\Emergere\ConnorsLLC\ConnorsLLC_Project\ProcessFiles_Demo\bin\Debug\net6.0\Payroll/ReprocessFiles\payroll_source_20241021_193633.csv at 10/23/2024 3:49:23 PM 
2024-10-23 15:49:23.1235 [INFO] Time taken to process file: 311.0348443 seconds. 
2024-10-23 15:49:23.1235 [INFO] D:\Emergere\ConnorsLLC\ConnorsLLC_Project\ProcessFiles_Demo\bin\Debug\net6.0\Payroll/ReprocessFiles\payroll_source_20241021_193633.csv 
2024-10-23 15:49:23.1361 [INFO] D:\Emergere\ConnorsLLC\ConnorsLLC_Project\ProcessFiles_Demo\bin\Debug\net6.0\Payroll/ProcessedFiles\payroll_source_20241021_193633_20241023_154923.csv 
2024-10-23 15:49:23.8854 [ERROR] Error processing files from FTP/SFTP System.Net.Sockets.SocketException (11001): No such host is known.
   at Renci.SshNet.Abstractions.SocketAbstraction.ConnectCore(Socket socket, EndPoint remoteEndpoint, TimeSpan connectTimeout, Boolean ownsSocket)
   at Renci.SshNet.Connection.ConnectorBase.SocketConnect(EndPoint endPoint, TimeSpan timeout)
   at Renci.SshNet.Session.Connect()
   at Renci.SshNet.BaseClient.CreateAndConnectSession()
   at Renci.SshNet.BaseClient.Connect()
   at ProcessFiles_Demo.Client.SftpFileTransferClient.ListFilesAsync(String path) in D:\Emergere\ConnorsLLC\ConnorsLLC_Project\ProcessFiles_Demo\Client\FtpFileTransferClient.cs:line 102
   at Program.FetchAndProcessFilesAsync(IFileTransferClient fileTransferClient, String processor_type, String processedFolder, String reprocessingFolder, String outputFolder, String decryptedFolderOutput, JObject clientSettings) in D:\Emergere\ConnorsLLC\ConnorsLLC_Project\ProcessFiles_Demo\Program.cs:line 95
2024-10-23 15:49:23.9181 [INFO] ERROR: No such host is known. 
2024-10-23 15:49:23.9181 [INFO] Application Completed Successfully 
2024-10-23 15:56:01.6259 [DEBUG] Application Starting 
2024-10-23 15:56:02.8315 [INFO] Start processing Payroll CSV: D:\Emergere\ConnorsLLC\ConnorsLLC_Project\ProcessFiles_Demo\bin\Debug\net6.0\Payroll/ReprocessFiles\payroll_source_20241021_193633.csv at 10/23/2024 3:56:02 PM 
2024-10-23 16:01:12.1413 [DEBUG] Application Starting 
2024-10-23 16:01:13.4113 [INFO] Start processing Payroll CSV: D:\Emergere\ConnorsLLC\ConnorsLLC_Project\ProcessFiles_Demo\bin\Debug\net6.0\Payroll/ReprocessFiles\payroll_source_20241021_193633.csv at 10/23/2024 4:01:13 PM 
2024-10-23 16:03:29.1575 [DEBUG] Application Starting 
2024-10-23 16:03:30.2447 [INFO] Start processing Payroll CSV: D:\Emergere\ConnorsLLC\ConnorsLLC_Project\ProcessFiles_Demo\bin\Debug\net6.0\Payroll/ReprocessFiles\payroll_source_20241021_193633.csv at 10/23/2024 4:03:30 PM 
2024-10-23 16:04:31.0568 [ERROR] No Paycode found for PayType: Other Pay System.Exception: No Paycode found for PayType: Other Pay
2024-10-23 16:04:32.1784 [ERROR] No Paycode found for PayType: Reporting System.Exception: No Paycode found for PayType: Reporting
2024-10-23 16:04:32.1832 [INFO] Finished processing Payroll CSV: D:\Emergere\ConnorsLLC\ConnorsLLC_Project\ProcessFiles_Demo\bin\Debug\net6.0\Payroll/ReprocessFiles\payroll_source_20241021_193633.csv at 10/23/2024 4:04:32 PM 
2024-10-23 16:04:32.1832 [INFO] Time taken to process file: 61.9397929 seconds. 
2024-10-23 16:04:32.1832 [INFO] D:\Emergere\ConnorsLLC\ConnorsLLC_Project\ProcessFiles_Demo\bin\Debug\net6.0\Payroll/ReprocessFiles\payroll_source_20241021_193633.csv 
2024-10-23 16:04:32.1832 [INFO] D:\Emergere\ConnorsLLC\ConnorsLLC_Project\ProcessFiles_Demo\bin\Debug\net6.0\Payroll/ProcessedFiles\payroll_source_20241021_193633_20241023_160432.csv 
2024-10-23 16:04:32.7768 [ERROR] Error processing files from FTP/SFTP System.Net.Sockets.SocketException (11001): No such host is known.
   at Renci.SshNet.Abstractions.SocketAbstraction.ConnectCore(Socket socket, EndPoint remoteEndpoint, TimeSpan connectTimeout, Boolean ownsSocket)
   at Renci.SshNet.Connection.ConnectorBase.SocketConnect(EndPoint endPoint, TimeSpan timeout)
   at Renci.SshNet.Session.Connect()
   at Renci.SshNet.BaseClient.CreateAndConnectSession()
   at Renci.SshNet.BaseClient.Connect()
   at ProcessFiles_Demo.Client.SftpFileTransferClient.ListFilesAsync(String path) in D:\Emergere\ConnorsLLC\ConnorsLLC_Project\ProcessFiles_Demo\Client\FtpFileTransferClient.cs:line 102
   at Program.FetchAndProcessFilesAsync(IFileTransferClient fileTransferClient, String processor_type, String processedFolder, String reprocessingFolder, String outputFolder, String decryptedFolderOutput, JObject clientSettings) in D:\Emergere\ConnorsLLC\ConnorsLLC_Project\ProcessFiles_Demo\Program.cs:line 95
2024-10-23 16:04:32.7768 [INFO] ERROR: No such host is known. 
2024-10-23 16:04:32.7768 [INFO] Application Completed Successfully 
2024-10-23 19:04:29.6081 [DEBUG] Application Starting 
2024-10-23 19:04:31.3979 [INFO] Start processing Payroll CSV: D:\Emergere\ConnorsLLC\ConnorsLLC_Project\ProcessFiles_Demo\bin\Debug\net6.0\Payroll/ReprocessFiles\payroll_source_20241021_193633.csv at 10/23/2024 7:04:31 PM 
2024-10-23 19:06:14.7500 [DEBUG] Application Starting 
2024-10-23 19:06:16.4578 [INFO] Start processing Payroll CSV: D:\Emergere\ConnorsLLC\ConnorsLLC_Project\ProcessFiles_Demo\bin\Debug\net6.0\Payroll/ReprocessFiles\payroll_source_20241021_193633.csv at 10/23/2024 7:06:16 PM 
2024-10-23 19:11:15.0022 [ERROR] No Paycode found for PayType: Other Pay System.Exception: No Paycode found for PayType: Other Pay
2024-10-23 19:11:15.0101 [ERROR] No Paycode found for PayType: Reporting System.Exception: No Paycode found for PayType: Reporting
2024-10-23 19:11:15.0101 [INFO] Finished processing Payroll CSV: D:\Emergere\ConnorsLLC\ConnorsLLC_Project\ProcessFiles_Demo\bin\Debug\net6.0\Payroll/ReprocessFiles\payroll_source_20241021_193633.csv at 10/23/2024 7:11:15 PM 
2024-10-23 19:11:15.0101 [INFO] Time taken to process file: 298.558218 seconds. 
2024-10-23 19:11:15.0101 [INFO] D:\Emergere\ConnorsLLC\ConnorsLLC_Project\ProcessFiles_Demo\bin\Debug\net6.0\Payroll/ReprocessFiles\payroll_source_20241021_193633.csv 
2024-10-23 19:11:15.0367 [INFO] D:\Emergere\ConnorsLLC\ConnorsLLC_Project\ProcessFiles_Demo\bin\Debug\net6.0\Payroll/ProcessedFiles\payroll_source_20241021_193633_20241023_191115.csv 
2024-10-23 19:11:16.0939 [ERROR] Error processing files from FTP/SFTP System.Net.Sockets.SocketException (11001): No such host is known.
   at Renci.SshNet.Abstractions.SocketAbstraction.ConnectCore(Socket socket, EndPoint remoteEndpoint, TimeSpan connectTimeout, Boolean ownsSocket)
   at Renci.SshNet.Connection.ConnectorBase.SocketConnect(EndPoint endPoint, TimeSpan timeout)
   at Renci.SshNet.Session.Connect()
   at Renci.SshNet.BaseClient.CreateAndConnectSession()
   at Renci.SshNet.BaseClient.Connect()
   at ProcessFiles_Demo.Client.SftpFileTransferClient.ListFilesAsync(String path) in D:\Emergere\ConnorsLLC\ConnorsLLC_Project\ProcessFiles_Demo\Client\FtpFileTransferClient.cs:line 102
   at Program.FetchAndProcessFilesAsync(IFileTransferClient fileTransferClient, String processor_type, String processedFolder, String reprocessingFolder, String outputFolder, String decryptedFolderOutput, JObject clientSettings) in D:\Emergere\ConnorsLLC\ConnorsLLC_Project\ProcessFiles_Demo\Program.cs:line 95
2024-10-23 19:11:16.1278 [INFO] ERROR: No such host is known. 
2024-10-23 19:11:16.1278 [INFO] Application Completed Successfully 
2024-10-23 19:15:34.4613 [DEBUG] Application Starting 
2024-10-23 19:15:36.2110 [INFO] Start processing Payroll CSV: D:\Emergere\ConnorsLLC\ConnorsLLC_Project\ProcessFiles_Demo\bin\Debug\net6.0\Payroll/ReprocessFiles\payroll_source_20241021_193633.csv at 10/23/2024 7:15:36 PM 
2024-10-23 19:15:36.2465 [ERROR] No Paycode found for PayType: Other Pay System.Exception: No Paycode found for PayType: Other Pay
2024-10-23 19:15:36.2465 [ERROR] No Paycode found for PayType: Reporting System.Exception: No Paycode found for PayType: Reporting
2024-10-23 19:15:36.2555 [INFO] Finished processing Payroll CSV: D:\Emergere\ConnorsLLC\ConnorsLLC_Project\ProcessFiles_Demo\bin\Debug\net6.0\Payroll/ReprocessFiles\payroll_source_20241021_193633.csv at 10/23/2024 7:15:36 PM 
2024-10-23 19:15:36.2555 [INFO] Time taken to process file: 0.046426 seconds. 
2024-10-23 19:15:36.2555 [INFO] D:\Emergere\ConnorsLLC\ConnorsLLC_Project\ProcessFiles_Demo\bin\Debug\net6.0\Payroll/ReprocessFiles\payroll_source_20241021_193633.csv 
2024-10-23 19:15:36.2555 [INFO] D:\Emergere\ConnorsLLC\ConnorsLLC_Project\ProcessFiles_Demo\bin\Debug\net6.0\Payroll/ProcessedFiles\payroll_source_20241021_193633_20241023_191536.csv 
2024-10-23 19:15:37.0622 [ERROR] Error processing files from FTP/SFTP System.Net.Sockets.SocketException (11001): No such host is known.
   at Renci.SshNet.Abstractions.SocketAbstraction.ConnectCore(Socket socket, EndPoint remoteEndpoint, TimeSpan connectTimeout, Boolean ownsSocket)
   at Renci.SshNet.Connection.ConnectorBase.SocketConnect(EndPoint endPoint, TimeSpan timeout)
   at Renci.SshNet.Session.Connect()
   at Renci.SshNet.BaseClient.CreateAndConnectSession()
   at Renci.SshNet.BaseClient.Connect()
   at ProcessFiles_Demo.Client.SftpFileTransferClient.ListFilesAsync(String path) in D:\Emergere\ConnorsLLC\ConnorsLLC_Project\ProcessFiles_Demo\Client\FtpFileTransferClient.cs:line 102
   at Program.FetchAndProcessFilesAsync(IFileTransferClient fileTransferClient, String processor_type, String processedFolder, String reprocessingFolder, String outputFolder, String decryptedFolderOutput, JObject clientSettings) in D:\Emergere\ConnorsLLC\ConnorsLLC_Project\ProcessFiles_Demo\Program.cs:line 95
2024-10-23 19:15:37.0711 [INFO] ERROR: No such host is known. 
2024-10-23 19:15:37.0711 [INFO] Application Completed Successfully 
2024-10-23 19:17:53.6135 [DEBUG] Application Starting 
2024-10-23 19:17:55.2138 [INFO] Start processing Payroll CSV: D:\Emergere\ConnorsLLC\ConnorsLLC_Project\ProcessFiles_Demo\bin\Debug\net6.0\Payroll/ReprocessFiles\payroll_source_20241021_193633.csv at 10/23/2024 7:17:55 PM 
2024-10-23 19:17:55.2457 [ERROR] No Paycode found for PayType: Other Pay System.Exception: No Paycode found for PayType: Other Pay
2024-10-23 19:17:55.2457 [ERROR] No Paycode found for PayType: Reporting System.Exception: No Paycode found for PayType: Reporting
2024-10-23 19:17:55.2558 [INFO] Finished processing Payroll CSV: D:\Emergere\ConnorsLLC\ConnorsLLC_Project\ProcessFiles_Demo\bin\Debug\net6.0\Payroll/ReprocessFiles\payroll_source_20241021_193633.csv at 10/23/2024 7:17:55 PM 
2024-10-23 19:17:55.2558 [INFO] Time taken to process file: 0.0438347 seconds. 
2024-10-23 19:17:55.2558 [INFO] D:\Emergere\ConnorsLLC\ConnorsLLC_Project\ProcessFiles_Demo\bin\Debug\net6.0\Payroll/ReprocessFiles\payroll_source_20241021_193633.csv 
2024-10-23 19:17:55.2673 [INFO] D:\Emergere\ConnorsLLC\ConnorsLLC_Project\ProcessFiles_Demo\bin\Debug\net6.0\Payroll/ProcessedFiles\payroll_source_20241021_193633_20241023_191755.csv 
2024-10-23 19:17:55.9955 [ERROR] Error processing files from FTP/SFTP System.Net.Sockets.SocketException (11001): No such host is known.
   at Renci.SshNet.Abstractions.SocketAbstraction.ConnectCore(Socket socket, EndPoint remoteEndpoint, TimeSpan connectTimeout, Boolean ownsSocket)
   at Renci.SshNet.Connection.ConnectorBase.SocketConnect(EndPoint endPoint, TimeSpan timeout)
   at Renci.SshNet.Session.Connect()
   at Renci.SshNet.BaseClient.CreateAndConnectSession()
   at Renci.SshNet.BaseClient.Connect()
   at ProcessFiles_Demo.Client.SftpFileTransferClient.ListFilesAsync(String path) in D:\Emergere\ConnorsLLC\ConnorsLLC_Project\ProcessFiles_Demo\Client\FtpFileTransferClient.cs:line 102
   at Program.FetchAndProcessFilesAsync(IFileTransferClient fileTransferClient, String processor_type, String processedFolder, String reprocessingFolder, String outputFolder, String decryptedFolderOutput, JObject clientSettings) in D:\Emergere\ConnorsLLC\ConnorsLLC_Project\ProcessFiles_Demo\Program.cs:line 95
2024-10-23 19:17:56.0058 [INFO] ERROR: No such host is known. 
2024-10-23 19:17:56.0058 [INFO] Application Completed Successfully 
