2024-11-14 21:33:48.6638 [DEBUG] Application Starting 
2024-11-14 21:33:51.5941 [INFO] Start processing Punch Export CSV: D:\Emergere\ConnorsLLC\ConnorsLLC_Project\ProcessFiles_Demo\bin\Debug\net6.0\PunchExport/ReprocessFiles\Processed_PunchExport.csv at 11/14/2024 9:33:51 PM 
2024-11-14 21:33:51.8269 [ERROR] Invalid TimeZoneID:  System.Exception: Invalid TimeZoneID: 
2024-11-14 21:33:51.8346 [INFO] Finished processing Punch Export CSV: D:\Emergere\ConnorsLLC\ConnorsLLC_Project\ProcessFiles_Demo\bin\Debug\net6.0\PunchExport/ReprocessFiles\Processed_PunchExport.csv at 11/14/2024 9:33:51 PM 
2024-11-14 21:33:51.8346 [INFO] Time taken to process file: 0.2423089 seconds. 
2024-11-14 21:33:51.8346 [INFO] D:\Emergere\ConnorsLLC\ConnorsLLC_Project\ProcessFiles_Demo\bin\Debug\net6.0\PunchExport/ReprocessFiles\Processed_PunchExport.csv 
2024-11-14 21:33:51.8534 [INFO] D:\Emergere\ConnorsLLC\ConnorsLLC_Project\ProcessFiles_Demo\bin\Debug\net6.0\PunchExport/ProcessedFiles\Processed_PunchExport_20241114_213351.csv 
2024-11-14 21:33:52.3216 [ERROR] Error processing files from FTP/SFTP System.Net.WebException: The remote server returned an error: (530) Not logged in.
   at System.Net.FtpWebRequest.EndGetResponse(IAsyncResult asyncResult)
   at System.Net.WebRequest.<>c.<GetResponseAsync>b__68_2(IAsyncResult iar)
   at System.Threading.Tasks.TaskFactory`1.FromAsyncCoreLogic(IAsyncResult iar, Func`2 endFunction, Action`1 endAction, Task`1 promise, Boolean requiresSynchronization)
--- End of stack trace from previous location ---
   at ProcessFiles_Demo.Client.FtpFileTransferClient.ListFilesAsync(String path) in D:\Emergere\ConnorsLLC\ConnorsLLC_Project\ProcessFiles_Demo\Client\FtpFileTransferClient.cs:line 31
   at Program.FetchAndProcessFilesAsync(IFileTransferClient fileTransferClient, String processor_type, String processedFolder, String reprocessingFolder, String outputFolder, String decryptedFolderOutput, JObject clientSettings) in D:\Emergere\ConnorsLLC\ConnorsLLC_Project\ProcessFiles_Demo\Program.cs:line 97
2024-11-14 21:33:52.4493 [INFO] ERROR: The remote server returned an error: (530) Not logged in. 
2024-11-14 21:33:52.4493 [INFO] Application Completed Successfully 
2024-11-14 21:37:19.9669 [DEBUG] Application Starting 
2024-11-14 21:37:22.4214 [INFO] Start processing Punch Export CSV: D:\Emergere\ConnorsLLC\ConnorsLLC_Project\ProcessFiles_Demo\bin\Debug\net6.0\PunchExport/ReprocessFiles\PunchExport.csv at 11/14/2024 9:37:22 PM 
2024-11-14 21:37:22.9889 [ERROR] Time zone not found: Central Daylight Time. Error: The time zone ID 'Central Daylight Time' was not found on the local computer. System.Exception: Time zone not found: Central Daylight Time. Error: The time zone ID 'Central Daylight Time' was not found on the local computer.
2024-11-14 21:37:23.1026 [ERROR] Time zone not found: Eastern Daylight Time. Error: The time zone ID 'Eastern Daylight Time' was not found on the local computer. System.Exception: Time zone not found: Eastern Daylight Time. Error: The time zone ID 'Eastern Daylight Time' was not found on the local computer.
2024-11-14 21:37:23.1276 [INFO] Finished processing Punch Export CSV: D:\Emergere\ConnorsLLC\ConnorsLLC_Project\ProcessFiles_Demo\bin\Debug\net6.0\PunchExport/ReprocessFiles\PunchExport.csv at 11/14/2024 9:37:23 PM 
2024-11-14 21:37:23.1276 [INFO] Time taken to process file: 0.7074497 seconds. 
2024-11-14 21:37:23.1276 [INFO] D:\Emergere\ConnorsLLC\ConnorsLLC_Project\ProcessFiles_Demo\bin\Debug\net6.0\PunchExport/ReprocessFiles\PunchExport.csv 
2024-11-14 21:37:23.1410 [INFO] D:\Emergere\ConnorsLLC\ConnorsLLC_Project\ProcessFiles_Demo\bin\Debug\net6.0\PunchExport/ProcessedFiles\PunchExport_20241114_213723.csv 
2024-11-14 21:37:23.6233 [ERROR] Error processing files from FTP/SFTP System.Net.WebException: The remote server returned an error: (530) Not logged in.
   at System.Net.FtpWebRequest.EndGetResponse(IAsyncResult asyncResult)
   at System.Net.WebRequest.<>c.<GetResponseAsync>b__68_2(IAsyncResult iar)
   at System.Threading.Tasks.TaskFactory`1.FromAsyncCoreLogic(IAsyncResult iar, Func`2 endFunction, Action`1 endAction, Task`1 promise, Boolean requiresSynchronization)
--- End of stack trace from previous location ---
   at ProcessFiles_Demo.Client.FtpFileTransferClient.ListFilesAsync(String path) in D:\Emergere\ConnorsLLC\ConnorsLLC_Project\ProcessFiles_Demo\Client\FtpFileTransferClient.cs:line 31
   at Program.FetchAndProcessFilesAsync(IFileTransferClient fileTransferClient, String processor_type, String processedFolder, String reprocessingFolder, String outputFolder, String decryptedFolderOutput, JObject clientSettings) in D:\Emergere\ConnorsLLC\ConnorsLLC_Project\ProcessFiles_Demo\Program.cs:line 97
2024-11-14 21:37:23.6940 [INFO] ERROR: The remote server returned an error: (530) Not logged in. 
2024-11-14 21:37:23.6940 [INFO] Application Completed Successfully 
2024-11-14 21:39:45.6173 [DEBUG] Application Starting 
2024-11-14 21:39:47.8011 [INFO] Start processing Punch Export CSV: D:\Emergere\ConnorsLLC\ConnorsLLC_Project\ProcessFiles_Demo\bin\Debug\net6.0\PunchExport/ReprocessFiles\PunchExport.csv at 11/14/2024 9:39:47 PM 
2024-11-14 21:39:48.2329 [ERROR] Time zone not found: Central Daylight Time. Error: The time zone ID 'Central Daylight Time' was not found on the local computer. System.Exception: Time zone not found: Central Daylight Time. Error: The time zone ID 'Central Daylight Time' was not found on the local computer.
2024-11-14 21:39:48.3270 [ERROR] Time zone not found: Eastern Daylight Time. Error: The time zone ID 'Eastern Daylight Time' was not found on the local computer. System.Exception: Time zone not found: Eastern Daylight Time. Error: The time zone ID 'Eastern Daylight Time' was not found on the local computer.
2024-11-14 21:39:48.3402 [INFO] Finished processing Punch Export CSV: D:\Emergere\ConnorsLLC\ConnorsLLC_Project\ProcessFiles_Demo\bin\Debug\net6.0\PunchExport/ReprocessFiles\PunchExport.csv at 11/14/2024 9:39:48 PM 
2024-11-14 21:39:48.3402 [INFO] Time taken to process file: 0.5401486 seconds. 
2024-11-14 21:39:48.3402 [INFO] D:\Emergere\ConnorsLLC\ConnorsLLC_Project\ProcessFiles_Demo\bin\Debug\net6.0\PunchExport/ReprocessFiles\PunchExport.csv 
2024-11-14 21:39:48.3402 [INFO] D:\Emergere\ConnorsLLC\ConnorsLLC_Project\ProcessFiles_Demo\bin\Debug\net6.0\PunchExport/ProcessedFiles\PunchExport_20241114_213948.csv 
2024-11-14 21:39:48.8769 [ERROR] Error processing files from FTP/SFTP System.Net.WebException: The remote server returned an error: (530) Not logged in.
   at System.Net.FtpWebRequest.EndGetResponse(IAsyncResult asyncResult)
   at System.Net.WebRequest.<>c.<GetResponseAsync>b__68_2(IAsyncResult iar)
   at System.Threading.Tasks.TaskFactory`1.FromAsyncCoreLogic(IAsyncResult iar, Func`2 endFunction, Action`1 endAction, Task`1 promise, Boolean requiresSynchronization)
--- End of stack trace from previous location ---
   at ProcessFiles_Demo.Client.FtpFileTransferClient.ListFilesAsync(String path) in D:\Emergere\ConnorsLLC\ConnorsLLC_Project\ProcessFiles_Demo\Client\FtpFileTransferClient.cs:line 31
   at Program.FetchAndProcessFilesAsync(IFileTransferClient fileTransferClient, String processor_type, String processedFolder, String reprocessingFolder, String outputFolder, String decryptedFolderOutput, JObject clientSettings) in D:\Emergere\ConnorsLLC\ConnorsLLC_Project\ProcessFiles_Demo\Program.cs:line 97
2024-11-14 21:39:48.9625 [INFO] ERROR: The remote server returned an error: (530) Not logged in. 
2024-11-14 21:39:48.9625 [INFO] Application Completed Successfully 
