2024-10-18 15:18:02.7327 [DEBUG] Application Starting 
2024-10-18 15:18:03.3916 [INFO] File processed: No decryption needed for D:\Emergere\ConnorsLLC\ConnorsLLC_Project\ProcessFiles_Demo\bin\Debug\net6.0\PunchExport.csv 
2024-10-18 15:18:05.0992 [INFO] File processed: Start processing Punch Export CSV: D:\Emergere\ConnorsLLC\ConnorsLLC_Project\ProcessFiles_Demo\bin\Debug\net6.0\PunchExport.csv at 10/18/2024 3:18:05 PM 
2024-10-18 15:18:05.4570 [ERROR] Time zone not found: Central Daylight Time. Error: The time zone ID 'Central Daylight Time' was not found on the local computer. 
2024-10-18 15:18:05.5269 [ERROR] Time zone not found: Eastern Daylight Time. Error: The time zone ID 'Eastern Daylight Time' was not found on the local computer. 
2024-10-18 15:18:05.5269 [INFO] File processed: Finished processing Punch Export CSV: D:\Emergere\ConnorsLLC\ConnorsLLC_Project\ProcessFiles_Demo\bin\Debug\net6.0\PunchExport.csv at 10/18/2024 3:18:05 PM 
2024-10-18 15:18:05.5269 [INFO] File processed: Time taken to process file: 0.4368194 seconds. 
2024-10-18 15:18:05.5269 [INFO] File processed: D:\Emergere\ConnorsLLC\ConnorsLLC_Project\ProcessFiles_Demo\bin\Debug\net6.0\PunchExport.csv 
2024-10-18 15:18:05.5455 [INFO] File processed: D:\Emergere\ConnorsLLC\ConnorsLLC_Project\ProcessFiles_Demo\bin\Debug\net6.0\PunchExport/ProcessedFiles\PunchExport_20241018_151805.csv 
2024-10-18 15:18:05.5685 [INFO] File processed: No decryption needed for D:\Emergere\ConnorsLLC\ConnorsLLC_Project\ProcessFiles_Demo\bin\Debug\net6.0\PunchExport_test.csv 
2024-10-18 15:18:06.0364 [INFO] File processed: Start processing Punch Export CSV: D:\Emergere\ConnorsLLC\ConnorsLLC_Project\ProcessFiles_Demo\bin\Debug\net6.0\PunchExport_test.csv at 10/18/2024 3:18:06 PM 
2024-10-18 15:18:06.0396 [INFO] File processed: Finished processing Punch Export CSV: D:\Emergere\ConnorsLLC\ConnorsLLC_Project\ProcessFiles_Demo\bin\Debug\net6.0\PunchExport_test.csv at 10/18/2024 3:18:06 PM 
2024-10-18 15:18:06.0396 [INFO] File processed: Time taken to process file: 0.0029136 seconds. 
2024-10-18 15:18:06.0396 [INFO] File processed: D:\Emergere\ConnorsLLC\ConnorsLLC_Project\ProcessFiles_Demo\bin\Debug\net6.0\PunchExport_test.csv 
2024-10-18 15:18:06.0396 [INFO] File processed: D:\Emergere\ConnorsLLC\ConnorsLLC_Project\ProcessFiles_Demo\bin\Debug\net6.0\PunchExport/ProcessedFiles\PunchExport_test_20241018_151806.csv 
2024-10-18 15:18:06.0396 [INFO] File processed: No decryption needed for D:\Emergere\ConnorsLLC\ConnorsLLC_Project\ProcessFiles_Demo\bin\Debug\net6.0\PunchExport_test_1.csv 
2024-10-18 15:18:06.4254 [INFO] File processed: Start processing Punch Export CSV: D:\Emergere\ConnorsLLC\ConnorsLLC_Project\ProcessFiles_Demo\bin\Debug\net6.0\PunchExport_test_1.csv at 10/18/2024 3:18:06 PM 
2024-10-18 15:18:06.4254 [ERROR] Invalid TimeZoneID: 134112 
2024-10-18 15:18:06.4289 [ERROR] Invalid TimeZoneID: 134113 
2024-10-18 15:18:06.4289 [ERROR] Invalid TimeZoneID: 134114 
2024-10-18 15:18:06.4289 [INFO] File processed: Finished processing Punch Export CSV: D:\Emergere\ConnorsLLC\ConnorsLLC_Project\ProcessFiles_Demo\bin\Debug\net6.0\PunchExport_test_1.csv at 10/18/2024 3:18:06 PM 
2024-10-18 15:18:06.4289 [INFO] File processed: Time taken to process file: 0.0041818 seconds. 
2024-10-18 15:18:06.4289 [INFO] File processed: D:\Emergere\ConnorsLLC\ConnorsLLC_Project\ProcessFiles_Demo\bin\Debug\net6.0\PunchExport_test_1.csv 
2024-10-18 15:18:06.4289 [INFO] File processed: D:\Emergere\ConnorsLLC\ConnorsLLC_Project\ProcessFiles_Demo\bin\Debug\net6.0\PunchExport/ProcessedFiles\PunchExport_test_1_20241018_151806.csv 
2024-10-18 15:18:06.4289 [INFO] Application Completed Successfully 
