2024-10-18 18:11:36.1125 [DEBUG] Application Starting 
2024-10-18 18:11:36.1713 [ERROR] Application terminated unexpectedly System.IO.FileNotFoundException: Could not find file 'D:\Emergere\ConnorsLLC\ConnorsLLC_Project\ProcessFiles_Demo\bin\Release\net6.0\appsettings.json'.
File name: 'D:\Emergere\ConnorsLLC\ConnorsLLC_Project\ProcessFiles_Demo\bin\Release\net6.0\appsettings.json'
   at Microsoft.Win32.SafeHandles.SafeFileHandle.CreateFile(String fullPath, FileMode mode, FileAccess access, FileShare share, FileOptions options)
   at Microsoft.Win32.SafeHandles.SafeFileHandle.Open(String fullPath, FileMode mode, FileAccess access, FileShare share, FileOptions options, Int64 preallocationSize)
   at System.IO.Strategies.OSFileStreamStrategy..ctor(String path, FileMode mode, FileAccess access, FileShare share, FileOptions options, Int64 preallocationSize)
   at System.IO.Strategies.FileStreamHelpers.ChooseStrategyCore(String path, FileMode mode, FileAccess access, FileShare share, FileOptions options, Int64 preallocationSize)
   at System.IO.Strategies.FileStreamHelpers.ChooseStrategy(FileStream fileStream, String path, FileMode mode, FileAccess access, FileShare share, Int32 bufferSize, FileOptions options, Int64 preallocationSize)
   at System.IO.StreamReader.ValidateArgsAndOpenPath(String path, Encoding encoding, Int32 bufferSize)
   at System.IO.File.InternalReadAllText(String path, Encoding encoding)
   at System.IO.File.ReadAllText(String path)
   at Program.LoadClientSettings(String clientName) in D:\Emergere\ConnorsLLC\ConnorsLLC_Project\ProcessFiles_Demo\Program.cs:line 222
   at Program.Main(String[] args) in D:\Emergere\ConnorsLLC\ConnorsLLC_Project\ProcessFiles_Demo\Program.cs:line 48
2024-10-18 18:13:43.8993 [DEBUG] Application Starting 
2024-10-18 18:13:44.3399 [ERROR] Error processing files from FTP/SFTP 
2024-10-18 18:13:44.3399 [INFO] File processed: ERROR: No such host is known. 
2024-10-18 18:13:44.3399 [INFO] Application Completed Successfully 
2024-10-18 18:13:53.3286 [DEBUG] Application Starting 
2024-10-18 18:13:53.5290 [ERROR] Error processing files from FTP/SFTP 
2024-10-18 18:13:53.5290 [INFO] File processed: ERROR: No such host is known. 
2024-10-18 18:13:53.5290 [INFO] Application Completed Successfully 
2024-10-18 19:40:32.0852 [DEBUG] Application Starting 
2024-10-18 19:40:32.3164 [ERROR] Error processing files from FTP/SFTP 
2024-10-18 19:40:32.3164 [INFO] File processed: ERROR: No such host is known. 
2024-10-18 19:40:32.3164 [INFO] Application Completed Successfully 
